#
# A fatal error has been detected by the Java Runtime Environment:
#
#  EXCEPTION_ACCESS_VIOLATION (0xc0000005) at pc=0x00007ff943783920, pid=20400, tid=20324
#
# JRE version: OpenJDK Runtime Environment Temurin-17.0.5+8 (17.0.5+8) (build 17.0.5+8)
# Java VM: OpenJDK 64-Bit Server VM Temurin-17.0.5+8 (17.0.5+8, mixed mode, sharing, tiered, compressed oops, compressed class ptrs, g1 gc, windows-amd64)
# Problematic frame:
# C  [atio6axx.dll+0x193920]
#
# No core dump will be written. Minidumps are not enabled by default on client versions of Windows
#
# If you would like to submit a bug report, please visit:
#   https://github.com/adoptium/adoptium-support/issues
# The crash happened outside the Java Virtual Machine in native code.
# See problematic frame for where to report the bug.
#

---------------  S U M M A R Y ------------

Command Line: -Dforge.logging.console.level=debug -Dforge.logging.markers=REGISTRIES -DlegacyClassPath.file=C:\Users\dango\OneDrive\Desktop\Tekora\build\classpath\runClient_minecraftClasspath.txt -DignoreList=bootstraplauncher,securejarhandler,asm-commons,asm-util,asm-analysis,asm-tree,asm,JarJarFileSystems,client-extra,fmlcore,javafmllanguage,lowcodelanguage,mclanguage,forge- -DmergeModules=jna-5.10.0.jar,jna-platform-5.10.0.jar -Dforge.enabledGameTestNamespaces=nltekora -Dforge.enableGameTest=true -Djava.net.preferIPv6Addresses=system --module-path=C:\Users\dango\.gradle\caches\modules-2\files-2.1\cpw.mods\bootstraplauncher\1.1.2\c546e00443d8432cda6baa1c860346980742628\bootstraplauncher-1.1.2.jar;C:\Users\dango\.gradle\caches\modules-2\files-2.1\cpw.mods\securejarhandler\2.1.4\f47e3b9dd860a7b82154b8f90a650ffd0aaa5582\securejarhandler-2.1.4.jar;C:\Users\dango\.gradle\caches\modules-2\files-2.1\org.ow2.asm\asm-commons\9.3\1f2a432d1212f5c352ae607d7b61dcae20c20af5\asm-commons-9.3.jar;C:\Users\dango\.gradle\caches\modules-2\files-2.1\org.ow2.asm\asm-util\9.3\9595bc05510d0bd4b610188b77333fe4851a1975\asm-util-9.3.jar;C:\Users\dango\.gradle\caches\modules-2\files-2.1\org.ow2.asm\asm-analysis\9.3\4b071f211b37c38e0e9f5998550197c8593f6ad8\asm-analysis-9.3.jar;C:\Users\dango\.gradle\caches\modules-2\files-2.1\org.ow2.asm\asm-tree\9.3\78d2ecd61318b5a58cd04fb237636c0e86b77d97\asm-tree-9.3.jar;C:\Users\dango\.gradle\caches\modules-2\files-2.1\org.ow2.asm\asm\9.3\8e6300ef51c1d801a7ed62d07cd221aca3a90640\asm-9.3.jar;C:\Users\dango\.gradle\caches\modules-2\files-2.1\net.minecraftforge\JarJarFileSystems\0.3.16\e52afbb2599dc7c6f779efea0496d32fc01152e3\JarJarFileSystems-0.3.16.jar --add-modules=ALL-MODULE-PATH --add-opens=java.base/java.util.jar=cpw.mods.securejarhandler --add-opens=java.base/java.lang.invoke=cpw.mods.securejarhandler --add-exports=java.base/sun.security.util=cpw.mods.securejarhandler --add-exports=jdk.naming.dns/com.sun.jndi.dns=java.naming -XX:HeapDumpPath=MojangTricksIntelDriversForPerformance_javaw.exe_minecraft.exe.heapdump -Dos.name=Windows 10 -Dos.version=10.0 -javaagent:C:\Program Files\JetBrains\IntelliJ IDEA Community Edition 2022.2.3\lib\idea_rt.jar=53611:C:\Program Files\JetBrains\IntelliJ IDEA Community Edition 2022.2.3\bin -Dfile.encoding=UTF-8 cpw.mods.bootstraplauncher.BootstrapLauncher --launchTarget forgeclientuserdev --version MOD_DEV --assetIndex 1.19 --assetsDir C:\Users\dango\.gradle\caches\forge_gradle\assets --gameDir . --fml.forgeVersion 43.1.47 --fml.mcVersion 1.19.2 --fml.forgeGroup net.minecraftforge --fml.mcpVersion 20220805.130853

Host: AMD Ryzen 7 4700G with Radeon Graphics         , 16 cores, 15G,  Windows 11 , 64 bit Build 22621 (10.0.22621.755)
Time: Sat Nov  5 10:50:21 2022 Central Daylight Time elapsed time: 13.154816 seconds (0d 0h 0m 13s)

---------------  T H R E A D  ---------------

Current thread (0x00000216443fc2b0):  JavaThread "Render thread" [_thread_in_native, id=20324, stack(0x0000009e2d100000,0x0000009e2d200000)]

Stack: [0x0000009e2d100000,0x0000009e2d200000],  sp=0x0000009e2d1fab58,  free space=1002k
Native frames: (J=compiled Java code, j=interpreted, Vv=VM code, C=native code)
C  [atio6axx.dll+0x193920]

Java frames: (J=compiled Java code, j=interpreted, Vv=VM code)
j  org.lwjgl.system.JNI.invokePPPP(IIJJJJ)J+0 org.lwjgl@3.3.1+7
j  org.lwjgl.glfw.GLFW.nglfwCreateWindow(IIJJJ)J+14 org.lwjgl.glfw@3.3.1+7
j  org.lwjgl.glfw.GLFW.glfwCreateWindow(IILjava/lang/CharSequence;JJ)J+34 org.lwjgl.glfw@3.3.1+7
j  net.minecraftforge.client.loading.NoVizFallback.lambda$fallback$0(Ljava/util/function/IntSupplier;Ljava/util/function/IntSupplier;Ljava/util/function/Supplier;Ljava/util/function/LongSupplier;)J+28 forge@43.1.47
j  net.minecraftforge.client.loading.NoVizFallback$$Lambda$4142+0x00000008016333c0.getAsLong()J+16 forge@43.1.47
j  net.minecraftforge.fml.loading.progress.EarlyProgressVisualization$Visualization$$Lambda$4143+0x00000008016352d8.apply(Ljava/lang/Object;)Ljava/lang/Object;+4 fmlloader@1.19.2-43.1.47
J 2807 c2 java.util.Optional.map(Ljava/util/function/Function;)Ljava/util/Optional; java.base@17.0.5 (30 bytes) @ 0x0000021653c3287c [0x0000021653c32820+0x000000000000005c]
j  net.minecraftforge.fml.loading.progress.EarlyProgressVisualization$Visualization.handOffWindow(Ljava/util/function/IntSupplier;Ljava/util/function/IntSupplier;Ljava/util/function/Supplier;Ljava/util/function/LongSupplier;)J+48 fmlloader@1.19.2-43.1.47
j  net.minecraftforge.fml.loading.progress.EarlyProgressVisualization.handOffWindow(Ljava/util/function/IntSupplier;Ljava/util/function/IntSupplier;Ljava/util/function/Supplier;Ljava/util/function/LongSupplier;)J+9 fmlloader@1.19.2-43.1.47
j  com.mojang.blaze3d.platform.Window.<init>(Lcom/mojang/blaze3d/platform/WindowEventHandler;Lcom/mojang/blaze3d/platform/ScreenManager;Lcom/mojang/blaze3d/platform/DisplayData;Ljava/lang/String;Ljava/lang/String;)V+279 minecraft@1.19.2
j  net.minecraft.client.renderer.VirtualScreen.newWindow(Lcom/mojang/blaze3d/platform/DisplayData;Ljava/lang/String;Ljava/lang/String;)Lcom/mojang/blaze3d/platform/Window;+15 minecraft@1.19.2
j  net.minecraft.client.Minecraft.<init>(Lnet/minecraft/client/main/GameConfig;)V+723 minecraft@1.19.2
j  net.minecraft.client.main.Main.run([Ljava/lang/String;Z)V+1356 minecraft@1.19.2
j  net.minecraft.client.main.Main.main([Ljava/lang/String;)V+12 minecraft@1.19.2
v  ~StubRoutines::call_stub
j  jdk.internal.reflect.NativeMethodAccessorImpl.invoke0(Ljava/lang/reflect/Method;Ljava/lang/Object;[Ljava/lang/Object;)Ljava/lang/Object;+0 java.base@17.0.5
j  jdk.internal.reflect.NativeMethodAccessorImpl.invoke(Ljava/lang/Object;[Ljava/lang/Object;)Ljava/lang/Object;+133 java.base@17.0.5
j  jdk.internal.reflect.DelegatingMethodAccessorImpl.invoke(Ljava/lang/Object;[Ljava/lang/Object;)Ljava/lang/Object;+6 java.base@17.0.5
j  java.lang.reflect.Method.invoke(Ljava/lang/Object;[Ljava/lang/Object;)Ljava/lang/Object;+59 java.base@17.0.5
j  net.minecraftforge.fml.loading.targets.ForgeClientUserdevLaunchHandler.lambda$launchService$0([Ljava/lang/String;Ljava/lang/ModuleLayer;)V+47 fmlloader@1.19.2-43.1.47
j  net.minecraftforge.fml.loading.targets.ForgeClientUserdevLaunchHandler$$Lambda$857+0x0000000800fb0658.run()V+12 fmlloader@1.19.2-43.1.47
j  cpw.mods.modlauncher.LaunchServiceHandlerDecorator.launch([Ljava/lang/String;Ljava/lang/ModuleLayer;)V+11 cpw.mods.modlauncher@10.0.8
j  cpw.mods.modlauncher.LaunchServiceHandler.launch(Ljava/lang/String;[Ljava/lang/String;Ljava/lang/ModuleLayer;Lcpw/mods/modlauncher/TransformingClassLoader;Lcpw/mods/modlauncher/LaunchPluginHandler;)V+58 cpw.mods.modlauncher@10.0.8
j  cpw.mods.modlauncher.LaunchServiceHandler.launch(Lcpw/mods/modlauncher/ArgumentHandler;Ljava/lang/ModuleLayer;Lcpw/mods/modlauncher/TransformingClassLoader;Lcpw/mods/modlauncher/LaunchPluginHandler;)V+21 cpw.mods.modlauncher@10.0.8
j  cpw.mods.modlauncher.Launcher.run([Ljava/lang/String;)V+310 cpw.mods.modlauncher@10.0.8
j  cpw.mods.modlauncher.Launcher.main([Ljava/lang/String;)V+78 cpw.mods.modlauncher@10.0.8
j  cpw.mods.modlauncher.BootstrapLaunchConsumer.accept([Ljava/lang/String;)V+1 cpw.mods.modlauncher@10.0.8
j  cpw.mods.modlauncher.BootstrapLaunchConsumer.accept(Ljava/lang/Object;)V+5 cpw.mods.modlauncher@10.0.8
j  cpw.mods.bootstraplauncher.BootstrapLauncher.main([Ljava/lang/String;)V+515 cpw.mods.bootstraplauncher@1.1.2
v  ~StubRoutines::call_stub

siginfo: EXCEPTION_ACCESS_VIOLATION (0xc0000005), reading address 0xffffffffffffffff


Register to memory mapping:

RIP=0x00007ff943783920 atio6axx.dll
RAX=0x0 is NULL
RBX=0x00007ff946d340f0 atio6axx.dll
RCX=0x6d656a2d6c676a77 is an unknown value
RDX=0x00000000000000d1 is an unknown value
RSP=0x0000009e2d1fab58 is pointing into the stack for thread: 0x00000216443fc2b0
RBP=0x0000009e2d1fac90 is pointing into the stack for thread: 0x00000216443fc2b0
RSI=0x0 is NULL
RDI=0x0000009e2d1faf80 is pointing into the stack for thread: 0x00000216443fc2b0
R8 =0x00000000000001a5 is an unknown value
R9 =0xffffffffffffffff is an unknown value
R10=0x0 is NULL
R11=0x0000000000000200 is an unknown value
R12=0x0000009e2d1fabe8 is pointing into the stack for thread: 0x00000216443fc2b0
R13=0x00007ff946d340f0 atio6axx.dll
R14=0x00007ff946d34148 atio6axx.dll
R15=0x00007ff946c3b884 atio6axx.dll


Registers:
RAX=0x0000000000000000, RBX=0x00007ff946d340f0, RCX=0x6d656a2d6c676a77, RDX=0x00000000000000d1
RSP=0x0000009e2d1fab58, RBP=0x0000009e2d1fac90, RSI=0x0000000000000000, RDI=0x0000009e2d1faf80
R8 =0x00000000000001a5, R9 =0xffffffffffffffff, R10=0x0000000000000000, R11=0x0000000000000200
R12=0x0000009e2d1fabe8, R13=0x00007ff946d340f0, R14=0x00007ff946d34148, R15=0x00007ff946c3b884
RIP=0x00007ff943783920, EFLAGS=0x0000000000010206

Top of Stack: (sp=0x0000009e2d1fab58)
0x0000009e2d1fab58:   00007ff943742654 00007ff946d340f0
0x0000009e2d1fab68:   0000000000000000 0000652e6176616a
0x0000009e2d1fab78:   000065f47c1fff3c 0000009e2d1faf80
0x0000009e2d1fab88:   00007ff943746116 00007ff946d340f8
0x0000009e2d1fab98:   0000000000000000 0000000000000000
0x0000009e2d1faba8:   0000000000000000 0000000000000000
0x0000009e2d1fabb8:   00007ff900000009 000002166d6661bc
0x0000009e2d1fabc8:   000002166d666318 00007ff946d340f8
0x0000009e2d1fabd8:   0000009e2d1faf80 0000009e2d1fad4b
0x0000009e2d1fabe8:   00007f006176616a 800000006176616a
0x0000009e2d1fabf8:   00007ff9e4dda049 46676e697274535c
0x0000009e2d1fac08:   5c6f666e49656c69 3062343039303430
0x0000009e2d1fac18:   726556656c69465c 000000006e6f6973
0x0000009e2d1fac28:   0000000000000000 0000000000000000
0x0000009e2d1fac38:   0000000000000000 0000000a0000011c
0x0000009e2d1fac48:   0000585d00000000 0000000000000002 

Instructions: (pc=0x00007ff943783920)
0x00007ff943783820:   74 09 33 c9 ff 15 26 1c 3d 03 90 48 8b c3 48 83
0x00007ff943783830:   c4 20 5b c3 cc cc cc cc cc cc cc cc cc cc cc cc
0x00007ff943783840:   48 83 ec 28 48 8b 51 08 48 85 d2 74 09 33 c9 ff
0x00007ff943783850:   15 fb 1b 3d 03 90 48 83 c4 28 c3 cc cc cc cc cc
0x00007ff943783860:   48 89 11 c3 cc cc cc cc cc cc cc cc cc cc cc cc
0x00007ff943783870:   48 8b c1 c3 cc cc cc cc cc cc cc cc cc cc cc cc
0x00007ff943783880:   48 3b ca 74 10 41 8b 00 39 01 74 09 48 83 c1 04
0x00007ff943783890:   48 3b ca 75 f3 48 8b c1 c3 cc cc cc cc cc cc cc
0x00007ff9437838a0:   48 8b c1 c3 cc cc cc cc cc cc cc cc cc cc cc cc
0x00007ff9437838b0:   48 83 39 00 0f 94 c0 c3 cc cc cc cc cc cc cc cc
0x00007ff9437838c0:   4c 8d 04 d5 00 00 00 00 33 d2 e9 e1 32 db 01 cc
0x00007ff9437838d0:   4c 8b 41 08 48 8b 02 49 89 00 48 83 41 08 08 c3
0x00007ff9437838e0:   48 8b c1 c3 cc cc cc cc cc cc cc cc cc cc cc cc
0x00007ff9437838f0:   48 8b c1 c3 cc cc cc cc cc cc cc cc cc cc cc cc
0x00007ff943783900:   49 8b 00 48 89 02 c3 cc cc cc cc cc cc cc cc cc
0x00007ff943783910:   8b 81 10 39 00 00 c3 cc cc cc cc cc cc cc cc cc
0x00007ff943783920:   8b 81 10 39 00 00 83 c0 f0 83 f8 63 0f 87 5a 01
0x00007ff943783930:   00 00 48 8d 15 c7 c6 e6 ff 0f b6 84 02 b0 3a 19
0x00007ff943783940:   00 8b 8c 82 90 3a 19 00 48 03 ca ff e1 48 8b 0d
0x00007ff943783950:   6c 70 55 03 83 b9 0c 33 00 00 02 0f 87 2b 01 00
0x00007ff943783960:   00 48 8d 91 9c 29 00 00 c7 02 e1 00 00 00 e9 ce
0x00007ff943783970:   00 00 00 48 8b 0d 46 70 55 03 83 b9 0c 33 00 00
0x00007ff943783980:   02 0f 87 05 01 00 00 48 8d 91 9c 29 00 00 c7 02
0x00007ff943783990:   f0 00 00 00 e9 a8 00 00 00 48 8b 0d 20 70 55 03
0x00007ff9437839a0:   83 b9 0c 33 00 00 02 0f 87 df 00 00 00 48 8d 91
0x00007ff9437839b0:   9c 29 00 00 c7 02 00 04 00 00 e9 82 00 00 00 48
0x00007ff9437839c0:   8b 0d fa 6f 55 03 83 b9 0c 33 00 00 02 0f 87 b9
0x00007ff9437839d0:   00 00 00 48 8d 91 9c 29 00 00 c7 02 00 08 00 00
0x00007ff9437839e0:   eb 5f 48 8b 0d d7 6f 55 03 83 b9 0c 33 00 00 02
0x00007ff9437839f0:   0f 87 96 00 00 00 48 8d 91 9c 29 00 00 c7 02 00
0x00007ff943783a00:   09 00 00 eb 3c 48 8b 0d b4 6f 55 03 83 b9 0c 33
0x00007ff943783a10:   00 00 02 77 77 48 8d 91 9c 29 00 00 c7 02 3c 0f 


Stack slot to memory mapping:
stack at sp + 0 slots: 0x00007ff943742654 atio6axx.dll
stack at sp + 1 slots: 0x00007ff946d340f0 atio6axx.dll
stack at sp + 2 slots: 0x0 is NULL
stack at sp + 3 slots: 0x0000652e6176616a is an unknown value
stack at sp + 4 slots: 0x000065f47c1fff3c is an unknown value
stack at sp + 5 slots: 0x0000009e2d1faf80 is pointing into the stack for thread: 0x00000216443fc2b0
stack at sp + 6 slots: 0x00007ff943746116 atio6axx.dll
stack at sp + 7 slots: 0x00007ff946d340f8 atio6axx.dll


---------------  P R O C E S S  ---------------

Threads class SMR info:
_java_thread_list=0x000002166a806330, length=24, elements={
0x00000216443fc2b0, 0x0000021666e26420, 0x0000021666e26ce0, 0x0000021666e36960,
0x0000021666e37220, 0x0000021666e37ae0, 0x0000021666e38b40, 0x0000021666e3aee0,
0x0000021666e4a300, 0x0000021666e3eb90, 0x0000021667b3b320, 0x0000021667bced20,
0x0000021667bec010, 0x00000216688c1b70, 0x0000021668c2e5d0, 0x0000021668e6eaf0,
0x0000021668e6f000, 0x000002166a1684a0, 0x000002166a808480, 0x0000021668d5d5e0,
0x000002166ce65cd0, 0x000002166fafa8b0, 0x0000021668d4a920, 0x000002166fa123e0
}

Java Threads: ( => current thread )
=>0x00000216443fc2b0 JavaThread "Render thread" [_thread_in_native, id=20324, stack(0x0000009e2d100000,0x0000009e2d200000)]
  0x0000021666e26420 JavaThread "Reference Handler" daemon [_thread_blocked, id=11036, stack(0x0000009e2d800000,0x0000009e2d900000)]
  0x0000021666e26ce0 JavaThread "Finalizer" daemon [_thread_blocked, id=23268, stack(0x0000009e2d900000,0x0000009e2da00000)]
  0x0000021666e36960 JavaThread "Signal Dispatcher" daemon [_thread_blocked, id=22972, stack(0x0000009e2da00000,0x0000009e2db00000)]
  0x0000021666e37220 JavaThread "Attach Listener" daemon [_thread_blocked, id=10832, stack(0x0000009e2db00000,0x0000009e2dc00000)]
  0x0000021666e37ae0 JavaThread "Service Thread" daemon [_thread_blocked, id=22920, stack(0x0000009e2dc00000,0x0000009e2dd00000)]
  0x0000021666e38b40 JavaThread "Monitor Deflation Thread" daemon [_thread_blocked, id=20452, stack(0x0000009e2dd00000,0x0000009e2de00000)]
  0x0000021666e3aee0 JavaThread "C2 CompilerThread0" daemon [_thread_blocked, id=17200, stack(0x0000009e2de00000,0x0000009e2df00000)]
  0x0000021666e4a300 JavaThread "C1 CompilerThread0" daemon [_thread_blocked, id=24188, stack(0x0000009e2df00000,0x0000009e2e000000)]
  0x0000021666e3eb90 JavaThread "Sweeper thread" daemon [_thread_blocked, id=25216, stack(0x0000009e2e000000,0x0000009e2e100000)]
  0x0000021667b3b320 JavaThread "C1 CompilerThread1" daemon [_thread_blocked, id=2272, stack(0x0000009e2e100000,0x0000009e2e200000)]
  0x0000021667bced20 JavaThread "Common-Cleaner" daemon [_thread_blocked, id=2060, stack(0x0000009e2e200000,0x0000009e2e300000)]
  0x0000021667bec010 JavaThread "C2 CompilerThread1" daemon [_thread_blocked, id=3440, stack(0x0000009e2e300000,0x0000009e2e400000)]
  0x00000216688c1b70 JavaThread "Monitor Ctrl-Break" daemon [_thread_in_native, id=23464, stack(0x0000009e2e500000,0x0000009e2e600000)]
  0x0000021668c2e5d0 JavaThread "Notification Thread" daemon [_thread_blocked, id=18648, stack(0x0000009e2e600000,0x0000009e2e700000)]
  0x0000021668e6eaf0 JavaThread "C1 CompilerThread2" daemon [_thread_blocked, id=21604, stack(0x0000009e2e800000,0x0000009e2e900000)]
  0x0000021668e6f000 JavaThread "C1 CompilerThread3" daemon [_thread_blocked, id=8984, stack(0x0000009e2e900000,0x0000009e2ea00000)]
  0x000002166a1684a0 JavaThread "C2 CompilerThread2" daemon [_thread_blocked, id=23860, stack(0x0000009e2e400000,0x0000009e2e500000)]
  0x000002166a808480 JavaThread "C2 CompilerThread3" daemon [_thread_blocked, id=22000, stack(0x0000009e2ee00000,0x0000009e2ef00000)]
  0x0000021668d5d5e0 JavaThread "Thread-0" daemon [_thread_blocked, id=23240, stack(0x0000009e2f100000,0x0000009e2f200000)]
  0x000002166ce65cd0 JavaThread "FileSystemWatchService" daemon [_thread_in_native, id=17908, stack(0x0000009e2f200000,0x0000009e2f300000)]
  0x000002166fafa8b0 JavaThread "pool-2-thread-1" daemon [_thread_blocked, id=8980, stack(0x0000009e2ff00000,0x0000009e30000000)]
  0x0000021668d4a920 JavaThread "C2 CompilerThread4" daemon [_thread_blocked, id=14388, stack(0x0000009e2ef00000,0x0000009e2f000000)]
  0x000002166fa123e0 JavaThread "Timer hack thread" daemon [_thread_blocked, id=7624, stack(0x0000009e2f000000,0x0000009e2f100000)]

Other Threads:
  0x0000021666e1dbb0 VMThread "VM Thread" [stack: 0x0000009e2d700000,0x0000009e2d800000] [id=11976]
  0x0000021668c2eaa0 WatcherThread [stack: 0x0000009e2e700000,0x0000009e2e800000] [id=23892]
  0x0000021644467960 GCTaskThread "GC Thread#0" [stack: 0x0000009e2d200000,0x0000009e2d300000] [id=22132]
  0x0000021668d20aa0 GCTaskThread "GC Thread#1" [stack: 0x0000009e2ea00000,0x0000009e2eb00000] [id=4072]
  0x0000021668efd3c0 GCTaskThread "GC Thread#2" [stack: 0x0000009e2eb00000,0x0000009e2ec00000] [id=22928]
  0x0000021668eb1e20 GCTaskThread "GC Thread#3" [stack: 0x0000009e2ec00000,0x0000009e2ed00000] [id=4392]
  0x0000021668eb2550 GCTaskThread "GC Thread#4" [stack: 0x0000009e2ed00000,0x0000009e2ee00000] [id=10456]
  0x000002166c7149f0 GCTaskThread "GC Thread#5" [stack: 0x0000009e2f300000,0x0000009e2f400000] [id=13524]
  0x000002166c2d9c60 GCTaskThread "GC Thread#6" [stack: 0x0000009e2f400000,0x0000009e2f500000] [id=19636]
  0x000002166a80aa80 GCTaskThread "GC Thread#7" [stack: 0x0000009e2f500000,0x0000009e2f600000] [id=9076]
  0x0000021668850cf0 GCTaskThread "GC Thread#8" [stack: 0x0000009e2f800000,0x0000009e2f900000] [id=4056]
  0x0000021666e0d820 GCTaskThread "GC Thread#9" [stack: 0x0000009e2f900000,0x0000009e2fa00000] [id=11484]
  0x00000216698ca850 GCTaskThread "GC Thread#10" [stack: 0x0000009e2fa00000,0x0000009e2fb00000] [id=18816]
  0x00000216698ca040 GCTaskThread "GC Thread#11" [stack: 0x0000009e2fb00000,0x0000009e2fc00000] [id=15504]
  0x00000216698cab00 GCTaskThread "GC Thread#12" [stack: 0x0000009e2fc00000,0x0000009e2fd00000] [id=17360]
  0x0000021644479e30 ConcurrentGCThread "G1 Main Marker" [stack: 0x0000009e2d300000,0x0000009e2d400000] [id=16568]
  0x000002164447a650 ConcurrentGCThread "G1 Conc#0" [stack: 0x0000009e2d400000,0x0000009e2d500000] [id=24540]
  0x00000216698cb060 ConcurrentGCThread "G1 Conc#1" [stack: 0x0000009e2fd00000,0x0000009e2fe00000] [id=7320]
  0x00000216698cadb0 ConcurrentGCThread "G1 Conc#2" [stack: 0x0000009e2fe00000,0x0000009e2ff00000] [id=13628]
  0x000002164449d360 ConcurrentGCThread "G1 Refine#0" [stack: 0x0000009e2d500000,0x0000009e2d600000] [id=16516]
  0x00000216704b4000 ConcurrentGCThread "G1 Refine#1" [stack: 0x0000009e30400000,0x0000009e30500000] [id=23952]
  0x00000216704b42e0 ConcurrentGCThread "G1 Refine#2" [stack: 0x0000009e30500000,0x0000009e30600000] [id=23432]
  0x00000216704b45c0 ConcurrentGCThread "G1 Refine#3" [stack: 0x0000009e30600000,0x0000009e30700000] [id=14820]
  0x00000216704b2ec0 ConcurrentGCThread "G1 Refine#4" [stack: 0x0000009e30700000,0x0000009e30800000] [id=2844]
  0x000002164449ea40 ConcurrentGCThread "G1 Service" [stack: 0x0000009e2d600000,0x0000009e2d700000] [id=24064]

Threads with active compile tasks:

VM state: not at safepoint (normal execution)

VM Mutex/Monitor currently owned by a thread: None

Heap address: 0x0000000709e00000, size: 3938 MB, Compressed Oops mode: Zero based, Oop shift amount: 3

CDS archive(s) mapped at: [0x0000000800000000-0x0000000800bc0000-0x0000000800bc0000), size 12320768, SharedBaseAddress: 0x0000000800000000, ArchiveRelocationMode: 0.
Compressed class space mapped at: 0x0000000800c00000-0x0000000840c00000, reserved size: 1073741824
Narrow klass base: 0x0000000800000000, Narrow klass shift: 0, Narrow klass range: 0x100000000

GC Precious Log:
 CPUs: 16 total, 16 available
 Memory: 15747M
 Large Page Support: Disabled
 NUMA Support: Disabled
 Compressed Oops: Enabled (Zero based)
 Heap Region Size: 2M
 Heap Min Capacity: 8M
 Heap Initial Capacity: 248M
 Heap Max Capacity: 3938M
 Pre-touch: Disabled
 Parallel Workers: 13
 Concurrent Workers: 3
 Concurrent Refinement Workers: 13
 Periodic GC: Disabled

Heap:
 garbage-first heap   total 432128K, used 170754K [0x0000000709e00000, 0x0000000800000000)
  region size 2048K, 8 young (16384K), 3 survivors (6144K)
 Metaspace       used 70973K, committed 72128K, reserved 1114112K
  class space    used 9752K, committed 10304K, reserved 1048576K

Heap Regions: E=young(eden), S=young(survivor), O=old, HS=humongous(starts), HC=humongous(continues), CS=collection set, F=free, OA=open archive, CA=closed archive, TAMS=top-at-mark-start (previous, next)
|   0|0x0000000709e00000, 0x000000070a000000, 0x000000070a000000|100%|HS|  |TAMS 0x000000070a000000, 0x0000000709e00000| Complete 
|   1|0x000000070a000000, 0x000000070a200000, 0x000000070a200000|100%| O|  |TAMS 0x000000070a200000, 0x000000070a000000| Untracked 
|   2|0x000000070a200000, 0x000000070a400000, 0x000000070a400000|100%|HS|  |TAMS 0x000000070a400000, 0x000000070a200000| Complete 
|   3|0x000000070a400000, 0x000000070a600000, 0x000000070a600000|100%| O|  |TAMS 0x000000070a600000, 0x000000070a400000| Untracked 
|   4|0x000000070a600000, 0x000000070a800000, 0x000000070a800000|100%| O|  |TAMS 0x000000070a800000, 0x000000070a600000| Untracked 
|   5|0x000000070a800000, 0x000000070aa00000, 0x000000070aa00000|100%| O|  |TAMS 0x000000070aa00000, 0x000000070a800000| Untracked 
|   6|0x000000070aa00000, 0x000000070ac00000, 0x000000070ac00000|100%|HS|  |TAMS 0x000000070ac00000, 0x000000070aa00000| Complete 
|   7|0x000000070ac00000, 0x000000070ae00000, 0x000000070ae00000|100%|HS|  |TAMS 0x000000070ae00000, 0x000000070ac00000| Complete 
|   8|0x000000070ae00000, 0x000000070b000000, 0x000000070b000000|100%| O|  |TAMS 0x000000070b000000, 0x000000070ae00000| Untracked 
|   9|0x000000070b000000, 0x000000070b200000, 0x000000070b200000|100%| O|  |TAMS 0x000000070b200000, 0x000000070b000000| Untracked 
|  10|0x000000070b200000, 0x000000070b400000, 0x000000070b400000|100%| O|  |TAMS 0x000000070b400000, 0x000000070b200000| Untracked 
|  11|0x000000070b400000, 0x000000070b600000, 0x000000070b600000|100%| O|  |TAMS 0x000000070b600000, 0x000000070b400000| Untracked 
|  12|0x000000070b600000, 0x000000070b800000, 0x000000070b800000|100%|HS|  |TAMS 0x000000070b800000, 0x000000070b600000| Complete 
|  13|0x000000070b800000, 0x000000070ba00000, 0x000000070ba00000|100%| O|  |TAMS 0x000000070ba00000, 0x000000070b800000| Untracked 
|  14|0x000000070ba00000, 0x000000070bc00000, 0x000000070bc00000|100%| O|  |TAMS 0x000000070bc00000, 0x000000070ba00000| Untracked 
|  15|0x000000070bc00000, 0x000000070be00000, 0x000000070be00000|100%| O|  |TAMS 0x000000070be00000, 0x000000070bc00000| Untracked 
|  16|0x000000070be00000, 0x000000070c000000, 0x000000070c000000|100%| O|  |TAMS 0x000000070c000000, 0x000000070be00000| Untracked 
|  17|0x000000070c000000, 0x000000070c200000, 0x000000070c200000|100%| O|  |TAMS 0x000000070c200000, 0x000000070c000000| Untracked 
|  18|0x000000070c200000, 0x000000070c400000, 0x000000070c400000|100%| O|  |TAMS 0x000000070c400000, 0x000000070c200000| Untracked 
|  19|0x000000070c400000, 0x000000070c600000, 0x000000070c600000|100%| O|  |TAMS 0x000000070c600000, 0x000000070c400000| Untracked 
|  20|0x000000070c600000, 0x000000070c800000, 0x000000070c800000|100%| O|  |TAMS 0x000000070c800000, 0x000000070c600000| Untracked 
|  21|0x000000070c800000, 0x000000070ca00000, 0x000000070ca00000|100%| O|  |TAMS 0x000000070ca00000, 0x000000070c800000| Untracked 
|  22|0x000000070ca00000, 0x000000070cc00000, 0x000000070cc00000|100%| O|  |TAMS 0x000000070cc00000, 0x000000070ca00000| Untracked 
|  23|0x000000070cc00000, 0x000000070ce00000, 0x000000070ce00000|100%| O|  |TAMS 0x000000070ce00000, 0x000000070cc00000| Untracked 
|  24|0x000000070ce00000, 0x000000070d000000, 0x000000070d000000|100%| O|  |TAMS 0x000000070d000000, 0x000000070ce00000| Untracked 
|  25|0x000000070d000000, 0x000000070d200000, 0x000000070d200000|100%| O|  |TAMS 0x000000070d200000, 0x000000070d000000| Untracked 
|  26|0x000000070d200000, 0x000000070d400000, 0x000000070d400000|100%| O|  |TAMS 0x000000070d400000, 0x000000070d200000| Untracked 
|  27|0x000000070d400000, 0x000000070d583e00, 0x000000070d600000| 75%| O|  |TAMS 0x000000070d583e00, 0x000000070d400000| Complete 
|  28|0x000000070d600000, 0x000000070d800000, 0x000000070d800000|100%| O|  |TAMS 0x000000070d800000, 0x000000070d600000| Untracked 
|  29|0x000000070d800000, 0x000000070da00000, 0x000000070da00000|100%| O|  |TAMS 0x000000070da00000, 0x000000070d800000| Untracked 
|  30|0x000000070da00000, 0x000000070dc00000, 0x000000070dc00000|100%| O|  |TAMS 0x000000070dc00000, 0x000000070da00000| Untracked 
|  31|0x000000070dc00000, 0x000000070de00000, 0x000000070de00000|100%| O|  |TAMS 0x000000070de00000, 0x000000070dc00000| Untracked 
|  32|0x000000070de00000, 0x000000070e000000, 0x000000070e000000|100%|HS|  |TAMS 0x000000070e000000, 0x000000070de00000| Complete 
|  33|0x000000070e000000, 0x000000070e200000, 0x000000070e200000|100%|HC|  |TAMS 0x000000070e200000, 0x000000070e000000| Complete 
|  34|0x000000070e200000, 0x000000070e400000, 0x000000070e400000|100%|HC|  |TAMS 0x000000070e400000, 0x000000070e200000| Complete 
|  35|0x000000070e400000, 0x000000070e600000, 0x000000070e600000|100%|HC|  |TAMS 0x000000070e600000, 0x000000070e400000| Complete 
|  36|0x000000070e600000, 0x000000070e800000, 0x000000070e800000|100%|HC|  |TAMS 0x000000070e800000, 0x000000070e600000| Complete 
|  37|0x000000070e800000, 0x000000070ea00000, 0x000000070ea00000|100%|HC|  |TAMS 0x000000070ea00000, 0x000000070e800000| Complete 
|  38|0x000000070ea00000, 0x000000070ec00000, 0x000000070ec00000|100%| O|  |TAMS 0x000000070ec00000, 0x000000070ea00000| Untracked 
|  39|0x000000070ec00000, 0x000000070ee00000, 0x000000070ee00000|100%| O|  |TAMS 0x000000070ee00000, 0x000000070ec00000| Untracked 
|  40|0x000000070ee00000, 0x000000070f000000, 0x000000070f000000|100%| O|  |TAMS 0x000000070f000000, 0x000000070ee00000| Untracked 
|  41|0x000000070f000000, 0x000000070f200000, 0x000000070f200000|100%| O|  |TAMS 0x000000070f200000, 0x000000070f000000| Untracked 
|  42|0x000000070f200000, 0x000000070f400000, 0x000000070f400000|100%| O|  |TAMS 0x000000070f400000, 0x000000070f200000| Untracked 
|  43|0x000000070f400000, 0x000000070f600000, 0x000000070f600000|100%| O|  |TAMS 0x000000070f600000, 0x000000070f400000| Untracked 
|  44|0x000000070f600000, 0x000000070f800000, 0x000000070f800000|100%| O|  |TAMS 0x000000070f800000, 0x000000070f600000| Untracked 
|  45|0x000000070f800000, 0x000000070fa00000, 0x000000070fa00000|100%| O|  |TAMS 0x000000070fa00000, 0x000000070f800000| Untracked 
|  46|0x000000070fa00000, 0x000000070fc00000, 0x000000070fc00000|100%| O|  |TAMS 0x000000070fc00000, 0x000000070fa00000| Untracked 
|  47|0x000000070fc00000, 0x000000070fe00000, 0x000000070fe00000|100%| O|  |TAMS 0x000000070fe00000, 0x000000070fc00000| Untracked 
|  48|0x000000070fe00000, 0x0000000710000000, 0x0000000710000000|100%| O|  |TAMS 0x0000000710000000, 0x000000070fe00000| Untracked 
|  49|0x0000000710000000, 0x0000000710200000, 0x0000000710200000|100%| O|  |TAMS 0x0000000710200000, 0x0000000710000000| Untracked 
|  50|0x0000000710200000, 0x0000000710400000, 0x0000000710400000|100%| O|  |TAMS 0x0000000710400000, 0x0000000710200000| Untracked 
|  51|0x0000000710400000, 0x0000000710600000, 0x0000000710600000|100%| O|  |TAMS 0x0000000710600000, 0x0000000710400000| Untracked 
|  52|0x0000000710600000, 0x0000000710800000, 0x0000000710800000|100%| O|  |TAMS 0x0000000710800000, 0x0000000710600000| Untracked 
|  53|0x0000000710800000, 0x0000000710a00000, 0x0000000710a00000|100%| O|  |TAMS 0x0000000710a00000, 0x0000000710800000| Untracked 
|  54|0x0000000710a00000, 0x0000000710c00000, 0x0000000710c00000|100%| O|  |TAMS 0x0000000710c00000, 0x0000000710a00000| Untracked 
|  55|0x0000000710c00000, 0x0000000710e00000, 0x0000000710e00000|100%| O|  |TAMS 0x0000000710e00000, 0x0000000710c00000| Untracked 
|  56|0x0000000710e00000, 0x0000000711000000, 0x0000000711000000|100%| O|  |TAMS 0x0000000711000000, 0x0000000710e00000| Untracked 
|  57|0x0000000711000000, 0x0000000711200000, 0x0000000711200000|100%| O|  |TAMS 0x0000000711200000, 0x0000000711000000| Untracked 
|  58|0x0000000711200000, 0x0000000711400000, 0x0000000711400000|100%| O|  |TAMS 0x0000000711400000, 0x0000000711200000| Untracked 
|  59|0x0000000711400000, 0x0000000711600000, 0x0000000711600000|100%| O|  |TAMS 0x0000000711600000, 0x0000000711400000| Untracked 
|  60|0x0000000711600000, 0x0000000711800000, 0x0000000711800000|100%| O|  |TAMS 0x0000000711800000, 0x0000000711600000| Untracked 
|  61|0x0000000711800000, 0x0000000711a00000, 0x0000000711a00000|100%| O|  |TAMS 0x0000000711a00000, 0x0000000711800000| Untracked 
|  62|0x0000000711a00000, 0x0000000711c00000, 0x0000000711c00000|100%| O|  |TAMS 0x0000000711c00000, 0x0000000711a00000| Untracked 
|  63|0x0000000711c00000, 0x0000000711e00000, 0x0000000711e00000|100%| O|  |TAMS 0x0000000711e00000, 0x0000000711c00000| Untracked 
|  64|0x0000000711e00000, 0x0000000712000000, 0x0000000712000000|100%| O|  |TAMS 0x0000000712000000, 0x0000000711e00000| Untracked 
|  65|0x0000000712000000, 0x0000000712000000, 0x0000000712200000|  0%| F|  |TAMS 0x0000000712000000, 0x0000000712000000| Untracked 
|  66|0x0000000712200000, 0x0000000712400000, 0x0000000712400000|100%| O|  |TAMS 0x0000000712400000, 0x0000000712200000| Untracked 
|  67|0x0000000712400000, 0x0000000712600000, 0x0000000712600000|100%| O|  |TAMS 0x0000000712600000, 0x0000000712400000| Untracked 
|  68|0x0000000712600000, 0x0000000712800000, 0x0000000712800000|100%| O|  |TAMS 0x0000000712800000, 0x0000000712600000| Untracked 
|  69|0x0000000712800000, 0x0000000712a00000, 0x0000000712a00000|100%| O|  |TAMS 0x0000000712a00000, 0x0000000712800000| Untracked 
|  70|0x0000000712a00000, 0x0000000712c00000, 0x0000000712c00000|100%| O|  |TAMS 0x0000000712c00000, 0x0000000712a00000| Untracked 
|  71|0x0000000712c00000, 0x0000000712e00000, 0x0000000712e00000|100%| O|  |TAMS 0x0000000712e00000, 0x0000000712c00000| Untracked 
|  72|0x0000000712e00000, 0x0000000713000000, 0x0000000713000000|100%| O|  |TAMS 0x0000000713000000, 0x0000000712e00000| Untracked 
|  73|0x0000000713000000, 0x0000000713200000, 0x0000000713200000|100%| O|  |TAMS 0x0000000713200000, 0x0000000713000000| Untracked 
|  74|0x0000000713200000, 0x0000000713400000, 0x0000000713400000|100%| O|  |TAMS 0x0000000713400000, 0x0000000713200000| Untracked 
|  75|0x0000000713400000, 0x0000000713600000, 0x0000000713600000|100%| O|  |TAMS 0x0000000713600000, 0x0000000713400000| Untracked 
|  76|0x0000000713600000, 0x0000000713800000, 0x0000000713800000|100%| O|  |TAMS 0x0000000713800000, 0x0000000713600000| Untracked 
|  77|0x0000000713800000, 0x00000007139b2a00, 0x0000000713a00000| 84%| O|  |TAMS 0x00000007139b2a00, 0x0000000713800000| Untracked 
|  78|0x0000000713a00000, 0x0000000713a00000, 0x0000000713c00000|  0%| F|  |TAMS 0x0000000713a00000, 0x0000000713a00000| Untracked 
|  79|0x0000000713c00000, 0x0000000713c00000, 0x0000000713e00000|  0%| F|  |TAMS 0x0000000713c00000, 0x0000000713c00000| Untracked 
|  80|0x0000000713e00000, 0x0000000713e00000, 0x0000000714000000|  0%| F|  |TAMS 0x0000000713e00000, 0x0000000713e00000| Untracked 
|  81|0x0000000714000000, 0x0000000714000000, 0x0000000714200000|  0%| F|  |TAMS 0x0000000714000000, 0x0000000714000000| Untracked 
|  82|0x0000000714200000, 0x0000000714200000, 0x0000000714400000|  0%| F|  |TAMS 0x0000000714200000, 0x0000000714200000| Untracked 
|  83|0x0000000714400000, 0x0000000714400000, 0x0000000714600000|  0%| F|  |TAMS 0x0000000714400000, 0x0000000714400000| Untracked 
|  84|0x0000000714600000, 0x0000000714600000, 0x0000000714800000|  0%| F|  |TAMS 0x0000000714600000, 0x0000000714600000| Untracked 
|  85|0x0000000714800000, 0x0000000714800000, 0x0000000714a00000|  0%| F|  |TAMS 0x0000000714800000, 0x0000000714800000| Untracked 
|  86|0x0000000714a00000, 0x0000000714a00000, 0x0000000714c00000|  0%| F|  |TAMS 0x0000000714a00000, 0x0000000714a00000| Untracked 
|  87|0x0000000714c00000, 0x0000000714c00000, 0x0000000714e00000|  0%| F|  |TAMS 0x0000000714c00000, 0x0000000714c00000| Untracked 
|  88|0x0000000714e00000, 0x0000000714e00000, 0x0000000715000000|  0%| F|  |TAMS 0x0000000714e00000, 0x0000000714e00000| Untracked 
|  89|0x0000000715000000, 0x0000000715000000, 0x0000000715200000|  0%| F|  |TAMS 0x0000000715000000, 0x0000000715000000| Untracked 
|  90|0x0000000715200000, 0x0000000715200000, 0x0000000715400000|  0%| F|  |TAMS 0x0000000715200000, 0x0000000715200000| Untracked 
|  91|0x0000000715400000, 0x0000000715400000, 0x0000000715600000|  0%| F|  |TAMS 0x0000000715400000, 0x0000000715400000| Untracked 
|  92|0x0000000715600000, 0x0000000715600000, 0x0000000715800000|  0%| F|  |TAMS 0x0000000715600000, 0x0000000715600000| Untracked 
|  93|0x0000000715800000, 0x0000000715800000, 0x0000000715a00000|  0%| F|  |TAMS 0x0000000715800000, 0x0000000715800000| Untracked 
|  94|0x0000000715a00000, 0x0000000715a00000, 0x0000000715c00000|  0%| F|  |TAMS 0x0000000715a00000, 0x0000000715a00000| Untracked 
|  95|0x0000000715c00000, 0x0000000715c00000, 0x0000000715e00000|  0%| F|  |TAMS 0x0000000715c00000, 0x0000000715c00000| Untracked 
|  96|0x0000000715e00000, 0x0000000715e00000, 0x0000000716000000|  0%| F|  |TAMS 0x0000000715e00000, 0x0000000715e00000| Untracked 
|  97|0x0000000716000000, 0x0000000716000000, 0x0000000716200000|  0%| F|  |TAMS 0x0000000716000000, 0x0000000716000000| Untracked 
|  98|0x0000000716200000, 0x0000000716200000, 0x0000000716400000|  0%| F|  |TAMS 0x0000000716200000, 0x0000000716200000| Untracked 
|  99|0x0000000716400000, 0x0000000716400000, 0x0000000716600000|  0%| F|  |TAMS 0x0000000716400000, 0x0000000716400000| Untracked 
| 100|0x0000000716600000, 0x0000000716600000, 0x0000000716800000|  0%| F|  |TAMS 0x0000000716600000, 0x0000000716600000| Untracked 
| 101|0x0000000716800000, 0x000000071698a1d0, 0x0000000716a00000| 76%| S|CS|TAMS 0x0000000716800000, 0x0000000716800000| Complete 
| 102|0x0000000716a00000, 0x0000000716c00000, 0x0000000716c00000|100%| S|CS|TAMS 0x0000000716a00000, 0x0000000716a00000| Complete 
| 103|0x0000000716c00000, 0x0000000716e00000, 0x0000000716e00000|100%| S|CS|TAMS 0x0000000716c00000, 0x0000000716c00000| Complete 
| 104|0x0000000716e00000, 0x0000000716e00000, 0x0000000717000000|  0%| F|  |TAMS 0x0000000716e00000, 0x0000000716e00000| Untracked 
| 105|0x0000000717000000, 0x0000000717000000, 0x0000000717200000|  0%| F|  |TAMS 0x0000000717000000, 0x0000000717000000| Untracked 
| 106|0x0000000717200000, 0x0000000717200000, 0x0000000717400000|  0%| F|  |TAMS 0x0000000717200000, 0x0000000717200000| Untracked 
| 107|0x0000000717400000, 0x0000000717400000, 0x0000000717600000|  0%| F|  |TAMS 0x0000000717400000, 0x0000000717400000| Untracked 
| 108|0x0000000717600000, 0x0000000717600000, 0x0000000717800000|  0%| F|  |TAMS 0x0000000717600000, 0x0000000717600000| Untracked 
| 109|0x0000000717800000, 0x0000000717800000, 0x0000000717a00000|  0%| F|  |TAMS 0x0000000717800000, 0x0000000717800000| Untracked 
| 110|0x0000000717a00000, 0x0000000717a00000, 0x0000000717c00000|  0%| F|  |TAMS 0x0000000717a00000, 0x0000000717a00000| Untracked 
| 111|0x0000000717c00000, 0x0000000717c00000, 0x0000000717e00000|  0%| F|  |TAMS 0x0000000717c00000, 0x0000000717c00000| Untracked 
| 112|0x0000000717e00000, 0x0000000717e00000, 0x0000000718000000|  0%| F|  |TAMS 0x0000000717e00000, 0x0000000717e00000| Untracked 
| 113|0x0000000718000000, 0x0000000718000000, 0x0000000718200000|  0%| F|  |TAMS 0x0000000718000000, 0x0000000718000000| Untracked 
| 114|0x0000000718200000, 0x0000000718200000, 0x0000000718400000|  0%| F|  |TAMS 0x0000000718200000, 0x0000000718200000| Untracked 
| 115|0x0000000718400000, 0x0000000718400000, 0x0000000718600000|  0%| F|  |TAMS 0x0000000718400000, 0x0000000718400000| Untracked 
| 116|0x0000000718600000, 0x0000000718600000, 0x0000000718800000|  0%| F|  |TAMS 0x0000000718600000, 0x0000000718600000| Untracked 
| 117|0x0000000718800000, 0x0000000718800000, 0x0000000718a00000|  0%| F|  |TAMS 0x0000000718800000, 0x0000000718800000| Untracked 
| 118|0x0000000718a00000, 0x0000000718a00000, 0x0000000718c00000|  0%| F|  |TAMS 0x0000000718a00000, 0x0000000718a00000| Untracked 
| 119|0x0000000718c00000, 0x0000000718c00000, 0x0000000718e00000|  0%| F|  |TAMS 0x0000000718c00000, 0x0000000718c00000| Untracked 
| 120|0x0000000718e00000, 0x0000000718e00000, 0x0000000719000000|  0%| F|  |TAMS 0x0000000718e00000, 0x0000000718e00000| Untracked 
| 121|0x0000000719000000, 0x0000000719000000, 0x0000000719200000|  0%| F|  |TAMS 0x0000000719000000, 0x0000000719000000| Untracked 
| 122|0x0000000719200000, 0x0000000719200000, 0x0000000719400000|  0%| F|  |TAMS 0x0000000719200000, 0x0000000719200000| Untracked 
| 123|0x0000000719400000, 0x0000000719400000, 0x0000000719600000|  0%| F|  |TAMS 0x0000000719400000, 0x0000000719400000| Untracked 
| 124|0x0000000719600000, 0x0000000719600000, 0x0000000719800000|  0%| F|  |TAMS 0x0000000719600000, 0x0000000719600000| Untracked 
| 125|0x0000000719800000, 0x0000000719800000, 0x0000000719a00000|  0%| F|  |TAMS 0x0000000719800000, 0x0000000719800000| Untracked 
| 126|0x0000000719a00000, 0x0000000719a00000, 0x0000000719c00000|  0%| F|  |TAMS 0x0000000719a00000, 0x0000000719a00000| Untracked 
| 127|0x0000000719c00000, 0x0000000719c00000, 0x0000000719e00000|  0%| F|  |TAMS 0x0000000719c00000, 0x0000000719c00000| Untracked 
| 128|0x0000000719e00000, 0x0000000719e00000, 0x000000071a000000|  0%| F|  |TAMS 0x0000000719e00000, 0x0000000719e00000| Untracked 
| 129|0x000000071a000000, 0x000000071a000000, 0x000000071a200000|  0%| F|  |TAMS 0x000000071a000000, 0x000000071a000000| Untracked 
| 130|0x000000071a200000, 0x000000071a200000, 0x000000071a400000|  0%| F|  |TAMS 0x000000071a200000, 0x000000071a200000| Untracked 
| 131|0x000000071a400000, 0x000000071a400000, 0x000000071a600000|  0%| F|  |TAMS 0x000000071a400000, 0x000000071a400000| Untracked 
| 132|0x000000071a600000, 0x000000071a600000, 0x000000071a800000|  0%| F|  |TAMS 0x000000071a600000, 0x000000071a600000| Untracked 
| 133|0x000000071a800000, 0x000000071a800000, 0x000000071aa00000|  0%| F|  |TAMS 0x000000071a800000, 0x000000071a800000| Untracked 
| 134|0x000000071aa00000, 0x000000071aa00000, 0x000000071ac00000|  0%| F|  |TAMS 0x000000071aa00000, 0x000000071aa00000| Untracked 
| 135|0x000000071ac00000, 0x000000071ac00000, 0x000000071ae00000|  0%| F|  |TAMS 0x000000071ac00000, 0x000000071ac00000| Untracked 
| 136|0x000000071ae00000, 0x000000071ae00000, 0x000000071b000000|  0%| F|  |TAMS 0x000000071ae00000, 0x000000071ae00000| Untracked 
| 137|0x000000071b000000, 0x000000071b000000, 0x000000071b200000|  0%| F|  |TAMS 0x000000071b000000, 0x000000071b000000| Untracked 
| 138|0x000000071b200000, 0x000000071b200000, 0x000000071b400000|  0%| F|  |TAMS 0x000000071b200000, 0x000000071b200000| Untracked 
| 139|0x000000071b400000, 0x000000071b400000, 0x000000071b600000|  0%| F|  |TAMS 0x000000071b400000, 0x000000071b400000| Untracked 
| 140|0x000000071b600000, 0x000000071b600000, 0x000000071b800000|  0%| F|  |TAMS 0x000000071b600000, 0x000000071b600000| Untracked 
| 141|0x000000071b800000, 0x000000071b800000, 0x000000071ba00000|  0%| F|  |TAMS 0x000000071b800000, 0x000000071b800000| Untracked 
| 142|0x000000071ba00000, 0x000000071ba00000, 0x000000071bc00000|  0%| F|  |TAMS 0x000000071ba00000, 0x000000071ba00000| Untracked 
| 143|0x000000071bc00000, 0x000000071bc00000, 0x000000071be00000|  0%| F|  |TAMS 0x000000071bc00000, 0x000000071bc00000| Untracked 
| 144|0x000000071be00000, 0x000000071be00000, 0x000000071c000000|  0%| F|  |TAMS 0x000000071be00000, 0x000000071be00000| Untracked 
| 145|0x000000071c000000, 0x000000071c000000, 0x000000071c200000|  0%| F|  |TAMS 0x000000071c000000, 0x000000071c000000| Untracked 
| 146|0x000000071c200000, 0x000000071c200000, 0x000000071c400000|  0%| F|  |TAMS 0x000000071c200000, 0x000000071c200000| Untracked 
| 147|0x000000071c400000, 0x000000071c400000, 0x000000071c600000|  0%| F|  |TAMS 0x000000071c400000, 0x000000071c400000| Untracked 
| 148|0x000000071c600000, 0x000000071c600000, 0x000000071c800000|  0%| F|  |TAMS 0x000000071c600000, 0x000000071c600000| Untracked 
| 149|0x000000071c800000, 0x000000071c800000, 0x000000071ca00000|  0%| F|  |TAMS 0x000000071c800000, 0x000000071c800000| Untracked 
| 150|0x000000071ca00000, 0x000000071ca00000, 0x000000071cc00000|  0%| F|  |TAMS 0x000000071ca00000, 0x000000071ca00000| Untracked 
| 151|0x000000071cc00000, 0x000000071cc00000, 0x000000071ce00000|  0%| F|  |TAMS 0x000000071cc00000, 0x000000071cc00000| Untracked 
| 152|0x000000071ce00000, 0x000000071ce00000, 0x000000071d000000|  0%| F|  |TAMS 0x000000071ce00000, 0x000000071ce00000| Untracked 
| 153|0x000000071d000000, 0x000000071d000000, 0x000000071d200000|  0%| F|  |TAMS 0x000000071d000000, 0x000000071d000000| Untracked 
| 154|0x000000071d200000, 0x000000071d200000, 0x000000071d400000|  0%| F|  |TAMS 0x000000071d200000, 0x000000071d200000| Untracked 
| 155|0x000000071d400000, 0x000000071d400000, 0x000000071d600000|  0%| F|  |TAMS 0x000000071d400000, 0x000000071d400000| Untracked 
| 156|0x000000071d600000, 0x000000071d600000, 0x000000071d800000|  0%| F|  |TAMS 0x000000071d600000, 0x000000071d600000| Untracked 
| 157|0x000000071d800000, 0x000000071d800000, 0x000000071da00000|  0%| F|  |TAMS 0x000000071d800000, 0x000000071d800000| Untracked 
| 158|0x000000071da00000, 0x000000071da00000, 0x000000071dc00000|  0%| F|  |TAMS 0x000000071da00000, 0x000000071da00000| Untracked 
| 159|0x000000071dc00000, 0x000000071dc00000, 0x000000071de00000|  0%| F|  |TAMS 0x000000071dc00000, 0x000000071dc00000| Untracked 
| 160|0x000000071de00000, 0x000000071de00000, 0x000000071e000000|  0%| F|  |TAMS 0x000000071de00000, 0x000000071de00000| Untracked 
| 161|0x000000071e000000, 0x000000071e000000, 0x000000071e200000|  0%| F|  |TAMS 0x000000071e000000, 0x000000071e000000| Untracked 
| 162|0x000000071e200000, 0x000000071e200000, 0x000000071e400000|  0%| F|  |TAMS 0x000000071e200000, 0x000000071e200000| Untracked 
| 163|0x000000071e400000, 0x000000071e400000, 0x000000071e600000|  0%| F|  |TAMS 0x000000071e400000, 0x000000071e400000| Untracked 
| 164|0x000000071e600000, 0x000000071e600000, 0x000000071e800000|  0%| F|  |TAMS 0x000000071e600000, 0x000000071e600000| Untracked 
| 165|0x000000071e800000, 0x000000071e800000, 0x000000071ea00000|  0%| F|  |TAMS 0x000000071e800000, 0x000000071e800000| Untracked 
| 166|0x000000071ea00000, 0x000000071ea00000, 0x000000071ec00000|  0%| F|  |TAMS 0x000000071ea00000, 0x000000071ea00000| Untracked 
| 167|0x000000071ec00000, 0x000000071ec00000, 0x000000071ee00000|  0%| F|  |TAMS 0x000000071ec00000, 0x000000071ec00000| Untracked 
| 168|0x000000071ee00000, 0x000000071ee00000, 0x000000071f000000|  0%| F|  |TAMS 0x000000071ee00000, 0x000000071ee00000| Untracked 
| 169|0x000000071f000000, 0x000000071f000000, 0x000000071f200000|  0%| F|  |TAMS 0x000000071f000000, 0x000000071f000000| Untracked 
| 170|0x000000071f200000, 0x000000071f200000, 0x000000071f400000|  0%| F|  |TAMS 0x000000071f200000, 0x000000071f200000| Untracked 
| 171|0x000000071f400000, 0x000000071f400000, 0x000000071f600000|  0%| F|  |TAMS 0x000000071f400000, 0x000000071f400000| Untracked 
| 172|0x000000071f600000, 0x000000071f600000, 0x000000071f800000|  0%| F|  |TAMS 0x000000071f600000, 0x000000071f600000| Untracked 
| 173|0x000000071f800000, 0x000000071f800000, 0x000000071fa00000|  0%| F|  |TAMS 0x000000071f800000, 0x000000071f800000| Untracked 
| 174|0x000000071fa00000, 0x000000071fa00000, 0x000000071fc00000|  0%| F|  |TAMS 0x000000071fa00000, 0x000000071fa00000| Untracked 
| 175|0x000000071fc00000, 0x000000071fc00000, 0x000000071fe00000|  0%| F|  |TAMS 0x000000071fc00000, 0x000000071fc00000| Untracked 
| 176|0x000000071fe00000, 0x000000071fe00000, 0x0000000720000000|  0%| F|  |TAMS 0x000000071fe00000, 0x000000071fe00000| Untracked 
| 177|0x0000000720000000, 0x0000000720000000, 0x0000000720200000|  0%| F|  |TAMS 0x0000000720000000, 0x0000000720000000| Untracked 
| 178|0x0000000720200000, 0x0000000720200000, 0x0000000720400000|  0%| F|  |TAMS 0x0000000720200000, 0x0000000720200000| Untracked 
| 179|0x0000000720400000, 0x0000000720400000, 0x0000000720600000|  0%| F|  |TAMS 0x0000000720400000, 0x0000000720400000| Untracked 
| 180|0x0000000720600000, 0x0000000720600000, 0x0000000720800000|  0%| F|  |TAMS 0x0000000720600000, 0x0000000720600000| Untracked 
| 181|0x0000000720800000, 0x0000000720800000, 0x0000000720a00000|  0%| F|  |TAMS 0x0000000720800000, 0x0000000720800000| Untracked 
| 182|0x0000000720a00000, 0x0000000720a00000, 0x0000000720c00000|  0%| F|  |TAMS 0x0000000720a00000, 0x0000000720a00000| Untracked 
| 183|0x0000000720c00000, 0x0000000720c00000, 0x0000000720e00000|  0%| F|  |TAMS 0x0000000720c00000, 0x0000000720c00000| Untracked 
| 184|0x0000000720e00000, 0x0000000720e00000, 0x0000000721000000|  0%| F|  |TAMS 0x0000000720e00000, 0x0000000720e00000| Untracked 
| 185|0x0000000721000000, 0x0000000721000000, 0x0000000721200000|  0%| F|  |TAMS 0x0000000721000000, 0x0000000721000000| Untracked 
| 186|0x0000000721200000, 0x0000000721200000, 0x0000000721400000|  0%| F|  |TAMS 0x0000000721200000, 0x0000000721200000| Untracked 
| 187|0x0000000721400000, 0x0000000721400000, 0x0000000721600000|  0%| F|  |TAMS 0x0000000721400000, 0x0000000721400000| Untracked 
| 188|0x0000000721600000, 0x0000000721600000, 0x0000000721800000|  0%| F|  |TAMS 0x0000000721600000, 0x0000000721600000| Untracked 
| 189|0x0000000721800000, 0x0000000721800000, 0x0000000721a00000|  0%| F|  |TAMS 0x0000000721800000, 0x0000000721800000| Untracked 
| 190|0x0000000721a00000, 0x0000000721a00000, 0x0000000721c00000|  0%| F|  |TAMS 0x0000000721a00000, 0x0000000721a00000| Untracked 
| 191|0x0000000721c00000, 0x0000000721c00000, 0x0000000721e00000|  0%| F|  |TAMS 0x0000000721c00000, 0x0000000721c00000| Untracked 
| 192|0x0000000721e00000, 0x0000000721e00000, 0x0000000722000000|  0%| F|  |TAMS 0x0000000721e00000, 0x0000000721e00000| Untracked 
| 193|0x0000000722000000, 0x0000000722000000, 0x0000000722200000|  0%| F|  |TAMS 0x0000000722000000, 0x0000000722000000| Untracked 
| 194|0x0000000722200000, 0x0000000722200000, 0x0000000722400000|  0%| F|  |TAMS 0x0000000722200000, 0x0000000722200000| Untracked 
| 195|0x0000000722400000, 0x0000000722400000, 0x0000000722600000|  0%| F|  |TAMS 0x0000000722400000, 0x0000000722400000| Untracked 
| 196|0x0000000722600000, 0x0000000722600000, 0x0000000722800000|  0%| F|  |TAMS 0x0000000722600000, 0x0000000722600000| Untracked 
| 197|0x0000000722800000, 0x0000000722800000, 0x0000000722a00000|  0%| F|  |TAMS 0x0000000722800000, 0x0000000722800000| Untracked 
| 198|0x0000000722a00000, 0x0000000722a00000, 0x0000000722c00000|  0%| F|  |TAMS 0x0000000722a00000, 0x0000000722a00000| Untracked 
| 199|0x0000000722c00000, 0x0000000722c00000, 0x0000000722e00000|  0%| F|  |TAMS 0x0000000722c00000, 0x0000000722c00000| Untracked 
| 200|0x0000000722e00000, 0x0000000722e00000, 0x0000000723000000|  0%| F|  |TAMS 0x0000000722e00000, 0x0000000722e00000| Untracked 
| 201|0x0000000723000000, 0x0000000723000000, 0x0000000723200000|  0%| F|  |TAMS 0x0000000723000000, 0x0000000723000000| Untracked 
| 202|0x0000000723200000, 0x0000000723200000, 0x0000000723400000|  0%| F|  |TAMS 0x0000000723200000, 0x0000000723200000| Untracked 
| 203|0x0000000723400000, 0x0000000723400000, 0x0000000723600000|  0%| F|  |TAMS 0x0000000723400000, 0x0000000723400000| Untracked 
| 204|0x0000000723600000, 0x0000000723600000, 0x0000000723800000|  0%| F|  |TAMS 0x0000000723600000, 0x0000000723600000| Untracked 
| 205|0x0000000723800000, 0x0000000723800000, 0x0000000723a00000|  0%| F|  |TAMS 0x0000000723800000, 0x0000000723800000| Untracked 
| 206|0x0000000723a00000, 0x0000000723a09a90, 0x0000000723c00000|  1%| E|  |TAMS 0x0000000723a00000, 0x0000000723a00000| Complete 
| 207|0x0000000723c00000, 0x0000000723e00000, 0x0000000723e00000|100%| E|CS|TAMS 0x0000000723c00000, 0x0000000723c00000| Complete 
| 208|0x0000000723e00000, 0x0000000724000000, 0x0000000724000000|100%| E|CS|TAMS 0x0000000723e00000, 0x0000000723e00000| Complete 
| 209|0x0000000724000000, 0x0000000724200000, 0x0000000724200000|100%| E|CS|TAMS 0x0000000724000000, 0x0000000724000000| Complete 
| 210|0x0000000724200000, 0x0000000724400000, 0x0000000724400000|100%| E|CS|TAMS 0x0000000724200000, 0x0000000724200000| Complete 

Card table byte_map: [0x000002165bf00000,0x000002165c6c0000] _byte_map_base: 0x00000216586b1000

Marking Bits (Prev, Next): (CMBitMap*) 0x0000021644469d90, (CMBitMap*) 0x0000021644469dd0
 Prev Bits: [0x000002165ce80000, 0x0000021660c08000)
 Next Bits: [0x0000021660c10000, 0x0000021664998000)

Polling page: 0x00000216423d0000

Metaspace:

Usage:
  Non-class:     59.79 MB used.
      Class:      9.52 MB used.
       Both:     69.31 MB used.

Virtual space:
  Non-class space:       64.00 MB reserved,      60.38 MB ( 94%) committed,  8 nodes.
      Class space:        1.00 GB reserved,      10.06 MB ( <1%) committed,  1 nodes.
             Both:        1.06 GB reserved,      70.44 MB (  6%) committed. 

Chunk freelists:
   Non-Class:  3.56 MB
       Class:  1.78 MB
        Both:  5.35 MB

MaxMetaspaceSize: unlimited
CompressedClassSpaceSize: 1.00 GB
Initial GC threshold: 21.00 MB
Current GC threshold: 117.19 MB
CDS: on
MetaspaceReclaimPolicy: balanced
 - commit_granule_bytes: 65536.
 - commit_granule_words: 8192.
 - virtual_space_node_default_size: 1048576.
 - enlarge_chunks_in_place: 1.
 - new_chunks_are_fully_committed: 0.
 - uncommit_free_chunks: 1.
 - use_allocation_guard: 0.
 - handle_deallocations: 1.


Internal statistics:

num_allocs_failed_limit: 12.
num_arena_births: 1712.
num_arena_deaths: 0.
num_vsnodes_births: 9.
num_vsnodes_deaths: 0.
num_space_committed: 1124.
num_space_uncommitted: 0.
num_chunks_returned_to_freelist: 12.
num_chunks_taken_from_freelist: 4547.
num_chunk_merges: 12.
num_chunk_splits: 3019.
num_chunks_enlarged: 2086.
num_purges: 0.
num_inconsistent_stats: 0.

CodeHeap 'non-profiled nmethods': size=119168Kb used=7698Kb max_used=7698Kb free=111469Kb
 bounds [0x0000021653a60000, 0x00000216541f0000, 0x000002165aec0000]
CodeHeap 'profiled nmethods': size=119104Kb used=13087Kb max_used=13798Kb free=106016Kb
 bounds [0x000002164c610000, 0x000002164d390000, 0x0000021653a60000]
CodeHeap 'non-nmethods': size=7488Kb used=3649Kb max_used=3712Kb free=3838Kb
 bounds [0x000002164bec0000, 0x000002164c270000, 0x000002164c610000]
 total_blobs=9353 nmethods=7872 adapters=1387
 compilation: enabled
              stopped_count=0, restarted_count=0
 full_count=0

Compilation events (20 events):
Event: 12.527 Thread 0x0000021666e4a300 nmethod 10047 0x000002164d26da10 code [0x000002164d26dbc0, 0x000002164d26dd68]
Event: 12.553 Thread 0x000002166a1684a0 10049       4       org.objectweb.asm.tree.MethodNode::accept (60 bytes)
Event: 12.557 Thread 0x000002166a1684a0 nmethod 10049 0x00000216541d2110 code [0x00000216541d22c0, 0x00000216541d2888]
Event: 12.569 Thread 0x0000021668e6eaf0 10052       3       sun.misc.Unsafe::getInt (9 bytes)
Event: 12.569 Thread 0x0000021666e4a300 10053       3       org.lwjgl.system.CustomBuffer::address (19 bytes)
Event: 12.569 Thread 0x0000021668e6f000 10054       3       org.lwjgl.system.StructBuffer::sizeof (8 bytes)
Event: 12.569 Thread 0x0000021667b3b320 10055       3       org.lwjgl.glfw.GLFWVidMode$Buffer::getElementFactory (5 bytes)
Event: 12.569 Thread 0x0000021668e6eaf0 nmethod 10052 0x000002164d26d410 code [0x000002164d26d5a0, 0x000002164d26d6b8]
Event: 12.569 Thread 0x0000021667b3b320 nmethod 10055 0x000002164d2bb990 code [0x000002164d2bbb20, 0x000002164d2bbc98]
Event: 12.569 Thread 0x0000021666e4a300 nmethod 10053 0x000002164d2bb490 code [0x000002164d2bb640, 0x000002164d2bb8a8]
Event: 12.569 Thread 0x0000021668e6eaf0 10056       3       org.lwjgl.glfw.GLFWVidMode$Buffer::getElementFactory (4 bytes)
Event: 12.569 Thread 0x0000021668e6f000 nmethod 10054 0x000002164d2baf10 code [0x000002164d2bb0c0, 0x000002164d2bb318]
Event: 12.569 Thread 0x0000021667b3b320 10057       3       org.lwjgl.glfw.GLFWVidMode::sizeof (4 bytes)
Event: 12.569 Thread 0x0000021668e6eaf0 nmethod 10056 0x000002164d2bab90 code [0x000002164d2bad20, 0x000002164d2bae38]
Event: 12.569 Thread 0x0000021667b3b320 nmethod 10057 0x000002164d2ba810 code [0x000002164d2ba9a0, 0x000002164d2baab8]
Event: 12.574 Thread 0x0000021668e6f000 10059       3       java.lang.invoke.AbstractValidatingLambdaMetafactory::isAdaptableTo (126 bytes)
Event: 12.575 Thread 0x0000021668e6f000 nmethod 10059 0x000002164d19fb90 code [0x000002164d19fe20, 0x000002164d1a0868]
Event: 12.576 Thread 0x0000021668e6f000 10061       3       java.util.EnumMap::isValidKey (36 bytes)
Event: 12.577 Thread 0x0000021668e6f000 nmethod 10061 0x000002164d2ba310 code [0x000002164d2ba4c0, 0x000002164d2ba748]
Event: 12.838 Thread 0x0000021668d4a920 nmethod 9973 0x00000216541d3490 code [0x00000216541d3ae0, 0x00000216541dfc58]

GC Heap History (20 events):
Event: 7.730 GC heap before
{Heap before GC invocations=15 (full 0):
 garbage-first heap   total 256000K, used 123173K [0x0000000709e00000, 0x0000000800000000)
  region size 2048K, 23 young (47104K), 5 survivors (10240K)
 Metaspace       used 35315K, committed 36160K, reserved 1081344K
  class space    used 4285K, committed 4672K, reserved 1048576K
}
Event: 7.735 GC heap after
{Heap after GC invocations=16 (full 0):
 garbage-first heap   total 256000K, used 90999K [0x0000000709e00000, 0x0000000800000000)
  region size 2048K, 5 young (10240K), 5 survivors (10240K)
 Metaspace       used 35315K, committed 36160K, reserved 1081344K
  class space    used 4285K, committed 4672K, reserved 1048576K
}
Event: 8.575 GC heap before
{Heap before GC invocations=17 (full 0):
 garbage-first heap   total 256000K, used 213879K [0x0000000709e00000, 0x0000000800000000)
  region size 2048K, 66 young (135168K), 5 survivors (10240K)
 Metaspace       used 42294K, committed 43264K, reserved 1089536K
  class space    used 5377K, committed 5824K, reserved 1048576K
}
Event: 8.585 GC heap after
{Heap after GC invocations=18 (full 0):
 garbage-first heap   total 256000K, used 97313K [0x0000000709e00000, 0x0000000800000000)
  region size 2048K, 8 young (16384K), 8 survivors (16384K)
 Metaspace       used 42294K, committed 43264K, reserved 1089536K
  class space    used 5377K, committed 5824K, reserved 1048576K
}
Event: 8.960 GC heap before
{Heap before GC invocations=18 (full 0):
 garbage-first heap   total 256000K, used 212001K [0x0000000709e00000, 0x0000000800000000)
  region size 2048K, 64 young (131072K), 8 survivors (16384K)
 Metaspace       used 43590K, committed 44544K, reserved 1089536K
  class space    used 5547K, committed 5952K, reserved 1048576K
}
Event: 8.980 GC heap after
{Heap after GC invocations=19 (full 0):
 garbage-first heap   total 256000K, used 108628K [0x0000000709e00000, 0x0000000800000000)
  region size 2048K, 8 young (16384K), 8 survivors (16384K)
 Metaspace       used 43590K, committed 44544K, reserved 1089536K
  class space    used 5547K, committed 5952K, reserved 1048576K
}
Event: 9.168 GC heap before
{Heap before GC invocations=19 (full 0):
 garbage-first heap   total 256000K, used 208980K [0x0000000709e00000, 0x0000000800000000)
  region size 2048K, 57 young (116736K), 8 survivors (16384K)
 Metaspace       used 43822K, committed 44800K, reserved 1089536K
  class space    used 5583K, committed 6016K, reserved 1048576K
}
Event: 9.187 GC heap after
{Heap after GC invocations=20 (full 0):
 garbage-first heap   total 307200K, used 120863K [0x0000000709e00000, 0x0000000800000000)
  region size 2048K, 6 young (12288K), 6 survivors (12288K)
 Metaspace       used 43822K, committed 44800K, reserved 1089536K
  class space    used 5583K, committed 6016K, reserved 1048576K
}
Event: 9.755 GC heap before
{Heap before GC invocations=20 (full 0):
 garbage-first heap   total 307200K, used 247839K [0x0000000709e00000, 0x0000000800000000)
  region size 2048K, 68 young (139264K), 6 survivors (12288K)
 Metaspace       used 47751K, committed 48704K, reserved 1097728K
  class space    used 6097K, committed 6528K, reserved 1048576K
}
Event: 9.765 GC heap after
{Heap after GC invocations=21 (full 0):
 garbage-first heap   total 307200K, used 131387K [0x0000000709e00000, 0x0000000800000000)
  region size 2048K, 5 young (10240K), 5 survivors (10240K)
 Metaspace       used 47751K, committed 48704K, reserved 1097728K
  class space    used 6097K, committed 6528K, reserved 1048576K
}
Event: 10.731 GC heap before
{Heap before GC invocations=21 (full 0):
 garbage-first heap   total 307200K, used 248123K [0x0000000709e00000, 0x0000000800000000)
  region size 2048K, 62 young (126976K), 5 survivors (10240K)
 Metaspace       used 56063K, committed 57024K, reserved 1105920K
  class space    used 7505K, committed 7936K, reserved 1048576K
}
Event: 10.744 GC heap after
{Heap after GC invocations=22 (full 0):
 garbage-first heap   total 307200K, used 151055K [0x0000000709e00000, 0x0000000800000000)
  region size 2048K, 8 young (16384K), 8 survivors (16384K)
 Metaspace       used 56063K, committed 57024K, reserved 1105920K
  class space    used 7505K, committed 7936K, reserved 1048576K
}
Event: 11.103 GC heap before
{Heap before GC invocations=22 (full 0):
 garbage-first heap   total 307200K, used 187919K [0x0000000709e00000, 0x0000000800000000)
  region size 2048K, 27 young (55296K), 8 survivors (16384K)
 Metaspace       used 59753K, committed 60736K, reserved 1105920K
  class space    used 8125K, committed 8576K, reserved 1048576K
}
Event: 11.111 GC heap after
{Heap after GC invocations=23 (full 0):
 garbage-first heap   total 307200K, used 155389K [0x0000000709e00000, 0x0000000800000000)
  region size 2048K, 2 young (4096K), 2 survivors (4096K)
 Metaspace       used 59753K, committed 60736K, reserved 1105920K
  class space    used 8125K, committed 8576K, reserved 1048576K
}
Event: 11.730 GC heap before
{Heap before GC invocations=24 (full 0):
 garbage-first heap   total 307200K, used 247549K [0x0000000709e00000, 0x0000000800000000)
  region size 2048K, 47 young (96256K), 2 survivors (4096K)
 Metaspace       used 63632K, committed 64704K, reserved 1105920K
  class space    used 8782K, committed 9280K, reserved 1048576K
}
Event: 11.735 GC heap after
{Heap after GC invocations=25 (full 0):
 garbage-first heap   total 307200K, used 158225K [0x0000000709e00000, 0x0000000800000000)
  region size 2048K, 3 young (6144K), 3 survivors (6144K)
 Metaspace       used 63632K, committed 64704K, reserved 1105920K
  class space    used 8782K, committed 9280K, reserved 1048576K
}
Event: 11.804 GC heap before
{Heap before GC invocations=25 (full 0):
 garbage-first heap   total 307200K, used 164369K [0x0000000709e00000, 0x0000000800000000)
  region size 2048K, 7 young (14336K), 3 survivors (6144K)
 Metaspace       used 64336K, committed 65408K, reserved 1105920K
  class space    used 8873K, committed 9344K, reserved 1048576K
}
Event: 11.808 GC heap after
{Heap after GC invocations=26 (full 0):
 garbage-first heap   total 307200K, used 157974K [0x0000000709e00000, 0x0000000800000000)
  region size 2048K, 1 young (2048K), 1 survivors (2048K)
 Metaspace       used 64336K, committed 65408K, reserved 1105920K
  class space    used 8873K, committed 9344K, reserved 1048576K
}
Event: 12.458 GC heap before
{Heap before GC invocations=26 (full 0):
 garbage-first heap   total 307200K, used 250134K [0x0000000709e00000, 0x0000000800000000)
  region size 2048K, 46 young (94208K), 1 survivors (2048K)
 Metaspace       used 70395K, committed 71552K, reserved 1114112K
  class space    used 9654K, committed 10176K, reserved 1048576K
}
Event: 12.463 GC heap after
{Heap after GC invocations=27 (full 0):
 garbage-first heap   total 432128K, used 162562K [0x0000000709e00000, 0x0000000800000000)
  region size 2048K, 3 young (6144K), 3 survivors (6144K)
 Metaspace       used 70395K, committed 71552K, reserved 1114112K
  class space    used 9654K, committed 10176K, reserved 1048576K
}

Dll operation events (14 events):
Event: 0.023 Loaded shared library C:\Program Files\Eclipse Adoptium\jdk-17.0.5.8-hotspot\bin\java.dll
Event: 0.035 Loaded shared library C:\Program Files\Eclipse Adoptium\jdk-17.0.5.8-hotspot\bin\jsvml.dll
Event: 0.171 Loaded shared library C:\Program Files\Eclipse Adoptium\jdk-17.0.5.8-hotspot\bin\net.dll
Event: 0.174 Loaded shared library C:\Program Files\Eclipse Adoptium\jdk-17.0.5.8-hotspot\bin\nio.dll
Event: 0.178 Loaded shared library C:\Program Files\Eclipse Adoptium\jdk-17.0.5.8-hotspot\bin\zip.dll
Event: 0.227 Loaded shared library C:\Program Files\Eclipse Adoptium\jdk-17.0.5.8-hotspot\bin\zip.dll
Event: 0.230 Loaded shared library C:\Program Files\Eclipse Adoptium\jdk-17.0.5.8-hotspot\bin\instrument.dll
Event: 0.372 Loaded shared library C:\Program Files\JetBrains\IntelliJ IDEA Community Edition 2022.2.3\bin\breakgen64.dll
Event: 0.390 Loaded shared library C:\Program Files\Eclipse Adoptium\jdk-17.0.5.8-hotspot\bin\jimage.dll
Event: 0.636 Loaded shared library C:\Program Files\Eclipse Adoptium\jdk-17.0.5.8-hotspot\bin\verify.dll
Event: 2.770 Loaded shared library C:\Program Files\Eclipse Adoptium\jdk-17.0.5.8-hotspot\bin\management.dll
Event: 2.774 Loaded shared library C:\Program Files\Eclipse Adoptium\jdk-17.0.5.8-hotspot\bin\management_ext.dll
Event: 6.556 Loaded shared library C:\Users\dango\AppData\Local\Temp\jna-95350841\jna10805571962819315573.dll
Event: 12.172 Loaded shared library C:\Users\dango\AppData\Local\Temp\lwjgldango\3.3.1-build-7\lwjgl.dll

Deoptimization events (20 events):
Event: 12.360 Thread 0x00000216443fc2b0 Uncommon trap: trap_request=0xffffff45 fr.pc=0x0000021653f30ff0 relative=0x0000000000000070
Event: 12.360 Thread 0x00000216443fc2b0 Uncommon trap: reason=unstable_if action=reinterpret pc=0x0000021653f30ff0 method=org.apache.logging.log4j.Level.isMoreSpecificThan(Lorg/apache/logging/log4j/Level;)Z @ 8 c2
Event: 12.360 Thread 0x00000216443fc2b0 DEOPT PACKING pc=0x0000021653f30ff0 sp=0x0000009e2d1fd460
Event: 12.361 Thread 0x00000216443fc2b0 DEOPT UNPACKING pc=0x000002164bf123a3 sp=0x0000009e2d1fd390 mode 2
Event: 12.475 Thread 0x00000216443fc2b0 Uncommon trap: trap_request=0xffffff45 fr.pc=0x0000021653e57a80 relative=0x00000000000000e0
Event: 12.475 Thread 0x00000216443fc2b0 Uncommon trap: reason=unstable_if action=reinterpret pc=0x0000021653e57a80 method=java.util.EnumMap.isValidKey(Ljava/lang/Object;)Z @ 16 c2
Event: 12.475 Thread 0x00000216443fc2b0 DEOPT PACKING pc=0x0000021653e57a80 sp=0x0000009e2d1fe070
Event: 12.475 Thread 0x00000216443fc2b0 DEOPT UNPACKING pc=0x000002164bf123a3 sp=0x0000009e2d1fdfa8 mode 2
Event: 12.475 Thread 0x00000216443fc2b0 Uncommon trap: trap_request=0xffffff45 fr.pc=0x0000021653e58a00 relative=0x0000000000000080
Event: 12.475 Thread 0x00000216443fc2b0 Uncommon trap: reason=unstable_if action=reinterpret pc=0x0000021653e58a00 method=java.util.EnumMap.isValidKey(Ljava/lang/Object;)Z @ 16 c2
Event: 12.475 Thread 0x00000216443fc2b0 DEOPT PACKING pc=0x0000021653e58a00 sp=0x0000009e2d1fe020
Event: 12.475 Thread 0x00000216443fc2b0 DEOPT UNPACKING pc=0x000002164bf123a3 sp=0x0000009e2d1fdfb0 mode 2
Event: 12.475 Thread 0x00000216443fc2b0 Uncommon trap: trap_request=0xffffff45 fr.pc=0x000002165409cf84 relative=0x00000000000002e4
Event: 12.475 Thread 0x00000216443fc2b0 Uncommon trap: reason=unstable_if action=reinterpret pc=0x000002165409cf84 method=java.lang.invoke.AbstractValidatingLambdaMetafactory.isAdaptableTo(Ljava/lang/Class;Ljava/lang/Class;Z)Z @ 81 c2
Event: 12.475 Thread 0x00000216443fc2b0 DEOPT PACKING pc=0x000002165409cf84 sp=0x0000009e2d1fcfd0
Event: 12.475 Thread 0x00000216443fc2b0 DEOPT UNPACKING pc=0x000002164bf123a3 sp=0x0000009e2d1fcf60 mode 2
Event: 12.475 Thread 0x00000216443fc2b0 Uncommon trap: trap_request=0xffffff45 fr.pc=0x0000021654151e4c relative=0x0000000000000dcc
Event: 12.475 Thread 0x00000216443fc2b0 Uncommon trap: reason=unstable_if action=reinterpret pc=0x0000021654151e4c method=java.lang.invoke.TypeConvertingMethodAdapter.convertType(Ljava/lang/Class;Ljava/lang/Class;Ljava/lang/Class;)V @ 186 c2
Event: 12.475 Thread 0x00000216443fc2b0 DEOPT PACKING pc=0x0000021654151e4c sp=0x0000009e2d1fce90
Event: 12.475 Thread 0x00000216443fc2b0 DEOPT UNPACKING pc=0x000002164bf123a3 sp=0x0000009e2d1fce30 mode 2

Classes unloaded (0 events):
No events

Classes redefined (0 events):
No events

Internal exceptions (20 events):
Event: 12.205 Thread 0x00000216443fc2b0 Exception <a 'java/lang/NoSuchMethodError'{0x00000007195b5af8}: 'void java.lang.invoke.DirectMethodHandle$Holder.invokeStaticInit(java.lang.Object, java.lang.Object, int)'> (0x00000007195b5af8) 
thrown [s\src\hotspot\share\interpreter\linkResolver.cpp, line 759]
Event: 12.307 Thread 0x00000216443fc2b0 Exception <a 'java/lang/NoSuchMethodError'{0x00000007183e9948}: 'long java.lang.invoke.DirectMethodHandle$Holder.invokeSpecial(java.lang.Object, java.lang.Object)'> (0x00000007183e9948) 
thrown [s\src\hotspot\share\interpreter\linkResolver.cpp, line 759]
Event: 12.315 Thread 0x00000216443fc2b0 Exception <a 'sun/nio/fs/WindowsException'{0x000000071807c740}> (0x000000071807c740) 
thrown [s\src\hotspot\share\prims\jni.cpp, line 516]
Event: 12.315 Thread 0x00000216443fc2b0 Exception <a 'sun/nio/fs/WindowsException'{0x000000071807e100}> (0x000000071807e100) 
thrown [s\src\hotspot\share\prims\jni.cpp, line 516]
Event: 12.427 Thread 0x00000216443fc2b0 Exception <a 'java/lang/NoSuchMethodError'{0x00000007170bca78}: 'int java.lang.invoke.DirectMethodHandle$Holder.invokeStatic(java.lang.Object)'> (0x00000007170bca78) 
thrown [s\src\hotspot\share\interpreter\linkResolver.cpp, line 759]
Event: 12.472 Thread 0x00000216443fc2b0 Exception <a 'java/lang/NoSuchMethodError'{0x0000000724302e70}: 'java.lang.Object java.lang.invoke.Invokers$Holder.linkToTargetMethod(java.lang.Object, int, java.lang.Object, java.lang.Object)'> (0x0000000724302e70) 
thrown [s\src\hotspot\share\interpreter\linkResolver.cpp, line 759]
Event: 12.479 Thread 0x00000216443fc2b0 Exception <a 'java/lang/NoSuchMethodError'{0x00000007243b4708}: 'int java.lang.invoke.DirectMethodHandle$Holder.invokeStaticInit(java.lang.Object)'> (0x00000007243b4708) 
thrown [s\src\hotspot\share\interpreter\linkResolver.cpp, line 759]
Event: 12.480 Thread 0x00000216443fc2b0 Exception <a 'java/lang/NoSuchMethodError'{0x00000007243bbaf0}: 'int java.lang.invoke.Invokers$Holder.invokeExact_MT(java.lang.Object, java.lang.Object)'> (0x00000007243bbaf0) 
thrown [s\src\hotspot\share\interpreter\linkResolver.cpp, line 759]
Event: 12.482 Thread 0x00000216443fc2b0 Exception <a 'sun/nio/fs/WindowsException'{0x0000000724015e60}> (0x0000000724015e60) 
thrown [s\src\hotspot\share\prims\jni.cpp, line 516]
Event: 12.482 Thread 0x00000216443fc2b0 Exception <a 'sun/nio/fs/WindowsException'{0x0000000724016128}> (0x0000000724016128) 
thrown [s\src\hotspot\share\prims\jni.cpp, line 516]
Event: 12.482 Thread 0x00000216443fc2b0 Exception <a 'sun/nio/fs/WindowsException'{0x0000000724017070}> (0x0000000724017070) 
thrown [s\src\hotspot\share\prims\jni.cpp, line 516]
Event: 12.484 Thread 0x00000216443fc2b0 Exception <a 'sun/nio/fs/WindowsException'{0x00000007240d0de8}> (0x00000007240d0de8) 
thrown [s\src\hotspot\share\prims\jni.cpp, line 516]
Event: 12.487 Thread 0x00000216443fc2b0 Exception <a 'sun/nio/fs/WindowsException'{0x00000007240d3b68}> (0x00000007240d3b68) 
thrown [s\src\hotspot\share\prims\jni.cpp, line 516]
Event: 12.487 Thread 0x00000216443fc2b0 Exception <a 'sun/nio/fs/WindowsException'{0x00000007240d3ec8}> (0x00000007240d3ec8) 
thrown [s\src\hotspot\share\prims\jni.cpp, line 516]
Event: 12.499 Thread 0x00000216443fc2b0 Exception <a 'java/lang/NoSuchMethodError'{0x0000000724166a78}: 'java.lang.Object java.lang.invoke.DirectMethodHandle$Holder.invokeInterface(java.lang.Object, java.lang.Object, double)'> (0x0000000724166a78) 
thrown [s\src\hotspot\share\interpreter\linkResolver.cpp, line 759]
Event: 12.500 Thread 0x00000216443fc2b0 Exception <a 'java/lang/NoSuchMethodError'{0x000000072416d2c0}: 'double java.lang.invoke.DirectMethodHandle$Holder.invokeInterface(java.lang.Object, java.lang.Object, java.lang.Object)'> (0x000000072416d2c0) 
thrown [s\src\hotspot\share\interpreter\linkResolver.cpp, line 759]
Event: 12.550 Thread 0x00000216443fc2b0 Exception <a 'java/lang/NoSuchMethodError'{0x0000000723c52888}: 'long java.lang.invoke.DirectMethodHandle$Holder.invokeInterface(java.lang.Object, java.lang.Object)'> (0x0000000723c52888) 
thrown [s\src\hotspot\share\interpreter\linkResolver.cpp, line 759]
Event: 12.554 Thread 0x00000216443fc2b0 Exception <a 'java/lang/NoSuchMethodError'{0x0000000723cbe218}: 'java.lang.Object java.lang.invoke.DirectMethodHandle$Holder.newInvokeSpecial(java.lang.Object, long)'> (0x0000000723cbe218) 
thrown [s\src\hotspot\share\interpreter\linkResolver.cpp, line 759]
Event: 12.574 Thread 0x00000216443fc2b0 Exception <a 'java/lang/NoSuchMethodError'{0x0000000723d791a0}: 'void java.lang.invoke.DirectMethodHandle$Holder.invokeSpecial(java.lang.Object, java.lang.Object, int, long)'> (0x0000000723d791a0) 
thrown [s\src\hotspot\share\interpreter\linkResolver.cpp, line 759]
Event: 12.575 Thread 0x00000216443fc2b0 Exception <a 'java/lang/NoSuchMethodError'{0x0000000723d7f118}: 'void java.lang.invoke.DirectMethodHandle$Holder.invokeStatic(java.lang.Object, int, long)'> (0x0000000723d7f118) 
thrown [s\src\hotspot\share\interpreter\linkResolver.cpp, line 759]

VM Operations (20 events):
Event: 11.163 Executing VM operation: G1Concurrent
Event: 11.165 Executing VM operation: G1Concurrent done
Event: 11.196 Executing VM operation: G1Concurrent
Event: 11.197 Executing VM operation: G1Concurrent done
Event: 11.331 Executing VM operation: HandshakeAllThreads
Event: 11.331 Executing VM operation: HandshakeAllThreads done
Event: 11.381 Executing VM operation: HandshakeAllThreads
Event: 11.382 Executing VM operation: HandshakeAllThreads done
Event: 11.614 Executing VM operation: ICBufferFull
Event: 11.614 Executing VM operation: ICBufferFull done
Event: 11.730 Executing VM operation: G1CollectForAllocation
Event: 11.735 Executing VM operation: G1CollectForAllocation done
Event: 11.804 Executing VM operation: G1CollectForAllocation
Event: 11.808 Executing VM operation: G1CollectForAllocation done
Event: 12.458 Executing VM operation: G1CollectForAllocation
Event: 12.463 Executing VM operation: G1CollectForAllocation done
Event: 12.532 Executing VM operation: G1Concurrent
Event: 12.534 Executing VM operation: G1Concurrent done
Event: 12.561 Executing VM operation: G1Concurrent
Event: 12.561 Executing VM operation: G1Concurrent done

Events (20 events):
Event: 12.174 loading class java/nio/DirectShortBufferU
Event: 12.174 loading class java/nio/DirectShortBufferU done
Event: 12.174 loading class java/nio/DirectCharBufferU
Event: 12.174 loading class java/nio/DirectCharBufferU done
Event: 12.174 loading class java/nio/DirectFloatBufferU
Event: 12.175 loading class java/nio/DirectFloatBufferU done
Event: 12.175 loading class java/nio/DirectDoubleBufferU
Event: 12.175 loading class java/nio/DirectDoubleBufferU done
Event: 12.188 loading class java/nio/InvalidMarkException
Event: 12.188 loading class java/nio/InvalidMarkException done
Event: 12.188 loading class java/nio/BufferUnderflowException
Event: 12.188 loading class java/nio/BufferUnderflowException done
Event: 12.317 loading class java/util/function/IntSupplier
Event: 12.317 loading class java/util/function/IntSupplier done
Event: 12.357 loading class java/io/CharArrayWriter
Event: 12.357 loading class java/io/CharArrayWriter done
Event: 12.480 loading class java/lang/invoke/DirectMethodHandle$StaticAccessor
Event: 12.480 loading class java/lang/invoke/DirectMethodHandle$StaticAccessor done
Event: 12.495 loading class java/util/function/DoubleFunction
Event: 12.495 loading class java/util/function/DoubleFunction done


Dynamic libraries:
0x00007ff6cf9e0000 - 0x00007ff6cf9ee000 	C:\Program Files\Eclipse Adoptium\jdk-17.0.5.8-hotspot\bin\java.exe
0x00007ff9e4d90000 - 0x00007ff9e4fa4000 	C:\WINDOWS\SYSTEM32\ntdll.dll
0x00007ff9e2dd0000 - 0x00007ff9e2e92000 	C:\WINDOWS\System32\KERNEL32.DLL
0x00007ff9e2540000 - 0x00007ff9e28dd000 	C:\WINDOWS\System32\KERNELBASE.dll
0x00007ff9e2420000 - 0x00007ff9e2531000 	C:\WINDOWS\System32\ucrtbase.dll
0x00007ff9cef90000 - 0x00007ff9cefa7000 	C:\Program Files\Eclipse Adoptium\jdk-17.0.5.8-hotspot\bin\jli.dll
0x00007ff9ceb20000 - 0x00007ff9ceb39000 	C:\Program Files\Eclipse Adoptium\jdk-17.0.5.8-hotspot\bin\VCRUNTIME140.dll
0x00007ff9c5b80000 - 0x00007ff9c5e0e000 	C:\WINDOWS\WinSxS\amd64_microsoft.windows.common-controls_6595b64144ccf1df_6.0.22621.608_none_a9444ca7c10bb01d\COMCTL32.dll
0x00007ff9e2f50000 - 0x00007ff9e30fa000 	C:\WINDOWS\System32\USER32.dll
0x00007ff9e2ea0000 - 0x00007ff9e2f47000 	C:\WINDOWS\System32\msvcrt.dll
0x00007ff9e2a40000 - 0x00007ff9e2a66000 	C:\WINDOWS\System32\win32u.dll
0x00007ff9e4c30000 - 0x00007ff9e4c59000 	C:\WINDOWS\System32\GDI32.dll
0x00007ff9e2a70000 - 0x00007ff9e2b82000 	C:\WINDOWS\System32\gdi32full.dll
0x00007ff9e28e0000 - 0x00007ff9e297a000 	C:\WINDOWS\System32\msvcp_win.dll
0x00007ff9e2d90000 - 0x00007ff9e2dc2000 	C:\WINDOWS\System32\IMM32.DLL
0x00007ff9de200000 - 0x00007ff9de20c000 	C:\Program Files\Eclipse Adoptium\jdk-17.0.5.8-hotspot\bin\vcruntime140_1.dll
0x00007ff9c49d0000 - 0x00007ff9c4a61000 	C:\Program Files\Eclipse Adoptium\jdk-17.0.5.8-hotspot\bin\msvcp140.dll
0x00007ff97e9e0000 - 0x00007ff97f624000 	C:\Program Files\Eclipse Adoptium\jdk-17.0.5.8-hotspot\bin\server\jvm.dll
0x00007ff9e2b90000 - 0x00007ff9e2c3e000 	C:\WINDOWS\System32\ADVAPI32.dll
0x00007ff9e4580000 - 0x00007ff9e4624000 	C:\WINDOWS\System32\sechost.dll
0x00007ff9e3f60000 - 0x00007ff9e4075000 	C:\WINDOWS\System32\RPCRT4.dll
0x00007ff9dca20000 - 0x00007ff9dca2a000 	C:\WINDOWS\SYSTEM32\VERSION.dll
0x00007ff9d7440000 - 0x00007ff9d7449000 	C:\WINDOWS\SYSTEM32\WSOCK32.dll
0x00007ff9d3500000 - 0x00007ff9d3534000 	C:\WINDOWS\SYSTEM32\WINMM.dll
0x00007ff9e3e90000 - 0x00007ff9e3f01000 	C:\WINDOWS\System32\WS2_32.dll
0x00007ff9e1230000 - 0x00007ff9e1248000 	C:\WINDOWS\SYSTEM32\kernel.appcore.dll
0x00007ff9dcd10000 - 0x00007ff9dcd1a000 	C:\Program Files\Eclipse Adoptium\jdk-17.0.5.8-hotspot\bin\jimage.dll
0x00007ff9df800000 - 0x00007ff9dfa2e000 	C:\WINDOWS\SYSTEM32\DBGHELP.DLL
0x00007ff9e3100000 - 0x00007ff9e348a000 	C:\WINDOWS\System32\combase.dll
0x00007ff9e4a10000 - 0x00007ff9e4ae7000 	C:\WINDOWS\System32\OLEAUT32.dll
0x00007ff9cf930000 - 0x00007ff9cf962000 	C:\WINDOWS\SYSTEM32\dbgcore.DLL
0x00007ff9e2230000 - 0x00007ff9e22ab000 	C:\WINDOWS\System32\bcryptPrimitives.dll
0x00007ff9cf460000 - 0x00007ff9cf46e000 	C:\Program Files\Eclipse Adoptium\jdk-17.0.5.8-hotspot\bin\instrument.dll
0x00007ff9cc5d0000 - 0x00007ff9cc5f5000 	C:\Program Files\Eclipse Adoptium\jdk-17.0.5.8-hotspot\bin\java.dll
0x00007ff9c3e30000 - 0x00007ff9c3f06000 	C:\Program Files\Eclipse Adoptium\jdk-17.0.5.8-hotspot\bin\jsvml.dll
0x00007ff9e3590000 - 0x00007ff9e3d70000 	C:\WINDOWS\System32\SHELL32.dll
0x00007ff9e0200000 - 0x00007ff9e0ac5000 	C:\WINDOWS\SYSTEM32\windows.storage.dll
0x00007ff9e00c0000 - 0x00007ff9e01fe000 	C:\WINDOWS\SYSTEM32\wintypes.dll
0x00007ff9e4b30000 - 0x00007ff9e4c21000 	C:\WINDOWS\System32\SHCORE.dll
0x00007ff9e2c70000 - 0x00007ff9e2cce000 	C:\WINDOWS\System32\shlwapi.dll
0x00007ff9e20f0000 - 0x00007ff9e2111000 	C:\WINDOWS\SYSTEM32\profapi.dll
0x00007ff9cc570000 - 0x00007ff9cc589000 	C:\Program Files\Eclipse Adoptium\jdk-17.0.5.8-hotspot\bin\net.dll
0x00007ff9ddfb0000 - 0x00007ff9de0df000 	C:\WINDOWS\SYSTEM32\WINHTTP.dll
0x00007ff9e1690000 - 0x00007ff9e16f9000 	C:\WINDOWS\system32\mswsock.dll
0x00007ff9cc4a0000 - 0x00007ff9cc4b5000 	C:\Program Files\Eclipse Adoptium\jdk-17.0.5.8-hotspot\bin\nio.dll
0x00007ff9cbd20000 - 0x00007ff9cbd38000 	C:\Program Files\Eclipse Adoptium\jdk-17.0.5.8-hotspot\bin\zip.dll
0x00007ff9ce960000 - 0x00007ff9ce97a000 	C:\Program Files\JetBrains\IntelliJ IDEA Community Edition 2022.2.3\bin\breakgen64.dll
0x00007ff9d7430000 - 0x00007ff9d7440000 	C:\Program Files\Eclipse Adoptium\jdk-17.0.5.8-hotspot\bin\verify.dll
0x00007ff9cc560000 - 0x00007ff9cc569000 	C:\Program Files\Eclipse Adoptium\jdk-17.0.5.8-hotspot\bin\management.dll
0x00007ff9cc400000 - 0x00007ff9cc40b000 	C:\Program Files\Eclipse Adoptium\jdk-17.0.5.8-hotspot\bin\management_ext.dll
0x00007ff9e2c40000 - 0x00007ff9e2c48000 	C:\WINDOWS\System32\PSAPI.DLL
0x00007ff9cfab0000 - 0x00007ff9cfac7000 	C:\WINDOWS\system32\napinsp.dll
0x00007ff9cf180000 - 0x00007ff9cf19b000 	C:\WINDOWS\system32\pnrpnsp.dll
0x00007ff9e0d90000 - 0x00007ff9e0e82000 	C:\WINDOWS\SYSTEM32\DNSAPI.dll
0x00007ff9e0d20000 - 0x00007ff9e0d4d000 	C:\WINDOWS\SYSTEM32\IPHLPAPI.DLL
0x00007ff9e4570000 - 0x00007ff9e4579000 	C:\WINDOWS\System32\NSI.dll
0x00007ff9cd700000 - 0x00007ff9cd711000 	C:\WINDOWS\System32\winrnr.dll
0x00007ff9bb2b0000 - 0x00007ff9bb2c5000 	C:\WINDOWS\system32\wshbth.dll
0x00007ff9a7700000 - 0x00007ff9a7721000 	C:\WINDOWS\system32\nlansp_c.dll
0x00007ff9d2da0000 - 0x00007ff9d2daa000 	C:\Windows\System32\rasadhlp.dll
0x00007ff9dcf20000 - 0x00007ff9dcfa3000 	C:\WINDOWS\System32\fwpuclnt.dll
0x00007ff9e18e0000 - 0x00007ff9e18fb000 	C:\WINDOWS\SYSTEM32\CRYPTSP.dll
0x00007ff9e11a0000 - 0x00007ff9e11d5000 	C:\WINDOWS\system32\rsaenh.dll
0x00007ff9e1780000 - 0x00007ff9e17a8000 	C:\WINDOWS\SYSTEM32\USERENV.dll
0x00007ff9e1af0000 - 0x00007ff9e1b18000 	C:\WINDOWS\SYSTEM32\bcrypt.dll
0x00007ff9e18d0000 - 0x00007ff9e18dc000 	C:\WINDOWS\SYSTEM32\CRYPTBASE.dll
0x00007ff9ddef0000 - 0x00007ff9ddf09000 	C:\WINDOWS\SYSTEM32\dhcpcsvc6.DLL
0x00007ff9dded0000 - 0x00007ff9ddeef000 	C:\WINDOWS\SYSTEM32\dhcpcsvc.DLL
0x00007ff9cbd90000 - 0x00007ff9cbdd5000 	C:\Users\dango\AppData\Local\Temp\jna-95350841\jna10805571962819315573.dll
0x00007ff9e46b0000 - 0x00007ff9e484c000 	C:\WINDOWS\System32\Ole32.dll
0x00007ff9e2cd0000 - 0x00007ff9e2d87000 	C:\WINDOWS\System32\clbcatq.dll
0x00007ff9d98b0000 - 0x00007ff9d98cd000 	C:\WINDOWS\SYSTEM32\amsi.dll
0x00007ff9c1af0000 - 0x00007ff9c1b6b000 	C:\ProgramData\Microsoft\Windows Defender\Platform\4.18.2210.4-0\MpOav.dll
0x00007ff9d9660000 - 0x00007ff9d9745000 	C:\Program Files\McAfee\MfeAV\AMSIExt.dll
0x00007ff9b9e70000 - 0x00007ff9b9ec0000 	C:\WINDOWS\SYSTEM32\Pdh.dll
0x00007ff9c27b0000 - 0x00007ff9c27c0000 	C:\WINDOWS\System32\perfos.dll
0x00007ff9de9f0000 - 0x00007ff9dea00000 	C:\WINDOWS\SYSTEM32\pfclient.dll
0x00007ff9cb0f0000 - 0x00007ff9cb165000 	C:\Users\dango\AppData\Local\Temp\lwjgldango\3.3.1-build-7\lwjgl.dll
0x00007ff9958e0000 - 0x00007ff995b39000 	C:\Users\dango\AppData\Local\Temp\lwjgldango\3.3.1-build-7\jemalloc.dll
0x00007ff9cbb90000 - 0x00007ff9cbbf1000 	C:\Users\dango\AppData\Local\Temp\lwjgldango\3.3.1-build-7\glfw.dll
0x00007ff988c30000 - 0x00007ff988c76000 	C:\WINDOWS\SYSTEM32\dinput8.dll
0x00007ff9cbd70000 - 0x00007ff9cbd81000 	C:\WINDOWS\SYSTEM32\xinput1_4.dll
0x00007ff9e1e50000 - 0x00007ff9e1e83000 	C:\WINDOWS\SYSTEM32\DEVOBJ.dll
0x00007ff9e1e90000 - 0x00007ff9e1ede000 	C:\WINDOWS\SYSTEM32\cfgmgr32.dll
0x00007ff9cb320000 - 0x00007ff9cb521000 	C:\WINDOWS\SYSTEM32\inputhost.dll
0x00007ff9ddbf0000 - 0x00007ff9ddd23000 	C:\WINDOWS\SYSTEM32\CoreMessaging.dll
0x00007ff9deb60000 - 0x00007ff9deb8b000 	C:\WINDOWS\SYSTEM32\dwmapi.dll
0x00007ff9dea00000 - 0x00007ff9deaab000 	C:\WINDOWS\system32\uxtheme.dll
0x00007ff9e3d70000 - 0x00007ff9e3e8e000 	C:\WINDOWS\System32\MSCTF.dll
0x00007ff997d70000 - 0x00007ff997e70000 	C:\WINDOWS\SYSTEM32\opengl32.dll
0x00007ff9caa80000 - 0x00007ff9caaad000 	C:\WINDOWS\SYSTEM32\GLU32.dll
0x00007ff9deb10000 - 0x00007ff9deb46000 	C:\WINDOWS\SYSTEM32\dxcore.dll
0x00007ff9d4f10000 - 0x00007ff9d4f59000 	C:\WINDOWS\SYSTEM32\directxdatabasehelper.dll
0x00007ff9cbd40000 - 0x00007ff9cbd6d000 	C:\WINDOWS\System32\DriverStore\FileRepository\u0383638.inf_amd64_1c9f6456e5d02df1\B383280\atig6pxx.dll
0x00007ff9435f0000 - 0x00007ff946f93000 	C:\WINDOWS\System32\DriverStore\FileRepository\u0383638.inf_amd64_1c9f6456e5d02df1\B383280\atio6axx.dll
0x00007ff9e40f0000 - 0x00007ff9e456a000 	C:\WINDOWS\System32\SETUPAPI.dll
0x00007ff9e21c0000 - 0x00007ff9e2229000 	C:\WINDOWS\System32\WINTRUST.dll
0x00007ff9e22b0000 - 0x00007ff9e2416000 	C:\WINDOWS\System32\CRYPT32.dll
0x00007ff9e1f00000 - 0x00007ff9e1f12000 	C:\WINDOWS\SYSTEM32\MSASN1.dll

dbghelp: loaded successfully - version: 4.0.5 - missing functions: none
symbol engine: initialized successfully - sym options: 0x614 - pdb path: .;C:\Program Files\Eclipse Adoptium\jdk-17.0.5.8-hotspot\bin;C:\WINDOWS\SYSTEM32;C:\WINDOWS\WinSxS\amd64_microsoft.windows.common-controls_6595b64144ccf1df_6.0.22621.608_none_a9444ca7c10bb01d;C:\Program Files\Eclipse Adoptium\jdk-17.0.5.8-hotspot\bin\server;C:\Program Files\JetBrains\IntelliJ IDEA Community Edition 2022.2.3\bin;C:\Users\dango\AppData\Local\Temp\jna-95350841;C:\ProgramData\Microsoft\Windows Defender\Platform\4.18.2210.4-0;C:\Program Files\McAfee\MfeAV;C:\Users\dango\AppData\Local\Temp\lwjgldango\3.3.1-build-7;C:\WINDOWS\System32\DriverStore\FileRepository\u0383638.inf_amd64_1c9f6456e5d02df1\B383280

VM Arguments:
jvm_args: -Dforge.logging.console.level=debug -Dforge.logging.markers=REGISTRIES -DlegacyClassPath.file=C:\Users\dango\OneDrive\Desktop\Tekora\build\classpath\runClient_minecraftClasspath.txt -DignoreList=bootstraplauncher,securejarhandler,asm-commons,asm-util,asm-analysis,asm-tree,asm,JarJarFileSystems,client-extra,fmlcore,javafmllanguage,lowcodelanguage,mclanguage,forge- -DmergeModules=jna-5.10.0.jar,jna-platform-5.10.0.jar -Dforge.enabledGameTestNamespaces=nltekora -Dforge.enableGameTest=true -Djava.net.preferIPv6Addresses=system --module-path=C:\Users\dango\.gradle\caches\modules-2\files-2.1\cpw.mods\bootstraplauncher\1.1.2\c546e00443d8432cda6baa1c860346980742628\bootstraplauncher-1.1.2.jar;C:\Users\dango\.gradle\caches\modules-2\files-2.1\cpw.mods\securejarhandler\2.1.4\f47e3b9dd860a7b82154b8f90a650ffd0aaa5582\securejarhandler-2.1.4.jar;C:\Users\dango\.gradle\caches\modules-2\files-2.1\org.ow2.asm\asm-commons\9.3\1f2a432d1212f5c352ae607d7b61dcae20c20af5\asm-commons-9.3.jar;C:\Users\dango\.gradle\caches\modules-2\files-2.1\org.ow2.asm\asm-util\9.3\9595bc05510d0bd4b610188b77333fe4851a1975\asm-util-9.3.jar;C:\Users\dango\.gradle\caches\modules-2\files-2.1\org.ow2.asm\asm-analysis\9.3\4b071f211b37c38e0e9f5998550197c8593f6ad8\asm-analysis-9.3.jar;C:\Users\dango\.gradle\caches\modules-2\files-2.1\org.ow2.asm\asm-tree\9.3\78d2ecd61318b5a58cd04fb237636c0e86b77d97\asm-tree-9.3.jar;C:\Users\dango\.gradle\caches\modules-2\files-2.1\org.ow2.asm\asm\9.3\8e6300ef51c1d801a7ed62d07cd221aca3a90640\asm-9.3.jar;C:\Users\dango\.gradle\caches\modules-2\files-2.1\net.minecraftforge\JarJarFileSystems\0.3.16\e52afbb2599dc7c6f779efea0496d32fc01152e3\JarJarFileSystems-0.3.16.jar --add-modules=ALL-MODULE-PATH --add-opens=java.base/java.util.jar=cpw.mods.securejarhandler --add-opens=java.base/java.lang.invoke=cpw.mods.securejarhandler --add-exports=java.base/sun.security.util=cpw.mods.securejarhandler --add-exports=jdk.naming.dns/com.sun.jndi.dns=java.naming -XX:HeapDumpPath=MojangTricksIntelDriversForPerformance_javaw.exe_minecraft.exe.heapdump -Dos.name=Windows 10 -Dos.version=10.0 -javaagent:C:\Program Files\JetBrains\IntelliJ IDEA Community Edition 2022.2.3\lib\idea_rt.jar=53611:C:\Program Files\JetBrains\IntelliJ IDEA Community Edition 2022.2.3\bin -Dfile.encoding=UTF-8 
java_command: cpw.mods.bootstraplauncher.BootstrapLauncher --launchTarget forgeclientuserdev --version MOD_DEV --assetIndex 1.19 --assetsDir C:\Users\dango\.gradle\caches\forge_gradle\assets --gameDir . --fml.forgeVersion 43.1.47 --fml.mcVersion 1.19.2 --fml.forgeGroup net.minecraftforge --fml.mcpVersion 20220805.130853
java_class_path (initial): C:\Users\dango\OneDrive\Desktop\Tekora\build\classes\java\main;C:\Users\dango\OneDrive\Desktop\Tekora\build\resources\main;C:\Users\dango\.gradle\caches\forge_gradle\minecraft_user_repo\net\minecraftforge\forge\1.19.2-43.1.47_mapped_official_1.19.2\forge-1.19.2-43.1.47_mapped_official_1.19.2.jar;C:\Users\dango\.gradle\caches\forge_gradle\minecraft_repo\versions\1.19.2\client-extra.jar;C:\Users\dango\.gradle\caches\modules-2\files-2.1\net.minecraftforge\fmlloader\1.19.2-43.1.47\a1ec5892276963b574aeedaa38ab234815c66c63\fmlloader-1.19.2-43.1.47.jar;C:\Users\dango\.gradle\caches\modules-2\files-2.1\net.minecraftforge\JarJarSelector\0.3.16\2a31421fb5e267249da103a644f23afb43d158af\JarJarSelector-0.3.16.jar;C:\Users\dango\.gradle\caches\modules-2\files-2.1\net.minecraftforge\JarJarMetadata\0.3.16\f62c8c898dffc8666f5097a8587ed72095e8e83a\JarJarMetadata-0.3.16.jar;C:\Users\dango\.gradle\caches\modules-2\files-2.1\com.google.code.findbugs\jsr305\3.0.2\25ea2e8b0c338a877313bd4672d3fe056ea78f0d\jsr305-3.0.2.jar;C:\Users\dango\.gradle\caches\modules-2\files-2.1\ca.weblite\java-objc-bridge\1.1\1227f9e0666314f9de41477e3ec277e542ed7f7b\java-objc-bridge-1.1.jar;C:\Users\dango\.gradle\caches\modules-2\files-2.1\net.minecraftforge\mergetool\1.1.5\f3da18e12c696d35a47c82cbb2cc8b5aa15e1154\mergetool-1.1.5-api.jar;C:\Users\dango\.gradle\caches\modules-2\files-2.1\org.jetbrains\annotations\23.0.0\8cc20c07506ec18e0834947b84a864bfc094484e\annotations-23.0.0.jar;C:\Users\dango\.gradle\caches\forge_gradle\mcp_repo\net\minecraft\mapping\1.19.2\mapping-1.19.2-mapping.zip;C:\Users\dango\.gradle\caches\modules-2\files-2.1\cpw.mods\securejarhandler\2.1.4\f47e3b9dd860a7b82154b8f90a650ffd0aaa5582\securejarhandler-2.1.4.jar;C:\Users\dango\.gradle\caches\modules-2\files-2.1\cpw.mods\modlauncher\10.0.8\658c4ddb704aeeaa94ff3e668785a5eebddd0cb5\modlauncher-10.0.8.jar;C:\Users\dango\.gradle\caches\modules-2\files-2.1\org.openjdk.nashorn\nashorn-core\15.3\43977e804697048fc8d81d33
Launcher Type: SUN_STANDARD

[Global flags]
     intx CICompilerCount                          = 12                                        {product} {ergonomic}
     uint ConcGCThreads                            = 3                                         {product} {ergonomic}
     uint G1ConcRefinementThreads                  = 13                                        {product} {ergonomic}
   size_t G1HeapRegionSize                         = 2097152                                   {product} {ergonomic}
    uintx GCDrainStackTargetSize                   = 64                                        {product} {ergonomic}
    ccstr HeapDumpPath                             = MojangTricksIntelDriversForPerformance_javaw.exe_minecraft.exe.heapdump         {manageable} {command line}
   size_t InitialHeapSize                          = 260046848                                 {product} {ergonomic}
   size_t MarkStackSize                            = 4194304                                   {product} {ergonomic}
   size_t MaxHeapSize                              = 4129292288                                {product} {ergonomic}
   size_t MaxNewSize                               = 2476736512                                {product} {ergonomic}
   size_t MinHeapDeltaBytes                        = 2097152                                   {product} {ergonomic}
   size_t MinHeapSize                              = 8388608                                   {product} {ergonomic}
    uintx NonNMethodCodeHeapSize                   = 7602480                                {pd product} {ergonomic}
    uintx NonProfiledCodeHeapSize                  = 122027880                              {pd product} {ergonomic}
    uintx ProfiledCodeHeapSize                     = 122027880                              {pd product} {ergonomic}
    uintx ReservedCodeCacheSize                    = 251658240                              {pd product} {ergonomic}
     bool SegmentedCodeCache                       = true                                      {product} {ergonomic}
   size_t SoftMaxHeapSize                          = 4129292288                             {manageable} {ergonomic}
     bool UseCompressedClassPointers               = true                           {product lp64_product} {ergonomic}
     bool UseCompressedOops                        = true                           {product lp64_product} {ergonomic}
     bool UseG1GC                                  = true                                      {product} {ergonomic}
     bool UseLargePagesIndividualAllocation        = false                                  {pd product} {ergonomic}

Logging:
Log output configuration:
 #0: stdout all=warning uptime,level,tags
 #1: stderr all=off uptime,level,tags

Environment Variables:
JAVA_HOME=C:\Program Files\Eclipse Adoptium\jdk-17.0.5.8-hotspot\
PATH=C:\Program Files\Eclipse Adoptium\jdk-17.0.5.8-hotspot\bin;C:\Program Files\Common Files\Oracle\Java\javapath;C:\Program Files (x86)\Common Files\Oracle\Java\javapath;C:\WINDOWS\system32;C:\WINDOWS;C:\WINDOWS\System32\Wbem;C:\WINDOWS\System32\WindowsPowerShell\v1.0\;C:\WINDOWS\System32\OpenSSH\;C:\Users\dango\AppData\Local\Microsoft\WindowsApps;;C:\Users\dango\AppData\Local\Programs\Microsoft VS Code\bin
USERNAME=dango
OS=Windows_NT
PROCESSOR_IDENTIFIER=AMD64 Family 23 Model 96 Stepping 1, AuthenticAMD
TMP=C:\Users\dango\AppData\Local\Temp
TEMP=C:\Users\dango\AppData\Local\Temp



---------------  S Y S T E M  ---------------

OS:
 Windows 11 , 64 bit Build 22621 (10.0.22621.755)
OS uptime: 10 days 15:35 hours

CPU: total 16 (initial active 16) (16 cores per cpu, 2 threads per core) family 23 model 96 stepping 1 microcode 0x0, cx8, cmov, fxsr, ht, mmx, 3dnowpref, sse, sse2, sse3, ssse3, sse4a, sse4.1, sse4.2, popcnt, lzcnt, tsc, tscinvbit, avx, avx2, aes, clmul, bmi1, bmi2, adx, sha, fma, vzeroupper, clflush, clflushopt

Memory: 4k page, system-wide physical 15747M (4353M free)
TotalPageFile size 18691M (AvailPageFile size 5096M)
current process WorkingSet (physical memory assigned to process): 539M, peak: 549M
current process commit charge ("private bytes"): 737M, peak: 753M

vm_info: OpenJDK 64-Bit Server VM (17.0.5+8) for windows-amd64 JRE (17.0.5+8), built on Oct 19 2022 04:48:13 by "temurin" with MS VC++ 16.7 (VS2019)

END.
