#
# A fatal error has been detected by the Java Runtime Environment:
#
#  EXCEPTION_ACCESS_VIOLATION (0xc0000005) at pc=0x00007ff943783920, pid=8312, tid=18124
#
# JRE version: OpenJDK Runtime Environment Temurin-17.0.5+8 (17.0.5+8) (build 17.0.5+8)
# Java VM: OpenJDK 64-Bit Server VM Temurin-17.0.5+8 (17.0.5+8, mixed mode, sharing, tiered, compressed oops, compressed class ptrs, g1 gc, windows-amd64)
# Problematic frame:
# C  [atio6axx.dll+0x193920]
#
# No core dump will be written. Minidumps are not enabled by default on client versions of Windows
#
# If you would like to submit a bug report, please visit:
#   https://github.com/adoptium/adoptium-support/issues
# The crash happened outside the Java Virtual Machine in native code.
# See problematic frame for where to report the bug.
#

---------------  S U M M A R Y ------------

Command Line: -Dforge.logging.console.level=debug -Dforge.logging.markers=REGISTRIES -DlegacyClassPath.file=C:\Users\dango\OneDrive\Desktop\Tekora\build\classpath\runClient_minecraftClasspath.txt -DignoreList=bootstraplauncher,securejarhandler,asm-commons,asm-util,asm-analysis,asm-tree,asm,JarJarFileSystems,client-extra,fmlcore,javafmllanguage,lowcodelanguage,mclanguage,forge- -DmergeModules=jna-5.10.0.jar,jna-platform-5.10.0.jar -Dforge.enabledGameTestNamespaces=nltekora -Dforge.enableGameTest=true -Djava.net.preferIPv6Addresses=system --module-path=C:\Users\dango\.gradle\caches\modules-2\files-2.1\cpw.mods\bootstraplauncher\1.1.2\c546e00443d8432cda6baa1c860346980742628\bootstraplauncher-1.1.2.jar;C:\Users\dango\.gradle\caches\modules-2\files-2.1\cpw.mods\securejarhandler\2.1.4\f47e3b9dd860a7b82154b8f90a650ffd0aaa5582\securejarhandler-2.1.4.jar;C:\Users\dango\.gradle\caches\modules-2\files-2.1\org.ow2.asm\asm-commons\9.3\1f2a432d1212f5c352ae607d7b61dcae20c20af5\asm-commons-9.3.jar;C:\Users\dango\.gradle\caches\modules-2\files-2.1\org.ow2.asm\asm-util\9.3\9595bc05510d0bd4b610188b77333fe4851a1975\asm-util-9.3.jar;C:\Users\dango\.gradle\caches\modules-2\files-2.1\org.ow2.asm\asm-analysis\9.3\4b071f211b37c38e0e9f5998550197c8593f6ad8\asm-analysis-9.3.jar;C:\Users\dango\.gradle\caches\modules-2\files-2.1\org.ow2.asm\asm-tree\9.3\78d2ecd61318b5a58cd04fb237636c0e86b77d97\asm-tree-9.3.jar;C:\Users\dango\.gradle\caches\modules-2\files-2.1\org.ow2.asm\asm\9.3\8e6300ef51c1d801a7ed62d07cd221aca3a90640\asm-9.3.jar;C:\Users\dango\.gradle\caches\modules-2\files-2.1\net.minecraftforge\JarJarFileSystems\0.3.16\e52afbb2599dc7c6f779efea0496d32fc01152e3\JarJarFileSystems-0.3.16.jar --add-modules=ALL-MODULE-PATH --add-opens=java.base/java.util.jar=cpw.mods.securejarhandler --add-opens=java.base/java.lang.invoke=cpw.mods.securejarhandler --add-exports=java.base/sun.security.util=cpw.mods.securejarhandler --add-exports=jdk.naming.dns/com.sun.jndi.dns=java.naming -XX:HeapDumpPath=MojangTricksIntelDriversForPerformance_javaw.exe_minecraft.exe.heapdump -Dos.name=Windows 10 -Dos.version=10.0 -javaagent:C:\Program Files\JetBrains\IntelliJ IDEA Community Edition 2022.2.3\lib\idea_rt.jar=53625:C:\Program Files\JetBrains\IntelliJ IDEA Community Edition 2022.2.3\bin -Dfile.encoding=UTF-8 cpw.mods.bootstraplauncher.BootstrapLauncher --launchTarget forgeclientuserdev --version MOD_DEV --assetIndex 1.19 --assetsDir C:\Users\dango\.gradle\caches\forge_gradle\assets --gameDir . --fml.forgeVersion 43.1.47 --fml.mcVersion 1.19.2 --fml.forgeGroup net.minecraftforge --fml.mcpVersion 20220805.130853

Host: AMD Ryzen 7 4700G with Radeon Graphics         , 16 cores, 15G,  Windows 11 , 64 bit Build 22621 (10.0.22621.755)
Time: Sat Nov  5 10:51:13 2022 Central Daylight Time elapsed time: 11.824463 seconds (0d 0h 0m 11s)

---------------  T H R E A D  ---------------

Current thread (0x000001c07d99c1d0):  JavaThread "Render thread" [_thread_in_native, id=18124, stack(0x0000003f13800000,0x0000003f13900000)]

Stack: [0x0000003f13800000,0x0000003f13900000],  sp=0x0000003f138fadb8,  free space=1003k
Native frames: (J=compiled Java code, j=interpreted, Vv=VM code, C=native code)
C  [atio6axx.dll+0x193920]

Java frames: (J=compiled Java code, j=interpreted, Vv=VM code)
j  org.lwjgl.system.JNI.invokePPPP(IIJJJJ)J+0 org.lwjgl@3.3.1+7
j  org.lwjgl.glfw.GLFW.nglfwCreateWindow(IIJJJ)J+14 org.lwjgl.glfw@3.3.1+7
j  org.lwjgl.glfw.GLFW.glfwCreateWindow(IILjava/lang/CharSequence;JJ)J+34 org.lwjgl.glfw@3.3.1+7
j  net.minecraftforge.client.loading.NoVizFallback.lambda$fallback$0(Ljava/util/function/IntSupplier;Ljava/util/function/IntSupplier;Ljava/util/function/Supplier;Ljava/util/function/LongSupplier;)J+28 forge@43.1.47
j  net.minecraftforge.client.loading.NoVizFallback$$Lambda$4141+0x0000000801635800.getAsLong()J+16 forge@43.1.47
j  net.minecraftforge.fml.loading.progress.EarlyProgressVisualization$Visualization$$Lambda$4142+0x0000000801631f60.apply(Ljava/lang/Object;)Ljava/lang/Object;+4 fmlloader@1.19.2-43.1.47
J 2821 c2 java.util.Optional.map(Ljava/util/function/Function;)Ljava/util/Optional; java.base@17.0.5 (30 bytes) @ 0x000001c00f7e817c [0x000001c00f7e8120+0x000000000000005c]
j  net.minecraftforge.fml.loading.progress.EarlyProgressVisualization$Visualization.handOffWindow(Ljava/util/function/IntSupplier;Ljava/util/function/IntSupplier;Ljava/util/function/Supplier;Ljava/util/function/LongSupplier;)J+48 fmlloader@1.19.2-43.1.47
j  net.minecraftforge.fml.loading.progress.EarlyProgressVisualization.handOffWindow(Ljava/util/function/IntSupplier;Ljava/util/function/IntSupplier;Ljava/util/function/Supplier;Ljava/util/function/LongSupplier;)J+9 fmlloader@1.19.2-43.1.47
j  com.mojang.blaze3d.platform.Window.<init>(Lcom/mojang/blaze3d/platform/WindowEventHandler;Lcom/mojang/blaze3d/platform/ScreenManager;Lcom/mojang/blaze3d/platform/DisplayData;Ljava/lang/String;Ljava/lang/String;)V+279 minecraft@1.19.2
j  net.minecraft.client.renderer.VirtualScreen.newWindow(Lcom/mojang/blaze3d/platform/DisplayData;Ljava/lang/String;Ljava/lang/String;)Lcom/mojang/blaze3d/platform/Window;+15 minecraft@1.19.2
j  net.minecraft.client.Minecraft.<init>(Lnet/minecraft/client/main/GameConfig;)V+723 minecraft@1.19.2
j  net.minecraft.client.main.Main.run([Ljava/lang/String;Z)V+1356 minecraft@1.19.2
j  net.minecraft.client.main.Main.main([Ljava/lang/String;)V+12 minecraft@1.19.2
v  ~StubRoutines::call_stub
j  jdk.internal.reflect.NativeMethodAccessorImpl.invoke0(Ljava/lang/reflect/Method;Ljava/lang/Object;[Ljava/lang/Object;)Ljava/lang/Object;+0 java.base@17.0.5
j  jdk.internal.reflect.NativeMethodAccessorImpl.invoke(Ljava/lang/Object;[Ljava/lang/Object;)Ljava/lang/Object;+133 java.base@17.0.5
j  jdk.internal.reflect.DelegatingMethodAccessorImpl.invoke(Ljava/lang/Object;[Ljava/lang/Object;)Ljava/lang/Object;+6 java.base@17.0.5
j  java.lang.reflect.Method.invoke(Ljava/lang/Object;[Ljava/lang/Object;)Ljava/lang/Object;+59 java.base@17.0.5
j  net.minecraftforge.fml.loading.targets.ForgeClientUserdevLaunchHandler.lambda$launchService$0([Ljava/lang/String;Ljava/lang/ModuleLayer;)V+47 fmlloader@1.19.2-43.1.47
j  net.minecraftforge.fml.loading.targets.ForgeClientUserdevLaunchHandler$$Lambda$856+0x0000000800fb0658.run()V+12 fmlloader@1.19.2-43.1.47
j  cpw.mods.modlauncher.LaunchServiceHandlerDecorator.launch([Ljava/lang/String;Ljava/lang/ModuleLayer;)V+11 cpw.mods.modlauncher@10.0.8
j  cpw.mods.modlauncher.LaunchServiceHandler.launch(Ljava/lang/String;[Ljava/lang/String;Ljava/lang/ModuleLayer;Lcpw/mods/modlauncher/TransformingClassLoader;Lcpw/mods/modlauncher/LaunchPluginHandler;)V+58 cpw.mods.modlauncher@10.0.8
j  cpw.mods.modlauncher.LaunchServiceHandler.launch(Lcpw/mods/modlauncher/ArgumentHandler;Ljava/lang/ModuleLayer;Lcpw/mods/modlauncher/TransformingClassLoader;Lcpw/mods/modlauncher/LaunchPluginHandler;)V+21 cpw.mods.modlauncher@10.0.8
j  cpw.mods.modlauncher.Launcher.run([Ljava/lang/String;)V+310 cpw.mods.modlauncher@10.0.8
j  cpw.mods.modlauncher.Launcher.main([Ljava/lang/String;)V+78 cpw.mods.modlauncher@10.0.8
j  cpw.mods.modlauncher.BootstrapLaunchConsumer.accept([Ljava/lang/String;)V+1 cpw.mods.modlauncher@10.0.8
j  cpw.mods.modlauncher.BootstrapLaunchConsumer.accept(Ljava/lang/Object;)V+5 cpw.mods.modlauncher@10.0.8
j  cpw.mods.bootstraplauncher.BootstrapLauncher.main([Ljava/lang/String;)V+515 cpw.mods.bootstraplauncher@1.1.2
v  ~StubRoutines::call_stub

siginfo: EXCEPTION_ACCESS_VIOLATION (0xc0000005), reading address 0xffffffffffffffff


Register to memory mapping:

RIP=0x00007ff943783920 atio6axx.dll
RAX=0x0 is NULL
RBX=0x00007ff946d340f0 atio6axx.dll
RCX=0x6d656a2d6c676a77 is an unknown value
RDX=0x00000000000000d1 is an unknown value
RSP=0x0000003f138fadb8 is pointing into the stack for thread: 0x000001c07d99c1d0
RBP=0x0000003f138faef0 is pointing into the stack for thread: 0x000001c07d99c1d0
RSI=0x0 is NULL
RDI=0x0000003f138fb1e0 is pointing into the stack for thread: 0x000001c07d99c1d0
R8 =0x00000000000001a5 is an unknown value
R9 =0xffffffffffffffff is an unknown value
R10=0x0 is NULL
R11=0x0000000000000200 is an unknown value
R12=0x0000003f138fae48 is pointing into the stack for thread: 0x000001c07d99c1d0
R13=0x00007ff946d340f0 atio6axx.dll
R14=0x00007ff946d34148 atio6axx.dll
R15=0x00007ff946c3b884 atio6axx.dll


Registers:
RAX=0x0000000000000000, RBX=0x00007ff946d340f0, RCX=0x6d656a2d6c676a77, RDX=0x00000000000000d1
RSP=0x0000003f138fadb8, RBP=0x0000003f138faef0, RSI=0x0000000000000000, RDI=0x0000003f138fb1e0
R8 =0x00000000000001a5, R9 =0xffffffffffffffff, R10=0x0000000000000000, R11=0x0000000000000200
R12=0x0000003f138fae48, R13=0x00007ff946d340f0, R14=0x00007ff946d34148, R15=0x00007ff946c3b884
RIP=0x00007ff943783920, EFLAGS=0x0000000000010206

Top of Stack: (sp=0x0000003f138fadb8)
0x0000003f138fadb8:   00007ff943742654 00007ff946d340f0
0x0000003f138fadc8:   0000000000000000 0000652e6176616a
0x0000003f138fadd8:   0000570ca83ec531 0000003f138fb1e0
0x0000003f138fade8:   00007ff943746116 00007ff946d340f8
0x0000003f138fadf8:   0000000000000000 0000000000000000
0x0000003f138fae08:   0000000000000000 0000000000000000
0x0000003f138fae18:   00007ff900000009 000001c028231e0c
0x0000003f138fae28:   000001c028231f68 00007ff946d340f8
0x0000003f138fae38:   0000003f138fb1e0 0000003f138fafab
0x0000003f138fae48:   00007f006176616a 800000006176616a
0x0000003f138fae58:   00007ff9e4dda049 46676e697274535c
0x0000003f138fae68:   5c6f666e49656c69 3062343039303430
0x0000003f138fae78:   726556656c69465c 000000006e6f6973
0x0000003f138fae88:   0000000000000000 0000000000000000
0x0000003f138fae98:   0000000000000000 0000000a0000011c
0x0000003f138faea8:   0000585d00000000 0000000000000002 

Instructions: (pc=0x00007ff943783920)
0x00007ff943783820:   74 09 33 c9 ff 15 26 1c 3d 03 90 48 8b c3 48 83
0x00007ff943783830:   c4 20 5b c3 cc cc cc cc cc cc cc cc cc cc cc cc
0x00007ff943783840:   48 83 ec 28 48 8b 51 08 48 85 d2 74 09 33 c9 ff
0x00007ff943783850:   15 fb 1b 3d 03 90 48 83 c4 28 c3 cc cc cc cc cc
0x00007ff943783860:   48 89 11 c3 cc cc cc cc cc cc cc cc cc cc cc cc
0x00007ff943783870:   48 8b c1 c3 cc cc cc cc cc cc cc cc cc cc cc cc
0x00007ff943783880:   48 3b ca 74 10 41 8b 00 39 01 74 09 48 83 c1 04
0x00007ff943783890:   48 3b ca 75 f3 48 8b c1 c3 cc cc cc cc cc cc cc
0x00007ff9437838a0:   48 8b c1 c3 cc cc cc cc cc cc cc cc cc cc cc cc
0x00007ff9437838b0:   48 83 39 00 0f 94 c0 c3 cc cc cc cc cc cc cc cc
0x00007ff9437838c0:   4c 8d 04 d5 00 00 00 00 33 d2 e9 e1 32 db 01 cc
0x00007ff9437838d0:   4c 8b 41 08 48 8b 02 49 89 00 48 83 41 08 08 c3
0x00007ff9437838e0:   48 8b c1 c3 cc cc cc cc cc cc cc cc cc cc cc cc
0x00007ff9437838f0:   48 8b c1 c3 cc cc cc cc cc cc cc cc cc cc cc cc
0x00007ff943783900:   49 8b 00 48 89 02 c3 cc cc cc cc cc cc cc cc cc
0x00007ff943783910:   8b 81 10 39 00 00 c3 cc cc cc cc cc cc cc cc cc
0x00007ff943783920:   8b 81 10 39 00 00 83 c0 f0 83 f8 63 0f 87 5a 01
0x00007ff943783930:   00 00 48 8d 15 c7 c6 e6 ff 0f b6 84 02 b0 3a 19
0x00007ff943783940:   00 8b 8c 82 90 3a 19 00 48 03 ca ff e1 48 8b 0d
0x00007ff943783950:   6c 70 55 03 83 b9 0c 33 00 00 02 0f 87 2b 01 00
0x00007ff943783960:   00 48 8d 91 9c 29 00 00 c7 02 e1 00 00 00 e9 ce
0x00007ff943783970:   00 00 00 48 8b 0d 46 70 55 03 83 b9 0c 33 00 00
0x00007ff943783980:   02 0f 87 05 01 00 00 48 8d 91 9c 29 00 00 c7 02
0x00007ff943783990:   f0 00 00 00 e9 a8 00 00 00 48 8b 0d 20 70 55 03
0x00007ff9437839a0:   83 b9 0c 33 00 00 02 0f 87 df 00 00 00 48 8d 91
0x00007ff9437839b0:   9c 29 00 00 c7 02 00 04 00 00 e9 82 00 00 00 48
0x00007ff9437839c0:   8b 0d fa 6f 55 03 83 b9 0c 33 00 00 02 0f 87 b9
0x00007ff9437839d0:   00 00 00 48 8d 91 9c 29 00 00 c7 02 00 08 00 00
0x00007ff9437839e0:   eb 5f 48 8b 0d d7 6f 55 03 83 b9 0c 33 00 00 02
0x00007ff9437839f0:   0f 87 96 00 00 00 48 8d 91 9c 29 00 00 c7 02 00
0x00007ff943783a00:   09 00 00 eb 3c 48 8b 0d b4 6f 55 03 83 b9 0c 33
0x00007ff943783a10:   00 00 02 77 77 48 8d 91 9c 29 00 00 c7 02 3c 0f 


Stack slot to memory mapping:
stack at sp + 0 slots: 0x00007ff943742654 atio6axx.dll
stack at sp + 1 slots: 0x00007ff946d340f0 atio6axx.dll
stack at sp + 2 slots: 0x0 is NULL
stack at sp + 3 slots: 0x0000652e6176616a is an unknown value
stack at sp + 4 slots: 0x0000570ca83ec531 is an unknown value
stack at sp + 5 slots: 0x0000003f138fb1e0 is pointing into the stack for thread: 0x000001c07d99c1d0
stack at sp + 6 slots: 0x00007ff943746116 atio6axx.dll
stack at sp + 7 slots: 0x00007ff946d340f8 atio6axx.dll


---------------  P R O C E S S  ---------------

Threads class SMR info:
_java_thread_list=0x000001c02783abd0, length=24, elements={
0x000001c07d99c1d0, 0x000001c020b44b60, 0x000001c020b45510, 0x000001c020b580b0,
0x000001c020b58a60, 0x000001c020b59410, 0x000001c020b5a7e0, 0x000001c020b604b0,
0x000001c020b6c010, 0x000001c020b78420, 0x000001c020b7d6e0, 0x000001c0212769b0,
0x000001c021287580, 0x000001c02128baa0, 0x000001c022098680, 0x000001c022147690,
0x000001c0226d9450, 0x000001c0224c1c00, 0x000001c0270c99c0, 0x000001c023504af0,
0x000001c023227400, 0x000001c0270c8580, 0x000001c026846170, 0x000001c024df8760
}

Java Threads: ( => current thread )
=>0x000001c07d99c1d0 JavaThread "Render thread" [_thread_in_native, id=18124, stack(0x0000003f13800000,0x0000003f13900000)]
  0x000001c020b44b60 JavaThread "Reference Handler" daemon [_thread_blocked, id=13916, stack(0x0000003f13f00000,0x0000003f14000000)]
  0x000001c020b45510 JavaThread "Finalizer" daemon [_thread_blocked, id=2044, stack(0x0000003f14000000,0x0000003f14100000)]
  0x000001c020b580b0 JavaThread "Signal Dispatcher" daemon [_thread_blocked, id=23516, stack(0x0000003f14100000,0x0000003f14200000)]
  0x000001c020b58a60 JavaThread "Attach Listener" daemon [_thread_blocked, id=19400, stack(0x0000003f14200000,0x0000003f14300000)]
  0x000001c020b59410 JavaThread "Service Thread" daemon [_thread_blocked, id=6724, stack(0x0000003f14300000,0x0000003f14400000)]
  0x000001c020b5a7e0 JavaThread "Monitor Deflation Thread" daemon [_thread_blocked, id=18468, stack(0x0000003f14400000,0x0000003f14500000)]
  0x000001c020b604b0 JavaThread "C2 CompilerThread0" daemon [_thread_in_native, id=15744, stack(0x0000003f14500000,0x0000003f14600000)]
  0x000001c020b6c010 JavaThread "C1 CompilerThread0" daemon [_thread_blocked, id=21904, stack(0x0000003f14600000,0x0000003f14700000)]
  0x000001c020b78420 JavaThread "Sweeper thread" daemon [_thread_blocked, id=19180, stack(0x0000003f14700000,0x0000003f14800000)]
  0x000001c020b7d6e0 JavaThread "C1 CompilerThread1" daemon [_thread_blocked, id=692, stack(0x0000003f14800000,0x0000003f14900000)]
  0x000001c0212769b0 JavaThread "Common-Cleaner" daemon [_thread_blocked, id=24968, stack(0x0000003f14900000,0x0000003f14a00000)]
  0x000001c021287580 JavaThread "C2 CompilerThread1" daemon [_thread_blocked, id=15084, stack(0x0000003f14a00000,0x0000003f14b00000)]
  0x000001c02128baa0 JavaThread "C2 CompilerThread2" daemon [_thread_blocked, id=24100, stack(0x0000003f14b00000,0x0000003f14c00000)]
  0x000001c022098680 JavaThread "Monitor Ctrl-Break" daemon [_thread_in_native, id=19880, stack(0x0000003f14c00000,0x0000003f14d00000)]
  0x000001c022147690 JavaThread "Notification Thread" daemon [_thread_blocked, id=12572, stack(0x0000003f14d00000,0x0000003f14e00000)]
  0x000001c0226d9450 JavaThread "C1 CompilerThread2" daemon [_thread_blocked, id=13520, stack(0x0000003f14f00000,0x0000003f15000000)]
  0x000001c0224c1c00 JavaThread "C1 CompilerThread3" daemon [_thread_blocked, id=23020, stack(0x0000003f15000000,0x0000003f15100000)]
  0x000001c0270c99c0 JavaThread "C2 CompilerThread3" daemon [_thread_blocked, id=20380, stack(0x0000003f15500000,0x0000003f15600000)]
  0x000001c023504af0 JavaThread "Thread-0" daemon [_thread_blocked, id=21964, stack(0x0000003f15f00000,0x0000003f16000000)]
  0x000001c023227400 JavaThread "FileSystemWatchService" daemon [_thread_in_native, id=19128, stack(0x0000003f16000000,0x0000003f16100000)]
  0x000001c0270c8580 JavaThread "C2 CompilerThread4" daemon [_thread_blocked, id=24332, stack(0x0000003f15600000,0x0000003f15700000)]
  0x000001c026846170 JavaThread "pool-2-thread-1" daemon [_thread_blocked, id=12932, stack(0x0000003f16600000,0x0000003f16700000)]
  0x000001c024df8760 JavaThread "Timer hack thread" daemon [_thread_blocked, id=23836, stack(0x0000003f16100000,0x0000003f16200000)]

Other Threads:
  0x000001c020b40d10 VMThread "VM Thread" [stack: 0x0000003f13e00000,0x0000003f13f00000] [id=23768]
  0x000001c0209c7030 WatcherThread [stack: 0x0000003f14e00000,0x0000003f14f00000] [id=2892]
  0x000001c07da093e0 GCTaskThread "GC Thread#0" [stack: 0x0000003f13900000,0x0000003f13a00000] [id=13276]
  0x000001c0224c0430 GCTaskThread "GC Thread#1" [stack: 0x0000003f15100000,0x0000003f15200000] [id=13488]
  0x000001c02270db50 GCTaskThread "GC Thread#2" [stack: 0x0000003f15200000,0x0000003f15300000] [id=24756]
  0x000001c022543910 GCTaskThread "GC Thread#3" [stack: 0x0000003f15300000,0x0000003f15400000] [id=1544]
  0x000001c0225543e0 GCTaskThread "GC Thread#4" [stack: 0x0000003f15400000,0x0000003f15500000] [id=12532]
  0x000001c023311140 GCTaskThread "GC Thread#5" [stack: 0x0000003f15a00000,0x0000003f15b00000] [id=12188]
  0x000001c026ca74e0 GCTaskThread "GC Thread#6" [stack: 0x0000003f15b00000,0x0000003f15c00000] [id=9096]
  0x000001c0232d4bd0 GCTaskThread "GC Thread#7" [stack: 0x0000003f15900000,0x0000003f15a00000] [id=21932]
  0x000001c0238ca340 GCTaskThread "GC Thread#8" [stack: 0x0000003f15700000,0x0000003f15800000] [id=15528]
  0x000001c0238ca8a0 GCTaskThread "GC Thread#9" [stack: 0x0000003f15800000,0x0000003f15900000] [id=15220]
  0x000001c0238ca090 GCTaskThread "GC Thread#10" [stack: 0x0000003f15c00000,0x0000003f15d00000] [id=23504]
  0x000001c0238cab50 GCTaskThread "GC Thread#11" [stack: 0x0000003f15d00000,0x0000003f15e00000] [id=2392]
  0x000001c0238cb0b0 GCTaskThread "GC Thread#12" [stack: 0x0000003f15e00000,0x0000003f15f00000] [id=16640]
  0x000001c07da1c1b0 ConcurrentGCThread "G1 Main Marker" [stack: 0x0000003f13a00000,0x0000003f13b00000] [id=22944]
  0x000001c07da1cac0 ConcurrentGCThread "G1 Conc#0" [stack: 0x0000003f13b00000,0x0000003f13c00000] [id=21384]
  0x000001c0238cb360 ConcurrentGCThread "G1 Conc#1" [stack: 0x0000003f16400000,0x0000003f16500000] [id=10428]
  0x000001c0238cae00 ConcurrentGCThread "G1 Conc#2" [stack: 0x0000003f16500000,0x0000003f16600000] [id=15556]
  0x000001c020a7abd0 ConcurrentGCThread "G1 Refine#0" [stack: 0x0000003f13c00000,0x0000003f13d00000] [id=23804]
  0x000001c0276da4a0 ConcurrentGCThread "G1 Refine#1" [stack: 0x0000003f16b00000,0x0000003f16c00000] [id=25160]
  0x000001c022f68d40 ConcurrentGCThread "G1 Refine#2" [stack: 0x0000003f16c00000,0x0000003f16d00000] [id=15836]
  0x000001c0281c8870 ConcurrentGCThread "G1 Refine#3" [stack: 0x0000003f16d00000,0x0000003f16e00000] [id=21776]
  0x000001c020a7c7b0 ConcurrentGCThread "G1 Service" [stack: 0x0000003f13d00000,0x0000003f13e00000] [id=8080]

Threads with active compile tasks:
C2 CompilerThread0    11886 10002       4       com.google.gson.internal.bind.TypeAdapters$27::read (225 bytes)

VM state: not at safepoint (normal execution)

VM Mutex/Monitor currently owned by a thread: None

Heap address: 0x0000000709e00000, size: 3938 MB, Compressed Oops mode: Zero based, Oop shift amount: 3

CDS archive(s) mapped at: [0x0000000800000000-0x0000000800bc0000-0x0000000800bc0000), size 12320768, SharedBaseAddress: 0x0000000800000000, ArchiveRelocationMode: 0.
Compressed class space mapped at: 0x0000000800c00000-0x0000000840c00000, reserved size: 1073741824
Narrow klass base: 0x0000000800000000, Narrow klass shift: 0, Narrow klass range: 0x100000000

GC Precious Log:
 CPUs: 16 total, 16 available
 Memory: 15747M
 Large Page Support: Disabled
 NUMA Support: Disabled
 Compressed Oops: Enabled (Zero based)
 Heap Region Size: 2M
 Heap Min Capacity: 8M
 Heap Initial Capacity: 248M
 Heap Max Capacity: 3938M
 Pre-touch: Disabled
 Parallel Workers: 13
 Concurrent Workers: 3
 Concurrent Refinement Workers: 13
 Periodic GC: Disabled

Heap:
 garbage-first heap   total 391168K, used 224472K [0x0000000709e00000, 0x0000000800000000)
  region size 2048K, 34 young (69632K), 2 survivors (4096K)
 Metaspace       used 71139K, committed 72320K, reserved 1114112K
  class space    used 9768K, committed 10304K, reserved 1048576K

Heap Regions: E=young(eden), S=young(survivor), O=old, HS=humongous(starts), HC=humongous(continues), CS=collection set, F=free, OA=open archive, CA=closed archive, TAMS=top-at-mark-start (previous, next)
|   0|0x0000000709e00000, 0x000000070a000000, 0x000000070a000000|100%|HS|  |TAMS 0x000000070a000000, 0x0000000709e00000| Complete 
|   1|0x000000070a000000, 0x000000070a200000, 0x000000070a200000|100%| O|  |TAMS 0x000000070a200000, 0x000000070a000000| Untracked 
|   2|0x000000070a200000, 0x000000070a400000, 0x000000070a400000|100%|HS|  |TAMS 0x000000070a400000, 0x000000070a200000| Complete 
|   3|0x000000070a400000, 0x000000070a600000, 0x000000070a600000|100%| O|  |TAMS 0x000000070a600000, 0x000000070a400000| Untracked 
|   4|0x000000070a600000, 0x000000070a800000, 0x000000070a800000|100%| O|  |TAMS 0x000000070a800000, 0x000000070a600000| Untracked 
|   5|0x000000070a800000, 0x000000070aa00000, 0x000000070aa00000|100%| O|  |TAMS 0x000000070aa00000, 0x000000070a800000| Untracked 
|   6|0x000000070aa00000, 0x000000070ac00000, 0x000000070ac00000|100%|HS|  |TAMS 0x000000070ac00000, 0x000000070aa00000| Complete 
|   7|0x000000070ac00000, 0x000000070ae00000, 0x000000070ae00000|100%|HS|  |TAMS 0x000000070ae00000, 0x000000070ac00000| Complete 
|   8|0x000000070ae00000, 0x000000070b000000, 0x000000070b000000|100%| O|  |TAMS 0x000000070b000000, 0x000000070ae00000| Untracked 
|   9|0x000000070b000000, 0x000000070b200000, 0x000000070b200000|100%| O|  |TAMS 0x000000070b200000, 0x000000070b000000| Untracked 
|  10|0x000000070b200000, 0x000000070b400000, 0x000000070b400000|100%| O|  |TAMS 0x000000070b400000, 0x000000070b200000| Untracked 
|  11|0x000000070b400000, 0x000000070b600000, 0x000000070b600000|100%| O|  |TAMS 0x000000070b600000, 0x000000070b400000| Untracked 
|  12|0x000000070b600000, 0x000000070b800000, 0x000000070b800000|100%| O|  |TAMS 0x000000070b800000, 0x000000070b600000| Untracked 
|  13|0x000000070b800000, 0x000000070ba00000, 0x000000070ba00000|100%| O|  |TAMS 0x000000070ba00000, 0x000000070b800000| Untracked 
|  14|0x000000070ba00000, 0x000000070bc00000, 0x000000070bc00000|100%|HS|  |TAMS 0x000000070bc00000, 0x000000070ba00000| Complete 
|  15|0x000000070bc00000, 0x000000070be00000, 0x000000070be00000|100%| O|  |TAMS 0x000000070be00000, 0x000000070bc00000| Untracked 
|  16|0x000000070be00000, 0x000000070c000000, 0x000000070c000000|100%| O|  |TAMS 0x000000070c000000, 0x000000070be00000| Untracked 
|  17|0x000000070c000000, 0x000000070c200000, 0x000000070c200000|100%| O|  |TAMS 0x000000070c200000, 0x000000070c000000| Untracked 
|  18|0x000000070c200000, 0x000000070c400000, 0x000000070c400000|100%| O|  |TAMS 0x000000070c400000, 0x000000070c200000| Untracked 
|  19|0x000000070c400000, 0x000000070c600000, 0x000000070c600000|100%| O|  |TAMS 0x000000070c600000, 0x000000070c400000| Untracked 
|  20|0x000000070c600000, 0x000000070c800000, 0x000000070c800000|100%| O|  |TAMS 0x000000070c800000, 0x000000070c600000| Untracked 
|  21|0x000000070c800000, 0x000000070ca00000, 0x000000070ca00000|100%| O|  |TAMS 0x000000070ca00000, 0x000000070c800000| Untracked 
|  22|0x000000070ca00000, 0x000000070cc00000, 0x000000070cc00000|100%| O|  |TAMS 0x000000070cc00000, 0x000000070ca00000| Untracked 
|  23|0x000000070cc00000, 0x000000070cc00000, 0x000000070ce00000|  0%| F|  |TAMS 0x000000070cc00000, 0x000000070cc00000| Untracked 
|  24|0x000000070ce00000, 0x000000070d000000, 0x000000070d000000|100%| O|  |TAMS 0x000000070d000000, 0x000000070ce00000| Untracked 
|  25|0x000000070d000000, 0x000000070d200000, 0x000000070d200000|100%| O|  |TAMS 0x000000070d200000, 0x000000070d000000| Untracked 
|  26|0x000000070d200000, 0x000000070d400000, 0x000000070d400000|100%| O|  |TAMS 0x000000070d400000, 0x000000070d200000| Untracked 
|  27|0x000000070d400000, 0x000000070d600000, 0x000000070d600000|100%| O|  |TAMS 0x000000070d600000, 0x000000070d400000| Untracked 
|  28|0x000000070d600000, 0x000000070d800000, 0x000000070d800000|100%| O|  |TAMS 0x000000070d800000, 0x000000070d600000| Untracked 
|  29|0x000000070d800000, 0x000000070da00000, 0x000000070da00000|100%| O|  |TAMS 0x000000070da00000, 0x000000070d800000| Untracked 
|  30|0x000000070da00000, 0x000000070dc00000, 0x000000070dc00000|100%| O|  |TAMS 0x000000070dc00000, 0x000000070da00000| Untracked 
|  31|0x000000070dc00000, 0x000000070de00000, 0x000000070de00000|100%| O|  |TAMS 0x000000070de00000, 0x000000070dc00000| Untracked 
|  32|0x000000070de00000, 0x000000070e000000, 0x000000070e000000|100%| O|  |TAMS 0x000000070e000000, 0x000000070de00000| Untracked 
|  33|0x000000070e000000, 0x000000070e200000, 0x000000070e200000|100%|HS|  |TAMS 0x000000070e200000, 0x000000070e000000| Complete 
|  34|0x000000070e200000, 0x000000070e400000, 0x000000070e400000|100%|HC|  |TAMS 0x000000070e400000, 0x000000070e200000| Complete 
|  35|0x000000070e400000, 0x000000070e600000, 0x000000070e600000|100%|HC|  |TAMS 0x000000070e600000, 0x000000070e400000| Complete 
|  36|0x000000070e600000, 0x000000070e800000, 0x000000070e800000|100%|HC|  |TAMS 0x000000070e800000, 0x000000070e600000| Complete 
|  37|0x000000070e800000, 0x000000070ea00000, 0x000000070ea00000|100%|HC|  |TAMS 0x000000070ea00000, 0x000000070e800000| Complete 
|  38|0x000000070ea00000, 0x000000070ec00000, 0x000000070ec00000|100%|HC|  |TAMS 0x000000070ec00000, 0x000000070ea00000| Complete 
|  39|0x000000070ec00000, 0x000000070ee00000, 0x000000070ee00000|100%| O|  |TAMS 0x000000070ee00000, 0x000000070ec00000| Untracked 
|  40|0x000000070ee00000, 0x000000070f000000, 0x000000070f000000|100%| O|  |TAMS 0x000000070f000000, 0x000000070ee00000| Untracked 
|  41|0x000000070f000000, 0x000000070f200000, 0x000000070f200000|100%| O|  |TAMS 0x000000070f200000, 0x000000070f000000| Untracked 
|  42|0x000000070f200000, 0x000000070f400000, 0x000000070f400000|100%| O|  |TAMS 0x000000070f400000, 0x000000070f200000| Untracked 
|  43|0x000000070f400000, 0x000000070f600000, 0x000000070f600000|100%| O|  |TAMS 0x000000070f600000, 0x000000070f400000| Untracked 
|  44|0x000000070f600000, 0x000000070f800000, 0x000000070f800000|100%| O|  |TAMS 0x000000070f800000, 0x000000070f600000| Untracked 
|  45|0x000000070f800000, 0x000000070fa00000, 0x000000070fa00000|100%| O|  |TAMS 0x000000070fa00000, 0x000000070f800000| Untracked 
|  46|0x000000070fa00000, 0x000000070fc00000, 0x000000070fc00000|100%| O|  |TAMS 0x000000070fc00000, 0x000000070fa00000| Untracked 
|  47|0x000000070fc00000, 0x000000070fe00000, 0x000000070fe00000|100%| O|  |TAMS 0x000000070fe00000, 0x000000070fc00000| Untracked 
|  48|0x000000070fe00000, 0x0000000710000000, 0x0000000710000000|100%| O|  |TAMS 0x0000000710000000, 0x000000070fe00000| Untracked 
|  49|0x0000000710000000, 0x0000000710200000, 0x0000000710200000|100%| O|  |TAMS 0x0000000710200000, 0x0000000710000000| Untracked 
|  50|0x0000000710200000, 0x0000000710400000, 0x0000000710400000|100%| O|  |TAMS 0x0000000710400000, 0x0000000710200000| Untracked 
|  51|0x0000000710400000, 0x0000000710600000, 0x0000000710600000|100%| O|  |TAMS 0x0000000710600000, 0x0000000710400000| Untracked 
|  52|0x0000000710600000, 0x0000000710800000, 0x0000000710800000|100%| O|  |TAMS 0x0000000710800000, 0x0000000710600000| Untracked 
|  53|0x0000000710800000, 0x0000000710a00000, 0x0000000710a00000|100%| O|  |TAMS 0x0000000710a00000, 0x0000000710800000| Untracked 
|  54|0x0000000710a00000, 0x0000000710c00000, 0x0000000710c00000|100%| O|  |TAMS 0x0000000710c00000, 0x0000000710a00000| Untracked 
|  55|0x0000000710c00000, 0x0000000710e00000, 0x0000000710e00000|100%| O|  |TAMS 0x0000000710e00000, 0x0000000710c00000| Untracked 
|  56|0x0000000710e00000, 0x0000000711000000, 0x0000000711000000|100%| O|  |TAMS 0x0000000711000000, 0x0000000710e00000| Untracked 
|  57|0x0000000711000000, 0x0000000711200000, 0x0000000711200000|100%| O|  |TAMS 0x0000000711200000, 0x0000000711000000| Untracked 
|  58|0x0000000711200000, 0x0000000711400000, 0x0000000711400000|100%| O|  |TAMS 0x0000000711400000, 0x0000000711200000| Untracked 
|  59|0x0000000711400000, 0x0000000711600000, 0x0000000711600000|100%| O|  |TAMS 0x0000000711600000, 0x0000000711400000| Untracked 
|  60|0x0000000711600000, 0x0000000711800000, 0x0000000711800000|100%| O|  |TAMS 0x0000000711800000, 0x0000000711600000| Untracked 
|  61|0x0000000711800000, 0x0000000711a00000, 0x0000000711a00000|100%| O|  |TAMS 0x0000000711a00000, 0x0000000711800000| Untracked 
|  62|0x0000000711a00000, 0x0000000711c00000, 0x0000000711c00000|100%| O|  |TAMS 0x0000000711c00000, 0x0000000711a00000| Untracked 
|  63|0x0000000711c00000, 0x0000000711e00000, 0x0000000711e00000|100%| O|  |TAMS 0x0000000711e00000, 0x0000000711c00000| Untracked 
|  64|0x0000000711e00000, 0x0000000712000000, 0x0000000712000000|100%| O|  |TAMS 0x0000000712000000, 0x0000000711e00000| Untracked 
|  65|0x0000000712000000, 0x0000000712200000, 0x0000000712200000|100%| O|  |TAMS 0x0000000712200000, 0x0000000712000000| Untracked 
|  66|0x0000000712200000, 0x0000000712400000, 0x0000000712400000|100%| O|  |TAMS 0x0000000712400000, 0x0000000712200000| Untracked 
|  67|0x0000000712400000, 0x0000000712600000, 0x0000000712600000|100%| O|  |TAMS 0x0000000712600000, 0x0000000712400000| Untracked 
|  68|0x0000000712600000, 0x0000000712800000, 0x0000000712800000|100%| O|  |TAMS 0x0000000712800000, 0x0000000712600000| Untracked 
|  69|0x0000000712800000, 0x0000000712a00000, 0x0000000712a00000|100%| O|  |TAMS 0x0000000712a00000, 0x0000000712800000| Untracked 
|  70|0x0000000712a00000, 0x0000000712c00000, 0x0000000712c00000|100%| O|  |TAMS 0x0000000712c00000, 0x0000000712a00000| Untracked 
|  71|0x0000000712c00000, 0x0000000712e00000, 0x0000000712e00000|100%| O|  |TAMS 0x0000000712e00000, 0x0000000712c00000| Untracked 
|  72|0x0000000712e00000, 0x0000000713000000, 0x0000000713000000|100%| O|  |TAMS 0x0000000712e00000, 0x0000000712e00000| Untracked 
|  73|0x0000000713000000, 0x0000000713200000, 0x0000000713200000|100%| O|  |TAMS 0x0000000713000000, 0x0000000713000000| Untracked 
|  74|0x0000000713200000, 0x0000000713400000, 0x0000000713400000|100%| O|  |TAMS 0x0000000713200000, 0x0000000713200000| Untracked 
|  75|0x0000000713400000, 0x0000000713600000, 0x0000000713600000|100%| O|  |TAMS 0x0000000713400000, 0x0000000713400000| Untracked 
|  76|0x0000000713600000, 0x0000000713800000, 0x0000000713800000|100%| O|  |TAMS 0x0000000713600000, 0x0000000713600000| Untracked 
|  77|0x0000000713800000, 0x0000000713a00000, 0x0000000713a00000|100%| O|  |TAMS 0x0000000713800000, 0x0000000713800000| Untracked 
|  78|0x0000000713a00000, 0x0000000713c00000, 0x0000000713c00000|100%| O|  |TAMS 0x0000000713a00000, 0x0000000713a00000| Untracked 
|  79|0x0000000713c00000, 0x0000000713ca4400, 0x0000000713e00000| 32%| O|  |TAMS 0x0000000713c00000, 0x0000000713c00000| Untracked 
|  80|0x0000000713e00000, 0x0000000713e00000, 0x0000000714000000|  0%| F|  |TAMS 0x0000000713e00000, 0x0000000713e00000| Untracked 
|  81|0x0000000714000000, 0x0000000714000000, 0x0000000714200000|  0%| F|  |TAMS 0x0000000714000000, 0x0000000714000000| Untracked 
|  82|0x0000000714200000, 0x0000000714200000, 0x0000000714400000|  0%| F|  |TAMS 0x0000000714200000, 0x0000000714200000| Untracked 
|  83|0x0000000714400000, 0x0000000714400000, 0x0000000714600000|  0%| F|  |TAMS 0x0000000714400000, 0x0000000714400000| Untracked 
|  84|0x0000000714600000, 0x0000000714600000, 0x0000000714800000|  0%| F|  |TAMS 0x0000000714600000, 0x0000000714600000| Untracked 
|  85|0x0000000714800000, 0x0000000714800000, 0x0000000714a00000|  0%| F|  |TAMS 0x0000000714800000, 0x0000000714800000| Untracked 
|  86|0x0000000714a00000, 0x0000000714a00000, 0x0000000714c00000|  0%| F|  |TAMS 0x0000000714a00000, 0x0000000714a00000| Untracked 
|  87|0x0000000714c00000, 0x0000000714c00000, 0x0000000714e00000|  0%| F|  |TAMS 0x0000000714c00000, 0x0000000714c00000| Untracked 
|  88|0x0000000714e00000, 0x0000000714e00000, 0x0000000715000000|  0%| F|  |TAMS 0x0000000714e00000, 0x0000000714e00000| Untracked 
|  89|0x0000000715000000, 0x0000000715000000, 0x0000000715200000|  0%| F|  |TAMS 0x0000000715000000, 0x0000000715000000| Untracked 
|  90|0x0000000715200000, 0x0000000715200000, 0x0000000715400000|  0%| F|  |TAMS 0x0000000715200000, 0x0000000715200000| Untracked 
|  91|0x0000000715400000, 0x0000000715400000, 0x0000000715600000|  0%| F|  |TAMS 0x0000000715400000, 0x0000000715400000| Untracked 
|  92|0x0000000715600000, 0x0000000715600000, 0x0000000715800000|  0%| F|  |TAMS 0x0000000715600000, 0x0000000715600000| Untracked 
|  93|0x0000000715800000, 0x0000000715800000, 0x0000000715a00000|  0%| F|  |TAMS 0x0000000715800000, 0x0000000715800000| Untracked 
|  94|0x0000000715a00000, 0x0000000715a00000, 0x0000000715c00000|  0%| F|  |TAMS 0x0000000715a00000, 0x0000000715a00000| Untracked 
|  95|0x0000000715c00000, 0x0000000715c00000, 0x0000000715e00000|  0%| F|  |TAMS 0x0000000715c00000, 0x0000000715c00000| Untracked 
|  96|0x0000000715e00000, 0x0000000715e00000, 0x0000000716000000|  0%| F|  |TAMS 0x0000000715e00000, 0x0000000715e00000| Untracked 
|  97|0x0000000716000000, 0x0000000716000000, 0x0000000716200000|  0%| F|  |TAMS 0x0000000716000000, 0x0000000716000000| Untracked 
|  98|0x0000000716200000, 0x0000000716200000, 0x0000000716400000|  0%| F|  |TAMS 0x0000000716200000, 0x0000000716200000| Untracked 
|  99|0x0000000716400000, 0x0000000716400000, 0x0000000716600000|  0%| F|  |TAMS 0x0000000716400000, 0x0000000716400000| Untracked 
| 100|0x0000000716600000, 0x0000000716600000, 0x0000000716800000|  0%| F|  |TAMS 0x0000000716600000, 0x0000000716600000| Untracked 
| 101|0x0000000716800000, 0x0000000716800000, 0x0000000716a00000|  0%| F|  |TAMS 0x0000000716800000, 0x0000000716800000| Untracked 
| 102|0x0000000716a00000, 0x0000000716a00000, 0x0000000716c00000|  0%| F|  |TAMS 0x0000000716a00000, 0x0000000716a00000| Untracked 
| 103|0x0000000716c00000, 0x0000000716c00000, 0x0000000716e00000|  0%| F|  |TAMS 0x0000000716c00000, 0x0000000716c00000| Untracked 
| 104|0x0000000716e00000, 0x0000000716e00000, 0x0000000717000000|  0%| F|  |TAMS 0x0000000716e00000, 0x0000000716e00000| Untracked 
| 105|0x0000000717000000, 0x0000000717000000, 0x0000000717200000|  0%| F|  |TAMS 0x0000000717000000, 0x0000000717000000| Untracked 
| 106|0x0000000717200000, 0x0000000717200000, 0x0000000717400000|  0%| F|  |TAMS 0x0000000717200000, 0x0000000717200000| Untracked 
| 107|0x0000000717400000, 0x0000000717400000, 0x0000000717600000|  0%| F|  |TAMS 0x0000000717400000, 0x0000000717400000| Untracked 
| 108|0x0000000717600000, 0x0000000717600000, 0x0000000717800000|  0%| F|  |TAMS 0x0000000717600000, 0x0000000717600000| Untracked 
| 109|0x0000000717800000, 0x0000000717800000, 0x0000000717a00000|  0%| F|  |TAMS 0x0000000717800000, 0x0000000717800000| Untracked 
| 110|0x0000000717a00000, 0x0000000717a00000, 0x0000000717c00000|  0%| F|  |TAMS 0x0000000717a00000, 0x0000000717a00000| Untracked 
| 111|0x0000000717c00000, 0x0000000717c00000, 0x0000000717e00000|  0%| F|  |TAMS 0x0000000717c00000, 0x0000000717c00000| Untracked 
| 112|0x0000000717e00000, 0x0000000717e00000, 0x0000000718000000|  0%| F|  |TAMS 0x0000000717e00000, 0x0000000717e00000| Untracked 
| 113|0x0000000718000000, 0x0000000718000000, 0x0000000718200000|  0%| F|  |TAMS 0x0000000718000000, 0x0000000718000000| Untracked 
| 114|0x0000000718200000, 0x0000000718200000, 0x0000000718400000|  0%| F|  |TAMS 0x0000000718200000, 0x0000000718200000| Untracked 
| 115|0x0000000718400000, 0x0000000718400000, 0x0000000718600000|  0%| F|  |TAMS 0x0000000718400000, 0x0000000718400000| Untracked 
| 116|0x0000000718600000, 0x0000000718600000, 0x0000000718800000|  0%| F|  |TAMS 0x0000000718600000, 0x0000000718600000| Untracked 
| 117|0x0000000718800000, 0x0000000718800000, 0x0000000718a00000|  0%| F|  |TAMS 0x0000000718800000, 0x0000000718800000| Untracked 
| 118|0x0000000718a00000, 0x0000000718a00000, 0x0000000718c00000|  0%| F|  |TAMS 0x0000000718a00000, 0x0000000718a00000| Untracked 
| 119|0x0000000718c00000, 0x0000000718c00000, 0x0000000718e00000|  0%| F|  |TAMS 0x0000000718c00000, 0x0000000718c00000| Untracked 
| 120|0x0000000718e00000, 0x0000000718e00000, 0x0000000719000000|  0%| F|  |TAMS 0x0000000718e00000, 0x0000000718e00000| Untracked 
| 121|0x0000000719000000, 0x0000000719000000, 0x0000000719200000|  0%| F|  |TAMS 0x0000000719000000, 0x0000000719000000| Untracked 
| 122|0x0000000719200000, 0x0000000719200000, 0x0000000719400000|  0%| F|  |TAMS 0x0000000719200000, 0x0000000719200000| Untracked 
| 123|0x0000000719400000, 0x0000000719400000, 0x0000000719600000|  0%| F|  |TAMS 0x0000000719400000, 0x0000000719400000| Untracked 
| 124|0x0000000719600000, 0x0000000719600000, 0x0000000719800000|  0%| F|  |TAMS 0x0000000719600000, 0x0000000719600000| Untracked 
| 125|0x0000000719800000, 0x0000000719800000, 0x0000000719a00000|  0%| F|  |TAMS 0x0000000719800000, 0x0000000719800000| Untracked 
| 126|0x0000000719a00000, 0x0000000719a00000, 0x0000000719c00000|  0%| F|  |TAMS 0x0000000719a00000, 0x0000000719a00000| Untracked 
| 127|0x0000000719c00000, 0x0000000719c00000, 0x0000000719e00000|  0%| F|  |TAMS 0x0000000719c00000, 0x0000000719c00000| Untracked 
| 128|0x0000000719e00000, 0x0000000719e00000, 0x000000071a000000|  0%| F|  |TAMS 0x0000000719e00000, 0x0000000719e00000| Untracked 
| 129|0x000000071a000000, 0x000000071a000000, 0x000000071a200000|  0%| F|  |TAMS 0x000000071a000000, 0x000000071a000000| Untracked 
| 130|0x000000071a200000, 0x000000071a200000, 0x000000071a400000|  0%| F|  |TAMS 0x000000071a200000, 0x000000071a200000| Untracked 
| 131|0x000000071a400000, 0x000000071a400000, 0x000000071a600000|  0%| F|  |TAMS 0x000000071a400000, 0x000000071a400000| Untracked 
| 132|0x000000071a600000, 0x000000071a600000, 0x000000071a800000|  0%| F|  |TAMS 0x000000071a600000, 0x000000071a600000| Untracked 
| 133|0x000000071a800000, 0x000000071a800000, 0x000000071aa00000|  0%| F|  |TAMS 0x000000071a800000, 0x000000071a800000| Untracked 
| 134|0x000000071aa00000, 0x000000071aa00000, 0x000000071ac00000|  0%| F|  |TAMS 0x000000071aa00000, 0x000000071aa00000| Untracked 
| 135|0x000000071ac00000, 0x000000071ac00000, 0x000000071ae00000|  0%| F|  |TAMS 0x000000071ac00000, 0x000000071ac00000| Untracked 
| 136|0x000000071ae00000, 0x000000071ae00000, 0x000000071b000000|  0%| F|  |TAMS 0x000000071ae00000, 0x000000071ae00000| Untracked 
| 137|0x000000071b000000, 0x000000071b000000, 0x000000071b200000|  0%| F|  |TAMS 0x000000071b000000, 0x000000071b000000| Untracked 
| 138|0x000000071b200000, 0x000000071b200000, 0x000000071b400000|  0%| F|  |TAMS 0x000000071b200000, 0x000000071b200000| Untracked 
| 139|0x000000071b400000, 0x000000071b400000, 0x000000071b600000|  0%| F|  |TAMS 0x000000071b400000, 0x000000071b400000| Untracked 
| 140|0x000000071b600000, 0x000000071b600000, 0x000000071b800000|  0%| F|  |TAMS 0x000000071b600000, 0x000000071b600000| Untracked 
| 141|0x000000071b800000, 0x000000071b800000, 0x000000071ba00000|  0%| F|  |TAMS 0x000000071b800000, 0x000000071b800000| Untracked 
| 142|0x000000071ba00000, 0x000000071ba00000, 0x000000071bc00000|  0%| F|  |TAMS 0x000000071ba00000, 0x000000071ba00000| Untracked 
| 143|0x000000071bc00000, 0x000000071bc00000, 0x000000071be00000|  0%| F|  |TAMS 0x000000071bc00000, 0x000000071bc00000| Untracked 
| 144|0x000000071be00000, 0x000000071be00000, 0x000000071c000000|  0%| F|  |TAMS 0x000000071be00000, 0x000000071be00000| Untracked 
| 145|0x000000071c000000, 0x000000071c000000, 0x000000071c200000|  0%| F|  |TAMS 0x000000071c000000, 0x000000071c000000| Untracked 
| 146|0x000000071c200000, 0x000000071c200000, 0x000000071c400000|  0%| F|  |TAMS 0x000000071c200000, 0x000000071c200000| Untracked 
| 147|0x000000071c400000, 0x000000071c400000, 0x000000071c600000|  0%| F|  |TAMS 0x000000071c400000, 0x000000071c400000| Untracked 
| 148|0x000000071c600000, 0x000000071c600000, 0x000000071c800000|  0%| F|  |TAMS 0x000000071c600000, 0x000000071c600000| Untracked 
| 149|0x000000071c800000, 0x000000071c800000, 0x000000071ca00000|  0%| F|  |TAMS 0x000000071c800000, 0x000000071c800000| Untracked 
| 150|0x000000071ca00000, 0x000000071ca00000, 0x000000071cc00000|  0%| F|  |TAMS 0x000000071ca00000, 0x000000071ca00000| Untracked 
| 151|0x000000071cc00000, 0x000000071cc00000, 0x000000071ce00000|  0%| F|  |TAMS 0x000000071cc00000, 0x000000071cc00000| Untracked 
| 152|0x000000071ce00000, 0x000000071ce00000, 0x000000071d000000|  0%| F|  |TAMS 0x000000071ce00000, 0x000000071ce00000| Untracked 
| 153|0x000000071d000000, 0x000000071d000000, 0x000000071d200000|  0%| F|  |TAMS 0x000000071d000000, 0x000000071d000000| Untracked 
| 154|0x000000071d200000, 0x000000071d200000, 0x000000071d400000|  0%| F|  |TAMS 0x000000071d200000, 0x000000071d200000| Untracked 
| 155|0x000000071d400000, 0x000000071d400000, 0x000000071d600000|  0%| F|  |TAMS 0x000000071d400000, 0x000000071d400000| Untracked 
| 156|0x000000071d600000, 0x000000071d600000, 0x000000071d800000|  0%| F|  |TAMS 0x000000071d600000, 0x000000071d600000| Untracked 
| 157|0x000000071d800000, 0x000000071d94ad00, 0x000000071da00000| 64%| E|  |TAMS 0x000000071d800000, 0x000000071d800000| Complete 
| 158|0x000000071da00000, 0x000000071dc00000, 0x000000071dc00000|100%| E|CS|TAMS 0x000000071da00000, 0x000000071da00000| Complete 
| 159|0x000000071dc00000, 0x000000071de00000, 0x000000071de00000|100%| E|CS|TAMS 0x000000071dc00000, 0x000000071dc00000| Complete 
| 160|0x000000071de00000, 0x000000071e000000, 0x000000071e000000|100%| E|CS|TAMS 0x000000071de00000, 0x000000071de00000| Complete 
| 161|0x000000071e000000, 0x000000071e200000, 0x000000071e200000|100%| E|CS|TAMS 0x000000071e000000, 0x000000071e000000| Complete 
| 162|0x000000071e200000, 0x000000071e400000, 0x000000071e400000|100%| E|CS|TAMS 0x000000071e200000, 0x000000071e200000| Complete 
| 163|0x000000071e400000, 0x000000071e600000, 0x000000071e600000|100%| E|CS|TAMS 0x000000071e400000, 0x000000071e400000| Complete 
| 164|0x000000071e600000, 0x000000071e800000, 0x000000071e800000|100%| E|CS|TAMS 0x000000071e600000, 0x000000071e600000| Complete 
| 165|0x000000071e800000, 0x000000071ea00000, 0x000000071ea00000|100%| E|CS|TAMS 0x000000071e800000, 0x000000071e800000| Complete 
| 166|0x000000071ea00000, 0x000000071ec00000, 0x000000071ec00000|100%| E|CS|TAMS 0x000000071ea00000, 0x000000071ea00000| Complete 
| 167|0x000000071ec00000, 0x000000071ee00000, 0x000000071ee00000|100%| E|CS|TAMS 0x000000071ec00000, 0x000000071ec00000| Complete 
| 168|0x000000071ee00000, 0x000000071f000000, 0x000000071f000000|100%| E|CS|TAMS 0x000000071ee00000, 0x000000071ee00000| Complete 
| 169|0x000000071f000000, 0x000000071f200000, 0x000000071f200000|100%| E|CS|TAMS 0x000000071f000000, 0x000000071f000000| Complete 
| 170|0x000000071f200000, 0x000000071f400000, 0x000000071f400000|100%| E|CS|TAMS 0x000000071f200000, 0x000000071f200000| Complete 
| 171|0x000000071f400000, 0x000000071f600000, 0x000000071f600000|100%| E|CS|TAMS 0x000000071f400000, 0x000000071f400000| Complete 
| 172|0x000000071f600000, 0x000000071f800000, 0x000000071f800000|100%| E|CS|TAMS 0x000000071f600000, 0x000000071f600000| Complete 
| 173|0x000000071f800000, 0x000000071fa00000, 0x000000071fa00000|100%| E|CS|TAMS 0x000000071f800000, 0x000000071f800000| Complete 
| 174|0x000000071fa00000, 0x000000071fc00000, 0x000000071fc00000|100%| E|CS|TAMS 0x000000071fa00000, 0x000000071fa00000| Complete 
| 175|0x000000071fc00000, 0x000000071fe00000, 0x000000071fe00000|100%| E|CS|TAMS 0x000000071fc00000, 0x000000071fc00000| Complete 
| 176|0x000000071fe00000, 0x0000000720000000, 0x0000000720000000|100%| E|CS|TAMS 0x000000071fe00000, 0x000000071fe00000| Complete 
| 177|0x0000000720000000, 0x0000000720200000, 0x0000000720200000|100%| E|CS|TAMS 0x0000000720000000, 0x0000000720000000| Complete 
| 178|0x0000000720200000, 0x0000000720400000, 0x0000000720400000|100%| E|CS|TAMS 0x0000000720200000, 0x0000000720200000| Complete 
| 179|0x0000000720400000, 0x0000000720600000, 0x0000000720600000|100%| E|CS|TAMS 0x0000000720400000, 0x0000000720400000| Complete 
| 180|0x0000000720600000, 0x0000000720800000, 0x0000000720800000|100%| E|  |TAMS 0x0000000720600000, 0x0000000720600000| Complete 
| 181|0x0000000720800000, 0x0000000720a00000, 0x0000000720a00000|100%| E|CS|TAMS 0x0000000720800000, 0x0000000720800000| Complete 
| 182|0x0000000720a00000, 0x0000000720c00000, 0x0000000720c00000|100%| E|CS|TAMS 0x0000000720a00000, 0x0000000720a00000| Complete 
| 183|0x0000000720c00000, 0x0000000720e00000, 0x0000000720e00000|100%| E|CS|TAMS 0x0000000720c00000, 0x0000000720c00000| Complete 
| 184|0x0000000720e00000, 0x0000000721000000, 0x0000000721000000|100%| E|CS|TAMS 0x0000000720e00000, 0x0000000720e00000| Complete 
| 185|0x0000000721000000, 0x0000000721200000, 0x0000000721200000|100%| E|CS|TAMS 0x0000000721000000, 0x0000000721000000| Complete 
| 186|0x0000000721200000, 0x0000000721400000, 0x0000000721400000|100%| E|CS|TAMS 0x0000000721200000, 0x0000000721200000| Complete 
| 187|0x0000000721400000, 0x0000000721600000, 0x0000000721600000|100%| E|CS|TAMS 0x0000000721400000, 0x0000000721400000| Complete 
| 188|0x0000000721600000, 0x0000000721691f70, 0x0000000721800000| 28%| S|CS|TAMS 0x0000000721600000, 0x0000000721600000| Complete 
| 189|0x0000000721800000, 0x0000000721a00000, 0x0000000721a00000|100%| S|CS|TAMS 0x0000000721800000, 0x0000000721800000| Complete 
| 190|0x0000000721a00000, 0x0000000721c00000, 0x0000000721c00000|100%| E|CS|TAMS 0x0000000721a00000, 0x0000000721a00000| Complete 

Card table byte_map: [0x000001c07ea80000,0x000001c07f240000] _byte_map_base: 0x000001c07b231000

Marking Bits (Prev, Next): (CMBitMap*) 0x000001c07da0b940, (CMBitMap*) 0x000001c07da0b900
 Prev Bits: [0x000001c01a7b0000, 0x000001c01e538000)
 Next Bits: [0x000001c016a20000, 0x000001c01a7a8000)

Polling page: 0x000001c07d140000

Metaspace:

Usage:
  Non-class:     59.93 MB used.
      Class:      9.54 MB used.
       Both:     69.47 MB used.

Virtual space:
  Non-class space:       64.00 MB reserved,      60.56 MB ( 95%) committed,  8 nodes.
      Class space:        1.00 GB reserved,      10.06 MB ( <1%) committed,  1 nodes.
             Both:        1.06 GB reserved,      70.62 MB (  6%) committed. 

Chunk freelists:
   Non-Class:  3.43 MB
       Class:  1.78 MB
        Both:  5.21 MB

MaxMetaspaceSize: unlimited
CompressedClassSpaceSize: 1.00 GB
Initial GC threshold: 21.00 MB
Current GC threshold: 98.75 MB
CDS: on
MetaspaceReclaimPolicy: balanced
 - commit_granule_bytes: 65536.
 - commit_granule_words: 8192.
 - virtual_space_node_default_size: 1048576.
 - enlarge_chunks_in_place: 1.
 - new_chunks_are_fully_committed: 0.
 - uncommit_free_chunks: 1.
 - use_allocation_guard: 0.
 - handle_deallocations: 1.


Internal statistics:

num_allocs_failed_limit: 12.
num_arena_births: 1712.
num_arena_deaths: 0.
num_vsnodes_births: 9.
num_vsnodes_deaths: 0.
num_space_committed: 1127.
num_space_uncommitted: 0.
num_chunks_returned_to_freelist: 12.
num_chunks_taken_from_freelist: 4591.
num_chunk_merges: 12.
num_chunk_splits: 3029.
num_chunks_enlarged: 2062.
num_purges: 0.
num_inconsistent_stats: 0.

CodeHeap 'non-profiled nmethods': size=119168Kb used=7794Kb max_used=7794Kb free=111373Kb
 bounds [0x000001c00f5c0000, 0x000001c00fd60000, 0x000001c016a20000]
CodeHeap 'profiled nmethods': size=119104Kb used=13377Kb max_used=13520Kb free=105726Kb
 bounds [0x000001c008170000, 0x000001c008eb0000, 0x000001c00f5c0000]
CodeHeap 'non-nmethods': size=7488Kb used=3651Kb max_used=3696Kb free=3836Kb
 bounds [0x000001c007a20000, 0x000001c007dc0000, 0x000001c008170000]
 total_blobs=9436 nmethods=7952 adapters=1392
 compilation: enabled
              stopped_count=0, restarted_count=0
 full_count=0

Compilation events (20 events):
Event: 11.734 Thread 0x000001c0270c99c0 10068       4       org.objectweb.asm.tree.MethodNode::accept (60 bytes)
Event: 11.736 Thread 0x000001c02128baa0 10070       4       java.net.URL::equals (27 bytes)
Event: 11.736 Thread 0x000001c020b6c010 10072       3       java.lang.invoke.AbstractValidatingLambdaMetafactory::isAdaptableTo (126 bytes)
Event: 11.737 Thread 0x000001c020b6c010 nmethod 10072 0x000001c0083fbf90 code [0x000001c0083fc220, 0x000001c0083fcc68]
Event: 11.737 Thread 0x000001c02128baa0 nmethod 10070 0x000001c00fd5b190 code [0x000001c00fd5b320, 0x000001c00fd5b5e8]
Event: 11.738 Thread 0x000001c0270c99c0 nmethod 10068 0x000001c00fd5b810 code [0x000001c00fd5b9c0, 0x000001c00fd5bf88]
Event: 11.751 Thread 0x000001c020b6c010 10073       3       sun.misc.Unsafe::getInt (9 bytes)
Event: 11.751 Thread 0x000001c0224c1c00 10074       3       org.lwjgl.system.CustomBuffer::address (19 bytes)
Event: 11.751 Thread 0x000001c0226d9450 10075       3       org.lwjgl.system.StructBuffer::sizeof (8 bytes)
Event: 11.751 Thread 0x000001c020b7d6e0 10076       3       org.lwjgl.glfw.GLFWVidMode$Buffer::getElementFactory (5 bytes)
Event: 11.751 Thread 0x000001c020b7d6e0 nmethod 10076 0x000001c0083fbb90 code [0x000001c0083fbd20, 0x000001c0083fbe98]
Event: 11.751 Thread 0x000001c020b6c010 nmethod 10073 0x000001c0083fb810 code [0x000001c0083fb9a0, 0x000001c0083fbab8]
Event: 11.751 Thread 0x000001c020b7d6e0 10077       3       org.lwjgl.glfw.GLFWVidMode$Buffer::getElementFactory (4 bytes)
Event: 11.751 Thread 0x000001c0226d9450 nmethod 10075 0x000001c0083fb310 code [0x000001c0083fb4c0, 0x000001c0083fb6f8]
Event: 11.751 Thread 0x000001c020b6c010 10078       3       org.lwjgl.glfw.GLFWVidMode::sizeof (4 bytes)
Event: 11.751 Thread 0x000001c0224c1c00 nmethod 10074 0x000001c0083fae10 code [0x000001c0083fafc0, 0x000001c0083fb228]
Event: 11.751 Thread 0x000001c020b7d6e0 nmethod 10077 0x000001c0083faa90 code [0x000001c0083fac20, 0x000001c0083fad38]
Event: 11.751 Thread 0x000001c020b6c010 nmethod 10078 0x000001c0083fa710 code [0x000001c0083fa8a0, 0x000001c0083fa9b8]
Event: 11.755 Thread 0x000001c0226d9450 10079       3       java.util.EnumMap::isValidKey (36 bytes)
Event: 11.755 Thread 0x000001c0226d9450 nmethod 10079 0x000001c0083fa210 code [0x000001c0083fa3c0, 0x000001c0083fa648]

GC Heap History (20 events):
Event: 6.497 GC heap before
{Heap before GC invocations=12 (full 0):
 garbage-first heap   total 294912K, used 252138K [0x0000000709e00000, 0x0000000800000000)
  region size 2048K, 83 young (169984K), 3 survivors (6144K)
 Metaspace       used 32153K, committed 33088K, reserved 1081344K
  class space    used 3984K, committed 4416K, reserved 1048576K
}
Event: 6.502 GC heap after
{Heap after GC invocations=13 (full 0):
 garbage-first heap   total 294912K, used 91874K [0x0000000709e00000, 0x0000000800000000)
  region size 2048K, 5 young (10240K), 5 survivors (10240K)
 Metaspace       used 32153K, committed 33088K, reserved 1081344K
  class space    used 3984K, committed 4416K, reserved 1048576K
}
Event: 7.174 GC heap before
{Heap before GC invocations=13 (full 0):
 garbage-first heap   total 294912K, used 210658K [0x0000000709e00000, 0x0000000800000000)
  region size 2048K, 65 young (133120K), 5 survivors (10240K)
 Metaspace       used 35098K, committed 35968K, reserved 1081344K
  class space    used 4267K, committed 4672K, reserved 1048576K
}
Event: 7.180 GC heap after
{Heap after GC invocations=14 (full 0):
 garbage-first heap   total 294912K, used 93493K [0x0000000709e00000, 0x0000000800000000)
  region size 2048K, 5 young (10240K), 5 survivors (10240K)
 Metaspace       used 35098K, committed 35968K, reserved 1081344K
  class space    used 4267K, committed 4672K, reserved 1048576K
}
Event: 8.146 GC heap before
{Heap before GC invocations=15 (full 0):
 garbage-first heap   total 294912K, used 245045K [0x0000000709e00000, 0x0000000800000000)
  region size 2048K, 79 young (161792K), 5 survivors (10240K)
 Metaspace       used 42554K, committed 43520K, reserved 1089536K
  class space    used 5410K, committed 5824K, reserved 1048576K
}
Event: 8.156 GC heap after
{Heap after GC invocations=16 (full 0):
 garbage-first heap   total 294912K, used 102265K [0x0000000709e00000, 0x0000000800000000)
  region size 2048K, 10 young (20480K), 10 survivors (20480K)
 Metaspace       used 42554K, committed 43520K, reserved 1089536K
  class space    used 5410K, committed 5824K, reserved 1048576K
}
Event: 8.602 GC heap before
{Heap before GC invocations=16 (full 0):
 garbage-first heap   total 294912K, used 239481K [0x0000000709e00000, 0x0000000800000000)
  region size 2048K, 77 young (157696K), 10 survivors (20480K)
 Metaspace       used 43951K, committed 44928K, reserved 1089536K
  class space    used 5601K, committed 6016K, reserved 1048576K
}
Event: 8.627 GC heap after
{Heap after GC invocations=17 (full 0):
 garbage-first heap   total 294912K, used 115939K [0x0000000709e00000, 0x0000000800000000)
  region size 2048K, 10 young (20480K), 10 survivors (20480K)
 Metaspace       used 43951K, committed 44928K, reserved 1089536K
  class space    used 5601K, committed 6016K, reserved 1048576K
}
Event: 8.902 GC heap before
{Heap before GC invocations=17 (full 0):
 garbage-first heap   total 294912K, used 236771K [0x0000000709e00000, 0x0000000800000000)
  region size 2048K, 69 young (141312K), 10 survivors (20480K)
 Metaspace       used 44743K, committed 45696K, reserved 1089536K
  class space    used 5684K, committed 6080K, reserved 1048576K
}
Event: 8.917 GC heap after
{Heap after GC invocations=18 (full 0):
 garbage-first heap   total 294912K, used 130420K [0x0000000709e00000, 0x0000000800000000)
  region size 2048K, 7 young (14336K), 7 survivors (14336K)
 Metaspace       used 44743K, committed 45696K, reserved 1089536K
  class space    used 5684K, committed 6080K, reserved 1048576K
}
Event: 9.525 GC heap before
{Heap before GC invocations=18 (full 0):
 garbage-first heap   total 294912K, used 236916K [0x0000000709e00000, 0x0000000800000000)
  region size 2048K, 59 young (120832K), 7 survivors (14336K)
 Metaspace       used 50306K, committed 51264K, reserved 1097728K
  class space    used 6446K, committed 6848K, reserved 1048576K
}
Event: 9.541 GC heap after
{Heap after GC invocations=19 (full 0):
 garbage-first heap   total 294912K, used 146162K [0x0000000709e00000, 0x0000000800000000)
  region size 2048K, 8 young (16384K), 8 survivors (16384K)
 Metaspace       used 50306K, committed 51264K, reserved 1097728K
  class space    used 6446K, committed 6848K, reserved 1048576K
}
Event: 10.242 GC heap before
{Heap before GC invocations=19 (full 0):
 garbage-first heap   total 294912K, used 234226K [0x0000000709e00000, 0x0000000800000000)
  region size 2048K, 51 young (104448K), 8 survivors (16384K)
 Metaspace       used 57921K, committed 58880K, reserved 1105920K
  class space    used 7838K, committed 8256K, reserved 1048576K
}
Event: 10.253 GC heap after
{Heap after GC invocations=20 (full 0):
 garbage-first heap   total 391168K, used 156111K [0x0000000709e00000, 0x0000000800000000)
  region size 2048K, 5 young (10240K), 5 survivors (10240K)
 Metaspace       used 57921K, committed 58880K, reserved 1105920K
  class space    used 7838K, committed 8256K, reserved 1048576K
}
Event: 10.385 GC heap before
{Heap before GC invocations=20 (full 0):
 garbage-first heap   total 391168K, used 168399K [0x0000000709e00000, 0x0000000800000000)
  region size 2048K, 12 young (24576K), 5 survivors (10240K)
 Metaspace       used 59201K, committed 60160K, reserved 1105920K
  class space    used 8038K, committed 8448K, reserved 1048576K
}
Event: 10.393 GC heap after
{Heap after GC invocations=21 (full 0):
 garbage-first heap   total 391168K, used 155949K [0x0000000709e00000, 0x0000000800000000)
  region size 2048K, 5 young (10240K), 5 survivors (10240K)
 Metaspace       used 59201K, committed 60160K, reserved 1105920K
  class space    used 8038K, committed 8448K, reserved 1048576K
}
Event: 11.246 GC heap before
{Heap before GC invocations=22 (full 0):
 garbage-first heap   total 391168K, used 297261K [0x0000000709e00000, 0x0000000800000000)
  region size 2048K, 74 young (151552K), 5 survivors (10240K)
 Metaspace       used 67193K, committed 68288K, reserved 1114112K
  class space    used 9263K, committed 9728K, reserved 1048576K
}
Event: 11.253 GC heap after
{Heap after GC invocations=23 (full 0):
 garbage-first heap   total 391168K, used 162179K [0x0000000709e00000, 0x0000000800000000)
  region size 2048K, 8 young (16384K), 8 survivors (16384K)
 Metaspace       used 67193K, committed 68288K, reserved 1114112K
  class space    used 9263K, committed 9728K, reserved 1048576K
}
Event: 11.265 GC heap before
{Heap before GC invocations=23 (full 0):
 garbage-first heap   total 391168K, used 164227K [0x0000000709e00000, 0x0000000800000000)
  region size 2048K, 9 young (18432K), 8 survivors (16384K)
 Metaspace       used 67270K, committed 68352K, reserved 1114112K
  class space    used 9271K, committed 9728K, reserved 1048576K
}
Event: 11.270 GC heap after
{Heap after GC invocations=24 (full 0):
 garbage-first heap   total 391168K, used 163032K [0x0000000709e00000, 0x0000000800000000)
  region size 2048K, 2 young (4096K), 2 survivors (4096K)
 Metaspace       used 67270K, committed 68352K, reserved 1114112K
  class space    used 9271K, committed 9728K, reserved 1048576K
}

Dll operation events (14 events):
Event: 0.014 Loaded shared library C:\Program Files\Eclipse Adoptium\jdk-17.0.5.8-hotspot\bin\java.dll
Event: 0.026 Loaded shared library C:\Program Files\Eclipse Adoptium\jdk-17.0.5.8-hotspot\bin\jsvml.dll
Event: 0.152 Loaded shared library C:\Program Files\Eclipse Adoptium\jdk-17.0.5.8-hotspot\bin\net.dll
Event: 0.154 Loaded shared library C:\Program Files\Eclipse Adoptium\jdk-17.0.5.8-hotspot\bin\nio.dll
Event: 0.158 Loaded shared library C:\Program Files\Eclipse Adoptium\jdk-17.0.5.8-hotspot\bin\zip.dll
Event: 0.201 Loaded shared library C:\Program Files\Eclipse Adoptium\jdk-17.0.5.8-hotspot\bin\zip.dll
Event: 0.203 Loaded shared library C:\Program Files\Eclipse Adoptium\jdk-17.0.5.8-hotspot\bin\instrument.dll
Event: 0.341 Loaded shared library C:\Program Files\JetBrains\IntelliJ IDEA Community Edition 2022.2.3\bin\breakgen64.dll
Event: 0.359 Loaded shared library C:\Program Files\Eclipse Adoptium\jdk-17.0.5.8-hotspot\bin\jimage.dll
Event: 0.584 Loaded shared library C:\Program Files\Eclipse Adoptium\jdk-17.0.5.8-hotspot\bin\verify.dll
Event: 2.606 Loaded shared library C:\Program Files\Eclipse Adoptium\jdk-17.0.5.8-hotspot\bin\management.dll
Event: 2.611 Loaded shared library C:\Program Files\Eclipse Adoptium\jdk-17.0.5.8-hotspot\bin\management_ext.dll
Event: 6.105 Loaded shared library C:\Users\dango\AppData\Local\Temp\jna-95350841\jna10969169045356889868.dll
Event: 11.358 Loaded shared library C:\Users\dango\AppData\Local\Temp\lwjgldango\3.3.1-build-7\lwjgl.dll

Deoptimization events (20 events):
Event: 11.668 Thread 0x000001c07d99c1d0 DEOPT PACKING pc=0x000001c00f8f5200 sp=0x0000003f138fe2d0
Event: 11.668 Thread 0x000001c07d99c1d0 DEOPT UNPACKING pc=0x000001c007a723a3 sp=0x0000003f138fe208 mode 2
Event: 11.668 Thread 0x000001c07d99c1d0 Uncommon trap: trap_request=0xffffff45 fr.pc=0x000001c00fa9c700 relative=0x0000000000000080
Event: 11.668 Thread 0x000001c07d99c1d0 Uncommon trap: reason=unstable_if action=reinterpret pc=0x000001c00fa9c700 method=java.util.EnumMap.isValidKey(Ljava/lang/Object;)Z @ 16 c2
Event: 11.668 Thread 0x000001c07d99c1d0 DEOPT PACKING pc=0x000001c00fa9c700 sp=0x0000003f138fe280
Event: 11.668 Thread 0x000001c07d99c1d0 DEOPT UNPACKING pc=0x000001c007a723a3 sp=0x0000003f138fe210 mode 2
Event: 11.668 Thread 0x000001c07d99c1d0 Uncommon trap: trap_request=0xffffff45 fr.pc=0x000001c00fc4bb04 relative=0x00000000000002e4
Event: 11.668 Thread 0x000001c07d99c1d0 Uncommon trap: reason=unstable_if action=reinterpret pc=0x000001c00fc4bb04 method=java.lang.invoke.AbstractValidatingLambdaMetafactory.isAdaptableTo(Ljava/lang/Class;Ljava/lang/Class;Z)Z @ 81 c2
Event: 11.668 Thread 0x000001c07d99c1d0 DEOPT PACKING pc=0x000001c00fc4bb04 sp=0x0000003f138fd230
Event: 11.668 Thread 0x000001c07d99c1d0 DEOPT UNPACKING pc=0x000001c007a723a3 sp=0x0000003f138fd1c0 mode 2
Event: 11.668 Thread 0x000001c07d99c1d0 Uncommon trap: trap_request=0xffffff45 fr.pc=0x000001c00f71834c relative=0x0000000000000dcc
Event: 11.668 Thread 0x000001c07d99c1d0 Uncommon trap: reason=unstable_if action=reinterpret pc=0x000001c00f71834c method=java.lang.invoke.TypeConvertingMethodAdapter.convertType(Ljava/lang/Class;Ljava/lang/Class;Ljava/lang/Class;)V @ 186 c2
Event: 11.668 Thread 0x000001c07d99c1d0 DEOPT PACKING pc=0x000001c00f71834c sp=0x0000003f138fd0f0
Event: 11.668 Thread 0x000001c07d99c1d0 DEOPT UNPACKING pc=0x000001c007a723a3 sp=0x0000003f138fd090 mode 2
Event: 11.700 Thread 0x000001c07d99c1d0 DEOPT PACKING pc=0x000001c008361d52 sp=0x0000003f138fd460
Event: 11.700 Thread 0x000001c07d99c1d0 DEOPT UNPACKING pc=0x000001c007a72b43 sp=0x0000003f138fc8f8 mode 0
Event: 11.753 Thread 0x000001c07d99c1d0 Uncommon trap: trap_request=0xffffffbe fr.pc=0x000001c00fd4ccc0 relative=0x00000000000001a0
Event: 11.753 Thread 0x000001c07d99c1d0 Uncommon trap: reason=profile_predicate action=maybe_recompile pc=0x000001c00fd4ccc0 method=sun.security.provider.DigestBase.implCompressMultiBlock0([BII)I @ 2 c2
Event: 11.753 Thread 0x000001c07d99c1d0 DEOPT PACKING pc=0x000001c00fd4ccc0 sp=0x0000003f138fcf10
Event: 11.753 Thread 0x000001c07d99c1d0 DEOPT UNPACKING pc=0x000001c007a723a3 sp=0x0000003f138fced8 mode 2

Classes unloaded (0 events):
No events

Classes redefined (0 events):
No events

Internal exceptions (20 events):
Event: 11.370 Thread 0x000001c07d99c1d0 Exception <a 'sun/nio/fs/WindowsException'{0x000000072091f600}> (0x000000072091f600) 
thrown [s\src\hotspot\share\prims\jni.cpp, line 516]
Event: 11.370 Thread 0x000001c07d99c1d0 Exception <a 'sun/nio/fs/WindowsException'{0x000000072091f990}> (0x000000072091f990) 
thrown [s\src\hotspot\share\prims\jni.cpp, line 516]
Event: 11.384 Thread 0x000001c07d99c1d0 Exception <a 'java/lang/NoSuchMethodError'{0x00000007206910b8}: 'void java.lang.invoke.DirectMethodHandle$Holder.invokeInterface(java.lang.Object, java.lang.Object, int)'> (0x00000007206910b8) 
thrown [s\src\hotspot\share\interpreter\linkResolver.cpp, line 759]
Event: 11.385 Thread 0x000001c07d99c1d0 Exception <a 'java/lang/NoSuchMethodError'{0x00000007206ac430}: 'void java.lang.invoke.DirectMethodHandle$Holder.invokeStatic(java.lang.Object, java.lang.Object, int)'> (0x00000007206ac430) 
thrown [s\src\hotspot\share\interpreter\linkResolver.cpp, line 759]
Event: 11.385 Thread 0x000001c07d99c1d0 Exception <a 'java/lang/NoSuchMethodError'{0x00000007206afab0}: 'void java.lang.invoke.DirectMethodHandle$Holder.invokeStaticInit(java.lang.Object, java.lang.Object, int)'> (0x00000007206afab0) 
thrown [s\src\hotspot\share\interpreter\linkResolver.cpp, line 759]
Event: 11.497 Thread 0x000001c07d99c1d0 Exception <a 'java/lang/NoSuchMethodError'{0x000000071f4db550}: 'long java.lang.invoke.DirectMethodHandle$Holder.invokeSpecial(java.lang.Object, java.lang.Object)'> (0x000000071f4db550) 
thrown [s\src\hotspot\share\interpreter\linkResolver.cpp, line 759]
Event: 11.504 Thread 0x000001c07d99c1d0 Exception <a 'sun/nio/fs/WindowsException'{0x000000071f56eb78}> (0x000000071f56eb78) 
thrown [s\src\hotspot\share\prims\jni.cpp, line 516]
Event: 11.504 Thread 0x000001c07d99c1d0 Exception <a 'sun/nio/fs/WindowsException'{0x000000071f570538}> (0x000000071f570538) 
thrown [s\src\hotspot\share\prims\jni.cpp, line 516]
Event: 11.633 Thread 0x000001c07d99c1d0 Exception <a 'java/lang/NoSuchMethodError'{0x000000071e5a5f80}: 'int java.lang.invoke.DirectMethodHandle$Holder.invokeStatic(java.lang.Object)'> (0x000000071e5a5f80) 
thrown [s\src\hotspot\share\interpreter\linkResolver.cpp, line 759]
Event: 11.666 Thread 0x000001c07d99c1d0 Exception <a 'java/lang/NoSuchMethodError'{0x000000071e1ecaa0}: 'java.lang.Object java.lang.invoke.Invokers$Holder.linkToTargetMethod(java.lang.Object, int, java.lang.Object, java.lang.Object)'> (0x000000071e1ecaa0) 
thrown [s\src\hotspot\share\interpreter\linkResolver.cpp, line 759]
Event: 11.674 Thread 0x000001c07d99c1d0 Exception <a 'java/lang/NoSuchMethodError'{0x000000071de9edb8}: 'int java.lang.invoke.DirectMethodHandle$Holder.invokeStaticInit(java.lang.Object)'> (0x000000071de9edb8) 
thrown [s\src\hotspot\share\interpreter\linkResolver.cpp, line 759]
Event: 11.675 Thread 0x000001c07d99c1d0 Exception <a 'java/lang/NoSuchMethodError'{0x000000071dea63f0}: 'int java.lang.invoke.Invokers$Holder.invokeExact_MT(java.lang.Object, java.lang.Object)'> (0x000000071dea63f0) 
thrown [s\src\hotspot\share\interpreter\linkResolver.cpp, line 759]
Event: 11.680 Thread 0x000001c07d99c1d0 Exception <a 'sun/nio/fs/WindowsException'{0x000000071dfbf848}> (0x000000071dfbf848) 
thrown [s\src\hotspot\share\prims\jni.cpp, line 516]
Event: 11.680 Thread 0x000001c07d99c1d0 Exception <a 'sun/nio/fs/WindowsException'{0x000000071dfbfba8}> (0x000000071dfbfba8) 
thrown [s\src\hotspot\share\prims\jni.cpp, line 516]
Event: 11.687 Thread 0x000001c07d99c1d0 Exception <a 'java/lang/NoSuchMethodError'{0x000000071dc52b88}: 'java.lang.Object java.lang.invoke.DirectMethodHandle$Holder.invokeInterface(java.lang.Object, java.lang.Object, double)'> (0x000000071dc52b88) 
thrown [s\src\hotspot\share\interpreter\linkResolver.cpp, line 759]
Event: 11.687 Thread 0x000001c07d99c1d0 Exception <a 'java/lang/NoSuchMethodError'{0x000000071dc593d0}: 'double java.lang.invoke.DirectMethodHandle$Holder.invokeInterface(java.lang.Object, java.lang.Object, java.lang.Object)'> (0x000000071dc593d0) 
thrown [s\src\hotspot\share\interpreter\linkResolver.cpp, line 759]
Event: 11.731 Thread 0x000001c07d99c1d0 Exception <a 'java/lang/NoSuchMethodError'{0x000000071db3f678}: 'long java.lang.invoke.DirectMethodHandle$Holder.invokeInterface(java.lang.Object, java.lang.Object)'> (0x000000071db3f678) 
thrown [s\src\hotspot\share\interpreter\linkResolver.cpp, line 759]
Event: 11.735 Thread 0x000001c07d99c1d0 Exception <a 'java/lang/NoSuchMethodError'{0x000000071dbab648}: 'java.lang.Object java.lang.invoke.DirectMethodHandle$Holder.newInvokeSpecial(java.lang.Object, long)'> (0x000000071dbab648) 
thrown [s\src\hotspot\share\interpreter\linkResolver.cpp, line 759]
Event: 11.755 Thread 0x000001c07d99c1d0 Exception <a 'java/lang/NoSuchMethodError'{0x000000071d865ce8}: 'void java.lang.invoke.DirectMethodHandle$Holder.invokeSpecial(java.lang.Object, java.lang.Object, int, long)'> (0x000000071d865ce8) 
thrown [s\src\hotspot\share\interpreter\linkResolver.cpp, line 759]
Event: 11.756 Thread 0x000001c07d99c1d0 Exception <a 'java/lang/NoSuchMethodError'{0x000000071d86bc60}: 'void java.lang.invoke.DirectMethodHandle$Holder.invokeStatic(java.lang.Object, int, long)'> (0x000000071d86bc60) 
thrown [s\src\hotspot\share\interpreter\linkResolver.cpp, line 759]

VM Operations (20 events):
Event: 10.385 Executing VM operation: CollectForMetadataAllocation
Event: 10.393 Executing VM operation: CollectForMetadataAllocation done
Event: 10.428 Executing VM operation: CollectForMetadataAllocation
Event: 10.428 Executing VM operation: CollectForMetadataAllocation done
Event: 10.446 Executing VM operation: G1Concurrent
Event: 10.459 Executing VM operation: G1Concurrent done
Event: 10.480 Executing VM operation: G1Concurrent
Event: 10.480 Executing VM operation: G1Concurrent done
Event: 10.668 Executing VM operation: HandshakeAllThreads
Event: 10.669 Executing VM operation: HandshakeAllThreads done
Event: 10.711 Executing VM operation: HandshakeAllThreads
Event: 10.711 Executing VM operation: HandshakeAllThreads done
Event: 10.876 Executing VM operation: ICBufferFull
Event: 10.876 Executing VM operation: ICBufferFull done
Event: 11.246 Executing VM operation: G1CollectForAllocation
Event: 11.253 Executing VM operation: G1CollectForAllocation done
Event: 11.265 Executing VM operation: G1CollectForAllocation
Event: 11.270 Executing VM operation: G1CollectForAllocation done
Event: 11.333 Executing VM operation: HandshakeAllThreads
Event: 11.333 Executing VM operation: HandshakeAllThreads done

Events (20 events):
Event: 11.360 loading class java/nio/DirectCharBufferU
Event: 11.360 loading class java/nio/DirectCharBufferU done
Event: 11.360 loading class java/nio/DirectFloatBufferU
Event: 11.360 loading class java/nio/DirectFloatBufferU done
Event: 11.360 loading class java/nio/DirectDoubleBufferU
Event: 11.360 loading class java/nio/DirectDoubleBufferU done
Event: 11.371 loading class java/nio/InvalidMarkException
Event: 11.371 loading class java/nio/InvalidMarkException done
Event: 11.371 loading class java/nio/BufferUnderflowException
Event: 11.371 loading class java/nio/BufferUnderflowException done
Event: 11.507 loading class java/util/function/IntSupplier
Event: 11.507 loading class java/util/function/IntSupplier done
Event: 11.551 loading class java/io/CharArrayWriter
Event: 11.551 loading class java/io/CharArrayWriter done
Event: 11.570 Thread 0x000001c023a03ca0 Thread added: 0x000001c023a03ca0
Event: 11.674 loading class java/lang/invoke/DirectMethodHandle$StaticAccessor
Event: 11.674 loading class java/lang/invoke/DirectMethodHandle$StaticAccessor done
Event: 11.685 loading class java/util/function/DoubleFunction
Event: 11.685 loading class java/util/function/DoubleFunction done
Event: 11.734 Thread 0x000001c023a03ca0 Thread exited: 0x000001c023a03ca0


Dynamic libraries:
0x00007ff6cf9e0000 - 0x00007ff6cf9ee000 	C:\Program Files\Eclipse Adoptium\jdk-17.0.5.8-hotspot\bin\java.exe
0x00007ff9e4d90000 - 0x00007ff9e4fa4000 	C:\WINDOWS\SYSTEM32\ntdll.dll
0x00007ff9e2dd0000 - 0x00007ff9e2e92000 	C:\WINDOWS\System32\KERNEL32.DLL
0x00007ff9e2540000 - 0x00007ff9e28dd000 	C:\WINDOWS\System32\KERNELBASE.dll
0x00007ff9e2420000 - 0x00007ff9e2531000 	C:\WINDOWS\System32\ucrtbase.dll
0x00007ff9ceb20000 - 0x00007ff9ceb39000 	C:\Program Files\Eclipse Adoptium\jdk-17.0.5.8-hotspot\bin\VCRUNTIME140.dll
0x00007ff9cef90000 - 0x00007ff9cefa7000 	C:\Program Files\Eclipse Adoptium\jdk-17.0.5.8-hotspot\bin\jli.dll
0x00007ff9c5b80000 - 0x00007ff9c5e0e000 	C:\WINDOWS\WinSxS\amd64_microsoft.windows.common-controls_6595b64144ccf1df_6.0.22621.608_none_a9444ca7c10bb01d\COMCTL32.dll
0x00007ff9e2f50000 - 0x00007ff9e30fa000 	C:\WINDOWS\System32\USER32.dll
0x00007ff9e2ea0000 - 0x00007ff9e2f47000 	C:\WINDOWS\System32\msvcrt.dll
0x00007ff9e2a40000 - 0x00007ff9e2a66000 	C:\WINDOWS\System32\win32u.dll
0x00007ff9e4c30000 - 0x00007ff9e4c59000 	C:\WINDOWS\System32\GDI32.dll
0x00007ff9e2a70000 - 0x00007ff9e2b82000 	C:\WINDOWS\System32\gdi32full.dll
0x00007ff9e28e0000 - 0x00007ff9e297a000 	C:\WINDOWS\System32\msvcp_win.dll
0x00007ff9e2d90000 - 0x00007ff9e2dc2000 	C:\WINDOWS\System32\IMM32.DLL
0x00007ff9de200000 - 0x00007ff9de20c000 	C:\Program Files\Eclipse Adoptium\jdk-17.0.5.8-hotspot\bin\vcruntime140_1.dll
0x00007ff9c49d0000 - 0x00007ff9c4a61000 	C:\Program Files\Eclipse Adoptium\jdk-17.0.5.8-hotspot\bin\msvcp140.dll
0x00007ff97e9e0000 - 0x00007ff97f624000 	C:\Program Files\Eclipse Adoptium\jdk-17.0.5.8-hotspot\bin\server\jvm.dll
0x00007ff9e2b90000 - 0x00007ff9e2c3e000 	C:\WINDOWS\System32\ADVAPI32.dll
0x00007ff9e4580000 - 0x00007ff9e4624000 	C:\WINDOWS\System32\sechost.dll
0x00007ff9e3f60000 - 0x00007ff9e4075000 	C:\WINDOWS\System32\RPCRT4.dll
0x00007ff9dca20000 - 0x00007ff9dca2a000 	C:\WINDOWS\SYSTEM32\VERSION.dll
0x00007ff9d3500000 - 0x00007ff9d3534000 	C:\WINDOWS\SYSTEM32\WINMM.dll
0x00007ff9d7440000 - 0x00007ff9d7449000 	C:\WINDOWS\SYSTEM32\WSOCK32.dll
0x00007ff9e3e90000 - 0x00007ff9e3f01000 	C:\WINDOWS\System32\WS2_32.dll
0x00007ff9e1230000 - 0x00007ff9e1248000 	C:\WINDOWS\SYSTEM32\kernel.appcore.dll
0x00007ff9dcd10000 - 0x00007ff9dcd1a000 	C:\Program Files\Eclipse Adoptium\jdk-17.0.5.8-hotspot\bin\jimage.dll
0x00007ff9df800000 - 0x00007ff9dfa2e000 	C:\WINDOWS\SYSTEM32\DBGHELP.DLL
0x00007ff9e3100000 - 0x00007ff9e348a000 	C:\WINDOWS\System32\combase.dll
0x00007ff9e4a10000 - 0x00007ff9e4ae7000 	C:\WINDOWS\System32\OLEAUT32.dll
0x00007ff9cf930000 - 0x00007ff9cf962000 	C:\WINDOWS\SYSTEM32\dbgcore.DLL
0x00007ff9e2230000 - 0x00007ff9e22ab000 	C:\WINDOWS\System32\bcryptPrimitives.dll
0x00007ff9cf460000 - 0x00007ff9cf46e000 	C:\Program Files\Eclipse Adoptium\jdk-17.0.5.8-hotspot\bin\instrument.dll
0x00007ff9cc5d0000 - 0x00007ff9cc5f5000 	C:\Program Files\Eclipse Adoptium\jdk-17.0.5.8-hotspot\bin\java.dll
0x00007ff9c3e30000 - 0x00007ff9c3f06000 	C:\Program Files\Eclipse Adoptium\jdk-17.0.5.8-hotspot\bin\jsvml.dll
0x00007ff9e3590000 - 0x00007ff9e3d70000 	C:\WINDOWS\System32\SHELL32.dll
0x00007ff9e0200000 - 0x00007ff9e0ac5000 	C:\WINDOWS\SYSTEM32\windows.storage.dll
0x00007ff9e00c0000 - 0x00007ff9e01fe000 	C:\WINDOWS\SYSTEM32\wintypes.dll
0x00007ff9e4b30000 - 0x00007ff9e4c21000 	C:\WINDOWS\System32\SHCORE.dll
0x00007ff9e2c70000 - 0x00007ff9e2cce000 	C:\WINDOWS\System32\shlwapi.dll
0x00007ff9e20f0000 - 0x00007ff9e2111000 	C:\WINDOWS\SYSTEM32\profapi.dll
0x00007ff9cc570000 - 0x00007ff9cc589000 	C:\Program Files\Eclipse Adoptium\jdk-17.0.5.8-hotspot\bin\net.dll
0x00007ff9ddfb0000 - 0x00007ff9de0df000 	C:\WINDOWS\SYSTEM32\WINHTTP.dll
0x00007ff9e1690000 - 0x00007ff9e16f9000 	C:\WINDOWS\system32\mswsock.dll
0x00007ff9cc4a0000 - 0x00007ff9cc4b5000 	C:\Program Files\Eclipse Adoptium\jdk-17.0.5.8-hotspot\bin\nio.dll
0x00007ff9cbd20000 - 0x00007ff9cbd38000 	C:\Program Files\Eclipse Adoptium\jdk-17.0.5.8-hotspot\bin\zip.dll
0x00007ff9cbdc0000 - 0x00007ff9cbdda000 	C:\Program Files\JetBrains\IntelliJ IDEA Community Edition 2022.2.3\bin\breakgen64.dll
0x00007ff9d7430000 - 0x00007ff9d7440000 	C:\Program Files\Eclipse Adoptium\jdk-17.0.5.8-hotspot\bin\verify.dll
0x00007ff9cc560000 - 0x00007ff9cc569000 	C:\Program Files\Eclipse Adoptium\jdk-17.0.5.8-hotspot\bin\management.dll
0x00007ff9cc400000 - 0x00007ff9cc40b000 	C:\Program Files\Eclipse Adoptium\jdk-17.0.5.8-hotspot\bin\management_ext.dll
0x00007ff9e2c40000 - 0x00007ff9e2c48000 	C:\WINDOWS\System32\PSAPI.DLL
0x00007ff9cfab0000 - 0x00007ff9cfac7000 	C:\WINDOWS\system32\napinsp.dll
0x00007ff9cf180000 - 0x00007ff9cf19b000 	C:\WINDOWS\system32\pnrpnsp.dll
0x00007ff9e0d90000 - 0x00007ff9e0e82000 	C:\WINDOWS\SYSTEM32\DNSAPI.dll
0x00007ff9e0d20000 - 0x00007ff9e0d4d000 	C:\WINDOWS\SYSTEM32\IPHLPAPI.DLL
0x00007ff9e4570000 - 0x00007ff9e4579000 	C:\WINDOWS\System32\NSI.dll
0x00007ff9cd700000 - 0x00007ff9cd711000 	C:\WINDOWS\System32\winrnr.dll
0x00007ff9bb2b0000 - 0x00007ff9bb2c5000 	C:\WINDOWS\system32\wshbth.dll
0x00007ff9a7700000 - 0x00007ff9a7721000 	C:\WINDOWS\system32\nlansp_c.dll
0x00007ff9d2da0000 - 0x00007ff9d2daa000 	C:\Windows\System32\rasadhlp.dll
0x00007ff9dcf20000 - 0x00007ff9dcfa3000 	C:\WINDOWS\System32\fwpuclnt.dll
0x00007ff9e18e0000 - 0x00007ff9e18fb000 	C:\WINDOWS\SYSTEM32\CRYPTSP.dll
0x00007ff9e11a0000 - 0x00007ff9e11d5000 	C:\WINDOWS\system32\rsaenh.dll
0x00007ff9e1780000 - 0x00007ff9e17a8000 	C:\WINDOWS\SYSTEM32\USERENV.dll
0x00007ff9e1af0000 - 0x00007ff9e1b18000 	C:\WINDOWS\SYSTEM32\bcrypt.dll
0x00007ff9e18d0000 - 0x00007ff9e18dc000 	C:\WINDOWS\SYSTEM32\CRYPTBASE.dll
0x00007ff9ddef0000 - 0x00007ff9ddf09000 	C:\WINDOWS\SYSTEM32\dhcpcsvc6.DLL
0x00007ff9dded0000 - 0x00007ff9ddeef000 	C:\WINDOWS\SYSTEM32\dhcpcsvc.DLL
0x00007ff9cbd70000 - 0x00007ff9cbdb5000 	C:\Users\dango\AppData\Local\Temp\jna-95350841\jna10969169045356889868.dll
0x00007ff9e46b0000 - 0x00007ff9e484c000 	C:\WINDOWS\System32\Ole32.dll
0x00007ff9e2cd0000 - 0x00007ff9e2d87000 	C:\WINDOWS\System32\clbcatq.dll
0x00007ff9d98b0000 - 0x00007ff9d98cd000 	C:\WINDOWS\SYSTEM32\amsi.dll
0x00007ff9c1af0000 - 0x00007ff9c1b6b000 	C:\ProgramData\Microsoft\Windows Defender\Platform\4.18.2210.4-0\MpOav.dll
0x00007ff9d9660000 - 0x00007ff9d9745000 	C:\Program Files\McAfee\MfeAV\AMSIExt.dll
0x00007ff9b9e70000 - 0x00007ff9b9ec0000 	C:\WINDOWS\SYSTEM32\Pdh.dll
0x00007ff9c27b0000 - 0x00007ff9c27c0000 	C:\WINDOWS\System32\perfos.dll
0x00007ff9de9f0000 - 0x00007ff9dea00000 	C:\WINDOWS\SYSTEM32\pfclient.dll
0x00007ff9cb0f0000 - 0x00007ff9cb165000 	C:\Users\dango\AppData\Local\Temp\lwjgldango\3.3.1-build-7\lwjgl.dll
0x00007ff9958e0000 - 0x00007ff995b39000 	C:\Users\dango\AppData\Local\Temp\lwjgldango\3.3.1-build-7\jemalloc.dll
0x00007ff9cbb90000 - 0x00007ff9cbbf1000 	C:\Users\dango\AppData\Local\Temp\lwjgldango\3.3.1-build-7\glfw.dll
0x00007ff988c30000 - 0x00007ff988c76000 	C:\WINDOWS\SYSTEM32\dinput8.dll
0x00007ff9cbd50000 - 0x00007ff9cbd61000 	C:\WINDOWS\SYSTEM32\xinput1_4.dll
0x00007ff9e1e90000 - 0x00007ff9e1ede000 	C:\WINDOWS\SYSTEM32\cfgmgr32.dll
0x00007ff9e1e50000 - 0x00007ff9e1e83000 	C:\WINDOWS\SYSTEM32\DEVOBJ.dll
0x00007ff9cb320000 - 0x00007ff9cb521000 	C:\WINDOWS\SYSTEM32\inputhost.dll
0x00007ff9ddbf0000 - 0x00007ff9ddd23000 	C:\WINDOWS\SYSTEM32\CoreMessaging.dll
0x00007ff9deb60000 - 0x00007ff9deb8b000 	C:\WINDOWS\SYSTEM32\dwmapi.dll
0x00007ff9dea00000 - 0x00007ff9deaab000 	C:\WINDOWS\system32\uxtheme.dll
0x00007ff9e3d70000 - 0x00007ff9e3e8e000 	C:\WINDOWS\System32\MSCTF.dll
0x00007ff997d70000 - 0x00007ff997e70000 	C:\WINDOWS\SYSTEM32\opengl32.dll
0x00007ff9caa80000 - 0x00007ff9caaad000 	C:\WINDOWS\SYSTEM32\GLU32.dll
0x00007ff9deb10000 - 0x00007ff9deb46000 	C:\WINDOWS\SYSTEM32\dxcore.dll
0x00007ff9d4f10000 - 0x00007ff9d4f59000 	C:\WINDOWS\SYSTEM32\directxdatabasehelper.dll
0x00007ff9cb2f0000 - 0x00007ff9cb31d000 	C:\WINDOWS\System32\DriverStore\FileRepository\u0383638.inf_amd64_1c9f6456e5d02df1\B383280\atig6pxx.dll
0x00007ff9435f0000 - 0x00007ff946f93000 	C:\WINDOWS\System32\DriverStore\FileRepository\u0383638.inf_amd64_1c9f6456e5d02df1\B383280\atio6axx.dll
0x00007ff9e40f0000 - 0x00007ff9e456a000 	C:\WINDOWS\System32\SETUPAPI.dll
0x00007ff9e21c0000 - 0x00007ff9e2229000 	C:\WINDOWS\System32\WINTRUST.dll
0x00007ff9e22b0000 - 0x00007ff9e2416000 	C:\WINDOWS\System32\CRYPT32.dll
0x00007ff9e1f00000 - 0x00007ff9e1f12000 	C:\WINDOWS\SYSTEM32\MSASN1.dll

dbghelp: loaded successfully - version: 4.0.5 - missing functions: none
symbol engine: initialized successfully - sym options: 0x614 - pdb path: .;C:\Program Files\Eclipse Adoptium\jdk-17.0.5.8-hotspot\bin;C:\WINDOWS\SYSTEM32;C:\WINDOWS\WinSxS\amd64_microsoft.windows.common-controls_6595b64144ccf1df_6.0.22621.608_none_a9444ca7c10bb01d;C:\Program Files\Eclipse Adoptium\jdk-17.0.5.8-hotspot\bin\server;C:\Program Files\JetBrains\IntelliJ IDEA Community Edition 2022.2.3\bin;C:\Users\dango\AppData\Local\Temp\jna-95350841;C:\ProgramData\Microsoft\Windows Defender\Platform\4.18.2210.4-0;C:\Program Files\McAfee\MfeAV;C:\Users\dango\AppData\Local\Temp\lwjgldango\3.3.1-build-7;C:\WINDOWS\System32\DriverStore\FileRepository\u0383638.inf_amd64_1c9f6456e5d02df1\B383280

VM Arguments:
jvm_args: -Dforge.logging.console.level=debug -Dforge.logging.markers=REGISTRIES -DlegacyClassPath.file=C:\Users\dango\OneDrive\Desktop\Tekora\build\classpath\runClient_minecraftClasspath.txt -DignoreList=bootstraplauncher,securejarhandler,asm-commons,asm-util,asm-analysis,asm-tree,asm,JarJarFileSystems,client-extra,fmlcore,javafmllanguage,lowcodelanguage,mclanguage,forge- -DmergeModules=jna-5.10.0.jar,jna-platform-5.10.0.jar -Dforge.enabledGameTestNamespaces=nltekora -Dforge.enableGameTest=true -Djava.net.preferIPv6Addresses=system --module-path=C:\Users\dango\.gradle\caches\modules-2\files-2.1\cpw.mods\bootstraplauncher\1.1.2\c546e00443d8432cda6baa1c860346980742628\bootstraplauncher-1.1.2.jar;C:\Users\dango\.gradle\caches\modules-2\files-2.1\cpw.mods\securejarhandler\2.1.4\f47e3b9dd860a7b82154b8f90a650ffd0aaa5582\securejarhandler-2.1.4.jar;C:\Users\dango\.gradle\caches\modules-2\files-2.1\org.ow2.asm\asm-commons\9.3\1f2a432d1212f5c352ae607d7b61dcae20c20af5\asm-commons-9.3.jar;C:\Users\dango\.gradle\caches\modules-2\files-2.1\org.ow2.asm\asm-util\9.3\9595bc05510d0bd4b610188b77333fe4851a1975\asm-util-9.3.jar;C:\Users\dango\.gradle\caches\modules-2\files-2.1\org.ow2.asm\asm-analysis\9.3\4b071f211b37c38e0e9f5998550197c8593f6ad8\asm-analysis-9.3.jar;C:\Users\dango\.gradle\caches\modules-2\files-2.1\org.ow2.asm\asm-tree\9.3\78d2ecd61318b5a58cd04fb237636c0e86b77d97\asm-tree-9.3.jar;C:\Users\dango\.gradle\caches\modules-2\files-2.1\org.ow2.asm\asm\9.3\8e6300ef51c1d801a7ed62d07cd221aca3a90640\asm-9.3.jar;C:\Users\dango\.gradle\caches\modules-2\files-2.1\net.minecraftforge\JarJarFileSystems\0.3.16\e52afbb2599dc7c6f779efea0496d32fc01152e3\JarJarFileSystems-0.3.16.jar --add-modules=ALL-MODULE-PATH --add-opens=java.base/java.util.jar=cpw.mods.securejarhandler --add-opens=java.base/java.lang.invoke=cpw.mods.securejarhandler --add-exports=java.base/sun.security.util=cpw.mods.securejarhandler --add-exports=jdk.naming.dns/com.sun.jndi.dns=java.naming -XX:HeapDumpPath=MojangTricksIntelDriversForPerformance_javaw.exe_minecraft.exe.heapdump -Dos.name=Windows 10 -Dos.version=10.0 -javaagent:C:\Program Files\JetBrains\IntelliJ IDEA Community Edition 2022.2.3\lib\idea_rt.jar=53625:C:\Program Files\JetBrains\IntelliJ IDEA Community Edition 2022.2.3\bin -Dfile.encoding=UTF-8 
java_command: cpw.mods.bootstraplauncher.BootstrapLauncher --launchTarget forgeclientuserdev --version MOD_DEV --assetIndex 1.19 --assetsDir C:\Users\dango\.gradle\caches\forge_gradle\assets --gameDir . --fml.forgeVersion 43.1.47 --fml.mcVersion 1.19.2 --fml.forgeGroup net.minecraftforge --fml.mcpVersion 20220805.130853
java_class_path (initial): C:\Users\dango\OneDrive\Desktop\Tekora\build\classes\java\main;C:\Users\dango\OneDrive\Desktop\Tekora\build\resources\main;C:\Users\dango\.gradle\caches\forge_gradle\minecraft_user_repo\net\minecraftforge\forge\1.19.2-43.1.47_mapped_official_1.19.2\forge-1.19.2-43.1.47_mapped_official_1.19.2.jar;C:\Users\dango\.gradle\caches\forge_gradle\minecraft_repo\versions\1.19.2\client-extra.jar;C:\Users\dango\.gradle\caches\modules-2\files-2.1\net.minecraftforge\fmlloader\1.19.2-43.1.47\a1ec5892276963b574aeedaa38ab234815c66c63\fmlloader-1.19.2-43.1.47.jar;C:\Users\dango\.gradle\caches\modules-2\files-2.1\net.minecraftforge\JarJarSelector\0.3.16\2a31421fb5e267249da103a644f23afb43d158af\JarJarSelector-0.3.16.jar;C:\Users\dango\.gradle\caches\modules-2\files-2.1\net.minecraftforge\JarJarMetadata\0.3.16\f62c8c898dffc8666f5097a8587ed72095e8e83a\JarJarMetadata-0.3.16.jar;C:\Users\dango\.gradle\caches\modules-2\files-2.1\com.google.code.findbugs\jsr305\3.0.2\25ea2e8b0c338a877313bd4672d3fe056ea78f0d\jsr305-3.0.2.jar;C:\Users\dango\.gradle\caches\modules-2\files-2.1\ca.weblite\java-objc-bridge\1.1\1227f9e0666314f9de41477e3ec277e542ed7f7b\java-objc-bridge-1.1.jar;C:\Users\dango\.gradle\caches\modules-2\files-2.1\net.minecraftforge\mergetool\1.1.5\f3da18e12c696d35a47c82cbb2cc8b5aa15e1154\mergetool-1.1.5-api.jar;C:\Users\dango\.gradle\caches\modules-2\files-2.1\org.jetbrains\annotations\23.0.0\8cc20c07506ec18e0834947b84a864bfc094484e\annotations-23.0.0.jar;C:\Users\dango\.gradle\caches\forge_gradle\mcp_repo\net\minecraft\mapping\1.19.2\mapping-1.19.2-mapping.zip;C:\Users\dango\.gradle\caches\modules-2\files-2.1\cpw.mods\securejarhandler\2.1.4\f47e3b9dd860a7b82154b8f90a650ffd0aaa5582\securejarhandler-2.1.4.jar;C:\Users\dango\.gradle\caches\modules-2\files-2.1\cpw.mods\modlauncher\10.0.8\658c4ddb704aeeaa94ff3e668785a5eebddd0cb5\modlauncher-10.0.8.jar;C:\Users\dango\.gradle\caches\modules-2\files-2.1\org.openjdk.nashorn\nashorn-core\15.3\43977e804697048fc8d81d33
Launcher Type: SUN_STANDARD

[Global flags]
     intx CICompilerCount                          = 12                                        {product} {ergonomic}
     uint ConcGCThreads                            = 3                                         {product} {ergonomic}
     uint G1ConcRefinementThreads                  = 13                                        {product} {ergonomic}
   size_t G1HeapRegionSize                         = 2097152                                   {product} {ergonomic}
    uintx GCDrainStackTargetSize                   = 64                                        {product} {ergonomic}
    ccstr HeapDumpPath                             = MojangTricksIntelDriversForPerformance_javaw.exe_minecraft.exe.heapdump         {manageable} {command line}
   size_t InitialHeapSize                          = 260046848                                 {product} {ergonomic}
   size_t MarkStackSize                            = 4194304                                   {product} {ergonomic}
   size_t MaxHeapSize                              = 4129292288                                {product} {ergonomic}
   size_t MaxNewSize                               = 2476736512                                {product} {ergonomic}
   size_t MinHeapDeltaBytes                        = 2097152                                   {product} {ergonomic}
   size_t MinHeapSize                              = 8388608                                   {product} {ergonomic}
    uintx NonNMethodCodeHeapSize                   = 7602480                                {pd product} {ergonomic}
    uintx NonProfiledCodeHeapSize                  = 122027880                              {pd product} {ergonomic}
    uintx ProfiledCodeHeapSize                     = 122027880                              {pd product} {ergonomic}
    uintx ReservedCodeCacheSize                    = 251658240                              {pd product} {ergonomic}
     bool SegmentedCodeCache                       = true                                      {product} {ergonomic}
   size_t SoftMaxHeapSize                          = 4129292288                             {manageable} {ergonomic}
     bool UseCompressedClassPointers               = true                           {product lp64_product} {ergonomic}
     bool UseCompressedOops                        = true                           {product lp64_product} {ergonomic}
     bool UseG1GC                                  = true                                      {product} {ergonomic}
     bool UseLargePagesIndividualAllocation        = false                                  {pd product} {ergonomic}

Logging:
Log output configuration:
 #0: stdout all=warning uptime,level,tags
 #1: stderr all=off uptime,level,tags

Environment Variables:
JAVA_HOME=C:\Program Files\Eclipse Adoptium\jdk-17.0.5.8-hotspot\
PATH=C:\Program Files\Eclipse Adoptium\jdk-17.0.5.8-hotspot\bin;C:\Program Files\Common Files\Oracle\Java\javapath;C:\Program Files (x86)\Common Files\Oracle\Java\javapath;C:\WINDOWS\system32;C:\WINDOWS;C:\WINDOWS\System32\Wbem;C:\WINDOWS\System32\WindowsPowerShell\v1.0\;C:\WINDOWS\System32\OpenSSH\;C:\Users\dango\AppData\Local\Microsoft\WindowsApps;;C:\Users\dango\AppData\Local\Programs\Microsoft VS Code\bin
USERNAME=dango
OS=Windows_NT
PROCESSOR_IDENTIFIER=AMD64 Family 23 Model 96 Stepping 1, AuthenticAMD
TMP=C:\Users\dango\AppData\Local\Temp
TEMP=C:\Users\dango\AppData\Local\Temp



---------------  S Y S T E M  ---------------

OS:
 Windows 11 , 64 bit Build 22621 (10.0.22621.755)
OS uptime: 10 days 15:35 hours

CPU: total 16 (initial active 16) (16 cores per cpu, 2 threads per core) family 23 model 96 stepping 1 microcode 0x0, cx8, cmov, fxsr, ht, mmx, 3dnowpref, sse, sse2, sse3, ssse3, sse4a, sse4.1, sse4.2, popcnt, lzcnt, tsc, tscinvbit, avx, avx2, aes, clmul, bmi1, bmi2, adx, sha, fma, vzeroupper, clflush, clflushopt

Memory: 4k page, system-wide physical 15747M (4149M free)
TotalPageFile size 18691M (AvailPageFile size 5001M)
current process WorkingSet (physical memory assigned to process): 617M, peak: 628M
current process commit charge ("private bytes"): 705M, peak: 718M

vm_info: OpenJDK 64-Bit Server VM (17.0.5+8) for windows-amd64 JRE (17.0.5+8), built on Oct 19 2022 04:48:13 by "temurin" with MS VC++ 16.7 (VS2019)

END.
