#
# A fatal error has been detected by the Java Runtime Environment:
#
#  EXCEPTION_ACCESS_VIOLATION (0xc0000005) at pc=0x00007ff95a753920, pid=1476, tid=5256
#
# JRE version: OpenJDK Runtime Environment Temurin-17.0.5+8 (17.0.5+8) (build 17.0.5+8)
# Java VM: OpenJDK 64-Bit Server VM Temurin-17.0.5+8 (17.0.5+8, mixed mode, sharing, tiered, compressed oops, compressed class ptrs, g1 gc, windows-amd64)
# Problematic frame:
# C  [atio6axx.dll+0x193920]
#
# No core dump will be written. Minidumps are not enabled by default on client versions of Windows
#
# If you would like to submit a bug report, please visit:
#   https://github.com/adoptium/adoptium-support/issues
# The crash happened outside the Java Virtual Machine in native code.
# See problematic frame for where to report the bug.
#

---------------  S U M M A R Y ------------

Command Line: -Dforge.logging.console.level=debug -Dforge.logging.markers=REGISTRIES -DlegacyClassPath.file=C:\Users\dango\OneDrive\Desktop\Tekora\build\classpath\runClient_minecraftClasspath.txt -DignoreList=bootstraplauncher,securejarhandler,asm-commons,asm-util,asm-analysis,asm-tree,asm,JarJarFileSystems,client-extra,fmlcore,javafmllanguage,lowcodelanguage,mclanguage,forge- -DmergeModules=jna-5.10.0.jar,jna-platform-5.10.0.jar -Dforge.enabledGameTestNamespaces=nltekora -Dforge.enableGameTest=true -Djava.net.preferIPv6Addresses=system --module-path=C:\Users\dango\.gradle\caches\modules-2\files-2.1\cpw.mods\bootstraplauncher\1.1.2\c546e00443d8432cda6baa1c860346980742628\bootstraplauncher-1.1.2.jar;C:\Users\dango\.gradle\caches\modules-2\files-2.1\cpw.mods\securejarhandler\2.1.4\f47e3b9dd860a7b82154b8f90a650ffd0aaa5582\securejarhandler-2.1.4.jar;C:\Users\dango\.gradle\caches\modules-2\files-2.1\org.ow2.asm\asm-commons\9.3\1f2a432d1212f5c352ae607d7b61dcae20c20af5\asm-commons-9.3.jar;C:\Users\dango\.gradle\caches\modules-2\files-2.1\org.ow2.asm\asm-util\9.3\9595bc05510d0bd4b610188b77333fe4851a1975\asm-util-9.3.jar;C:\Users\dango\.gradle\caches\modules-2\files-2.1\org.ow2.asm\asm-analysis\9.3\4b071f211b37c38e0e9f5998550197c8593f6ad8\asm-analysis-9.3.jar;C:\Users\dango\.gradle\caches\modules-2\files-2.1\org.ow2.asm\asm-tree\9.3\78d2ecd61318b5a58cd04fb237636c0e86b77d97\asm-tree-9.3.jar;C:\Users\dango\.gradle\caches\modules-2\files-2.1\org.ow2.asm\asm\9.3\8e6300ef51c1d801a7ed62d07cd221aca3a90640\asm-9.3.jar;C:\Users\dango\.gradle\caches\modules-2\files-2.1\net.minecraftforge\JarJarFileSystems\0.3.16\e52afbb2599dc7c6f779efea0496d32fc01152e3\JarJarFileSystems-0.3.16.jar --add-modules=ALL-MODULE-PATH --add-opens=java.base/java.util.jar=cpw.mods.securejarhandler --add-opens=java.base/java.lang.invoke=cpw.mods.securejarhandler --add-exports=java.base/sun.security.util=cpw.mods.securejarhandler --add-exports=jdk.naming.dns/com.sun.jndi.dns=java.naming -XX:HeapDumpPath=MojangTricksIntelDriversForPerformance_javaw.exe_minecraft.exe.heapdump -Dos.name=Windows 10 -Dos.version=10.0 -javaagent:C:\Program Files\JetBrains\IntelliJ IDEA Community Edition 2022.2.3\lib\idea_rt.jar=63160:C:\Program Files\JetBrains\IntelliJ IDEA Community Edition 2022.2.3\bin -Dfile.encoding=UTF-8 cpw.mods.bootstraplauncher.BootstrapLauncher --launchTarget forgeclientuserdev --version MOD_DEV --assetIndex 1.19 --assetsDir C:\Users\dango\.gradle\caches\forge_gradle\assets --gameDir . --fml.forgeVersion 43.1.47 --fml.mcVersion 1.19.2 --fml.forgeGroup net.minecraftforge --fml.mcpVersion 20220805.130853

Host: AMD Ryzen 7 4700G with Radeon Graphics         , 16 cores, 15G,  Windows 11 , 64 bit Build 22621 (10.0.22621.755)
Time: Sat Nov  5 17:12:16 2022 Central Daylight Time elapsed time: 16.109536 seconds (0d 0h 0m 16s)

---------------  T H R E A D  ---------------

Current thread (0x000001ac6e2ec780):  JavaThread "Render thread" [_thread_in_native, id=5256, stack(0x0000001978400000,0x0000001978500000)]

Stack: [0x0000001978400000,0x0000001978500000],  sp=0x00000019784fa748,  free space=1001k
Native frames: (J=compiled Java code, j=interpreted, Vv=VM code, C=native code)
C  [atio6axx.dll+0x193920]

Java frames: (J=compiled Java code, j=interpreted, Vv=VM code)
j  org.lwjgl.system.JNI.invokePPPP(IIJJJJ)J+0 org.lwjgl@3.3.1+7
j  org.lwjgl.glfw.GLFW.nglfwCreateWindow(IIJJJ)J+14 org.lwjgl.glfw@3.3.1+7
j  org.lwjgl.glfw.GLFW.glfwCreateWindow(IILjava/lang/CharSequence;JJ)J+34 org.lwjgl.glfw@3.3.1+7
j  net.minecraftforge.client.loading.NoVizFallback.lambda$fallback$0(Ljava/util/function/IntSupplier;Ljava/util/function/IntSupplier;Ljava/util/function/Supplier;Ljava/util/function/LongSupplier;)J+28 forge@43.1.47
j  net.minecraftforge.client.loading.NoVizFallback$$Lambda$4146+0x00000008015f3b40.getAsLong()J+16 forge@43.1.47
j  net.minecraftforge.fml.loading.progress.EarlyProgressVisualization$Visualization$$Lambda$4147+0x00000008015fc460.apply(Ljava/lang/Object;)Ljava/lang/Object;+4 fmlloader@1.19.2-43.1.47
J 2761 c2 java.util.Optional.map(Ljava/util/function/Function;)Ljava/util/Optional; java.base@17.0.5 (30 bytes) @ 0x000001ac07d9fd80 [0x000001ac07d9fd20+0x0000000000000060]
j  net.minecraftforge.fml.loading.progress.EarlyProgressVisualization$Visualization.handOffWindow(Ljava/util/function/IntSupplier;Ljava/util/function/IntSupplier;Ljava/util/function/Supplier;Ljava/util/function/LongSupplier;)J+48 fmlloader@1.19.2-43.1.47
j  net.minecraftforge.fml.loading.progress.EarlyProgressVisualization.handOffWindow(Ljava/util/function/IntSupplier;Ljava/util/function/IntSupplier;Ljava/util/function/Supplier;Ljava/util/function/LongSupplier;)J+9 fmlloader@1.19.2-43.1.47
j  com.mojang.blaze3d.platform.Window.<init>(Lcom/mojang/blaze3d/platform/WindowEventHandler;Lcom/mojang/blaze3d/platform/ScreenManager;Lcom/mojang/blaze3d/platform/DisplayData;Ljava/lang/String;Ljava/lang/String;)V+279 minecraft@1.19.2
j  net.minecraft.client.renderer.VirtualScreen.newWindow(Lcom/mojang/blaze3d/platform/DisplayData;Ljava/lang/String;Ljava/lang/String;)Lcom/mojang/blaze3d/platform/Window;+15 minecraft@1.19.2
j  net.minecraft.client.Minecraft.<init>(Lnet/minecraft/client/main/GameConfig;)V+723 minecraft@1.19.2
j  net.minecraft.client.main.Main.run([Ljava/lang/String;Z)V+1356 minecraft@1.19.2
j  net.minecraft.client.main.Main.main([Ljava/lang/String;)V+12 minecraft@1.19.2
v  ~StubRoutines::call_stub
j  jdk.internal.reflect.NativeMethodAccessorImpl.invoke0(Ljava/lang/reflect/Method;Ljava/lang/Object;[Ljava/lang/Object;)Ljava/lang/Object;+0 java.base@17.0.5
j  jdk.internal.reflect.NativeMethodAccessorImpl.invoke(Ljava/lang/Object;[Ljava/lang/Object;)Ljava/lang/Object;+133 java.base@17.0.5
j  jdk.internal.reflect.DelegatingMethodAccessorImpl.invoke(Ljava/lang/Object;[Ljava/lang/Object;)Ljava/lang/Object;+6 java.base@17.0.5
j  java.lang.reflect.Method.invoke(Ljava/lang/Object;[Ljava/lang/Object;)Ljava/lang/Object;+59 java.base@17.0.5
j  net.minecraftforge.fml.loading.targets.ForgeClientUserdevLaunchHandler.lambda$launchService$0([Ljava/lang/String;Ljava/lang/ModuleLayer;)V+47 fmlloader@1.19.2-43.1.47
j  net.minecraftforge.fml.loading.targets.ForgeClientUserdevLaunchHandler$$Lambda$856+0x0000000800fb6560.run()V+12 fmlloader@1.19.2-43.1.47
j  cpw.mods.modlauncher.LaunchServiceHandlerDecorator.launch([Ljava/lang/String;Ljava/lang/ModuleLayer;)V+11 cpw.mods.modlauncher@10.0.8
j  cpw.mods.modlauncher.LaunchServiceHandler.launch(Ljava/lang/String;[Ljava/lang/String;Ljava/lang/ModuleLayer;Lcpw/mods/modlauncher/TransformingClassLoader;Lcpw/mods/modlauncher/LaunchPluginHandler;)V+58 cpw.mods.modlauncher@10.0.8
j  cpw.mods.modlauncher.LaunchServiceHandler.launch(Lcpw/mods/modlauncher/ArgumentHandler;Ljava/lang/ModuleLayer;Lcpw/mods/modlauncher/TransformingClassLoader;Lcpw/mods/modlauncher/LaunchPluginHandler;)V+21 cpw.mods.modlauncher@10.0.8
j  cpw.mods.modlauncher.Launcher.run([Ljava/lang/String;)V+310 cpw.mods.modlauncher@10.0.8
j  cpw.mods.modlauncher.Launcher.main([Ljava/lang/String;)V+78 cpw.mods.modlauncher@10.0.8
j  cpw.mods.modlauncher.BootstrapLaunchConsumer.accept([Ljava/lang/String;)V+1 cpw.mods.modlauncher@10.0.8
j  cpw.mods.modlauncher.BootstrapLaunchConsumer.accept(Ljava/lang/Object;)V+5 cpw.mods.modlauncher@10.0.8
j  cpw.mods.bootstraplauncher.BootstrapLauncher.main([Ljava/lang/String;)V+515 cpw.mods.bootstraplauncher@1.1.2
v  ~StubRoutines::call_stub

siginfo: EXCEPTION_ACCESS_VIOLATION (0xc0000005), reading address 0xffffffffffffffff


Register to memory mapping:

RIP=0x00007ff95a753920 atio6axx.dll
RAX=0x0 is NULL
RBX=0x00007ff95dd040f0 atio6axx.dll
RCX=0x6c75646f6d5c7365 is an unknown value
RDX=0x00000000000000d1 is an unknown value
RSP=0x00000019784fa748 is pointing into the stack for thread: 0x000001ac6e2ec780
RBP=0x00000019784fa880 is pointing into the stack for thread: 0x000001ac6e2ec780
RSI=0x0 is NULL
RDI=0x00000019784fab70 is pointing into the stack for thread: 0x000001ac6e2ec780
R8 =0x00000000000001a5 is an unknown value
R9 =0xffffffffffffffff is an unknown value
R10=0x0 is NULL
R11=0x0000000000000200 is an unknown value
R12=0x00000019784fa7d8 is pointing into the stack for thread: 0x000001ac6e2ec780
R13=0x00007ff95dd040f0 atio6axx.dll
R14=0x00007ff95dd04148 atio6axx.dll
R15=0x00007ff95dc0b884 atio6axx.dll


Registers:
RAX=0x0000000000000000, RBX=0x00007ff95dd040f0, RCX=0x6c75646f6d5c7365, RDX=0x00000000000000d1
RSP=0x00000019784fa748, RBP=0x00000019784fa880, RSI=0x0000000000000000, RDI=0x00000019784fab70
R8 =0x00000000000001a5, R9 =0xffffffffffffffff, R10=0x0000000000000000, R11=0x0000000000000200
R12=0x00000019784fa7d8, R13=0x00007ff95dd040f0, R14=0x00007ff95dd04148, R15=0x00007ff95dc0b884
RIP=0x00007ff95a753920, EFLAGS=0x0000000000010206

Top of Stack: (sp=0x00000019784fa748)
0x00000019784fa748:   00007ff95a712654 00007ff95dd040f0
0x00000019784fa758:   0000000000000000 0000652e6176616a
0x00000019784fa768:   0000fbe97ea706c6 00000019784fab70
0x00000019784fa778:   00007ff95a716116 00007ff95dd040f8
0x00000019784fa788:   0000000000000000 0000000000000000
0x00000019784fa798:   0000000000000000 0000000000000000
0x00000019784fa7a8:   00007ff900000009 000001ac14e8380c
0x00000019784fa7b8:   000001ac14e83968 00007ff95dd040f8
0x00000019784fa7c8:   00000019784fab70 00000019784fa93b
0x00000019784fa7d8:   00007f006176616a 800000006176616a
0x00000019784fa7e8:   00007ff9e4dda049 46676e697274535c
0x00000019784fa7f8:   5c6f666e49656c69 3062343039303430
0x00000019784fa808:   726556656c69465c 000000006e6f6973
0x00000019784fa818:   0000000000000000 0000000000000000
0x00000019784fa828:   0000000000000000 0000000a0000011c
0x00000019784fa838:   0000585d00000000 0000000000000002 

Instructions: (pc=0x00007ff95a753920)
0x00007ff95a753820:   74 09 33 c9 ff 15 26 1c 3d 03 90 48 8b c3 48 83
0x00007ff95a753830:   c4 20 5b c3 cc cc cc cc cc cc cc cc cc cc cc cc
0x00007ff95a753840:   48 83 ec 28 48 8b 51 08 48 85 d2 74 09 33 c9 ff
0x00007ff95a753850:   15 fb 1b 3d 03 90 48 83 c4 28 c3 cc cc cc cc cc
0x00007ff95a753860:   48 89 11 c3 cc cc cc cc cc cc cc cc cc cc cc cc
0x00007ff95a753870:   48 8b c1 c3 cc cc cc cc cc cc cc cc cc cc cc cc
0x00007ff95a753880:   48 3b ca 74 10 41 8b 00 39 01 74 09 48 83 c1 04
0x00007ff95a753890:   48 3b ca 75 f3 48 8b c1 c3 cc cc cc cc cc cc cc
0x00007ff95a7538a0:   48 8b c1 c3 cc cc cc cc cc cc cc cc cc cc cc cc
0x00007ff95a7538b0:   48 83 39 00 0f 94 c0 c3 cc cc cc cc cc cc cc cc
0x00007ff95a7538c0:   4c 8d 04 d5 00 00 00 00 33 d2 e9 e1 32 db 01 cc
0x00007ff95a7538d0:   4c 8b 41 08 48 8b 02 49 89 00 48 83 41 08 08 c3
0x00007ff95a7538e0:   48 8b c1 c3 cc cc cc cc cc cc cc cc cc cc cc cc
0x00007ff95a7538f0:   48 8b c1 c3 cc cc cc cc cc cc cc cc cc cc cc cc
0x00007ff95a753900:   49 8b 00 48 89 02 c3 cc cc cc cc cc cc cc cc cc
0x00007ff95a753910:   8b 81 10 39 00 00 c3 cc cc cc cc cc cc cc cc cc
0x00007ff95a753920:   8b 81 10 39 00 00 83 c0 f0 83 f8 63 0f 87 5a 01
0x00007ff95a753930:   00 00 48 8d 15 c7 c6 e6 ff 0f b6 84 02 b0 3a 19
0x00007ff95a753940:   00 8b 8c 82 90 3a 19 00 48 03 ca ff e1 48 8b 0d
0x00007ff95a753950:   6c 70 55 03 83 b9 0c 33 00 00 02 0f 87 2b 01 00
0x00007ff95a753960:   00 48 8d 91 9c 29 00 00 c7 02 e1 00 00 00 e9 ce
0x00007ff95a753970:   00 00 00 48 8b 0d 46 70 55 03 83 b9 0c 33 00 00
0x00007ff95a753980:   02 0f 87 05 01 00 00 48 8d 91 9c 29 00 00 c7 02
0x00007ff95a753990:   f0 00 00 00 e9 a8 00 00 00 48 8b 0d 20 70 55 03
0x00007ff95a7539a0:   83 b9 0c 33 00 00 02 0f 87 df 00 00 00 48 8d 91
0x00007ff95a7539b0:   9c 29 00 00 c7 02 00 04 00 00 e9 82 00 00 00 48
0x00007ff95a7539c0:   8b 0d fa 6f 55 03 83 b9 0c 33 00 00 02 0f 87 b9
0x00007ff95a7539d0:   00 00 00 48 8d 91 9c 29 00 00 c7 02 00 08 00 00
0x00007ff95a7539e0:   eb 5f 48 8b 0d d7 6f 55 03 83 b9 0c 33 00 00 02
0x00007ff95a7539f0:   0f 87 96 00 00 00 48 8d 91 9c 29 00 00 c7 02 00
0x00007ff95a753a00:   09 00 00 eb 3c 48 8b 0d b4 6f 55 03 83 b9 0c 33
0x00007ff95a753a10:   00 00 02 77 77 48 8d 91 9c 29 00 00 c7 02 3c 0f 


Stack slot to memory mapping:
stack at sp + 0 slots: 0x00007ff95a712654 atio6axx.dll
stack at sp + 1 slots: 0x00007ff95dd040f0 atio6axx.dll
stack at sp + 2 slots: 0x0 is NULL
stack at sp + 3 slots: 0x0000652e6176616a is an unknown value
stack at sp + 4 slots: 0x0000fbe97ea706c6 is an unknown value
stack at sp + 5 slots: 0x00000019784fab70 is pointing into the stack for thread: 0x000001ac6e2ec780
stack at sp + 6 slots: 0x00007ff95a716116 atio6axx.dll
stack at sp + 7 slots: 0x00007ff95dd040f8 atio6axx.dll


---------------  P R O C E S S  ---------------

Threads class SMR info:
_java_thread_list=0x000001ac17d24c20, length=26, elements={
0x000001ac6e2ec780, 0x000001ac119865a0, 0x000001ac11986f50, 0x000001ac119990c0,
0x000001ac1199ba80, 0x000001ac1199c430, 0x000001ac1199ddf0, 0x000001ac1199ead0,
0x000001ac119ac9e0, 0x000001ac119ad3d0, 0x000001ac11a41f40, 0x000001ac11a97f20,
0x000001ac11ae8750, 0x000001ac11aecc70, 0x000001ac1297c6b0, 0x000001ac1286af90,
0x000001ac12cdc3a0, 0x000001ac12ccfba0, 0x000001ac17d31af0, 0x000001ac1371add0,
0x000001ac196468d0, 0x000001ac16d80e70, 0x000001ac16d82cd0, 0x000001ac1648e1d0,
0x000001ac16d84b30, 0x000001ac16d85040
}

Java Threads: ( => current thread )
=>0x000001ac6e2ec780 JavaThread "Render thread" [_thread_in_native, id=5256, stack(0x0000001978400000,0x0000001978500000)]
  0x000001ac119865a0 JavaThread "Reference Handler" daemon [_thread_blocked, id=19196, stack(0x0000001978b00000,0x0000001978c00000)]
  0x000001ac11986f50 JavaThread "Finalizer" daemon [_thread_blocked, id=16164, stack(0x0000001978c00000,0x0000001978d00000)]
  0x000001ac119990c0 JavaThread "Signal Dispatcher" daemon [_thread_blocked, id=10624, stack(0x0000001978d00000,0x0000001978e00000)]
  0x000001ac1199ba80 JavaThread "Attach Listener" daemon [_thread_blocked, id=6932, stack(0x0000001978e00000,0x0000001978f00000)]
  0x000001ac1199c430 JavaThread "Service Thread" daemon [_thread_blocked, id=18488, stack(0x0000001978f00000,0x0000001979000000)]
  0x000001ac1199ddf0 JavaThread "Monitor Deflation Thread" daemon [_thread_blocked, id=24876, stack(0x0000001979000000,0x0000001979100000)]
  0x000001ac1199ead0 JavaThread "C2 CompilerThread0" daemon [_thread_blocked, id=20504, stack(0x0000001979100000,0x0000001979200000)]
  0x000001ac119ac9e0 JavaThread "C1 CompilerThread0" daemon [_thread_blocked, id=25516, stack(0x0000001979200000,0x0000001979300000)]
  0x000001ac119ad3d0 JavaThread "Sweeper thread" daemon [_thread_blocked, id=18596, stack(0x0000001979300000,0x0000001979400000)]
  0x000001ac11a41f40 JavaThread "C1 CompilerThread1" daemon [_thread_blocked, id=25384, stack(0x0000001979400000,0x0000001979500000)]
  0x000001ac11a97f20 JavaThread "Common-Cleaner" daemon [_thread_blocked, id=23408, stack(0x0000001979500000,0x0000001979600000)]
  0x000001ac11ae8750 JavaThread "C2 CompilerThread1" daemon [_thread_blocked, id=13972, stack(0x0000001979600000,0x0000001979700000)]
  0x000001ac11aecc70 JavaThread "C2 CompilerThread2" daemon [_thread_blocked, id=20880, stack(0x0000001979700000,0x0000001979800000)]
  0x000001ac1297c6b0 JavaThread "Monitor Ctrl-Break" daemon [_thread_in_native, id=6300, stack(0x0000001979800000,0x0000001979900000)]
  0x000001ac1286af90 JavaThread "Notification Thread" daemon [_thread_blocked, id=22352, stack(0x0000001979900000,0x0000001979a00000)]
  0x000001ac12cdc3a0 JavaThread "C1 CompilerThread2" daemon [_thread_blocked, id=14644, stack(0x0000001979b00000,0x0000001979c00000)]
  0x000001ac12ccfba0 JavaThread "C1 CompilerThread3" daemon [_thread_blocked, id=21460, stack(0x0000001979c00000,0x0000001979d00000)]
  0x000001ac17d31af0 JavaThread "Thread-0" daemon [_thread_blocked, id=20148, stack(0x000000197ac00000,0x000000197ad00000)]
  0x000001ac1371add0 JavaThread "FileSystemWatchService" daemon [_thread_in_native, id=11740, stack(0x000000197ad00000,0x000000197ae00000)]
  0x000001ac196468d0 JavaThread "pool-2-thread-1" daemon [_thread_blocked, id=10804, stack(0x000000197b200000,0x000000197b300000)]
  0x000001ac16d80e70 JavaThread "C2 CompilerThread3" daemon [_thread_blocked, id=7756, stack(0x000000197a100000,0x000000197a200000)]
  0x000001ac16d82cd0 JavaThread "C2 CompilerThread4" daemon [_thread_blocked, id=24148, stack(0x000000197a200000,0x000000197a300000)]
  0x000001ac1648e1d0 JavaThread "Timer hack thread" daemon [_thread_blocked, id=17412, stack(0x000000197a400000,0x000000197a500000)]
  0x000001ac16d84b30 JavaThread "C2 CompilerThread5" daemon [_thread_blocked, id=22864, stack(0x000000197ae00000,0x000000197af00000)]
  0x000001ac16d85040 JavaThread "C2 CompilerThread6" daemon [_thread_in_native, id=23344, stack(0x000000197af00000,0x000000197b000000)]

Other Threads:
  0x000001ac11981c00 VMThread "VM Thread" [stack: 0x0000001978a00000,0x0000001978b00000] [id=18016]
  0x000001ac129d2c30 WatcherThread [stack: 0x0000001979a00000,0x0000001979b00000] [id=14428]
  0x000001ac6e3573c0 GCTaskThread "GC Thread#0" [stack: 0x0000001978500000,0x0000001978600000] [id=5548]
  0x000001ac12dfa4b0 GCTaskThread "GC Thread#1" [stack: 0x0000001979d00000,0x0000001979e00000] [id=20032]
  0x000001ac12dfa760 GCTaskThread "GC Thread#2" [stack: 0x0000001979e00000,0x0000001979f00000] [id=9464]
  0x000001ac12e10430 GCTaskThread "GC Thread#3" [stack: 0x0000001979f00000,0x000000197a000000] [id=13188]
  0x000001ac12d0d020 GCTaskThread "GC Thread#4" [stack: 0x000000197a000000,0x000000197a100000] [id=11380]
  0x000001ac142c07e0 GCTaskThread "GC Thread#5" [stack: 0x000000197a600000,0x000000197a700000] [id=19044]
  0x000001ac166a2850 GCTaskThread "GC Thread#6" [stack: 0x000000197a700000,0x000000197a800000] [id=18264]
  0x000001ac14319de0 GCTaskThread "GC Thread#7" [stack: 0x000000197a300000,0x000000197a400000] [id=18620]
  0x000001ac14564730 GCTaskThread "GC Thread#8" [stack: 0x000000197a500000,0x000000197a600000] [id=19760]
  0x000001ac17417740 GCTaskThread "GC Thread#9" [stack: 0x000000197a800000,0x000000197a900000] [id=25576]
  0x000001ac17891c80 GCTaskThread "GC Thread#10" [stack: 0x000000197a900000,0x000000197aa00000] [id=16820]
  0x000001ac19448c80 GCTaskThread "GC Thread#11" [stack: 0x000000197aa00000,0x000000197ab00000] [id=22964]
  0x000001ac16d6b050 GCTaskThread "GC Thread#12" [stack: 0x000000197ab00000,0x000000197ac00000] [id=2972]
  0x000001ac6e369820 ConcurrentGCThread "G1 Main Marker" [stack: 0x0000001978600000,0x0000001978700000] [id=21076]
  0x000001ac6e36a290 ConcurrentGCThread "G1 Conc#0" [stack: 0x0000001978700000,0x0000001978800000] [id=20244]
  0x000001ac16d53330 ConcurrentGCThread "G1 Conc#1" [stack: 0x000000197b000000,0x000000197b100000] [id=6828]
  0x000001ac16d52060 ConcurrentGCThread "G1 Conc#2" [stack: 0x000000197b100000,0x000000197b200000] [id=23220]
  0x000001ac111dc9c0 ConcurrentGCThread "G1 Refine#0" [stack: 0x0000001978800000,0x0000001978900000] [id=12524]
  0x000001ac111dd1f0 ConcurrentGCThread "G1 Service" [stack: 0x0000001978900000,0x0000001978a00000] [id=4472]

Threads with active compile tasks:
C2 CompilerThread6    16181 9980       4       com.google.gson.internal.bind.TypeAdapters$27::read (225 bytes)

VM state: not at safepoint (normal execution)

VM Mutex/Monitor currently owned by a thread: None

Heap address: 0x0000000709e00000, size: 3938 MB, Compressed Oops mode: Zero based, Oop shift amount: 3

CDS archive(s) mapped at: [0x0000000800000000-0x0000000800bc0000-0x0000000800bc0000), size 12320768, SharedBaseAddress: 0x0000000800000000, ArchiveRelocationMode: 0.
Compressed class space mapped at: 0x0000000800c00000-0x0000000840c00000, reserved size: 1073741824
Narrow klass base: 0x0000000800000000, Narrow klass shift: 0, Narrow klass range: 0x100000000

GC Precious Log:
 CPUs: 16 total, 16 available
 Memory: 15747M
 Large Page Support: Disabled
 NUMA Support: Disabled
 Compressed Oops: Enabled (Zero based)
 Heap Region Size: 2M
 Heap Min Capacity: 8M
 Heap Initial Capacity: 248M
 Heap Max Capacity: 3938M
 Pre-touch: Disabled
 Parallel Workers: 13
 Concurrent Workers: 3
 Concurrent Refinement Workers: 13
 Periodic GC: Disabled

Heap:
 garbage-first heap   total 321536K, used 262542K [0x0000000709e00000, 0x0000000800000000)
  region size 2048K, 54 young (110592K), 3 survivors (6144K)
 Metaspace       used 65270K, committed 66432K, reserved 1105920K
  class space    used 9764K, committed 10240K, reserved 1048576K

Heap Regions: E=young(eden), S=young(survivor), O=old, HS=humongous(starts), HC=humongous(continues), CS=collection set, F=free, OA=open archive, CA=closed archive, TAMS=top-at-mark-start (previous, next)
|   0|0x0000000709e00000, 0x000000070a000000, 0x000000070a000000|100%|HS|  |TAMS 0x000000070a000000, 0x0000000709e00000| Complete 
|   1|0x000000070a000000, 0x000000070a200000, 0x000000070a200000|100%| O|  |TAMS 0x000000070a200000, 0x000000070a000000| Untracked 
|   2|0x000000070a200000, 0x000000070a400000, 0x000000070a400000|100%|HS|  |TAMS 0x000000070a400000, 0x000000070a200000| Complete 
|   3|0x000000070a400000, 0x000000070a600000, 0x000000070a600000|100%| O|  |TAMS 0x000000070a600000, 0x000000070a400000| Untracked 
|   4|0x000000070a600000, 0x000000070a800000, 0x000000070a800000|100%| O|  |TAMS 0x000000070a800000, 0x000000070a600000| Untracked 
|   5|0x000000070a800000, 0x000000070aa00000, 0x000000070aa00000|100%| O|  |TAMS 0x000000070aa00000, 0x000000070a800000| Untracked 
|   6|0x000000070aa00000, 0x000000070ac00000, 0x000000070ac00000|100%|HS|  |TAMS 0x000000070ac00000, 0x000000070aa00000| Complete 
|   7|0x000000070ac00000, 0x000000070ae00000, 0x000000070ae00000|100%|HS|  |TAMS 0x000000070ae00000, 0x000000070ac00000| Complete 
|   8|0x000000070ae00000, 0x000000070b000000, 0x000000070b000000|100%| O|  |TAMS 0x000000070b000000, 0x000000070ae00000| Untracked 
|   9|0x000000070b000000, 0x000000070b200000, 0x000000070b200000|100%| O|  |TAMS 0x000000070b200000, 0x000000070b000000| Untracked 
|  10|0x000000070b200000, 0x000000070b400000, 0x000000070b400000|100%| O|  |TAMS 0x000000070b400000, 0x000000070b200000| Untracked 
|  11|0x000000070b400000, 0x000000070b600000, 0x000000070b600000|100%| O|  |TAMS 0x000000070b600000, 0x000000070b400000| Untracked 
|  12|0x000000070b600000, 0x000000070b800000, 0x000000070b800000|100%| O|  |TAMS 0x000000070b800000, 0x000000070b600000| Untracked 
|  13|0x000000070b800000, 0x000000070ba00000, 0x000000070ba00000|100%|HS|  |TAMS 0x000000070ba00000, 0x000000070b800000| Complete 
|  14|0x000000070ba00000, 0x000000070bc00000, 0x000000070bc00000|100%| O|  |TAMS 0x000000070bc00000, 0x000000070ba00000| Untracked 
|  15|0x000000070bc00000, 0x000000070be00000, 0x000000070be00000|100%| O|  |TAMS 0x000000070be00000, 0x000000070bc00000| Untracked 
|  16|0x000000070be00000, 0x000000070c000000, 0x000000070c000000|100%| O|  |TAMS 0x000000070c000000, 0x000000070be00000| Untracked 
|  17|0x000000070c000000, 0x000000070c200000, 0x000000070c200000|100%| O|  |TAMS 0x000000070c200000, 0x000000070c000000| Untracked 
|  18|0x000000070c200000, 0x000000070c400000, 0x000000070c400000|100%| O|  |TAMS 0x000000070c400000, 0x000000070c200000| Untracked 
|  19|0x000000070c400000, 0x000000070c600000, 0x000000070c600000|100%| O|  |TAMS 0x000000070c600000, 0x000000070c400000| Untracked 
|  20|0x000000070c600000, 0x000000070c800000, 0x000000070c800000|100%| O|  |TAMS 0x000000070c800000, 0x000000070c600000| Untracked 
|  21|0x000000070c800000, 0x000000070ca00000, 0x000000070ca00000|100%| O|  |TAMS 0x000000070ca00000, 0x000000070c800000| Untracked 
|  22|0x000000070ca00000, 0x000000070cb5b400, 0x000000070cc00000| 67%| O|  |TAMS 0x000000070cb5b400, 0x000000070ca00000| Complete 
|  23|0x000000070cc00000, 0x000000070ce00000, 0x000000070ce00000|100%| O|  |TAMS 0x000000070ce00000, 0x000000070cc00000| Untracked 
|  24|0x000000070ce00000, 0x000000070d000000, 0x000000070d000000|100%| O|  |TAMS 0x000000070d000000, 0x000000070ce00000| Untracked 
|  25|0x000000070d000000, 0x000000070d200000, 0x000000070d200000|100%| O|  |TAMS 0x000000070d200000, 0x000000070d000000| Untracked 
|  26|0x000000070d200000, 0x000000070d400000, 0x000000070d400000|100%| O|  |TAMS 0x000000070d400000, 0x000000070d200000| Untracked 
|  27|0x000000070d400000, 0x000000070d600000, 0x000000070d600000|100%| O|  |TAMS 0x000000070d600000, 0x000000070d400000| Untracked 
|  28|0x000000070d600000, 0x000000070d800000, 0x000000070d800000|100%| O|  |TAMS 0x000000070d800000, 0x000000070d600000| Untracked 
|  29|0x000000070d800000, 0x000000070da00000, 0x000000070da00000|100%| O|  |TAMS 0x000000070da00000, 0x000000070d800000| Untracked 
|  30|0x000000070da00000, 0x000000070dc00000, 0x000000070dc00000|100%| O|  |TAMS 0x000000070dc00000, 0x000000070da00000| Untracked 
|  31|0x000000070dc00000, 0x000000070de00000, 0x000000070de00000|100%| O|  |TAMS 0x000000070de00000, 0x000000070dc00000| Untracked 
|  32|0x000000070de00000, 0x000000070e000000, 0x000000070e000000|100%|HS|  |TAMS 0x000000070e000000, 0x000000070de00000| Complete 
|  33|0x000000070e000000, 0x000000070e200000, 0x000000070e200000|100%|HC|  |TAMS 0x000000070e200000, 0x000000070e000000| Complete 
|  34|0x000000070e200000, 0x000000070e400000, 0x000000070e400000|100%|HC|  |TAMS 0x000000070e400000, 0x000000070e200000| Complete 
|  35|0x000000070e400000, 0x000000070e600000, 0x000000070e600000|100%|HC|  |TAMS 0x000000070e600000, 0x000000070e400000| Complete 
|  36|0x000000070e600000, 0x000000070e800000, 0x000000070e800000|100%|HC|  |TAMS 0x000000070e800000, 0x000000070e600000| Complete 
|  37|0x000000070e800000, 0x000000070ea00000, 0x000000070ea00000|100%|HC|  |TAMS 0x000000070ea00000, 0x000000070e800000| Complete 
|  38|0x000000070ea00000, 0x000000070ec00000, 0x000000070ec00000|100%| O|  |TAMS 0x000000070ec00000, 0x000000070ea00000| Untracked 
|  39|0x000000070ec00000, 0x000000070ee00000, 0x000000070ee00000|100%| O|  |TAMS 0x000000070ee00000, 0x000000070ec00000| Untracked 
|  40|0x000000070ee00000, 0x000000070f000000, 0x000000070f000000|100%| O|  |TAMS 0x000000070f000000, 0x000000070ee00000| Untracked 
|  41|0x000000070f000000, 0x000000070f200000, 0x000000070f200000|100%| O|  |TAMS 0x000000070f200000, 0x000000070f000000| Untracked 
|  42|0x000000070f200000, 0x000000070f400000, 0x000000070f400000|100%| O|  |TAMS 0x000000070f400000, 0x000000070f200000| Untracked 
|  43|0x000000070f400000, 0x000000070f600000, 0x000000070f600000|100%| O|  |TAMS 0x000000070f600000, 0x000000070f400000| Untracked 
|  44|0x000000070f600000, 0x000000070f800000, 0x000000070f800000|100%| O|  |TAMS 0x000000070f800000, 0x000000070f600000| Untracked 
|  45|0x000000070f800000, 0x000000070fa00000, 0x000000070fa00000|100%| O|  |TAMS 0x000000070fa00000, 0x000000070f800000| Untracked 
|  46|0x000000070fa00000, 0x000000070fc00000, 0x000000070fc00000|100%| O|  |TAMS 0x000000070fc00000, 0x000000070fa00000| Untracked 
|  47|0x000000070fc00000, 0x000000070fe00000, 0x000000070fe00000|100%| O|  |TAMS 0x000000070fe00000, 0x000000070fc00000| Untracked 
|  48|0x000000070fe00000, 0x0000000710000000, 0x0000000710000000|100%| O|  |TAMS 0x0000000710000000, 0x000000070fe00000| Untracked 
|  49|0x0000000710000000, 0x0000000710200000, 0x0000000710200000|100%| O|  |TAMS 0x0000000710200000, 0x0000000710000000| Untracked 
|  50|0x0000000710200000, 0x0000000710400000, 0x0000000710400000|100%| O|  |TAMS 0x0000000710400000, 0x0000000710200000| Untracked 
|  51|0x0000000710400000, 0x0000000710600000, 0x0000000710600000|100%| O|  |TAMS 0x0000000710600000, 0x0000000710400000| Untracked 
|  52|0x0000000710600000, 0x0000000710800000, 0x0000000710800000|100%| O|  |TAMS 0x0000000710800000, 0x0000000710600000| Untracked 
|  53|0x0000000710800000, 0x0000000710a00000, 0x0000000710a00000|100%| O|  |TAMS 0x0000000710a00000, 0x0000000710800000| Untracked 
|  54|0x0000000710a00000, 0x0000000710c00000, 0x0000000710c00000|100%| O|  |TAMS 0x0000000710c00000, 0x0000000710a00000| Untracked 
|  55|0x0000000710c00000, 0x0000000710e00000, 0x0000000710e00000|100%| O|  |TAMS 0x0000000710e00000, 0x0000000710c00000| Untracked 
|  56|0x0000000710e00000, 0x0000000711000000, 0x0000000711000000|100%| O|  |TAMS 0x0000000711000000, 0x0000000710e00000| Untracked 
|  57|0x0000000711000000, 0x0000000711200000, 0x0000000711200000|100%| O|  |TAMS 0x0000000711200000, 0x0000000711000000| Untracked 
|  58|0x0000000711200000, 0x0000000711400000, 0x0000000711400000|100%| O|  |TAMS 0x0000000711400000, 0x0000000711200000| Untracked 
|  59|0x0000000711400000, 0x0000000711600000, 0x0000000711600000|100%| O|  |TAMS 0x0000000711600000, 0x0000000711400000| Untracked 
|  60|0x0000000711600000, 0x0000000711800000, 0x0000000711800000|100%| O|  |TAMS 0x0000000711800000, 0x0000000711600000| Untracked 
|  61|0x0000000711800000, 0x0000000711a00000, 0x0000000711a00000|100%| O|  |TAMS 0x0000000711a00000, 0x0000000711800000| Untracked 
|  62|0x0000000711a00000, 0x0000000711c00000, 0x0000000711c00000|100%| O|  |TAMS 0x0000000711c00000, 0x0000000711a00000| Untracked 
|  63|0x0000000711c00000, 0x0000000711e00000, 0x0000000711e00000|100%| O|  |TAMS 0x0000000711e00000, 0x0000000711c00000| Untracked 
|  64|0x0000000711e00000, 0x0000000712000000, 0x0000000712000000|100%| O|  |TAMS 0x0000000712000000, 0x0000000711e00000| Untracked 
|  65|0x0000000712000000, 0x0000000712200000, 0x0000000712200000|100%| O|  |TAMS 0x00000007121ba000, 0x0000000712000000| Untracked 
|  66|0x0000000712200000, 0x0000000712400000, 0x0000000712400000|100%| O|  |TAMS 0x0000000712200000, 0x0000000712200000| Untracked 
|  67|0x0000000712400000, 0x0000000712600000, 0x0000000712600000|100%| O|  |TAMS 0x0000000712400000, 0x0000000712400000| Untracked 
|  68|0x0000000712600000, 0x0000000712800000, 0x0000000712800000|100%| O|  |TAMS 0x0000000712600000, 0x0000000712600000| Untracked 
|  69|0x0000000712800000, 0x0000000712a00000, 0x0000000712a00000|100%| O|  |TAMS 0x0000000712800000, 0x0000000712800000| Untracked 
|  70|0x0000000712a00000, 0x0000000712c00000, 0x0000000712c00000|100%| O|  |TAMS 0x0000000712a00000, 0x0000000712a00000| Untracked 
|  71|0x0000000712c00000, 0x0000000712e00000, 0x0000000712e00000|100%| O|  |TAMS 0x0000000712c00000, 0x0000000712c00000| Untracked 
|  72|0x0000000712e00000, 0x0000000713000000, 0x0000000713000000|100%| O|  |TAMS 0x0000000712e00000, 0x0000000712e00000| Untracked 
|  73|0x0000000713000000, 0x0000000713200000, 0x0000000713200000|100%| O|  |TAMS 0x0000000713000000, 0x0000000713000000| Untracked 
|  74|0x0000000713200000, 0x0000000713400000, 0x0000000713400000|100%| O|  |TAMS 0x0000000713200000, 0x0000000713200000| Untracked 
|  75|0x0000000713400000, 0x0000000713508400, 0x0000000713600000| 51%| O|  |TAMS 0x0000000713400000, 0x0000000713400000| Untracked 
|  76|0x0000000713600000, 0x0000000713600000, 0x0000000713800000|  0%| F|  |TAMS 0x0000000713600000, 0x0000000713600000| Untracked 
|  77|0x0000000713800000, 0x0000000713800000, 0x0000000713a00000|  0%| F|  |TAMS 0x0000000713800000, 0x0000000713800000| Untracked 
|  78|0x0000000713a00000, 0x0000000713a00000, 0x0000000713c00000|  0%| F|  |TAMS 0x0000000713a00000, 0x0000000713a00000| Untracked 
|  79|0x0000000713c00000, 0x0000000713c00000, 0x0000000713e00000|  0%| F|  |TAMS 0x0000000713c00000, 0x0000000713c00000| Untracked 
|  80|0x0000000713e00000, 0x0000000713e00000, 0x0000000714000000|  0%| F|  |TAMS 0x0000000713e00000, 0x0000000713e00000| Untracked 
|  81|0x0000000714000000, 0x0000000714000000, 0x0000000714200000|  0%| F|  |TAMS 0x0000000714000000, 0x0000000714000000| Untracked 
|  82|0x0000000714200000, 0x0000000714200000, 0x0000000714400000|  0%| F|  |TAMS 0x0000000714200000, 0x0000000714200000| Untracked 
|  83|0x0000000714400000, 0x0000000714400000, 0x0000000714600000|  0%| F|  |TAMS 0x0000000714400000, 0x0000000714400000| Untracked 
|  84|0x0000000714600000, 0x0000000714600000, 0x0000000714800000|  0%| F|  |TAMS 0x0000000714600000, 0x0000000714600000| Untracked 
|  85|0x0000000714800000, 0x0000000714800000, 0x0000000714a00000|  0%| F|  |TAMS 0x0000000714800000, 0x0000000714800000| Untracked 
|  86|0x0000000714a00000, 0x0000000714a00000, 0x0000000714c00000|  0%| F|  |TAMS 0x0000000714a00000, 0x0000000714a00000| Untracked 
|  87|0x0000000714c00000, 0x0000000714c00000, 0x0000000714e00000|  0%| F|  |TAMS 0x0000000714c00000, 0x0000000714c00000| Untracked 
|  88|0x0000000714e00000, 0x0000000714e00000, 0x0000000715000000|  0%| F|  |TAMS 0x0000000714e00000, 0x0000000714e00000| Untracked 
|  89|0x0000000715000000, 0x0000000715000000, 0x0000000715200000|  0%| F|  |TAMS 0x0000000715000000, 0x0000000715000000| Untracked 
|  90|0x0000000715200000, 0x0000000715200000, 0x0000000715400000|  0%| F|  |TAMS 0x0000000715200000, 0x0000000715200000| Untracked 
|  91|0x0000000715400000, 0x0000000715400000, 0x0000000715600000|  0%| F|  |TAMS 0x0000000715400000, 0x0000000715400000| Untracked 
|  92|0x0000000715600000, 0x0000000715600000, 0x0000000715800000|  0%| F|  |TAMS 0x0000000715600000, 0x0000000715600000| Untracked 
|  93|0x0000000715800000, 0x0000000715800000, 0x0000000715a00000|  0%| F|  |TAMS 0x0000000715800000, 0x0000000715800000| Untracked 
|  94|0x0000000715a00000, 0x0000000715a00000, 0x0000000715c00000|  0%| F|  |TAMS 0x0000000715a00000, 0x0000000715a00000| Untracked 
|  95|0x0000000715c00000, 0x0000000715c00000, 0x0000000715e00000|  0%| F|  |TAMS 0x0000000715c00000, 0x0000000715c00000| Untracked 
|  96|0x0000000715e00000, 0x0000000715e00000, 0x0000000716000000|  0%| F|  |TAMS 0x0000000715e00000, 0x0000000715e00000| Untracked 
|  97|0x0000000716000000, 0x0000000716000000, 0x0000000716200000|  0%| F|  |TAMS 0x0000000716000000, 0x0000000716000000| Untracked 
|  98|0x0000000716200000, 0x0000000716200000, 0x0000000716400000|  0%| F|  |TAMS 0x0000000716200000, 0x0000000716200000| Untracked 
|  99|0x0000000716400000, 0x0000000716400000, 0x0000000716600000|  0%| F|  |TAMS 0x0000000716400000, 0x0000000716400000| Untracked 
| 100|0x0000000716600000, 0x0000000716600000, 0x0000000716800000|  0%| F|  |TAMS 0x0000000716600000, 0x0000000716600000| Untracked 
| 101|0x0000000716800000, 0x0000000716800000, 0x0000000716a00000|  0%| F|  |TAMS 0x0000000716800000, 0x0000000716800000| Untracked 
| 102|0x0000000716a00000, 0x0000000716a00000, 0x0000000716c00000|  0%| F|  |TAMS 0x0000000716a00000, 0x0000000716a00000| Untracked 
| 103|0x0000000716c00000, 0x0000000716db5ca8, 0x0000000716e00000| 85%| E|  |TAMS 0x0000000716c00000, 0x0000000716c00000| Complete 
| 104|0x0000000716e00000, 0x0000000717000000, 0x0000000717000000|100%| E|CS|TAMS 0x0000000716e00000, 0x0000000716e00000| Complete 
| 105|0x0000000717000000, 0x0000000717200000, 0x0000000717200000|100%| E|CS|TAMS 0x0000000717000000, 0x0000000717000000| Complete 
| 106|0x0000000717200000, 0x0000000717400000, 0x0000000717400000|100%| E|CS|TAMS 0x0000000717200000, 0x0000000717200000| Complete 
| 107|0x0000000717400000, 0x0000000717600000, 0x0000000717600000|100%| E|CS|TAMS 0x0000000717400000, 0x0000000717400000| Complete 
| 108|0x0000000717600000, 0x0000000717800000, 0x0000000717800000|100%| S|CS|TAMS 0x0000000717600000, 0x0000000717600000| Complete 
| 109|0x0000000717800000, 0x0000000717a00000, 0x0000000717a00000|100%| S|CS|TAMS 0x0000000717800000, 0x0000000717800000| Complete 
| 110|0x0000000717a00000, 0x0000000717c00000, 0x0000000717c00000|100%| S|CS|TAMS 0x0000000717a00000, 0x0000000717a00000| Complete 
| 111|0x0000000717c00000, 0x0000000717e00000, 0x0000000717e00000|100%| E|CS|TAMS 0x0000000717c00000, 0x0000000717c00000| Complete 
| 112|0x0000000717e00000, 0x0000000718000000, 0x0000000718000000|100%| E|CS|TAMS 0x0000000717e00000, 0x0000000717e00000| Complete 
| 113|0x0000000718000000, 0x0000000718200000, 0x0000000718200000|100%| E|CS|TAMS 0x0000000718000000, 0x0000000718000000| Complete 
| 114|0x0000000718200000, 0x0000000718400000, 0x0000000718400000|100%| E|CS|TAMS 0x0000000718200000, 0x0000000718200000| Complete 
| 115|0x0000000718400000, 0x0000000718600000, 0x0000000718600000|100%| E|CS|TAMS 0x0000000718400000, 0x0000000718400000| Complete 
| 116|0x0000000718600000, 0x0000000718800000, 0x0000000718800000|100%| E|CS|TAMS 0x0000000718600000, 0x0000000718600000| Complete 
| 117|0x0000000718800000, 0x0000000718a00000, 0x0000000718a00000|100%| E|CS|TAMS 0x0000000718800000, 0x0000000718800000| Complete 
| 118|0x0000000718a00000, 0x0000000718c00000, 0x0000000718c00000|100%| E|CS|TAMS 0x0000000718a00000, 0x0000000718a00000| Complete 
| 119|0x0000000718c00000, 0x0000000718e00000, 0x0000000718e00000|100%| E|CS|TAMS 0x0000000718c00000, 0x0000000718c00000| Complete 
| 120|0x0000000718e00000, 0x0000000719000000, 0x0000000719000000|100%| E|CS|TAMS 0x0000000718e00000, 0x0000000718e00000| Complete 
| 121|0x0000000719000000, 0x0000000719200000, 0x0000000719200000|100%| E|CS|TAMS 0x0000000719000000, 0x0000000719000000| Complete 
| 122|0x0000000719200000, 0x0000000719400000, 0x0000000719400000|100%| E|CS|TAMS 0x0000000719200000, 0x0000000719200000| Complete 
| 123|0x0000000719400000, 0x0000000719600000, 0x0000000719600000|100%| E|CS|TAMS 0x0000000719400000, 0x0000000719400000| Complete 
| 124|0x0000000719600000, 0x0000000719800000, 0x0000000719800000|100%| E|CS|TAMS 0x0000000719600000, 0x0000000719600000| Complete 
| 125|0x0000000719800000, 0x0000000719a00000, 0x0000000719a00000|100%| E|CS|TAMS 0x0000000719800000, 0x0000000719800000| Complete 
| 126|0x0000000719a00000, 0x0000000719c00000, 0x0000000719c00000|100%| E|CS|TAMS 0x0000000719a00000, 0x0000000719a00000| Complete 
| 127|0x0000000719c00000, 0x0000000719e00000, 0x0000000719e00000|100%| E|CS|TAMS 0x0000000719c00000, 0x0000000719c00000| Complete 
| 128|0x0000000719e00000, 0x000000071a000000, 0x000000071a000000|100%| E|CS|TAMS 0x0000000719e00000, 0x0000000719e00000| Complete 
| 129|0x000000071a000000, 0x000000071a200000, 0x000000071a200000|100%| E|CS|TAMS 0x000000071a000000, 0x000000071a000000| Complete 
| 130|0x000000071a200000, 0x000000071a400000, 0x000000071a400000|100%| E|CS|TAMS 0x000000071a200000, 0x000000071a200000| Complete 
| 131|0x000000071a400000, 0x000000071a600000, 0x000000071a600000|100%| E|CS|TAMS 0x000000071a400000, 0x000000071a400000| Complete 
| 132|0x000000071a600000, 0x000000071a800000, 0x000000071a800000|100%| E|CS|TAMS 0x000000071a600000, 0x000000071a600000| Complete 
| 133|0x000000071a800000, 0x000000071aa00000, 0x000000071aa00000|100%| E|CS|TAMS 0x000000071a800000, 0x000000071a800000| Complete 
| 134|0x000000071aa00000, 0x000000071ac00000, 0x000000071ac00000|100%| E|CS|TAMS 0x000000071aa00000, 0x000000071aa00000| Complete 
| 135|0x000000071ac00000, 0x000000071ae00000, 0x000000071ae00000|100%| E|CS|TAMS 0x000000071ac00000, 0x000000071ac00000| Complete 
| 136|0x000000071ae00000, 0x000000071b000000, 0x000000071b000000|100%| E|CS|TAMS 0x000000071ae00000, 0x000000071ae00000| Complete 
| 137|0x000000071b000000, 0x000000071b200000, 0x000000071b200000|100%| E|CS|TAMS 0x000000071b000000, 0x000000071b000000| Complete 
| 138|0x000000071b200000, 0x000000071b400000, 0x000000071b400000|100%| E|CS|TAMS 0x000000071b200000, 0x000000071b200000| Complete 
| 139|0x000000071b400000, 0x000000071b600000, 0x000000071b600000|100%| E|CS|TAMS 0x000000071b400000, 0x000000071b400000| Complete 
| 140|0x000000071b600000, 0x000000071b800000, 0x000000071b800000|100%| E|CS|TAMS 0x000000071b600000, 0x000000071b600000| Complete 
| 141|0x000000071b800000, 0x000000071ba00000, 0x000000071ba00000|100%| E|CS|TAMS 0x000000071b800000, 0x000000071b800000| Complete 
| 142|0x000000071ba00000, 0x000000071bc00000, 0x000000071bc00000|100%| E|CS|TAMS 0x000000071ba00000, 0x000000071ba00000| Complete 
| 143|0x000000071bc00000, 0x000000071be00000, 0x000000071be00000|100%| E|CS|TAMS 0x000000071bc00000, 0x000000071bc00000| Complete 
| 144|0x000000071be00000, 0x000000071c000000, 0x000000071c000000|100%| E|CS|TAMS 0x000000071be00000, 0x000000071be00000| Complete 
| 145|0x000000071c000000, 0x000000071c200000, 0x000000071c200000|100%| E|CS|TAMS 0x000000071c000000, 0x000000071c000000| Complete 
| 146|0x000000071c200000, 0x000000071c400000, 0x000000071c400000|100%| E|CS|TAMS 0x000000071c200000, 0x000000071c200000| Complete 
| 147|0x000000071c400000, 0x000000071c600000, 0x000000071c600000|100%| E|CS|TAMS 0x000000071c400000, 0x000000071c400000| Complete 
| 148|0x000000071c600000, 0x000000071c800000, 0x000000071c800000|100%| E|CS|TAMS 0x000000071c600000, 0x000000071c600000| Complete 
| 149|0x000000071c800000, 0x000000071ca00000, 0x000000071ca00000|100%| E|CS|TAMS 0x000000071c800000, 0x000000071c800000| Complete 
| 150|0x000000071ca00000, 0x000000071cc00000, 0x000000071cc00000|100%| E|CS|TAMS 0x000000071ca00000, 0x000000071ca00000| Complete 
| 151|0x000000071cc00000, 0x000000071ce00000, 0x000000071ce00000|100%| E|CS|TAMS 0x000000071cc00000, 0x000000071cc00000| Complete 
| 152|0x000000071ce00000, 0x000000071d000000, 0x000000071d000000|100%| E|CS|TAMS 0x000000071ce00000, 0x000000071ce00000| Complete 
| 153|0x000000071d000000, 0x000000071d200000, 0x000000071d200000|100%| E|CS|TAMS 0x000000071d000000, 0x000000071d000000| Complete 
| 154|0x000000071d200000, 0x000000071d400000, 0x000000071d400000|100%| E|CS|TAMS 0x000000071d200000, 0x000000071d200000| Complete 
| 269|0x000000072b800000, 0x000000072ba00000, 0x000000072ba00000|100%| E|CS|TAMS 0x000000072b800000, 0x000000072b800000| Complete 
| 270|0x000000072ba00000, 0x000000072bc00000, 0x000000072bc00000|100%| E|CS|TAMS 0x000000072ba00000, 0x000000072ba00000| Complete 

Card table byte_map: [0x000001ac76e00000,0x000001ac775c0000] _byte_map_base: 0x000001ac735b1000

Marking Bits (Prev, Next): (CMBitMap*) 0x000001ac6e359920, (CMBitMap*) 0x000001ac6e3598e0
 Prev Bits: [0x000001ac7bb10000, 0x000001ac7f898000)
 Next Bits: [0x000001ac77d80000, 0x000001ac7bb08000)

Polling page: 0x000001ac6c250000

Metaspace:

Usage:
  Non-class:     54.21 MB used.
      Class:      9.54 MB used.
       Both:     63.74 MB used.

Virtual space:
  Non-class space:       56.00 MB reserved,      54.88 MB ( 98%) committed,  7 nodes.
      Class space:        1.00 GB reserved,      10.00 MB ( <1%) committed,  1 nodes.
             Both:        1.05 GB reserved,      64.88 MB (  6%) committed. 

Chunk freelists:
   Non-Class:  810.00 KB
       Class:  2.01 MB
        Both:  2.80 MB

MaxMetaspaceSize: unlimited
CompressedClassSpaceSize: 1.00 GB
Initial GC threshold: 21.00 MB
Current GC threshold: 98.56 MB
CDS: on
MetaspaceReclaimPolicy: balanced
 - commit_granule_bytes: 65536.
 - commit_granule_words: 8192.
 - virtual_space_node_default_size: 1048576.
 - enlarge_chunks_in_place: 1.
 - new_chunks_are_fully_committed: 0.
 - uncommit_free_chunks: 1.
 - use_allocation_guard: 0.
 - handle_deallocations: 1.


Internal statistics:

num_allocs_failed_limit: 12.
num_arena_births: 1704.
num_arena_deaths: 0.
num_vsnodes_births: 8.
num_vsnodes_deaths: 0.
num_space_committed: 1035.
num_space_uncommitted: 0.
num_chunks_returned_to_freelist: 12.
num_chunks_taken_from_freelist: 4354.
num_chunk_merges: 12.
num_chunk_splits: 2843.
num_chunks_enlarged: 1912.
num_purges: 0.
num_inconsistent_stats: 0.

CodeHeap 'non-profiled nmethods': size=119168Kb used=7841Kb max_used=7841Kb free=111326Kb
 bounds [0x000001ac07ba0000, 0x000001ac08350000, 0x000001ac0f000000]
CodeHeap 'profiled nmethods': size=119104Kb used=14174Kb max_used=14174Kb free=104929Kb
 bounds [0x000001ac00750000, 0x000001ac01530000, 0x000001ac07ba0000]
CodeHeap 'non-nmethods': size=7488Kb used=3651Kb max_used=3705Kb free=3837Kb
 bounds [0x000001ac00000000, 0x000001ac003a0000, 0x000001ac00750000]
 total_blobs=9539 nmethods=8054 adapters=1391
 compilation: enabled
              stopped_count=0, restarted_count=0
 full_count=0

Compilation events (20 events):
Event: 15.982 Thread 0x000001ac12ccfba0 nmethod 10051 0x000001ac01524c10 code [0x000001ac01524ea0, 0x000001ac015258e8]
Event: 16.011 Thread 0x000001ac16d84b30 10052       4       org.objectweb.asm.FieldWriter::computeFieldInfoSize (86 bytes)
Event: 16.011 Thread 0x000001ac16d80e70 10053       4       org.objectweb.asm.FieldWriter::putFieldInfo (269 bytes)
Event: 16.012 Thread 0x000001ac12cdc3a0 10054       3       sun.misc.Unsafe::getInt (9 bytes)
Event: 16.012 Thread 0x000001ac12ccfba0 10055       3       org.lwjgl.system.CustomBuffer::address (19 bytes)
Event: 16.012 Thread 0x000001ac11a41f40 10056       3       org.lwjgl.system.StructBuffer::sizeof (8 bytes)
Event: 16.012 Thread 0x000001ac119ac9e0 10057       3       org.lwjgl.glfw.GLFWVidMode$Buffer::getElementFactory (5 bytes)
Event: 16.012 Thread 0x000001ac12cdc3a0 nmethod 10054 0x000001ac01525c90 code [0x000001ac01525e20, 0x000001ac01525f38]
Event: 16.012 Thread 0x000001ac119ac9e0 nmethod 10057 0x000001ac01526010 code [0x000001ac015261a0, 0x000001ac01526318]
Event: 16.012 Thread 0x000001ac11a41f40 nmethod 10056 0x000001ac01526410 code [0x000001ac015265c0, 0x000001ac015267f8]
Event: 16.012 Thread 0x000001ac12ccfba0 nmethod 10055 0x000001ac01526910 code [0x000001ac01526ac0, 0x000001ac01526d28]
Event: 16.012 Thread 0x000001ac12cdc3a0 10058       3       org.lwjgl.glfw.GLFWVidMode$Buffer::getElementFactory (4 bytes)
Event: 16.012 Thread 0x000001ac12ccfba0 10059       3       org.lwjgl.glfw.GLFWVidMode::sizeof (4 bytes)
Event: 16.012 Thread 0x000001ac12cdc3a0 nmethod 10058 0x000001ac01526e10 code [0x000001ac01526fa0, 0x000001ac015270b8]
Event: 16.012 Thread 0x000001ac12ccfba0 nmethod 10059 0x000001ac01527190 code [0x000001ac01527320, 0x000001ac01527438]
Event: 16.016 Thread 0x000001ac16d84b30 nmethod 10052 0x000001ac08338990 code [0x000001ac08338b80, 0x000001ac08338f30]
Event: 16.024 Thread 0x000001ac119ac9e0 10062       3       java.util.EnumMap::isValidKey (36 bytes)
Event: 16.025 Thread 0x000001ac119ac9e0 nmethod 10062 0x000001ac01527510 code [0x000001ac015276c0, 0x000001ac01527948]
Event: 16.033 Thread 0x000001ac16d80e70 nmethod 10053 0x000001ac08339c10 code [0x000001ac08339f20, 0x000001ac0833b1f0]
Event: 16.082 Thread 0x000001ac16d82cd0 nmethod 9910 0x000001ac0833c210 code [0x000001ac0833c860, 0x000001ac083444a0]

GC Heap History (20 events):
Event: 6.998 GC heap before
{Heap before GC invocations=11 (full 0):
 garbage-first heap   total 239616K, used 186834K [0x0000000709e00000, 0x0000000800000000)
  region size 2048K, 58 young (118784K), 2 survivors (4096K)
 Metaspace       used 29201K, committed 30080K, reserved 1081344K
  class space    used 3596K, committed 3968K, reserved 1048576K
}
Event: 7.001 GC heap after
{Heap after GC invocations=12 (full 0):
 garbage-first heap   total 239616K, used 73041K [0x0000000709e00000, 0x0000000800000000)
  region size 2048K, 2 young (4096K), 2 survivors (4096K)
 Metaspace       used 29201K, committed 30080K, reserved 1081344K
  class space    used 3596K, committed 3968K, reserved 1048576K
}
Event: 7.582 GC heap before
{Heap before GC invocations=12 (full 0):
 garbage-first heap   total 239616K, used 202065K [0x0000000709e00000, 0x0000000800000000)
  region size 2048K, 60 young (122880K), 2 survivors (4096K)
 Metaspace       used 31656K, committed 32512K, reserved 1081344K
  class space    used 3905K, committed 4288K, reserved 1048576K
}
Event: 7.587 GC heap after
{Heap after GC invocations=13 (full 0):
 garbage-first heap   total 239616K, used 87763K [0x0000000709e00000, 0x0000000800000000)
  region size 2048K, 4 young (8192K), 4 survivors (8192K)
 Metaspace       used 31656K, committed 32512K, reserved 1081344K
  class space    used 3905K, committed 4288K, reserved 1048576K
}
Event: 7.983 GC heap before
{Heap before GC invocations=13 (full 0):
 garbage-first heap   total 239616K, used 192211K [0x0000000709e00000, 0x0000000800000000)
  region size 2048K, 56 young (114688K), 4 survivors (8192K)
 Metaspace       used 32206K, committed 33088K, reserved 1081344K
  class space    used 4003K, committed 4416K, reserved 1048576K
}
Event: 7.988 GC heap after
{Heap after GC invocations=14 (full 0):
 garbage-first heap   total 239616K, used 89734K [0x0000000709e00000, 0x0000000800000000)
  region size 2048K, 5 young (10240K), 5 survivors (10240K)
 Metaspace       used 32206K, committed 33088K, reserved 1081344K
  class space    used 4003K, committed 4416K, reserved 1048576K
}
Event: 8.325 GC heap before
{Heap before GC invocations=14 (full 0):
 garbage-first heap   total 239616K, used 196230K [0x0000000709e00000, 0x0000000800000000)
  region size 2048K, 57 young (116736K), 5 survivors (10240K)
 Metaspace       used 33322K, committed 34240K, reserved 1081344K
  class space    used 4121K, committed 4544K, reserved 1048576K
}
Event: 8.331 GC heap after
{Heap after GC invocations=15 (full 0):
 garbage-first heap   total 239616K, used 91583K [0x0000000709e00000, 0x0000000800000000)
  region size 2048K, 5 young (10240K), 5 survivors (10240K)
 Metaspace       used 33322K, committed 34240K, reserved 1081344K
  class space    used 4121K, committed 4544K, reserved 1048576K
}
Event: 8.632 GC heap before
{Heap before GC invocations=15 (full 0):
 garbage-first heap   total 239616K, used 134591K [0x0000000709e00000, 0x0000000800000000)
  region size 2048K, 27 young (55296K), 5 survivors (10240K)
 Metaspace       used 35044K, committed 35968K, reserved 1081344K
  class space    used 4292K, committed 4736K, reserved 1048576K
}
Event: 8.639 GC heap after
{Heap after GC invocations=16 (full 0):
 garbage-first heap   total 555008K, used 91501K [0x0000000709e00000, 0x0000000800000000)
  region size 2048K, 4 young (8192K), 4 survivors (8192K)
 Metaspace       used 35044K, committed 35968K, reserved 1081344K
  class space    used 4292K, committed 4736K, reserved 1048576K
}
Event: 10.242 GC heap before
{Heap before GC invocations=17 (full 0):
 garbage-first heap   total 321536K, used 275821K [0x0000000709e00000, 0x0000000800000000)
  region size 2048K, 94 young (192512K), 4 survivors (8192K)
 Metaspace       used 41996K, committed 42944K, reserved 1089536K
  class space    used 5515K, committed 5952K, reserved 1048576K
}
Event: 10.263 GC heap after
{Heap after GC invocations=18 (full 0):
 garbage-first heap   total 321536K, used 105371K [0x0000000709e00000, 0x0000000800000000)
  region size 2048K, 11 young (22528K), 11 survivors (22528K)
 Metaspace       used 41996K, committed 42944K, reserved 1089536K
  class space    used 5515K, committed 5952K, reserved 1048576K
}
Event: 10.853 GC heap before
{Heap before GC invocations=18 (full 0):
 garbage-first heap   total 321536K, used 265115K [0x0000000709e00000, 0x0000000800000000)
  region size 2048K, 89 young (182272K), 11 survivors (22528K)
 Metaspace       used 42639K, committed 43648K, reserved 1089536K
  class space    used 5615K, committed 6080K, reserved 1048576K
}
Event: 10.874 GC heap after
{Heap after GC invocations=19 (full 0):
 garbage-first heap   total 321536K, used 121467K [0x0000000709e00000, 0x0000000800000000)
  region size 2048K, 9 young (18432K), 9 survivors (18432K)
 Metaspace       used 42639K, committed 43648K, reserved 1089536K
  class space    used 5615K, committed 6080K, reserved 1048576K
}
Event: 11.863 GC heap before
{Heap before GC invocations=19 (full 0):
 garbage-first heap   total 321536K, used 258683K [0x0000000709e00000, 0x0000000800000000)
  region size 2048K, 76 young (155648K), 9 survivors (18432K)
 Metaspace       used 47399K, committed 48448K, reserved 1097728K
  class space    used 6325K, committed 6784K, reserved 1048576K
}
Event: 11.878 GC heap after
{Heap after GC invocations=20 (full 0):
 garbage-first heap   total 321536K, used 133529K [0x0000000709e00000, 0x0000000800000000)
  region size 2048K, 6 young (12288K), 6 survivors (12288K)
 Metaspace       used 47399K, committed 48448K, reserved 1097728K
  class space    used 6325K, committed 6784K, reserved 1048576K
}
Event: 13.632 GC heap before
{Heap before GC invocations=20 (full 0):
 garbage-first heap   total 321536K, used 260505K [0x0000000709e00000, 0x0000000800000000)
  region size 2048K, 68 young (139264K), 6 survivors (12288K)
 Metaspace       used 55480K, committed 56512K, reserved 1097728K
  class space    used 8127K, committed 8576K, reserved 1048576K
}
Event: 13.648 GC heap after
{Heap after GC invocations=21 (full 0):
 garbage-first heap   total 321536K, used 152661K [0x0000000709e00000, 0x0000000800000000)
  region size 2048K, 9 young (18432K), 9 survivors (18432K)
 Metaspace       used 55480K, committed 56512K, reserved 1097728K
  class space    used 8127K, committed 8576K, reserved 1048576K
}
Event: 14.684 GC heap before
{Heap before GC invocations=21 (full 0):
 garbage-first heap   total 321536K, used 244821K [0x0000000709e00000, 0x0000000800000000)
  region size 2048K, 55 young (112640K), 9 survivors (18432K)
 Metaspace       used 59092K, committed 60160K, reserved 1105920K
  class space    used 8808K, committed 9280K, reserved 1048576K
}
Event: 14.696 GC heap after
{Heap after GC invocations=22 (full 0):
 garbage-first heap   total 321536K, used 160142K [0x0000000709e00000, 0x0000000800000000)
  region size 2048K, 3 young (6144K), 3 survivors (6144K)
 Metaspace       used 59092K, committed 60160K, reserved 1105920K
  class space    used 8808K, committed 9280K, reserved 1048576K
}

Dll operation events (14 events):
Event: 0.015 Loaded shared library C:\Program Files\Eclipse Adoptium\jdk-17.0.5.8-hotspot\bin\java.dll
Event: 0.025 Loaded shared library C:\Program Files\Eclipse Adoptium\jdk-17.0.5.8-hotspot\bin\jsvml.dll
Event: 0.154 Loaded shared library C:\Program Files\Eclipse Adoptium\jdk-17.0.5.8-hotspot\bin\net.dll
Event: 0.157 Loaded shared library C:\Program Files\Eclipse Adoptium\jdk-17.0.5.8-hotspot\bin\nio.dll
Event: 0.161 Loaded shared library C:\Program Files\Eclipse Adoptium\jdk-17.0.5.8-hotspot\bin\zip.dll
Event: 0.207 Loaded shared library C:\Program Files\Eclipse Adoptium\jdk-17.0.5.8-hotspot\bin\zip.dll
Event: 0.210 Loaded shared library C:\Program Files\Eclipse Adoptium\jdk-17.0.5.8-hotspot\bin\instrument.dll
Event: 0.376 Loaded shared library C:\Program Files\JetBrains\IntelliJ IDEA Community Edition 2022.2.3\bin\breakgen64.dll
Event: 0.391 Loaded shared library C:\Program Files\Eclipse Adoptium\jdk-17.0.5.8-hotspot\bin\jimage.dll
Event: 0.601 Loaded shared library C:\Program Files\Eclipse Adoptium\jdk-17.0.5.8-hotspot\bin\verify.dll
Event: 2.981 Loaded shared library C:\Program Files\Eclipse Adoptium\jdk-17.0.5.8-hotspot\bin\management.dll
Event: 2.986 Loaded shared library C:\Program Files\Eclipse Adoptium\jdk-17.0.5.8-hotspot\bin\management_ext.dll
Event: 7.247 Loaded shared library C:\Users\dango\AppData\Local\Temp\jna-95350841\jna8533987039165413124.dll
Event: 15.371 Loaded shared library C:\Users\dango\AppData\Local\Temp\lwjgldango\3.3.1-build-7\lwjgl.dll

Deoptimization events (20 events):
Event: 15.885 Thread 0x000001ac6e2ec780 Uncommon trap: trap_request=0xffffff45 fr.pc=0x000001ac08083b80 relative=0x0000000000000080
Event: 15.885 Thread 0x000001ac6e2ec780 Uncommon trap: reason=unstable_if action=reinterpret pc=0x000001ac08083b80 method=java.util.EnumMap.isValidKey(Ljava/lang/Object;)Z @ 16 c2
Event: 15.885 Thread 0x000001ac6e2ec780 DEOPT PACKING pc=0x000001ac08083b80 sp=0x00000019784fdc10
Event: 15.885 Thread 0x000001ac6e2ec780 DEOPT UNPACKING pc=0x000001ac000523a3 sp=0x00000019784fdba0 mode 2
Event: 15.885 Thread 0x000001ac6e2ec780 Uncommon trap: trap_request=0xffffff45 fr.pc=0x000001ac0823e684 relative=0x00000000000002e4
Event: 15.885 Thread 0x000001ac6e2ec780 Uncommon trap: reason=unstable_if action=reinterpret pc=0x000001ac0823e684 method=java.lang.invoke.AbstractValidatingLambdaMetafactory.isAdaptableTo(Ljava/lang/Class;Ljava/lang/Class;Z)Z @ 81 c2
Event: 15.885 Thread 0x000001ac6e2ec780 DEOPT PACKING pc=0x000001ac0823e684 sp=0x00000019784fcbc0
Event: 15.885 Thread 0x000001ac6e2ec780 DEOPT UNPACKING pc=0x000001ac000523a3 sp=0x00000019784fcb50 mode 2
Event: 15.885 Thread 0x000001ac6e2ec780 Uncommon trap: trap_request=0xffffff45 fr.pc=0x000001ac081bf04c relative=0x0000000000000dcc
Event: 15.885 Thread 0x000001ac6e2ec780 Uncommon trap: reason=unstable_if action=reinterpret pc=0x000001ac081bf04c method=java.lang.invoke.TypeConvertingMethodAdapter.convertType(Ljava/lang/Class;Ljava/lang/Class;Ljava/lang/Class;)V @ 186 c2
Event: 15.885 Thread 0x000001ac6e2ec780 DEOPT PACKING pc=0x000001ac081bf04c sp=0x00000019784fca80
Event: 15.885 Thread 0x000001ac6e2ec780 DEOPT UNPACKING pc=0x000001ac000523a3 sp=0x00000019784fca20 mode 2
Event: 15.937 Thread 0x000001ac6e2ec780 Uncommon trap: trap_request=0xffffffbe fr.pc=0x000001ac082d11c0 relative=0x00000000000001a0
Event: 15.937 Thread 0x000001ac6e2ec780 Uncommon trap: reason=profile_predicate action=maybe_recompile pc=0x000001ac082d11c0 method=sun.security.provider.DigestBase.implCompressMultiBlock0([BII)I @ 2 c2
Event: 15.937 Thread 0x000001ac6e2ec780 DEOPT PACKING pc=0x000001ac082d11c0 sp=0x00000019784fcde0
Event: 15.937 Thread 0x000001ac6e2ec780 DEOPT UNPACKING pc=0x000001ac000523a3 sp=0x00000019784fcda8 mode 2
Event: 16.017 Thread 0x000001ac6e2ec780 Uncommon trap: trap_request=0xffffffbe fr.pc=0x000001ac082d11c0 relative=0x00000000000001a0
Event: 16.017 Thread 0x000001ac6e2ec780 Uncommon trap: reason=profile_predicate action=maybe_recompile pc=0x000001ac082d11c0 method=sun.security.provider.DigestBase.implCompressMultiBlock0([BII)I @ 2 c2
Event: 16.017 Thread 0x000001ac6e2ec780 DEOPT PACKING pc=0x000001ac082d11c0 sp=0x00000019784fc8c0
Event: 16.017 Thread 0x000001ac6e2ec780 DEOPT UNPACKING pc=0x000001ac000523a3 sp=0x00000019784fc888 mode 2

Classes unloaded (0 events):
No events

Classes redefined (0 events):
No events

Internal exceptions (20 events):
Event: 15.406 Thread 0x000001ac6e2ec780 Exception <a 'sun/nio/fs/WindowsException'{0x000000071a1283b0}> (0x000000071a1283b0) 
thrown [s\src\hotspot\share\prims\jni.cpp, line 516]
Event: 15.406 Thread 0x000001ac6e2ec780 Exception <a 'sun/nio/fs/WindowsException'{0x000000071a128740}> (0x000000071a128740) 
thrown [s\src\hotspot\share\prims\jni.cpp, line 516]
Event: 15.425 Thread 0x000001ac6e2ec780 Exception <a 'java/lang/NoSuchMethodError'{0x0000000719e52de0}: 'void java.lang.invoke.DirectMethodHandle$Holder.invokeInterface(java.lang.Object, java.lang.Object, int)'> (0x0000000719e52de0) 
thrown [s\src\hotspot\share\interpreter\linkResolver.cpp, line 759]
Event: 15.427 Thread 0x000001ac6e2ec780 Exception <a 'java/lang/NoSuchMethodError'{0x0000000719e6d348}: 'void java.lang.invoke.DirectMethodHandle$Holder.invokeStatic(java.lang.Object, java.lang.Object, int)'> (0x0000000719e6d348) 
thrown [s\src\hotspot\share\interpreter\linkResolver.cpp, line 759]
Event: 15.427 Thread 0x000001ac6e2ec780 Exception <a 'java/lang/NoSuchMethodError'{0x0000000719e709c8}: 'void java.lang.invoke.DirectMethodHandle$Holder.invokeStaticInit(java.lang.Object, java.lang.Object, int)'> (0x0000000719e709c8) 
thrown [s\src\hotspot\share\interpreter\linkResolver.cpp, line 759]
Event: 15.601 Thread 0x000001ac6e2ec780 Exception <a 'java/lang/NoSuchMethodError'{0x0000000718fff250}: 'long java.lang.invoke.DirectMethodHandle$Holder.invokeSpecial(java.lang.Object, java.lang.Object)'> (0x0000000718fff250) 
thrown [s\src\hotspot\share\interpreter\linkResolver.cpp, line 759]
Event: 15.612 Thread 0x000001ac6e2ec780 Exception <a 'sun/nio/fs/WindowsException'{0x0000000718c93098}> (0x0000000718c93098) 
thrown [s\src\hotspot\share\prims\jni.cpp, line 516]
Event: 15.612 Thread 0x000001ac6e2ec780 Exception <a 'sun/nio/fs/WindowsException'{0x0000000718c94ae8}> (0x0000000718c94ae8) 
thrown [s\src\hotspot\share\prims\jni.cpp, line 516]
Event: 15.825 Thread 0x000001ac6e2ec780 Exception <a 'java/lang/NoSuchMethodError'{0x0000000717c88420}: 'int java.lang.invoke.DirectMethodHandle$Holder.invokeStatic(java.lang.Object)'> (0x0000000717c88420) 
thrown [s\src\hotspot\share\interpreter\linkResolver.cpp, line 759]
Event: 15.882 Thread 0x000001ac6e2ec780 Exception <a 'java/lang/NoSuchMethodError'{0x00000007172a9268}: 'java.lang.Object java.lang.invoke.Invokers$Holder.linkToTargetMethod(java.lang.Object, int, java.lang.Object, java.lang.Object)'> (0x00000007172a9268) 
thrown [s\src\hotspot\share\interpreter\linkResolver.cpp, line 759]
Event: 15.893 Thread 0x000001ac6e2ec780 Exception <a 'java/lang/NoSuchMethodError'{0x000000071735b758}: 'int java.lang.invoke.DirectMethodHandle$Holder.invokeStaticInit(java.lang.Object)'> (0x000000071735b758) 
thrown [s\src\hotspot\share\interpreter\linkResolver.cpp, line 759]
Event: 15.895 Thread 0x000001ac6e2ec780 Exception <a 'java/lang/NoSuchMethodError'{0x0000000717362b40}: 'int java.lang.invoke.Invokers$Holder.invokeExact_MT(java.lang.Object, java.lang.Object)'> (0x0000000717362b40) 
thrown [s\src\hotspot\share\interpreter\linkResolver.cpp, line 759]
Event: 15.900 Thread 0x000001ac6e2ec780 Exception <a 'sun/nio/fs/WindowsException'{0x0000000717022430}> (0x0000000717022430) 
thrown [s\src\hotspot\share\prims\jni.cpp, line 516]
Event: 15.900 Thread 0x000001ac6e2ec780 Exception <a 'sun/nio/fs/WindowsException'{0x0000000717022790}> (0x0000000717022790) 
thrown [s\src\hotspot\share\prims\jni.cpp, line 516]
Event: 15.911 Thread 0x000001ac6e2ec780 Exception <a 'java/lang/NoSuchMethodError'{0x0000000717107690}: 'java.lang.Object java.lang.invoke.DirectMethodHandle$Holder.invokeInterface(java.lang.Object, java.lang.Object, double)'> (0x0000000717107690) 
thrown [s\src\hotspot\share\interpreter\linkResolver.cpp, line 759]
Event: 15.911 Thread 0x000001ac6e2ec780 Exception <a 'java/lang/NoSuchMethodError'{0x000000071710ded8}: 'double java.lang.invoke.DirectMethodHandle$Holder.invokeInterface(java.lang.Object, java.lang.Object, java.lang.Object)'> (0x000000071710ded8) 
thrown [s\src\hotspot\share\interpreter\linkResolver.cpp, line 759]
Event: 15.973 Thread 0x000001ac6e2ec780 Exception <a 'java/lang/NoSuchMethodError'{0x0000000716fe8530}: 'long java.lang.invoke.DirectMethodHandle$Holder.invokeInterface(java.lang.Object, java.lang.Object)'> (0x0000000716fe8530) 
thrown [s\src\hotspot\share\interpreter\linkResolver.cpp, line 759]
Event: 15.979 Thread 0x000001ac6e2ec780 Exception <a 'java/lang/NoSuchMethodError'{0x0000000716c529c0}: 'java.lang.Object java.lang.invoke.DirectMethodHandle$Holder.newInvokeSpecial(java.lang.Object, long)'> (0x0000000716c529c0) 
thrown [s\src\hotspot\share\interpreter\linkResolver.cpp, line 759]
Event: 16.020 Thread 0x000001ac6e2ec780 Exception <a 'java/lang/NoSuchMethodError'{0x0000000716d0d170}: 'void java.lang.invoke.DirectMethodHandle$Holder.invokeSpecial(java.lang.Object, java.lang.Object, int, long)'> (0x0000000716d0d170) 
thrown [s\src\hotspot\share\interpreter\linkResolver.cpp, line 759]
Event: 16.021 Thread 0x000001ac6e2ec780 Exception <a 'java/lang/NoSuchMethodError'{0x0000000716d130e8}: 'void java.lang.invoke.DirectMethodHandle$Holder.invokeStatic(java.lang.Object, int, long)'> (0x0000000716d130e8) 
thrown [s\src\hotspot\share\interpreter\linkResolver.cpp, line 759]

VM Operations (20 events):
Event: 13.632 Executing VM operation: G1CollectForAllocation
Event: 13.648 Executing VM operation: G1CollectForAllocation done
Event: 14.093 Executing VM operation: HandshakeAllThreads
Event: 14.093 Executing VM operation: HandshakeAllThreads done
Event: 14.180 Executing VM operation: HandshakeAllThreads
Event: 14.180 Executing VM operation: HandshakeAllThreads done
Event: 14.362 Executing VM operation: ICBufferFull
Event: 14.363 Executing VM operation: ICBufferFull done
Event: 14.659 Executing VM operation: HandshakeAllThreads
Event: 14.659 Executing VM operation: HandshakeAllThreads done
Event: 14.684 Executing VM operation: CollectForMetadataAllocation
Event: 14.696 Executing VM operation: CollectForMetadataAllocation done
Event: 14.760 Executing VM operation: CollectForMetadataAllocation
Event: 14.761 Executing VM operation: CollectForMetadataAllocation done
Event: 14.761 Executing VM operation: G1Concurrent
Event: 14.764 Executing VM operation: G1Concurrent done
Event: 14.795 Executing VM operation: G1Concurrent
Event: 14.795 Executing VM operation: G1Concurrent done
Event: 15.796 Executing VM operation: Cleanup
Event: 15.796 Executing VM operation: Cleanup done

Events (20 events):
Event: 15.375 loading class java/nio/DirectFloatBufferU
Event: 15.375 loading class java/nio/DirectFloatBufferU done
Event: 15.376 loading class java/nio/DirectDoubleBufferU
Event: 15.376 loading class java/nio/DirectDoubleBufferU done
Event: 15.408 loading class java/nio/InvalidMarkException
Event: 15.408 loading class java/nio/InvalidMarkException done
Event: 15.408 loading class java/nio/BufferUnderflowException
Event: 15.408 loading class java/nio/BufferUnderflowException done
Event: 15.615 loading class java/util/function/IntSupplier
Event: 15.615 loading class java/util/function/IntSupplier done
Event: 15.648 Thread 0x000001ac16d84b30 Thread added: 0x000001ac16d84b30
Event: 15.648 Thread 0x000001ac16d85040 Thread added: 0x000001ac16d85040
Event: 15.648 Thread 0x000001ac16d85550 Thread added: 0x000001ac16d85550
Event: 15.673 loading class java/io/CharArrayWriter
Event: 15.673 loading class java/io/CharArrayWriter done
Event: 15.893 loading class java/lang/invoke/DirectMethodHandle$StaticAccessor
Event: 15.894 loading class java/lang/invoke/DirectMethodHandle$StaticAccessor done
Event: 15.908 loading class java/util/function/DoubleFunction
Event: 15.908 loading class java/util/function/DoubleFunction done
Event: 15.930 Thread 0x000001ac16d85550 Thread exited: 0x000001ac16d85550


Dynamic libraries:
0x00007ff757ae0000 - 0x00007ff757aee000 	C:\Program Files\Eclipse Adoptium\jdk-17.0.5.8-hotspot\bin\java.exe
0x00007ff9e4d90000 - 0x00007ff9e4fa4000 	C:\WINDOWS\SYSTEM32\ntdll.dll
0x00007ff9e2dd0000 - 0x00007ff9e2e92000 	C:\WINDOWS\System32\KERNEL32.DLL
0x00007ff9e2540000 - 0x00007ff9e28dd000 	C:\WINDOWS\System32\KERNELBASE.dll
0x00007ff9e2420000 - 0x00007ff9e2531000 	C:\WINDOWS\System32\ucrtbase.dll
0x00007ff9caf40000 - 0x00007ff9caf57000 	C:\Program Files\Eclipse Adoptium\jdk-17.0.5.8-hotspot\bin\jli.dll
0x00007ff9caf20000 - 0x00007ff9caf39000 	C:\Program Files\Eclipse Adoptium\jdk-17.0.5.8-hotspot\bin\VCRUNTIME140.dll
0x00007ff9e2f50000 - 0x00007ff9e30fa000 	C:\WINDOWS\System32\USER32.dll
0x00007ff9c5b80000 - 0x00007ff9c5e0e000 	C:\WINDOWS\WinSxS\amd64_microsoft.windows.common-controls_6595b64144ccf1df_6.0.22621.608_none_a9444ca7c10bb01d\COMCTL32.dll
0x00007ff9e2ea0000 - 0x00007ff9e2f47000 	C:\WINDOWS\System32\msvcrt.dll
0x00007ff9e2a40000 - 0x00007ff9e2a66000 	C:\WINDOWS\System32\win32u.dll
0x00007ff9e4c30000 - 0x00007ff9e4c59000 	C:\WINDOWS\System32\GDI32.dll
0x00007ff9e2a70000 - 0x00007ff9e2b82000 	C:\WINDOWS\System32\gdi32full.dll
0x00007ff9e28e0000 - 0x00007ff9e297a000 	C:\WINDOWS\System32\msvcp_win.dll
0x00007ff9e2d90000 - 0x00007ff9e2dc2000 	C:\WINDOWS\System32\IMM32.DLL
0x00007ff9caf10000 - 0x00007ff9caf1c000 	C:\Program Files\Eclipse Adoptium\jdk-17.0.5.8-hotspot\bin\vcruntime140_1.dll
0x00007ff98bdb0000 - 0x00007ff98be41000 	C:\Program Files\Eclipse Adoptium\jdk-17.0.5.8-hotspot\bin\msvcp140.dll
0x00007ff981450000 - 0x00007ff982094000 	C:\Program Files\Eclipse Adoptium\jdk-17.0.5.8-hotspot\bin\server\jvm.dll
0x00007ff9e2b90000 - 0x00007ff9e2c3e000 	C:\WINDOWS\System32\ADVAPI32.dll
0x00007ff9e4580000 - 0x00007ff9e4624000 	C:\WINDOWS\System32\sechost.dll
0x00007ff9e3f60000 - 0x00007ff9e4075000 	C:\WINDOWS\System32\RPCRT4.dll
0x00007ff9d3500000 - 0x00007ff9d3534000 	C:\WINDOWS\SYSTEM32\WINMM.dll
0x00007ff9dcb90000 - 0x00007ff9dcb99000 	C:\WINDOWS\SYSTEM32\WSOCK32.dll
0x00007ff9dca20000 - 0x00007ff9dca2a000 	C:\WINDOWS\SYSTEM32\VERSION.dll
0x00007ff9e3e90000 - 0x00007ff9e3f01000 	C:\WINDOWS\System32\WS2_32.dll
0x00007ff9e1230000 - 0x00007ff9e1248000 	C:\WINDOWS\SYSTEM32\kernel.appcore.dll
0x00007ff9caf00000 - 0x00007ff9caf0a000 	C:\Program Files\Eclipse Adoptium\jdk-17.0.5.8-hotspot\bin\jimage.dll
0x00007ff9df800000 - 0x00007ff9dfa2e000 	C:\WINDOWS\SYSTEM32\DBGHELP.DLL
0x00007ff9e3100000 - 0x00007ff9e348a000 	C:\WINDOWS\System32\combase.dll
0x00007ff9e4a10000 - 0x00007ff9e4ae7000 	C:\WINDOWS\System32\OLEAUT32.dll
0x00007ff9cf930000 - 0x00007ff9cf962000 	C:\WINDOWS\SYSTEM32\dbgcore.DLL
0x00007ff9e2230000 - 0x00007ff9e22ab000 	C:\WINDOWS\System32\bcryptPrimitives.dll
0x00007ff9c2780000 - 0x00007ff9c278e000 	C:\Program Files\Eclipse Adoptium\jdk-17.0.5.8-hotspot\bin\instrument.dll
0x00007ff9caed0000 - 0x00007ff9caef5000 	C:\Program Files\Eclipse Adoptium\jdk-17.0.5.8-hotspot\bin\java.dll
0x00007ff98b960000 - 0x00007ff98ba36000 	C:\Program Files\Eclipse Adoptium\jdk-17.0.5.8-hotspot\bin\jsvml.dll
0x00007ff9e3590000 - 0x00007ff9e3d70000 	C:\WINDOWS\System32\SHELL32.dll
0x00007ff9e0200000 - 0x00007ff9e0ac5000 	C:\WINDOWS\SYSTEM32\windows.storage.dll
0x00007ff9e00c0000 - 0x00007ff9e01fe000 	C:\WINDOWS\SYSTEM32\wintypes.dll
0x00007ff9e4b30000 - 0x00007ff9e4c21000 	C:\WINDOWS\System32\SHCORE.dll
0x00007ff9e2c70000 - 0x00007ff9e2cce000 	C:\WINDOWS\System32\shlwapi.dll
0x00007ff9e20f0000 - 0x00007ff9e2111000 	C:\WINDOWS\SYSTEM32\profapi.dll
0x00007ff9a85c0000 - 0x00007ff9a85d9000 	C:\Program Files\Eclipse Adoptium\jdk-17.0.5.8-hotspot\bin\net.dll
0x00007ff9ddfb0000 - 0x00007ff9de0df000 	C:\WINDOWS\SYSTEM32\WINHTTP.dll
0x00007ff9e1690000 - 0x00007ff9e16f9000 	C:\WINDOWS\system32\mswsock.dll
0x00007ff9a7f40000 - 0x00007ff9a7f55000 	C:\Program Files\Eclipse Adoptium\jdk-17.0.5.8-hotspot\bin\nio.dll
0x00007ff9a4ae0000 - 0x00007ff9a4af8000 	C:\Program Files\Eclipse Adoptium\jdk-17.0.5.8-hotspot\bin\zip.dll
0x00007ff9a1cf0000 - 0x00007ff9a1d0a000 	C:\Program Files\JetBrains\IntelliJ IDEA Community Edition 2022.2.3\bin\breakgen64.dll
0x00007ff9cad00000 - 0x00007ff9cad10000 	C:\Program Files\Eclipse Adoptium\jdk-17.0.5.8-hotspot\bin\verify.dll
0x00007ff9ca970000 - 0x00007ff9ca979000 	C:\Program Files\Eclipse Adoptium\jdk-17.0.5.8-hotspot\bin\management.dll
0x00007ff9ca540000 - 0x00007ff9ca54b000 	C:\Program Files\Eclipse Adoptium\jdk-17.0.5.8-hotspot\bin\management_ext.dll
0x00007ff9e2c40000 - 0x00007ff9e2c48000 	C:\WINDOWS\System32\PSAPI.DLL
0x00007ff9cfab0000 - 0x00007ff9cfac7000 	C:\WINDOWS\system32\napinsp.dll
0x00007ff9cf180000 - 0x00007ff9cf19b000 	C:\WINDOWS\system32\pnrpnsp.dll
0x00007ff9e0d90000 - 0x00007ff9e0e82000 	C:\WINDOWS\SYSTEM32\DNSAPI.dll
0x00007ff9e0d20000 - 0x00007ff9e0d4d000 	C:\WINDOWS\SYSTEM32\IPHLPAPI.DLL
0x00007ff9e4570000 - 0x00007ff9e4579000 	C:\WINDOWS\System32\NSI.dll
0x00007ff9cd700000 - 0x00007ff9cd711000 	C:\WINDOWS\System32\winrnr.dll
0x00007ff9bb2b0000 - 0x00007ff9bb2c5000 	C:\WINDOWS\system32\wshbth.dll
0x00007ff9a7700000 - 0x00007ff9a7721000 	C:\WINDOWS\system32\nlansp_c.dll
0x00007ff9d2da0000 - 0x00007ff9d2daa000 	C:\Windows\System32\rasadhlp.dll
0x00007ff9dcf20000 - 0x00007ff9dcfa3000 	C:\WINDOWS\System32\fwpuclnt.dll
0x00007ff9e18e0000 - 0x00007ff9e18fb000 	C:\WINDOWS\SYSTEM32\CRYPTSP.dll
0x00007ff9e11a0000 - 0x00007ff9e11d5000 	C:\WINDOWS\system32\rsaenh.dll
0x00007ff9e1780000 - 0x00007ff9e17a8000 	C:\WINDOWS\SYSTEM32\USERENV.dll
0x00007ff9e1af0000 - 0x00007ff9e1b18000 	C:\WINDOWS\SYSTEM32\bcrypt.dll
0x00007ff9e18d0000 - 0x00007ff9e18dc000 	C:\WINDOWS\SYSTEM32\CRYPTBASE.dll
0x00007ff9ddef0000 - 0x00007ff9ddf09000 	C:\WINDOWS\SYSTEM32\dhcpcsvc6.DLL
0x00007ff9dded0000 - 0x00007ff9ddeef000 	C:\WINDOWS\SYSTEM32\dhcpcsvc.DLL
0x00007ff9a1ca0000 - 0x00007ff9a1ce5000 	C:\Users\dango\AppData\Local\Temp\jna-95350841\jna8533987039165413124.dll
0x00007ff9e46b0000 - 0x00007ff9e484c000 	C:\WINDOWS\System32\Ole32.dll
0x00007ff9e2cd0000 - 0x00007ff9e2d87000 	C:\WINDOWS\System32\clbcatq.dll
0x00007ff9d98b0000 - 0x00007ff9d98cd000 	C:\WINDOWS\SYSTEM32\amsi.dll
0x00007ff9c1af0000 - 0x00007ff9c1b6b000 	C:\ProgramData\Microsoft\Windows Defender\Platform\4.18.2210.4-0\MpOav.dll
0x00007ff9d9660000 - 0x00007ff9d9745000 	C:\Program Files\McAfee\MfeAV\AMSIExt.dll
0x00007ff9b9e70000 - 0x00007ff9b9ec0000 	C:\WINDOWS\SYSTEM32\Pdh.dll
0x00007ff9c27b0000 - 0x00007ff9c27c0000 	C:\WINDOWS\System32\perfos.dll
0x00007ff9de9f0000 - 0x00007ff9dea00000 	C:\WINDOWS\SYSTEM32\pfclient.dll
0x00007ff9a2130000 - 0x00007ff9a21a5000 	C:\Users\dango\AppData\Local\Temp\lwjgldango\3.3.1-build-7\lwjgl.dll
0x00007ff989330000 - 0x00007ff989589000 	C:\Users\dango\AppData\Local\Temp\lwjgldango\3.3.1-build-7\jemalloc.dll
0x00007ff9a20c0000 - 0x00007ff9a2121000 	C:\Users\dango\AppData\Local\Temp\lwjgldango\3.3.1-build-7\glfw.dll
0x00007ff9a1c40000 - 0x00007ff9a1c86000 	C:\WINDOWS\SYSTEM32\dinput8.dll
0x00007ff9cb8c0000 - 0x00007ff9cb8d1000 	C:\WINDOWS\SYSTEM32\xinput1_4.dll
0x00007ff9e1e50000 - 0x00007ff9e1e83000 	C:\WINDOWS\SYSTEM32\DEVOBJ.dll
0x00007ff9e1e90000 - 0x00007ff9e1ede000 	C:\WINDOWS\SYSTEM32\cfgmgr32.dll
0x00007ff9cb350000 - 0x00007ff9cb551000 	C:\WINDOWS\SYSTEM32\inputhost.dll
0x00007ff9ddbf0000 - 0x00007ff9ddd23000 	C:\WINDOWS\SYSTEM32\CoreMessaging.dll
0x00007ff9deb60000 - 0x00007ff9deb8b000 	C:\WINDOWS\SYSTEM32\dwmapi.dll
0x00007ff9dea00000 - 0x00007ff9deaab000 	C:\WINDOWS\system32\uxtheme.dll
0x00007ff9e3d70000 - 0x00007ff9e3e8e000 	C:\WINDOWS\System32\MSCTF.dll
0x00007ff9979a0000 - 0x00007ff997aa0000 	C:\WINDOWS\SYSTEM32\opengl32.dll
0x00007ff9c9df0000 - 0x00007ff9c9e1d000 	C:\WINDOWS\SYSTEM32\GLU32.dll
0x00007ff9deb10000 - 0x00007ff9deb46000 	C:\WINDOWS\SYSTEM32\dxcore.dll
0x00007ff9d4f10000 - 0x00007ff9d4f59000 	C:\WINDOWS\SYSTEM32\directxdatabasehelper.dll
0x00007ff9a3100000 - 0x00007ff9a312d000 	C:\WINDOWS\System32\DriverStore\FileRepository\u0383638.inf_amd64_1c9f6456e5d02df1\B383280\atig6pxx.dll
0x00007ff95a5c0000 - 0x00007ff95df63000 	C:\WINDOWS\System32\DriverStore\FileRepository\u0383638.inf_amd64_1c9f6456e5d02df1\B383280\atio6axx.dll
0x00007ff9e40f0000 - 0x00007ff9e456a000 	C:\WINDOWS\System32\SETUPAPI.dll
0x00007ff9e21c0000 - 0x00007ff9e2229000 	C:\WINDOWS\System32\WINTRUST.dll
0x00007ff9e22b0000 - 0x00007ff9e2416000 	C:\WINDOWS\System32\CRYPT32.dll
0x00007ff9e1f00000 - 0x00007ff9e1f12000 	C:\WINDOWS\SYSTEM32\MSASN1.dll

dbghelp: loaded successfully - version: 4.0.5 - missing functions: none
symbol engine: initialized successfully - sym options: 0x614 - pdb path: .;C:\Program Files\Eclipse Adoptium\jdk-17.0.5.8-hotspot\bin;C:\WINDOWS\SYSTEM32;C:\WINDOWS\WinSxS\amd64_microsoft.windows.common-controls_6595b64144ccf1df_6.0.22621.608_none_a9444ca7c10bb01d;C:\Program Files\Eclipse Adoptium\jdk-17.0.5.8-hotspot\bin\server;C:\Program Files\JetBrains\IntelliJ IDEA Community Edition 2022.2.3\bin;C:\Users\dango\AppData\Local\Temp\jna-95350841;C:\ProgramData\Microsoft\Windows Defender\Platform\4.18.2210.4-0;C:\Program Files\McAfee\MfeAV;C:\Users\dango\AppData\Local\Temp\lwjgldango\3.3.1-build-7;C:\WINDOWS\System32\DriverStore\FileRepository\u0383638.inf_amd64_1c9f6456e5d02df1\B383280

VM Arguments:
jvm_args: -Dforge.logging.console.level=debug -Dforge.logging.markers=REGISTRIES -DlegacyClassPath.file=C:\Users\dango\OneDrive\Desktop\Tekora\build\classpath\runClient_minecraftClasspath.txt -DignoreList=bootstraplauncher,securejarhandler,asm-commons,asm-util,asm-analysis,asm-tree,asm,JarJarFileSystems,client-extra,fmlcore,javafmllanguage,lowcodelanguage,mclanguage,forge- -DmergeModules=jna-5.10.0.jar,jna-platform-5.10.0.jar -Dforge.enabledGameTestNamespaces=nltekora -Dforge.enableGameTest=true -Djava.net.preferIPv6Addresses=system --module-path=C:\Users\dango\.gradle\caches\modules-2\files-2.1\cpw.mods\bootstraplauncher\1.1.2\c546e00443d8432cda6baa1c860346980742628\bootstraplauncher-1.1.2.jar;C:\Users\dango\.gradle\caches\modules-2\files-2.1\cpw.mods\securejarhandler\2.1.4\f47e3b9dd860a7b82154b8f90a650ffd0aaa5582\securejarhandler-2.1.4.jar;C:\Users\dango\.gradle\caches\modules-2\files-2.1\org.ow2.asm\asm-commons\9.3\1f2a432d1212f5c352ae607d7b61dcae20c20af5\asm-commons-9.3.jar;C:\Users\dango\.gradle\caches\modules-2\files-2.1\org.ow2.asm\asm-util\9.3\9595bc05510d0bd4b610188b77333fe4851a1975\asm-util-9.3.jar;C:\Users\dango\.gradle\caches\modules-2\files-2.1\org.ow2.asm\asm-analysis\9.3\4b071f211b37c38e0e9f5998550197c8593f6ad8\asm-analysis-9.3.jar;C:\Users\dango\.gradle\caches\modules-2\files-2.1\org.ow2.asm\asm-tree\9.3\78d2ecd61318b5a58cd04fb237636c0e86b77d97\asm-tree-9.3.jar;C:\Users\dango\.gradle\caches\modules-2\files-2.1\org.ow2.asm\asm\9.3\8e6300ef51c1d801a7ed62d07cd221aca3a90640\asm-9.3.jar;C:\Users\dango\.gradle\caches\modules-2\files-2.1\net.minecraftforge\JarJarFileSystems\0.3.16\e52afbb2599dc7c6f779efea0496d32fc01152e3\JarJarFileSystems-0.3.16.jar --add-modules=ALL-MODULE-PATH --add-opens=java.base/java.util.jar=cpw.mods.securejarhandler --add-opens=java.base/java.lang.invoke=cpw.mods.securejarhandler --add-exports=java.base/sun.security.util=cpw.mods.securejarhandler --add-exports=jdk.naming.dns/com.sun.jndi.dns=java.naming -XX:HeapDumpPath=MojangTricksIntelDriversForPerformance_javaw.exe_minecraft.exe.heapdump -Dos.name=Windows 10 -Dos.version=10.0 -javaagent:C:\Program Files\JetBrains\IntelliJ IDEA Community Edition 2022.2.3\lib\idea_rt.jar=63160:C:\Program Files\JetBrains\IntelliJ IDEA Community Edition 2022.2.3\bin -Dfile.encoding=UTF-8 
java_command: cpw.mods.bootstraplauncher.BootstrapLauncher --launchTarget forgeclientuserdev --version MOD_DEV --assetIndex 1.19 --assetsDir C:\Users\dango\.gradle\caches\forge_gradle\assets --gameDir . --fml.forgeVersion 43.1.47 --fml.mcVersion 1.19.2 --fml.forgeGroup net.minecraftforge --fml.mcpVersion 20220805.130853
java_class_path (initial): C:\Users\dango\OneDrive\Desktop\Nukol's mods\Tekora\build\classes\java\main;C:\Users\dango\OneDrive\Desktop\Nukol's mods\Tekora\build\resources\main;C:\Users\dango\.gradle\caches\forge_gradle\minecraft_user_repo\net\minecraftforge\forge\1.19.2-43.1.47_mapped_official_1.19.2\forge-1.19.2-43.1.47_mapped_official_1.19.2-recomp.jar;C:\Users\dango\.gradle\caches\forge_gradle\minecraft_repo\versions\1.19.2\client-extra.jar;C:\Users\dango\.gradle\caches\modules-2\files-2.1\net.minecraftforge\fmlloader\1.19.2-43.1.47\a1ec5892276963b574aeedaa38ab234815c66c63\fmlloader-1.19.2-43.1.47.jar;C:\Users\dango\.gradle\caches\modules-2\files-2.1\net.minecraftforge\JarJarSelector\0.3.16\2a31421fb5e267249da103a644f23afb43d158af\JarJarSelector-0.3.16.jar;C:\Users\dango\.gradle\caches\modules-2\files-2.1\net.minecraftforge\JarJarMetadata\0.3.16\f62c8c898dffc8666f5097a8587ed72095e8e83a\JarJarMetadata-0.3.16.jar;C:\Users\dango\.gradle\caches\modules-2\files-2.1\com.google.code.findbugs\jsr305\3.0.2\25ea2e8b0c338a877313bd4672d3fe056ea78f0d\jsr305-3.0.2.jar;C:\Users\dango\.gradle\caches\modules-2\files-2.1\ca.weblite\java-objc-bridge\1.1\1227f9e0666314f9de41477e3ec277e542ed7f7b\java-objc-bridge-1.1.jar;C:\Users\dango\.gradle\caches\modules-2\files-2.1\net.minecraftforge\mergetool\1.1.5\f3da18e12c696d35a47c82cbb2cc8b5aa15e1154\mergetool-1.1.5-api.jar;C:\Users\dango\.gradle\caches\modules-2\files-2.1\org.jetbrains\annotations\23.0.0\8cc20c07506ec18e0834947b84a864bfc094484e\annotations-23.0.0.jar;C:\Users\dango\.gradle\caches\forge_gradle\mcp_repo\net\minecraft\mapping\1.19.2\mapping-1.19.2-mapping.zip;C:\Users\dango\.gradle\caches\modules-2\files-2.1\cpw.mods\securejarhandler\2.1.4\f47e3b9dd860a7b82154b8f90a650ffd0aaa5582\securejarhandler-2.1.4.jar;C:\Users\dango\.gradle\caches\modules-2\files-2.1\cpw.mods\modlauncher\10.0.8\658c4ddb704aeeaa94ff3e668785a5eebddd0cb5\modlauncher-10.0.8.jar;C:\Users\dango\.gradle\caches\modules-2\files-2.1\org.openjdk.nashorn\nashorn-c
Launcher Type: SUN_STANDARD

[Global flags]
     intx CICompilerCount                          = 12                                        {product} {ergonomic}
     uint ConcGCThreads                            = 3                                         {product} {ergonomic}
     uint G1ConcRefinementThreads                  = 13                                        {product} {ergonomic}
   size_t G1HeapRegionSize                         = 2097152                                   {product} {ergonomic}
    uintx GCDrainStackTargetSize                   = 64                                        {product} {ergonomic}
    ccstr HeapDumpPath                             = MojangTricksIntelDriversForPerformance_javaw.exe_minecraft.exe.heapdump         {manageable} {command line}
   size_t InitialHeapSize                          = 260046848                                 {product} {ergonomic}
   size_t MarkStackSize                            = 4194304                                   {product} {ergonomic}
   size_t MaxHeapSize                              = 4129292288                                {product} {ergonomic}
   size_t MaxNewSize                               = 2476736512                                {product} {ergonomic}
   size_t MinHeapDeltaBytes                        = 2097152                                   {product} {ergonomic}
   size_t MinHeapSize                              = 8388608                                   {product} {ergonomic}
    uintx NonNMethodCodeHeapSize                   = 7602480                                {pd product} {ergonomic}
    uintx NonProfiledCodeHeapSize                  = 122027880                              {pd product} {ergonomic}
    uintx ProfiledCodeHeapSize                     = 122027880                              {pd product} {ergonomic}
    uintx ReservedCodeCacheSize                    = 251658240                              {pd product} {ergonomic}
     bool SegmentedCodeCache                       = true                                      {product} {ergonomic}
   size_t SoftMaxHeapSize                          = 4129292288                             {manageable} {ergonomic}
     bool UseCompressedClassPointers               = true                           {product lp64_product} {ergonomic}
     bool UseCompressedOops                        = true                           {product lp64_product} {ergonomic}
     bool UseG1GC                                  = true                                      {product} {ergonomic}
     bool UseLargePagesIndividualAllocation        = false                                  {pd product} {ergonomic}

Logging:
Log output configuration:
 #0: stdout all=warning uptime,level,tags
 #1: stderr all=off uptime,level,tags

Environment Variables:
JAVA_HOME=C:\Program Files\Eclipse Adoptium\jdk-17.0.5.8-hotspot\
PATH=C:\Program Files\Eclipse Adoptium\jdk-17.0.5.8-hotspot\bin;C:\Program Files\Common Files\Oracle\Java\javapath;C:\Program Files (x86)\Common Files\Oracle\Java\javapath;C:\WINDOWS\system32;C:\WINDOWS;C:\WINDOWS\System32\Wbem;C:\WINDOWS\System32\WindowsPowerShell\v1.0\;C:\WINDOWS\System32\OpenSSH\;C:\Users\dango\AppData\Local\Microsoft\WindowsApps;;C:\Users\dango\AppData\Local\Programs\Microsoft VS Code\bin;C:\Program Files\JetBrains\IntelliJ IDEA Community Edition 2022.2.3\bin;
USERNAME=dango
OS=Windows_NT
PROCESSOR_IDENTIFIER=AMD64 Family 23 Model 96 Stepping 1, AuthenticAMD
TMP=C:\Users\dango\AppData\Local\Temp
TEMP=C:\Users\dango\AppData\Local\Temp



---------------  S Y S T E M  ---------------

OS:
 Windows 11 , 64 bit Build 22621 (10.0.22621.755)
OS uptime: 10 days 21:57 hours

CPU: total 16 (initial active 16) (16 cores per cpu, 2 threads per core) family 23 model 96 stepping 1 microcode 0x0, cx8, cmov, fxsr, ht, mmx, 3dnowpref, sse, sse2, sse3, ssse3, sse4a, sse4.1, sse4.2, popcnt, lzcnt, tsc, tscinvbit, avx, avx2, aes, clmul, bmi1, bmi2, adx, sha, fma, vzeroupper, clflush, clflushopt

Memory: 4k page, system-wide physical 15747M (5575M free)
TotalPageFile size 18691M (AvailPageFile size 6023M)
current process WorkingSet (physical memory assigned to process): 578M, peak: 583M
current process commit charge ("private bytes"): 661M, peak: 839M

vm_info: OpenJDK 64-Bit Server VM (17.0.5+8) for windows-amd64 JRE (17.0.5+8), built on Oct 19 2022 04:48:13 by "temurin" with MS VC++ 16.7 (VS2019)

END.
