#
# A fatal error has been detected by the Java Runtime Environment:
#
#  EXCEPTION_ACCESS_VIOLATION (0xc0000005) at pc=0x00007ff933473920, pid=380, tid=23920
#
# JRE version: OpenJDK Runtime Environment Temurin-17.0.5+8 (17.0.5+8) (build 17.0.5+8)
# Java VM: OpenJDK 64-Bit Server VM Temurin-17.0.5+8 (17.0.5+8, mixed mode, sharing, tiered, compressed oops, compressed class ptrs, g1 gc, windows-amd64)
# Problematic frame:
# C  [atio6axx.dll+0x193920]
#
# No core dump will be written. Minidumps are not enabled by default on client versions of Windows
#
# If you would like to submit a bug report, please visit:
#   https://github.com/adoptium/adoptium-support/issues
# The crash happened outside the Java Virtual Machine in native code.
# See problematic frame for where to report the bug.
#

---------------  S U M M A R Y ------------

Command Line: -Dforge.logging.console.level=debug -Dforge.logging.markers=REGISTRIES -DlegacyClassPath.file=C:\Users\dango\OneDrive\Desktop\Tekora\build\classpath\runClient_minecraftClasspath.txt -DignoreList=bootstraplauncher,securejarhandler,asm-commons,asm-util,asm-analysis,asm-tree,asm,JarJarFileSystems,client-extra,fmlcore,javafmllanguage,lowcodelanguage,mclanguage,forge- -DmergeModules=jna-5.10.0.jar,jna-platform-5.10.0.jar -Dforge.enabledGameTestNamespaces=nltekora -Dforge.enableGameTest=true -Djava.net.preferIPv6Addresses=system --module-path=C:\Users\dango\.gradle\caches\modules-2\files-2.1\cpw.mods\bootstraplauncher\1.1.2\c546e00443d8432cda6baa1c860346980742628\bootstraplauncher-1.1.2.jar;C:\Users\dango\.gradle\caches\modules-2\files-2.1\cpw.mods\securejarhandler\2.1.4\f47e3b9dd860a7b82154b8f90a650ffd0aaa5582\securejarhandler-2.1.4.jar;C:\Users\dango\.gradle\caches\modules-2\files-2.1\org.ow2.asm\asm-commons\9.3\1f2a432d1212f5c352ae607d7b61dcae20c20af5\asm-commons-9.3.jar;C:\Users\dango\.gradle\caches\modules-2\files-2.1\org.ow2.asm\asm-util\9.3\9595bc05510d0bd4b610188b77333fe4851a1975\asm-util-9.3.jar;C:\Users\dango\.gradle\caches\modules-2\files-2.1\org.ow2.asm\asm-analysis\9.3\4b071f211b37c38e0e9f5998550197c8593f6ad8\asm-analysis-9.3.jar;C:\Users\dango\.gradle\caches\modules-2\files-2.1\org.ow2.asm\asm-tree\9.3\78d2ecd61318b5a58cd04fb237636c0e86b77d97\asm-tree-9.3.jar;C:\Users\dango\.gradle\caches\modules-2\files-2.1\org.ow2.asm\asm\9.3\8e6300ef51c1d801a7ed62d07cd221aca3a90640\asm-9.3.jar;C:\Users\dango\.gradle\caches\modules-2\files-2.1\net.minecraftforge\JarJarFileSystems\0.3.16\e52afbb2599dc7c6f779efea0496d32fc01152e3\JarJarFileSystems-0.3.16.jar --add-modules=ALL-MODULE-PATH --add-opens=java.base/java.util.jar=cpw.mods.securejarhandler --add-opens=java.base/java.lang.invoke=cpw.mods.securejarhandler --add-exports=java.base/sun.security.util=cpw.mods.securejarhandler --add-exports=jdk.naming.dns/com.sun.jndi.dns=java.naming -XX:HeapDumpPath=MojangTricksIntelDriversForPerformance_javaw.exe_minecraft.exe.heapdump -Dos.name=Windows 10 -Dos.version=10.0 -javaagent:C:\Program Files\JetBrains\IntelliJ IDEA Community Edition 2022.2.3\lib\idea_rt.jar=53710:C:\Program Files\JetBrains\IntelliJ IDEA Community Edition 2022.2.3\bin -Dfile.encoding=UTF-8 cpw.mods.bootstraplauncher.BootstrapLauncher --launchTarget forgeclientuserdev --version MOD_DEV --assetIndex 1.19 --assetsDir C:\Users\dango\.gradle\caches\forge_gradle\assets --gameDir . --fml.forgeVersion 43.1.47 --fml.mcVersion 1.19.2 --fml.forgeGroup net.minecraftforge --fml.mcpVersion 20220805.130853

Host: AMD Ryzen 7 4700G with Radeon Graphics         , 16 cores, 15G,  Windows 11 , 64 bit Build 22621 (10.0.22621.755)
Time: Sat Nov  5 10:51:57 2022 Central Daylight Time elapsed time: 11.022516 seconds (0d 0h 0m 11s)

---------------  T H R E A D  ---------------

Current thread (0x000001acd9dfd530):  JavaThread "Render thread" [_thread_in_native, id=23920, stack(0x0000009509b00000,0x0000009509c00000)]

Stack: [0x0000009509b00000,0x0000009509c00000],  sp=0x0000009509bfabf8,  free space=1002k
Native frames: (J=compiled Java code, j=interpreted, Vv=VM code, C=native code)
C  [atio6axx.dll+0x193920]

Java frames: (J=compiled Java code, j=interpreted, Vv=VM code)
j  org.lwjgl.system.JNI.invokePPPP(IIJJJJ)J+0 org.lwjgl@3.3.1+7
j  org.lwjgl.glfw.GLFW.nglfwCreateWindow(IIJJJ)J+14 org.lwjgl.glfw@3.3.1+7
j  org.lwjgl.glfw.GLFW.glfwCreateWindow(IILjava/lang/CharSequence;JJ)J+34 org.lwjgl.glfw@3.3.1+7
j  net.minecraftforge.client.loading.NoVizFallback.lambda$fallback$0(Ljava/util/function/IntSupplier;Ljava/util/function/IntSupplier;Ljava/util/function/Supplier;Ljava/util/function/LongSupplier;)J+28 forge@43.1.47
j  net.minecraftforge.client.loading.NoVizFallback$$Lambda$4141+0x0000000801636b28.getAsLong()J+16 forge@43.1.47
j  net.minecraftforge.fml.loading.progress.EarlyProgressVisualization$Visualization$$Lambda$4142+0x00000008016333b8.apply(Ljava/lang/Object;)Ljava/lang/Object;+4 fmlloader@1.19.2-43.1.47
J 2835 c2 java.util.Optional.map(Ljava/util/function/Function;)Ljava/util/Optional; java.base@17.0.5 (30 bytes) @ 0x000001ace966abfc [0x000001ace966aba0+0x000000000000005c]
j  net.minecraftforge.fml.loading.progress.EarlyProgressVisualization$Visualization.handOffWindow(Ljava/util/function/IntSupplier;Ljava/util/function/IntSupplier;Ljava/util/function/Supplier;Ljava/util/function/LongSupplier;)J+48 fmlloader@1.19.2-43.1.47
j  net.minecraftforge.fml.loading.progress.EarlyProgressVisualization.handOffWindow(Ljava/util/function/IntSupplier;Ljava/util/function/IntSupplier;Ljava/util/function/Supplier;Ljava/util/function/LongSupplier;)J+9 fmlloader@1.19.2-43.1.47
j  com.mojang.blaze3d.platform.Window.<init>(Lcom/mojang/blaze3d/platform/WindowEventHandler;Lcom/mojang/blaze3d/platform/ScreenManager;Lcom/mojang/blaze3d/platform/DisplayData;Ljava/lang/String;Ljava/lang/String;)V+279 minecraft@1.19.2
j  net.minecraft.client.renderer.VirtualScreen.newWindow(Lcom/mojang/blaze3d/platform/DisplayData;Ljava/lang/String;Ljava/lang/String;)Lcom/mojang/blaze3d/platform/Window;+15 minecraft@1.19.2
j  net.minecraft.client.Minecraft.<init>(Lnet/minecraft/client/main/GameConfig;)V+723 minecraft@1.19.2
j  net.minecraft.client.main.Main.run([Ljava/lang/String;Z)V+1356 minecraft@1.19.2
j  net.minecraft.client.main.Main.main([Ljava/lang/String;)V+12 minecraft@1.19.2
v  ~StubRoutines::call_stub
j  jdk.internal.reflect.NativeMethodAccessorImpl.invoke0(Ljava/lang/reflect/Method;Ljava/lang/Object;[Ljava/lang/Object;)Ljava/lang/Object;+0 java.base@17.0.5
j  jdk.internal.reflect.NativeMethodAccessorImpl.invoke(Ljava/lang/Object;[Ljava/lang/Object;)Ljava/lang/Object;+133 java.base@17.0.5
j  jdk.internal.reflect.DelegatingMethodAccessorImpl.invoke(Ljava/lang/Object;[Ljava/lang/Object;)Ljava/lang/Object;+6 java.base@17.0.5
j  java.lang.reflect.Method.invoke(Ljava/lang/Object;[Ljava/lang/Object;)Ljava/lang/Object;+59 java.base@17.0.5
j  net.minecraftforge.fml.loading.targets.ForgeClientUserdevLaunchHandler.lambda$launchService$0([Ljava/lang/String;Ljava/lang/ModuleLayer;)V+47 fmlloader@1.19.2-43.1.47
j  net.minecraftforge.fml.loading.targets.ForgeClientUserdevLaunchHandler$$Lambda$856+0x0000000800fb0208.run()V+12 fmlloader@1.19.2-43.1.47
j  cpw.mods.modlauncher.LaunchServiceHandlerDecorator.launch([Ljava/lang/String;Ljava/lang/ModuleLayer;)V+11 cpw.mods.modlauncher@10.0.8
j  cpw.mods.modlauncher.LaunchServiceHandler.launch(Ljava/lang/String;[Ljava/lang/String;Ljava/lang/ModuleLayer;Lcpw/mods/modlauncher/TransformingClassLoader;Lcpw/mods/modlauncher/LaunchPluginHandler;)V+58 cpw.mods.modlauncher@10.0.8
j  cpw.mods.modlauncher.LaunchServiceHandler.launch(Lcpw/mods/modlauncher/ArgumentHandler;Ljava/lang/ModuleLayer;Lcpw/mods/modlauncher/TransformingClassLoader;Lcpw/mods/modlauncher/LaunchPluginHandler;)V+21 cpw.mods.modlauncher@10.0.8
j  cpw.mods.modlauncher.Launcher.run([Ljava/lang/String;)V+310 cpw.mods.modlauncher@10.0.8
j  cpw.mods.modlauncher.Launcher.main([Ljava/lang/String;)V+78 cpw.mods.modlauncher@10.0.8
j  cpw.mods.modlauncher.BootstrapLaunchConsumer.accept([Ljava/lang/String;)V+1 cpw.mods.modlauncher@10.0.8
j  cpw.mods.modlauncher.BootstrapLaunchConsumer.accept(Ljava/lang/Object;)V+5 cpw.mods.modlauncher@10.0.8
j  cpw.mods.bootstraplauncher.BootstrapLauncher.main([Ljava/lang/String;)V+515 cpw.mods.bootstraplauncher@1.1.2
v  ~StubRoutines::call_stub

siginfo: EXCEPTION_ACCESS_VIOLATION (0xc0000005), reading address 0xffffffffffffffff


Register to memory mapping:

RIP=0x00007ff933473920 atio6axx.dll
RAX=0x0 is NULL
RBX=0x00007ff936a240f0 atio6axx.dll
RCX=0x6d656a2d6c676a77 is an unknown value
RDX=0x00000000000000d1 is an unknown value
RSP=0x0000009509bfabf8 is pointing into the stack for thread: 0x000001acd9dfd530
RBP=0x0000009509bfad30 is pointing into the stack for thread: 0x000001acd9dfd530
RSI=0x0 is NULL
RDI=0x0000009509bfb020 is pointing into the stack for thread: 0x000001acd9dfd530
R8 =0x00000000000001a5 is an unknown value
R9 =0xffffffffffffffff is an unknown value
R10=0x0 is NULL
R11=0x0000000000000200 is an unknown value
R12=0x0000009509bfac88 is pointing into the stack for thread: 0x000001acd9dfd530
R13=0x00007ff936a240f0 atio6axx.dll
R14=0x00007ff936a24148 atio6axx.dll
R15=0x00007ff93692b884 atio6axx.dll


Registers:
RAX=0x0000000000000000, RBX=0x00007ff936a240f0, RCX=0x6d656a2d6c676a77, RDX=0x00000000000000d1
RSP=0x0000009509bfabf8, RBP=0x0000009509bfad30, RSI=0x0000000000000000, RDI=0x0000009509bfb020
R8 =0x00000000000001a5, R9 =0xffffffffffffffff, R10=0x0000000000000000, R11=0x0000000000000200
R12=0x0000009509bfac88, R13=0x00007ff936a240f0, R14=0x00007ff936a24148, R15=0x00007ff93692b884
RIP=0x00007ff933473920, EFLAGS=0x0000000000010206

Top of Stack: (sp=0x0000009509bfabf8)
0x0000009509bfabf8:   00007ff933432654 00007ff936a240f0
0x0000009509bfac08:   0000000000000000 0000652e6176616a
0x0000009509bfac18:   00009bf691e060b3 0000009509bfb020
0x0000009509bfac28:   00007ff933436116 00007ff936a240f8
0x0000009509bfac38:   0000000000000000 0000000000000000
0x0000009509bfac48:   0000000000000000 0000000000000000
0x0000009509bfac58:   00007ff900000009 000001ac85ba55ec
0x0000009509bfac68:   000001ac85ba5748 00007ff936a240f8
0x0000009509bfac78:   0000009509bfb020 0000009509bfadeb
0x0000009509bfac88:   00007f006176616a 800000006176616a
0x0000009509bfac98:   00007ff9e4dda049 46676e697274535c
0x0000009509bfaca8:   5c6f666e49656c69 3062343039303430
0x0000009509bfacb8:   726556656c69465c 000000006e6f6973
0x0000009509bfacc8:   0000000000000000 0000000000000000
0x0000009509bfacd8:   0000000000000000 0000000a0000011c
0x0000009509bface8:   0000585d00000000 0000000000000002 

Instructions: (pc=0x00007ff933473920)
0x00007ff933473820:   74 09 33 c9 ff 15 26 1c 3d 03 90 48 8b c3 48 83
0x00007ff933473830:   c4 20 5b c3 cc cc cc cc cc cc cc cc cc cc cc cc
0x00007ff933473840:   48 83 ec 28 48 8b 51 08 48 85 d2 74 09 33 c9 ff
0x00007ff933473850:   15 fb 1b 3d 03 90 48 83 c4 28 c3 cc cc cc cc cc
0x00007ff933473860:   48 89 11 c3 cc cc cc cc cc cc cc cc cc cc cc cc
0x00007ff933473870:   48 8b c1 c3 cc cc cc cc cc cc cc cc cc cc cc cc
0x00007ff933473880:   48 3b ca 74 10 41 8b 00 39 01 74 09 48 83 c1 04
0x00007ff933473890:   48 3b ca 75 f3 48 8b c1 c3 cc cc cc cc cc cc cc
0x00007ff9334738a0:   48 8b c1 c3 cc cc cc cc cc cc cc cc cc cc cc cc
0x00007ff9334738b0:   48 83 39 00 0f 94 c0 c3 cc cc cc cc cc cc cc cc
0x00007ff9334738c0:   4c 8d 04 d5 00 00 00 00 33 d2 e9 e1 32 db 01 cc
0x00007ff9334738d0:   4c 8b 41 08 48 8b 02 49 89 00 48 83 41 08 08 c3
0x00007ff9334738e0:   48 8b c1 c3 cc cc cc cc cc cc cc cc cc cc cc cc
0x00007ff9334738f0:   48 8b c1 c3 cc cc cc cc cc cc cc cc cc cc cc cc
0x00007ff933473900:   49 8b 00 48 89 02 c3 cc cc cc cc cc cc cc cc cc
0x00007ff933473910:   8b 81 10 39 00 00 c3 cc cc cc cc cc cc cc cc cc
0x00007ff933473920:   8b 81 10 39 00 00 83 c0 f0 83 f8 63 0f 87 5a 01
0x00007ff933473930:   00 00 48 8d 15 c7 c6 e6 ff 0f b6 84 02 b0 3a 19
0x00007ff933473940:   00 8b 8c 82 90 3a 19 00 48 03 ca ff e1 48 8b 0d
0x00007ff933473950:   6c 70 55 03 83 b9 0c 33 00 00 02 0f 87 2b 01 00
0x00007ff933473960:   00 48 8d 91 9c 29 00 00 c7 02 e1 00 00 00 e9 ce
0x00007ff933473970:   00 00 00 48 8b 0d 46 70 55 03 83 b9 0c 33 00 00
0x00007ff933473980:   02 0f 87 05 01 00 00 48 8d 91 9c 29 00 00 c7 02
0x00007ff933473990:   f0 00 00 00 e9 a8 00 00 00 48 8b 0d 20 70 55 03
0x00007ff9334739a0:   83 b9 0c 33 00 00 02 0f 87 df 00 00 00 48 8d 91
0x00007ff9334739b0:   9c 29 00 00 c7 02 00 04 00 00 e9 82 00 00 00 48
0x00007ff9334739c0:   8b 0d fa 6f 55 03 83 b9 0c 33 00 00 02 0f 87 b9
0x00007ff9334739d0:   00 00 00 48 8d 91 9c 29 00 00 c7 02 00 08 00 00
0x00007ff9334739e0:   eb 5f 48 8b 0d d7 6f 55 03 83 b9 0c 33 00 00 02
0x00007ff9334739f0:   0f 87 96 00 00 00 48 8d 91 9c 29 00 00 c7 02 00
0x00007ff933473a00:   09 00 00 eb 3c 48 8b 0d b4 6f 55 03 83 b9 0c 33
0x00007ff933473a10:   00 00 02 77 77 48 8d 91 9c 29 00 00 c7 02 3c 0f 


Stack slot to memory mapping:
stack at sp + 0 slots: 0x00007ff933432654 atio6axx.dll
stack at sp + 1 slots: 0x00007ff936a240f0 atio6axx.dll
stack at sp + 2 slots: 0x0 is NULL
stack at sp + 3 slots: 0x0000652e6176616a is an unknown value
stack at sp + 4 slots: 0x00009bf691e060b3 is an unknown value
stack at sp + 5 slots: 0x0000009509bfb020 is pointing into the stack for thread: 0x000001acd9dfd530
stack at sp + 6 slots: 0x00007ff933436116 atio6axx.dll
stack at sp + 7 slots: 0x00007ff936a240f8 atio6axx.dll


---------------  P R O C E S S  ---------------

Threads class SMR info:
_java_thread_list=0x000001ac80a67090, length=24, elements={
0x000001acd9dfd530, 0x000001acfceb6110, 0x000001acfceb69d0, 0x000001acfcec6b70,
0x000001acfcec7840, 0x000001acfcec8100, 0x000001acfcec91d0, 0x000001acfcecbfe0,
0x000001acfd4ba550, 0x000001acfd4dac80, 0x000001acfd56d720, 0x000001acfce9fef0,
0x000001acfd602640, 0x000001acfd5f7890, 0x000001acfe415550, 0x000001acfe458790,
0x000001acfe9cf520, 0x000001acfeaade40, 0x000001ac83770ef0, 0x000001ac84718dc0,
0x000001ac81c56940, 0x000001ac85e78010, 0x000001ac83997670, 0x000001ac85fb4410
}

Java Threads: ( => current thread )
=>0x000001acd9dfd530 JavaThread "Render thread" [_thread_in_native, id=23920, stack(0x0000009509b00000,0x0000009509c00000)]
  0x000001acfceb6110 JavaThread "Reference Handler" daemon [_thread_blocked, id=22400, stack(0x000000950a200000,0x000000950a300000)]
  0x000001acfceb69d0 JavaThread "Finalizer" daemon [_thread_blocked, id=23244, stack(0x000000950a300000,0x000000950a400000)]
  0x000001acfcec6b70 JavaThread "Signal Dispatcher" daemon [_thread_blocked, id=5164, stack(0x000000950a400000,0x000000950a500000)]
  0x000001acfcec7840 JavaThread "Attach Listener" daemon [_thread_blocked, id=13276, stack(0x000000950a500000,0x000000950a600000)]
  0x000001acfcec8100 JavaThread "Service Thread" daemon [_thread_blocked, id=22944, stack(0x000000950a600000,0x000000950a700000)]
  0x000001acfcec91d0 JavaThread "Monitor Deflation Thread" daemon [_thread_blocked, id=21384, stack(0x000000950a700000,0x000000950a800000)]
  0x000001acfcecbfe0 JavaThread "C2 CompilerThread0" daemon [_thread_blocked, id=23804, stack(0x000000950a800000,0x000000950a900000)]
  0x000001acfd4ba550 JavaThread "C1 CompilerThread0" daemon [_thread_blocked, id=8080, stack(0x000000950a900000,0x000000950aa00000)]
  0x000001acfd4dac80 JavaThread "Sweeper thread" daemon [_thread_blocked, id=23768, stack(0x000000950aa00000,0x000000950ab00000)]
  0x000001acfd56d720 JavaThread "C1 CompilerThread1" daemon [_thread_blocked, id=13916, stack(0x000000950ab00000,0x000000950ac00000)]
  0x000001acfce9fef0 JavaThread "Common-Cleaner" daemon [_thread_blocked, id=2044, stack(0x000000950ac00000,0x000000950ad00000)]
  0x000001acfd602640 JavaThread "C2 CompilerThread1" daemon [_thread_blocked, id=23516, stack(0x000000950ad00000,0x000000950ae00000)]
  0x000001acfd5f7890 JavaThread "C2 CompilerThread2" daemon [_thread_blocked, id=19400, stack(0x000000950ae00000,0x000000950af00000)]
  0x000001acfe415550 JavaThread "Monitor Ctrl-Break" daemon [_thread_in_native, id=6724, stack(0x000000950af00000,0x000000950b000000)]
  0x000001acfe458790 JavaThread "Notification Thread" daemon [_thread_blocked, id=18468, stack(0x000000950b000000,0x000000950b100000)]
  0x000001acfe9cf520 JavaThread "C1 CompilerThread2" daemon [_thread_blocked, id=21904, stack(0x000000950b200000,0x000000950b300000)]
  0x000001acfeaade40 JavaThread "C1 CompilerThread3" daemon [_thread_blocked, id=19180, stack(0x000000950b300000,0x000000950b400000)]
  0x000001ac83770ef0 JavaThread "C2 CompilerThread3" daemon [_thread_blocked, id=2392, stack(0x000000950b800000,0x000000950b900000)]
  0x000001ac84718dc0 JavaThread "Thread-0" daemon [_thread_blocked, id=21776, stack(0x000000950bb00000,0x000000950bc00000)]
  0x000001ac81c56940 JavaThread "FileSystemWatchService" daemon [_thread_in_native, id=21860, stack(0x000000950bc00000,0x000000950bd00000)]
  0x000001ac85e78010 JavaThread "pool-2-thread-1" daemon [_thread_blocked, id=21940, stack(0x000000950c900000,0x000000950ca00000)]
  0x000001ac83997670 JavaThread "C2 CompilerThread4" daemon [_thread_blocked, id=13880, stack(0x000000950b900000,0x000000950ba00000)]
  0x000001ac85fb4410 JavaThread "Timer hack thread" daemon [_thread_blocked, id=16216, stack(0x000000950c400000,0x000000950c500000)]

Other Threads:
  0x000001acfceb1150 VMThread "VM Thread" [stack: 0x000000950a100000,0x000000950a200000] [id=12328]
  0x000001acfe418d70 WatcherThread [stack: 0x000000950b100000,0x000000950b200000] [id=15744]
  0x000001acd9e699a0 GCTaskThread "GC Thread#0" [stack: 0x0000009509c00000,0x0000009509d00000] [id=2400]
  0x000001acfeab77c0 GCTaskThread "GC Thread#1" [stack: 0x000000950b400000,0x000000950b500000] [id=692]
  0x000001acfeab7e80 GCTaskThread "GC Thread#2" [stack: 0x000000950b500000,0x000000950b600000] [id=24968]
  0x000001acfeab8950 GCTaskThread "GC Thread#3" [stack: 0x000000950b600000,0x000000950b700000] [id=15084]
  0x000001acfeab8c00 GCTaskThread "GC Thread#4" [stack: 0x000000950b700000,0x000000950b800000] [id=24100]
  0x000001ac83407f70 GCTaskThread "GC Thread#5" [stack: 0x000000950bd00000,0x000000950be00000] [id=13488]
  0x000001ac8235c6d0 GCTaskThread "GC Thread#6" [stack: 0x000000950be00000,0x000000950bf00000] [id=24756]
  0x000001ac8235bf90 GCTaskThread "GC Thread#7" [stack: 0x000000950bf00000,0x000000950c000000] [id=11720]
  0x000001acff9392d0 GCTaskThread "GC Thread#8" [stack: 0x000000950ba00000,0x000000950bb00000] [id=21964]
  0x000001ac81c0de20 GCTaskThread "GC Thread#9" [stack: 0x000000950c000000,0x000000950c100000] [id=3136]
  0x000001ac81bbcb70 GCTaskThread "GC Thread#10" [stack: 0x000000950c100000,0x000000950c200000] [id=8588]
  0x000001ac84089010 GCTaskThread "GC Thread#11" [stack: 0x000000950c200000,0x000000950c300000] [id=21972]
  0x000001ac80dfb240 GCTaskThread "GC Thread#12" [stack: 0x000000950c300000,0x000000950c400000] [id=15524]
  0x000001acd9e7bbb0 ConcurrentGCThread "G1 Main Marker" [stack: 0x0000009509d00000,0x0000009509e00000] [id=18700]
  0x000001acd9e7c270 ConcurrentGCThread "G1 Conc#0" [stack: 0x0000009509e00000,0x0000009509f00000] [id=8948]
  0x000001ac80dfba50 ConcurrentGCThread "G1 Conc#1" [stack: 0x000000950c700000,0x000000950c800000] [id=19392]
  0x000001ac80dfa220 ConcurrentGCThread "G1 Conc#2" [stack: 0x000000950c800000,0x000000950c900000] [id=19844]
  0x000001acfcdec890 ConcurrentGCThread "G1 Refine#0" [stack: 0x0000009509f00000,0x000000950a000000] [id=13496]
  0x000001ac81b3eee0 ConcurrentGCThread "G1 Refine#1" [stack: 0x000000950ce00000,0x000000950cf00000] [id=21912]
  0x000001acfcdecf60 ConcurrentGCThread "G1 Service" [stack: 0x000000950a000000,0x000000950a100000] [id=11324]

Threads with active compile tasks:

VM state: not at safepoint (normal execution)

VM Mutex/Monitor currently owned by a thread: None

Heap address: 0x0000000709e00000, size: 3938 MB, Compressed Oops mode: Zero based, Oop shift amount: 3

CDS archive(s) mapped at: [0x0000000800000000-0x0000000800bc0000-0x0000000800bc0000), size 12320768, SharedBaseAddress: 0x0000000800000000, ArchiveRelocationMode: 0.
Compressed class space mapped at: 0x0000000800c00000-0x0000000840c00000, reserved size: 1073741824
Narrow klass base: 0x0000000800000000, Narrow klass shift: 0, Narrow klass range: 0x100000000

GC Precious Log:
 CPUs: 16 total, 16 available
 Memory: 15747M
 Large Page Support: Disabled
 NUMA Support: Disabled
 Compressed Oops: Enabled (Zero based)
 Heap Region Size: 2M
 Heap Min Capacity: 8M
 Heap Initial Capacity: 248M
 Heap Max Capacity: 3938M
 Pre-touch: Disabled
 Parallel Workers: 13
 Concurrent Workers: 3
 Concurrent Refinement Workers: 13
 Periodic GC: Disabled

Heap:
 garbage-first heap   total 317440K, used 255706K [0x0000000709e00000, 0x0000000800000000)
  region size 2048K, 49 young (100352K), 1 survivors (2048K)
 Metaspace       used 71142K, committed 72384K, reserved 1114112K
  class space    used 9761K, committed 10304K, reserved 1048576K

Heap Regions: E=young(eden), S=young(survivor), O=old, HS=humongous(starts), HC=humongous(continues), CS=collection set, F=free, OA=open archive, CA=closed archive, TAMS=top-at-mark-start (previous, next)
|   0|0x0000000709e00000, 0x000000070a000000, 0x000000070a000000|100%|HS|  |TAMS 0x000000070a000000, 0x0000000709e00000| Complete 
|   1|0x000000070a000000, 0x000000070a200000, 0x000000070a200000|100%| O|  |TAMS 0x000000070a200000, 0x000000070a000000| Untracked 
|   2|0x000000070a200000, 0x000000070a400000, 0x000000070a400000|100%|HS|  |TAMS 0x000000070a400000, 0x000000070a200000| Complete 
|   3|0x000000070a400000, 0x000000070a600000, 0x000000070a600000|100%| O|  |TAMS 0x000000070a600000, 0x000000070a400000| Untracked 
|   4|0x000000070a600000, 0x000000070a800000, 0x000000070a800000|100%| O|  |TAMS 0x000000070a800000, 0x000000070a600000| Untracked 
|   5|0x000000070a800000, 0x000000070aa00000, 0x000000070aa00000|100%| O|  |TAMS 0x000000070aa00000, 0x000000070a800000| Untracked 
|   6|0x000000070aa00000, 0x000000070ac00000, 0x000000070ac00000|100%|HS|  |TAMS 0x000000070ac00000, 0x000000070aa00000| Complete 
|   7|0x000000070ac00000, 0x000000070ae00000, 0x000000070ae00000|100%|HS|  |TAMS 0x000000070ae00000, 0x000000070ac00000| Complete 
|   8|0x000000070ae00000, 0x000000070b000000, 0x000000070b000000|100%| O|  |TAMS 0x000000070b000000, 0x000000070ae00000| Untracked 
|   9|0x000000070b000000, 0x000000070b200000, 0x000000070b200000|100%| O|  |TAMS 0x000000070b200000, 0x000000070b000000| Untracked 
|  10|0x000000070b200000, 0x000000070b400000, 0x000000070b400000|100%| O|  |TAMS 0x000000070b400000, 0x000000070b200000| Untracked 
|  11|0x000000070b400000, 0x000000070b600000, 0x000000070b600000|100%| O|  |TAMS 0x000000070b600000, 0x000000070b400000| Untracked 
|  12|0x000000070b600000, 0x000000070b800000, 0x000000070b800000|100%|HS|  |TAMS 0x000000070b800000, 0x000000070b600000| Complete 
|  13|0x000000070b800000, 0x000000070ba00000, 0x000000070ba00000|100%| O|  |TAMS 0x000000070ba00000, 0x000000070b800000| Untracked 
|  14|0x000000070ba00000, 0x000000070bc00000, 0x000000070bc00000|100%| O|  |TAMS 0x000000070bc00000, 0x000000070ba00000| Untracked 
|  15|0x000000070bc00000, 0x000000070be00000, 0x000000070be00000|100%| O|  |TAMS 0x000000070be00000, 0x000000070bc00000| Untracked 
|  16|0x000000070be00000, 0x000000070c000000, 0x000000070c000000|100%| O|  |TAMS 0x000000070c000000, 0x000000070be00000| Untracked 
|  17|0x000000070c000000, 0x000000070c200000, 0x000000070c200000|100%| O|  |TAMS 0x000000070c200000, 0x000000070c000000| Untracked 
|  18|0x000000070c200000, 0x000000070c400000, 0x000000070c400000|100%| O|  |TAMS 0x000000070c400000, 0x000000070c200000| Untracked 
|  19|0x000000070c400000, 0x000000070c600000, 0x000000070c600000|100%| O|  |TAMS 0x000000070c600000, 0x000000070c400000| Untracked 
|  20|0x000000070c600000, 0x000000070c800000, 0x000000070c800000|100%| O|  |TAMS 0x000000070c800000, 0x000000070c600000| Untracked 
|  21|0x000000070c800000, 0x000000070ca00000, 0x000000070ca00000|100%| O|  |TAMS 0x000000070ca00000, 0x000000070c800000| Untracked 
|  22|0x000000070ca00000, 0x000000070cc00000, 0x000000070cc00000|100%| O|  |TAMS 0x000000070cc00000, 0x000000070ca00000| Untracked 
|  23|0x000000070cc00000, 0x000000070ce00000, 0x000000070ce00000|100%| O|  |TAMS 0x000000070ce00000, 0x000000070cc00000| Untracked 
|  24|0x000000070ce00000, 0x000000070d000000, 0x000000070d000000|100%| O|  |TAMS 0x000000070d000000, 0x000000070ce00000| Untracked 
|  25|0x000000070d000000, 0x000000070d200000, 0x000000070d200000|100%| O|  |TAMS 0x000000070d200000, 0x000000070d000000| Untracked 
|  26|0x000000070d200000, 0x000000070d400000, 0x000000070d400000|100%| O|  |TAMS 0x000000070d400000, 0x000000070d200000| Untracked 
|  27|0x000000070d400000, 0x000000070d600000, 0x000000070d600000|100%| O|  |TAMS 0x000000070d600000, 0x000000070d400000| Untracked 
|  28|0x000000070d600000, 0x000000070d800000, 0x000000070d800000|100%| O|  |TAMS 0x000000070d800000, 0x000000070d600000| Untracked 
|  29|0x000000070d800000, 0x000000070da00000, 0x000000070da00000|100%| O|  |TAMS 0x000000070da00000, 0x000000070d800000| Untracked 
|  30|0x000000070da00000, 0x000000070dc00000, 0x000000070dc00000|100%| O|  |TAMS 0x000000070dc00000, 0x000000070da00000| Untracked 
|  31|0x000000070dc00000, 0x000000070dc00000, 0x000000070de00000|  0%| F|  |TAMS 0x000000070dc00000, 0x000000070dc00000| Untracked 
|  32|0x000000070de00000, 0x000000070e000000, 0x000000070e000000|100%| O|  |TAMS 0x000000070e000000, 0x000000070de00000| Untracked 
|  33|0x000000070e000000, 0x000000070e200000, 0x000000070e200000|100%| O|  |TAMS 0x000000070e200000, 0x000000070e000000| Untracked 
|  34|0x000000070e200000, 0x000000070e400000, 0x000000070e400000|100%| O|  |TAMS 0x000000070e400000, 0x000000070e200000| Untracked 
|  35|0x000000070e400000, 0x000000070e600000, 0x000000070e600000|100%|HS|  |TAMS 0x000000070e600000, 0x000000070e400000| Complete 
|  36|0x000000070e600000, 0x000000070e800000, 0x000000070e800000|100%|HC|  |TAMS 0x000000070e800000, 0x000000070e600000| Complete 
|  37|0x000000070e800000, 0x000000070ea00000, 0x000000070ea00000|100%|HC|  |TAMS 0x000000070ea00000, 0x000000070e800000| Complete 
|  38|0x000000070ea00000, 0x000000070ec00000, 0x000000070ec00000|100%|HC|  |TAMS 0x000000070ec00000, 0x000000070ea00000| Complete 
|  39|0x000000070ec00000, 0x000000070ee00000, 0x000000070ee00000|100%|HC|  |TAMS 0x000000070ee00000, 0x000000070ec00000| Complete 
|  40|0x000000070ee00000, 0x000000070f000000, 0x000000070f000000|100%|HC|  |TAMS 0x000000070f000000, 0x000000070ee00000| Complete 
|  41|0x000000070f000000, 0x000000070f200000, 0x000000070f200000|100%| O|  |TAMS 0x000000070f200000, 0x000000070f000000| Untracked 
|  42|0x000000070f200000, 0x000000070f400000, 0x000000070f400000|100%| O|  |TAMS 0x000000070f400000, 0x000000070f200000| Untracked 
|  43|0x000000070f400000, 0x000000070f600000, 0x000000070f600000|100%| O|  |TAMS 0x000000070f600000, 0x000000070f400000| Untracked 
|  44|0x000000070f600000, 0x000000070f800000, 0x000000070f800000|100%| O|  |TAMS 0x000000070f800000, 0x000000070f600000| Untracked 
|  45|0x000000070f800000, 0x000000070fa00000, 0x000000070fa00000|100%| O|  |TAMS 0x000000070fa00000, 0x000000070f800000| Untracked 
|  46|0x000000070fa00000, 0x000000070fc00000, 0x000000070fc00000|100%| O|  |TAMS 0x000000070fc00000, 0x000000070fa00000| Untracked 
|  47|0x000000070fc00000, 0x000000070fe00000, 0x000000070fe00000|100%| O|  |TAMS 0x000000070fe00000, 0x000000070fc00000| Untracked 
|  48|0x000000070fe00000, 0x0000000710000000, 0x0000000710000000|100%| O|  |TAMS 0x0000000710000000, 0x000000070fe00000| Untracked 
|  49|0x0000000710000000, 0x0000000710200000, 0x0000000710200000|100%| O|  |TAMS 0x0000000710200000, 0x0000000710000000| Untracked 
|  50|0x0000000710200000, 0x0000000710400000, 0x0000000710400000|100%| O|  |TAMS 0x0000000710400000, 0x0000000710200000| Untracked 
|  51|0x0000000710400000, 0x0000000710600000, 0x0000000710600000|100%| O|  |TAMS 0x0000000710600000, 0x0000000710400000| Untracked 
|  52|0x0000000710600000, 0x0000000710800000, 0x0000000710800000|100%| O|  |TAMS 0x0000000710800000, 0x0000000710600000| Untracked 
|  53|0x0000000710800000, 0x0000000710a00000, 0x0000000710a00000|100%| O|  |TAMS 0x0000000710a00000, 0x0000000710800000| Untracked 
|  54|0x0000000710a00000, 0x0000000710c00000, 0x0000000710c00000|100%| O|  |TAMS 0x0000000710c00000, 0x0000000710a00000| Untracked 
|  55|0x0000000710c00000, 0x0000000710e00000, 0x0000000710e00000|100%| O|  |TAMS 0x0000000710e00000, 0x0000000710c00000| Untracked 
|  56|0x0000000710e00000, 0x0000000711000000, 0x0000000711000000|100%| O|  |TAMS 0x0000000711000000, 0x0000000710e00000| Untracked 
|  57|0x0000000711000000, 0x0000000711200000, 0x0000000711200000|100%| O|  |TAMS 0x0000000711200000, 0x0000000711000000| Untracked 
|  58|0x0000000711200000, 0x0000000711400000, 0x0000000711400000|100%| O|  |TAMS 0x0000000711400000, 0x0000000711200000| Untracked 
|  59|0x0000000711400000, 0x0000000711600000, 0x0000000711600000|100%| O|  |TAMS 0x0000000711600000, 0x0000000711400000| Untracked 
|  60|0x0000000711600000, 0x0000000711800000, 0x0000000711800000|100%| O|  |TAMS 0x0000000711800000, 0x0000000711600000| Untracked 
|  61|0x0000000711800000, 0x0000000711a00000, 0x0000000711a00000|100%| O|  |TAMS 0x0000000711a00000, 0x0000000711800000| Untracked 
|  62|0x0000000711a00000, 0x0000000711c00000, 0x0000000711c00000|100%| O|  |TAMS 0x0000000711c00000, 0x0000000711a00000| Untracked 
|  63|0x0000000711c00000, 0x0000000711e00000, 0x0000000711e00000|100%| O|  |TAMS 0x0000000711e00000, 0x0000000711c00000| Untracked 
|  64|0x0000000711e00000, 0x0000000712000000, 0x0000000712000000|100%| O|  |TAMS 0x0000000712000000, 0x0000000711e00000| Untracked 
|  65|0x0000000712000000, 0x0000000712200000, 0x0000000712200000|100%| O|  |TAMS 0x0000000712200000, 0x0000000712000000| Untracked 
|  66|0x0000000712200000, 0x0000000712400000, 0x0000000712400000|100%| O|  |TAMS 0x0000000712400000, 0x0000000712200000| Untracked 
|  67|0x0000000712400000, 0x0000000712600000, 0x0000000712600000|100%| O|  |TAMS 0x00000007125d4200, 0x0000000712400000| Untracked 
|  68|0x0000000712600000, 0x0000000712800000, 0x0000000712800000|100%| O|  |TAMS 0x0000000712600000, 0x0000000712600000| Untracked 
|  69|0x0000000712800000, 0x0000000712a00000, 0x0000000712a00000|100%| O|  |TAMS 0x0000000712800000, 0x0000000712800000| Untracked 
|  70|0x0000000712a00000, 0x0000000712c00000, 0x0000000712c00000|100%| O|  |TAMS 0x0000000712a00000, 0x0000000712a00000| Untracked 
|  71|0x0000000712c00000, 0x0000000712e00000, 0x0000000712e00000|100%| O|  |TAMS 0x0000000712c00000, 0x0000000712c00000| Untracked 
|  72|0x0000000712e00000, 0x0000000713000000, 0x0000000713000000|100%| O|  |TAMS 0x0000000712e00000, 0x0000000712e00000| Untracked 
|  73|0x0000000713000000, 0x0000000713200000, 0x0000000713200000|100%| O|  |TAMS 0x0000000713000000, 0x0000000713000000| Untracked 
|  74|0x0000000713200000, 0x0000000713400000, 0x0000000713400000|100%| O|  |TAMS 0x0000000713200000, 0x0000000713200000| Untracked 
|  75|0x0000000713400000, 0x0000000713600000, 0x0000000713600000|100%| O|  |TAMS 0x0000000713400000, 0x0000000713400000| Untracked 
|  76|0x0000000713600000, 0x0000000713800000, 0x0000000713800000|100%| O|  |TAMS 0x0000000713600000, 0x0000000713600000| Untracked 
|  77|0x0000000713800000, 0x0000000713a00000, 0x0000000713a00000|100%| O|  |TAMS 0x0000000713800000, 0x0000000713800000| Untracked 
|  78|0x0000000713a00000, 0x0000000713c00000, 0x0000000713c00000|100%| O|  |TAMS 0x0000000713a00000, 0x0000000713a00000| Untracked 
|  79|0x0000000713c00000, 0x0000000713cbe200, 0x0000000713e00000| 37%| O|  |TAMS 0x0000000713c00000, 0x0000000713c00000| Untracked 
|  80|0x0000000713e00000, 0x0000000713e00000, 0x0000000714000000|  0%| F|  |TAMS 0x0000000713e00000, 0x0000000713e00000| Untracked 
|  81|0x0000000714000000, 0x0000000714000000, 0x0000000714200000|  0%| F|  |TAMS 0x0000000714000000, 0x0000000714000000| Untracked 
|  82|0x0000000714200000, 0x0000000714200000, 0x0000000714400000|  0%| F|  |TAMS 0x0000000714200000, 0x0000000714200000| Untracked 
|  83|0x0000000714400000, 0x0000000714400000, 0x0000000714600000|  0%| F|  |TAMS 0x0000000714400000, 0x0000000714400000| Untracked 
|  84|0x0000000714600000, 0x0000000714600000, 0x0000000714800000|  0%| F|  |TAMS 0x0000000714600000, 0x0000000714600000| Untracked 
|  85|0x0000000714800000, 0x0000000714800000, 0x0000000714a00000|  0%| F|  |TAMS 0x0000000714800000, 0x0000000714800000| Untracked 
|  86|0x0000000714a00000, 0x0000000714a00000, 0x0000000714c00000|  0%| F|  |TAMS 0x0000000714a00000, 0x0000000714a00000| Untracked 
|  87|0x0000000714c00000, 0x0000000714c00000, 0x0000000714e00000|  0%| F|  |TAMS 0x0000000714c00000, 0x0000000714c00000| Untracked 
|  88|0x0000000714e00000, 0x0000000714e00000, 0x0000000715000000|  0%| F|  |TAMS 0x0000000714e00000, 0x0000000714e00000| Untracked 
|  89|0x0000000715000000, 0x0000000715000000, 0x0000000715200000|  0%| F|  |TAMS 0x0000000715000000, 0x0000000715000000| Untracked 
|  90|0x0000000715200000, 0x0000000715200000, 0x0000000715400000|  0%| F|  |TAMS 0x0000000715200000, 0x0000000715200000| Untracked 
|  91|0x0000000715400000, 0x0000000715400000, 0x0000000715600000|  0%| F|  |TAMS 0x0000000715400000, 0x0000000715400000| Untracked 
|  92|0x0000000715600000, 0x0000000715600000, 0x0000000715800000|  0%| F|  |TAMS 0x0000000715600000, 0x0000000715600000| Untracked 
|  93|0x0000000715800000, 0x0000000715800000, 0x0000000715a00000|  0%| F|  |TAMS 0x0000000715800000, 0x0000000715800000| Untracked 
|  94|0x0000000715a00000, 0x0000000715a00000, 0x0000000715c00000|  0%| F|  |TAMS 0x0000000715a00000, 0x0000000715a00000| Untracked 
|  95|0x0000000715c00000, 0x0000000715c00000, 0x0000000715e00000|  0%| F|  |TAMS 0x0000000715c00000, 0x0000000715c00000| Untracked 
|  96|0x0000000715e00000, 0x0000000715e00000, 0x0000000716000000|  0%| F|  |TAMS 0x0000000715e00000, 0x0000000715e00000| Untracked 
|  97|0x0000000716000000, 0x0000000716000000, 0x0000000716200000|  0%| F|  |TAMS 0x0000000716000000, 0x0000000716000000| Untracked 
|  98|0x0000000716200000, 0x0000000716200000, 0x0000000716400000|  0%| F|  |TAMS 0x0000000716200000, 0x0000000716200000| Untracked 
|  99|0x0000000716400000, 0x0000000716400000, 0x0000000716600000|  0%| F|  |TAMS 0x0000000716400000, 0x0000000716400000| Untracked 
| 100|0x0000000716600000, 0x0000000716600000, 0x0000000716800000|  0%| F|  |TAMS 0x0000000716600000, 0x0000000716600000| Untracked 
| 101|0x0000000716800000, 0x0000000716800000, 0x0000000716a00000|  0%| F|  |TAMS 0x0000000716800000, 0x0000000716800000| Untracked 
| 102|0x0000000716a00000, 0x0000000716a00000, 0x0000000716c00000|  0%| F|  |TAMS 0x0000000716a00000, 0x0000000716a00000| Untracked 
| 103|0x0000000716c00000, 0x0000000716c00000, 0x0000000716e00000|  0%| F|  |TAMS 0x0000000716c00000, 0x0000000716c00000| Untracked 
| 104|0x0000000716e00000, 0x0000000716e00000, 0x0000000717000000|  0%| F|  |TAMS 0x0000000716e00000, 0x0000000716e00000| Untracked 
| 105|0x0000000717000000, 0x0000000717000000, 0x0000000717200000|  0%| F|  |TAMS 0x0000000717000000, 0x0000000717000000| Untracked 
| 106|0x0000000717200000, 0x00000007173edd30, 0x0000000717400000| 96%| E|  |TAMS 0x0000000717200000, 0x0000000717200000| Complete 
| 107|0x0000000717400000, 0x0000000717600000, 0x0000000717600000|100%| E|CS|TAMS 0x0000000717400000, 0x0000000717400000| Complete 
| 108|0x0000000717600000, 0x0000000717800000, 0x0000000717800000|100%| E|CS|TAMS 0x0000000717600000, 0x0000000717600000| Complete 
| 109|0x0000000717800000, 0x0000000717a00000, 0x0000000717a00000|100%| E|CS|TAMS 0x0000000717800000, 0x0000000717800000| Complete 
| 110|0x0000000717a00000, 0x0000000717c00000, 0x0000000717c00000|100%| E|CS|TAMS 0x0000000717a00000, 0x0000000717a00000| Complete 
| 111|0x0000000717c00000, 0x0000000717e00000, 0x0000000717e00000|100%| E|CS|TAMS 0x0000000717c00000, 0x0000000717c00000| Complete 
| 112|0x0000000717e00000, 0x0000000718000000, 0x0000000718000000|100%| E|CS|TAMS 0x0000000717e00000, 0x0000000717e00000| Complete 
| 113|0x0000000718000000, 0x0000000718200000, 0x0000000718200000|100%| E|CS|TAMS 0x0000000718000000, 0x0000000718000000| Complete 
| 114|0x0000000718200000, 0x0000000718400000, 0x0000000718400000|100%| E|  |TAMS 0x0000000718200000, 0x0000000718200000| Complete 
| 115|0x0000000718400000, 0x0000000718600000, 0x0000000718600000|100%| E|CS|TAMS 0x0000000718400000, 0x0000000718400000| Complete 
| 116|0x0000000718600000, 0x0000000718800000, 0x0000000718800000|100%| E|CS|TAMS 0x0000000718600000, 0x0000000718600000| Complete 
| 117|0x0000000718800000, 0x0000000718a00000, 0x0000000718a00000|100%| E|CS|TAMS 0x0000000718800000, 0x0000000718800000| Complete 
| 118|0x0000000718a00000, 0x0000000718c00000, 0x0000000718c00000|100%| E|CS|TAMS 0x0000000718a00000, 0x0000000718a00000| Complete 
| 119|0x0000000718c00000, 0x0000000718e00000, 0x0000000718e00000|100%| E|CS|TAMS 0x0000000718c00000, 0x0000000718c00000| Complete 
| 120|0x0000000718e00000, 0x0000000719000000, 0x0000000719000000|100%| E|CS|TAMS 0x0000000718e00000, 0x0000000718e00000| Complete 
| 121|0x0000000719000000, 0x0000000719200000, 0x0000000719200000|100%| E|CS|TAMS 0x0000000719000000, 0x0000000719000000| Complete 
| 122|0x0000000719200000, 0x0000000719400000, 0x0000000719400000|100%| E|CS|TAMS 0x0000000719200000, 0x0000000719200000| Complete 
| 123|0x0000000719400000, 0x0000000719600000, 0x0000000719600000|100%| E|CS|TAMS 0x0000000719400000, 0x0000000719400000| Complete 
| 124|0x0000000719600000, 0x0000000719800000, 0x0000000719800000|100%| E|CS|TAMS 0x0000000719600000, 0x0000000719600000| Complete 
| 125|0x0000000719800000, 0x0000000719a00000, 0x0000000719a00000|100%| E|CS|TAMS 0x0000000719800000, 0x0000000719800000| Complete 
| 126|0x0000000719a00000, 0x0000000719c00000, 0x0000000719c00000|100%| E|CS|TAMS 0x0000000719a00000, 0x0000000719a00000| Complete 
| 127|0x0000000719c00000, 0x0000000719e00000, 0x0000000719e00000|100%| E|CS|TAMS 0x0000000719c00000, 0x0000000719c00000| Complete 
| 128|0x0000000719e00000, 0x000000071a000000, 0x000000071a000000|100%| E|CS|TAMS 0x0000000719e00000, 0x0000000719e00000| Complete 
| 129|0x000000071a000000, 0x000000071a200000, 0x000000071a200000|100%| E|CS|TAMS 0x000000071a000000, 0x000000071a000000| Complete 
| 130|0x000000071a200000, 0x000000071a400000, 0x000000071a400000|100%| E|CS|TAMS 0x000000071a200000, 0x000000071a200000| Complete 
| 131|0x000000071a400000, 0x000000071a600000, 0x000000071a600000|100%| E|CS|TAMS 0x000000071a400000, 0x000000071a400000| Complete 
| 132|0x000000071a600000, 0x000000071a800000, 0x000000071a800000|100%| E|CS|TAMS 0x000000071a600000, 0x000000071a600000| Complete 
| 133|0x000000071a800000, 0x000000071aa00000, 0x000000071aa00000|100%| E|CS|TAMS 0x000000071a800000, 0x000000071a800000| Complete 
| 134|0x000000071aa00000, 0x000000071ac00000, 0x000000071ac00000|100%| E|CS|TAMS 0x000000071aa00000, 0x000000071aa00000| Complete 
| 135|0x000000071ac00000, 0x000000071ae00000, 0x000000071ae00000|100%| E|CS|TAMS 0x000000071ac00000, 0x000000071ac00000| Complete 
| 136|0x000000071ae00000, 0x000000071b000000, 0x000000071b000000|100%| E|CS|TAMS 0x000000071ae00000, 0x000000071ae00000| Complete 
| 137|0x000000071b000000, 0x000000071b200000, 0x000000071b200000|100%| E|CS|TAMS 0x000000071b000000, 0x000000071b000000| Complete 
| 138|0x000000071b200000, 0x000000071b400000, 0x000000071b400000|100%| E|CS|TAMS 0x000000071b200000, 0x000000071b200000| Complete 
| 139|0x000000071b400000, 0x000000071b600000, 0x000000071b600000|100%| E|CS|TAMS 0x000000071b400000, 0x000000071b400000| Complete 
| 140|0x000000071b600000, 0x000000071b800000, 0x000000071b800000|100%| E|CS|TAMS 0x000000071b600000, 0x000000071b600000| Complete 
| 141|0x000000071b800000, 0x000000071ba00000, 0x000000071ba00000|100%| E|CS|TAMS 0x000000071b800000, 0x000000071b800000| Complete 
| 142|0x000000071ba00000, 0x000000071bc00000, 0x000000071bc00000|100%| E|CS|TAMS 0x000000071ba00000, 0x000000071ba00000| Complete 
| 143|0x000000071bc00000, 0x000000071be00000, 0x000000071be00000|100%| E|CS|TAMS 0x000000071bc00000, 0x000000071bc00000| Complete 
| 144|0x000000071be00000, 0x000000071c000000, 0x000000071c000000|100%| E|CS|TAMS 0x000000071be00000, 0x000000071be00000| Complete 
| 145|0x000000071c000000, 0x000000071c200000, 0x000000071c200000|100%| E|CS|TAMS 0x000000071c000000, 0x000000071c000000| Complete 
| 146|0x000000071c200000, 0x000000071c400000, 0x000000071c400000|100%| E|CS|TAMS 0x000000071c200000, 0x000000071c200000| Complete 
| 147|0x000000071c400000, 0x000000071c600000, 0x000000071c600000|100%| E|CS|TAMS 0x000000071c400000, 0x000000071c400000| Complete 
| 148|0x000000071c600000, 0x000000071c800000, 0x000000071c800000|100%| E|CS|TAMS 0x000000071c600000, 0x000000071c600000| Complete 
| 149|0x000000071c800000, 0x000000071ca00000, 0x000000071ca00000|100%| E|CS|TAMS 0x000000071c800000, 0x000000071c800000| Complete 
| 150|0x000000071ca00000, 0x000000071caf8988, 0x000000071cc00000| 48%| S|CS|TAMS 0x000000071ca00000, 0x000000071ca00000| Complete 
| 151|0x000000071cc00000, 0x000000071ce00000, 0x000000071ce00000|100%| E|CS|TAMS 0x000000071cc00000, 0x000000071cc00000| Complete 
| 152|0x000000071ce00000, 0x000000071d000000, 0x000000071d000000|100%| E|CS|TAMS 0x000000071ce00000, 0x000000071ce00000| Complete 
| 153|0x000000071d000000, 0x000000071d200000, 0x000000071d200000|100%| E|CS|TAMS 0x000000071d000000, 0x000000071d000000| Complete 
| 154|0x000000071d200000, 0x000000071d400000, 0x000000071d400000|100%| E|CS|TAMS 0x000000071d200000, 0x000000071d200000| Complete 

Card table byte_map: [0x000001acf1900000,0x000001acf20c0000] _byte_map_base: 0x000001acee0b1000

Marking Bits (Prev, Next): (CMBitMap*) 0x000001acd9e6bcb0, (CMBitMap*) 0x000001acd9e6bc70
 Prev Bits: [0x000001acf6610000, 0x000001acfa398000)
 Next Bits: [0x000001acf2880000, 0x000001acf6608000)

Polling page: 0x000001acd7d70000

Metaspace:

Usage:
  Non-class:     59.94 MB used.
      Class:      9.53 MB used.
       Both:     69.48 MB used.

Virtual space:
  Non-class space:       64.00 MB reserved,      60.62 MB ( 95%) committed,  8 nodes.
      Class space:        1.00 GB reserved,      10.06 MB ( <1%) committed,  1 nodes.
             Both:        1.06 GB reserved,      70.69 MB (  6%) committed. 

Chunk freelists:
   Non-Class:  2.79 MB
       Class:  1.78 MB
        Both:  4.57 MB

MaxMetaspaceSize: unlimited
CompressedClassSpaceSize: 1.00 GB
Initial GC threshold: 21.00 MB
Current GC threshold: 99.50 MB
CDS: on
MetaspaceReclaimPolicy: balanced
 - commit_granule_bytes: 65536.
 - commit_granule_words: 8192.
 - virtual_space_node_default_size: 1048576.
 - enlarge_chunks_in_place: 1.
 - new_chunks_are_fully_committed: 0.
 - uncommit_free_chunks: 1.
 - use_allocation_guard: 0.
 - handle_deallocations: 1.


Internal statistics:

num_allocs_failed_limit: 12.
num_arena_births: 1714.
num_arena_deaths: 0.
num_vsnodes_births: 9.
num_vsnodes_deaths: 0.
num_space_committed: 1128.
num_space_uncommitted: 0.
num_chunks_returned_to_freelist: 12.
num_chunks_taken_from_freelist: 4585.
num_chunk_merges: 12.
num_chunk_splits: 3020.
num_chunks_enlarged: 2058.
num_purges: 0.
num_inconsistent_stats: 0.

CodeHeap 'non-profiled nmethods': size=119168Kb used=7654Kb max_used=7654Kb free=111513Kb
 bounds [0x000001ace9460000, 0x000001ace9be0000, 0x000001acf08c0000]
CodeHeap 'profiled nmethods': size=119104Kb used=13596Kb max_used=13596Kb free=105507Kb
 bounds [0x000001ace2010000, 0x000001ace2d60000, 0x000001ace9460000]
CodeHeap 'non-nmethods': size=7488Kb used=3652Kb max_used=3713Kb free=3835Kb
 bounds [0x000001ace18c0000, 0x000001ace1c70000, 0x000001ace2010000]
 total_blobs=9507 nmethods=8021 adapters=1392
 compilation: enabled
              stopped_count=0, restarted_count=0
 full_count=0

Compilation events (20 events):
Event: 10.931 Thread 0x000001ac83997670 10083       4       java.net.URL::equals (27 bytes)
Event: 10.933 Thread 0x000001ac83997670 nmethod 10083 0x000001ace9bc1690 code [0x000001ace9bc1820, 0x000001ace9bc1ae8]
Event: 10.933 Thread 0x000001acfeaade40 10086       3       java.lang.invoke.AbstractValidatingLambdaMetafactory::isAdaptableTo (126 bytes)
Event: 10.933 Thread 0x000001acfeaade40 nmethod 10086 0x000001ace2d55210 code [0x000001ace2d554a0, 0x000001ace2d55ee8]
Event: 10.935 Thread 0x000001acfd602640 nmethod 10082 0x000001ace9bc1d10 code [0x000001ace9bc1ec0, 0x000001ace9bc2488]
Event: 10.945 Thread 0x000001acfe9cf520 10087       3       sun.misc.Unsafe::getInt (9 bytes)
Event: 10.945 Thread 0x000001acfeaade40 10089       3       org.lwjgl.system.StructBuffer::sizeof (8 bytes)
Event: 10.945 Thread 0x000001acfd56d720 10088       3       org.lwjgl.system.CustomBuffer::address (19 bytes)
Event: 10.945 Thread 0x000001acfd4ba550 10090       3       org.lwjgl.glfw.GLFWVidMode$Buffer::getElementFactory (5 bytes)
Event: 10.946 Thread 0x000001acfd4ba550 nmethod 10090 0x000001ace2d56290 code [0x000001ace2d56420, 0x000001ace2d56598]
Event: 10.946 Thread 0x000001acfeaade40 nmethod 10089 0x000001ace2d56690 code [0x000001ace2d56840, 0x000001ace2d56a78]
Event: 10.946 Thread 0x000001acfeaade40 10091       3       org.lwjgl.glfw.GLFWVidMode$Buffer::getElementFactory (4 bytes)
Event: 10.946 Thread 0x000001acfe9cf520 nmethod 10087 0x000001ace2d56b90 code [0x000001ace2d56d20, 0x000001ace2d56e38]
Event: 10.946 Thread 0x000001acfd56d720 nmethod 10088 0x000001ace2d56f10 code [0x000001ace2d570c0, 0x000001ace2d57328]
Event: 10.946 Thread 0x000001acfd4ba550 10092       3       org.lwjgl.glfw.GLFWVidMode::sizeof (4 bytes)
Event: 10.946 Thread 0x000001acfeaade40 nmethod 10091 0x000001ace2d57410 code [0x000001ace2d575a0, 0x000001ace2d576b8]
Event: 10.946 Thread 0x000001acfd4ba550 nmethod 10092 0x000001ace2d57790 code [0x000001ace2d57920, 0x000001ace2d57a38]
Event: 10.949 Thread 0x000001acfeaade40 10093       3       java.util.EnumMap::isValidKey (36 bytes)
Event: 10.949 Thread 0x000001acfeaade40 nmethod 10093 0x000001ace2d57b10 code [0x000001ace2d57cc0, 0x000001ace2d57f48]
Event: 10.995 Thread 0x000001ac83770ef0 nmethod 10009 0x000001ace9bc3090 code [0x000001ace9bc3540, 0x000001ace9bca738]

GC Heap History (20 events):
Event: 6.059 GC heap before
{Heap before GC invocations=14 (full 0):
 garbage-first heap   total 264192K, used 216923K [0x0000000709e00000, 0x0000000800000000)
  region size 2048K, 66 young (135168K), 3 survivors (6144K)
 Metaspace       used 32226K, committed 33152K, reserved 1081344K
  class space    used 3999K, committed 4416K, reserved 1048576K
}
Event: 6.064 GC heap after
{Heap after GC invocations=15 (full 0):
 garbage-first heap   total 264192K, used 92722K [0x0000000709e00000, 0x0000000800000000)
  region size 2048K, 5 young (10240K), 5 survivors (10240K)
 Metaspace       used 32226K, committed 33152K, reserved 1081344K
  class space    used 3999K, committed 4416K, reserved 1048576K
}
Event: 6.690 GC heap before
{Heap before GC invocations=15 (full 0):
 garbage-first heap   total 264192K, used 176690K [0x0000000709e00000, 0x0000000800000000)
  region size 2048K, 48 young (98304K), 5 survivors (10240K)
 Metaspace       used 35265K, committed 36096K, reserved 1081344K
  class space    used 4285K, committed 4672K, reserved 1048576K
}
Event: 6.695 GC heap after
{Heap after GC invocations=16 (full 0):
 garbage-first heap   total 264192K, used 94121K [0x0000000709e00000, 0x0000000800000000)
  region size 2048K, 5 young (10240K), 5 survivors (10240K)
 Metaspace       used 35265K, committed 36096K, reserved 1081344K
  class space    used 4285K, committed 4672K, reserved 1048576K
}
Event: 7.523 GC heap before
{Heap before GC invocations=17 (full 0):
 garbage-first heap   total 264192K, used 221097K [0x0000000709e00000, 0x0000000800000000)
  region size 2048K, 67 young (137216K), 5 survivors (10240K)
 Metaspace       used 42429K, committed 43392K, reserved 1089536K
  class space    used 5392K, committed 5824K, reserved 1048576K
}
Event: 7.534 GC heap after
{Heap after GC invocations=18 (full 0):
 garbage-first heap   total 264192K, used 100443K [0x0000000709e00000, 0x0000000800000000)
  region size 2048K, 8 young (16384K), 8 survivors (16384K)
 Metaspace       used 42429K, committed 43392K, reserved 1089536K
  class space    used 5392K, committed 5824K, reserved 1048576K
}
Event: 7.888 GC heap before
{Heap before GC invocations=18 (full 0):
 garbage-first heap   total 264192K, used 219227K [0x0000000709e00000, 0x0000000800000000)
  region size 2048K, 66 young (135168K), 8 survivors (16384K)
 Metaspace       used 43910K, committed 44864K, reserved 1089536K
  class space    used 5595K, committed 6016K, reserved 1048576K
}
Event: 7.908 GC heap after
{Heap after GC invocations=19 (full 0):
 garbage-first heap   total 264192K, used 112270K [0x0000000709e00000, 0x0000000800000000)
  region size 2048K, 9 young (18432K), 9 survivors (18432K)
 Metaspace       used 43910K, committed 44864K, reserved 1089536K
  class space    used 5595K, committed 6016K, reserved 1048576K
}
Event: 8.085 GC heap before
{Heap before GC invocations=19 (full 0):
 garbage-first heap   total 264192K, used 214670K [0x0000000709e00000, 0x0000000800000000)
  region size 2048K, 59 young (120832K), 9 survivors (18432K)
 Metaspace       used 44135K, committed 45120K, reserved 1089536K
  class space    used 5616K, committed 6080K, reserved 1048576K
}
Event: 8.103 GC heap after
{Heap after GC invocations=20 (full 0):
 garbage-first heap   total 317440K, used 123868K [0x0000000709e00000, 0x0000000800000000)
  region size 2048K, 6 young (12288K), 6 survivors (12288K)
 Metaspace       used 44135K, committed 45120K, reserved 1089536K
  class space    used 5616K, committed 6080K, reserved 1048576K
}
Event: 8.643 GC heap before
{Heap before GC invocations=20 (full 0):
 garbage-first heap   total 317440K, used 252892K [0x0000000709e00000, 0x0000000800000000)
  region size 2048K, 69 young (141312K), 6 survivors (12288K)
 Metaspace       used 49246K, committed 50240K, reserved 1097728K
  class space    used 6299K, committed 6720K, reserved 1048576K
}
Event: 8.652 GC heap after
{Heap after GC invocations=21 (full 0):
 garbage-first heap   total 317440K, used 135333K [0x0000000709e00000, 0x0000000800000000)
  region size 2048K, 6 young (12288K), 6 survivors (12288K)
 Metaspace       used 49246K, committed 50240K, reserved 1097728K
  class space    used 6299K, committed 6720K, reserved 1048576K
}
Event: 9.488 GC heap before
{Heap before GC invocations=21 (full 0):
 garbage-first heap   total 317440K, used 252069K [0x0000000709e00000, 0x0000000800000000)
  region size 2048K, 64 young (131072K), 6 survivors (12288K)
 Metaspace       used 57848K, committed 58816K, reserved 1105920K
  class space    used 7826K, committed 8256K, reserved 1048576K
}
Event: 9.499 GC heap after
{Heap after GC invocations=22 (full 0):
 garbage-first heap   total 317440K, used 154104K [0x0000000709e00000, 0x0000000800000000)
  region size 2048K, 8 young (16384K), 8 survivors (16384K)
 Metaspace       used 57848K, committed 58816K, reserved 1105920K
  class space    used 7826K, committed 8256K, reserved 1048576K
}
Event: 9.646 GC heap before
{Heap before GC invocations=22 (full 0):
 garbage-first heap   total 317440K, used 170488K [0x0000000709e00000, 0x0000000800000000)
  region size 2048K, 17 young (34816K), 8 survivors (16384K)
 Metaspace       used 59536K, committed 60608K, reserved 1105920K
  class space    used 8086K, committed 8576K, reserved 1048576K
}
Event: 9.653 GC heap after
{Heap after GC invocations=23 (full 0):
 garbage-first heap   total 317440K, used 158619K [0x0000000709e00000, 0x0000000800000000)
  region size 2048K, 2 young (4096K), 2 survivors (4096K)
 Metaspace       used 59536K, committed 60608K, reserved 1105920K
  class space    used 8086K, committed 8576K, reserved 1048576K
}
Event: 10.216 GC heap before
{Heap before GC invocations=24 (full 0):
 garbage-first heap   total 317440K, used 256923K [0x0000000709e00000, 0x0000000800000000)
  region size 2048K, 50 young (102400K), 2 survivors (4096K)
 Metaspace       used 63945K, committed 65024K, reserved 1105920K
  class space    used 8811K, committed 9280K, reserved 1048576K
}
Event: 10.221 GC heap after
{Heap after GC invocations=25 (full 0):
 garbage-first heap   total 317440K, used 161122K [0x0000000709e00000, 0x0000000800000000)
  region size 2048K, 3 young (6144K), 3 survivors (6144K)
 Metaspace       used 63945K, committed 65024K, reserved 1105920K
  class space    used 8811K, committed 9280K, reserved 1048576K
}
Event: 10.288 GC heap before
{Heap before GC invocations=25 (full 0):
 garbage-first heap   total 317440K, used 169314K [0x0000000709e00000, 0x0000000800000000)
  region size 2048K, 7 young (14336K), 3 survivors (6144K)
 Metaspace       used 64695K, committed 65792K, reserved 1105920K
  class space    used 8903K, committed 9408K, reserved 1048576K
}
Event: 10.292 GC heap after
{Heap after GC invocations=26 (full 0):
 garbage-first heap   total 317440K, used 161498K [0x0000000709e00000, 0x0000000800000000)
  region size 2048K, 1 young (2048K), 1 survivors (2048K)
 Metaspace       used 64695K, committed 65792K, reserved 1105920K
  class space    used 8903K, committed 9408K, reserved 1048576K
}

Dll operation events (14 events):
Event: 0.016 Loaded shared library C:\Program Files\Eclipse Adoptium\jdk-17.0.5.8-hotspot\bin\java.dll
Event: 0.026 Loaded shared library C:\Program Files\Eclipse Adoptium\jdk-17.0.5.8-hotspot\bin\jsvml.dll
Event: 0.149 Loaded shared library C:\Program Files\Eclipse Adoptium\jdk-17.0.5.8-hotspot\bin\net.dll
Event: 0.151 Loaded shared library C:\Program Files\Eclipse Adoptium\jdk-17.0.5.8-hotspot\bin\nio.dll
Event: 0.156 Loaded shared library C:\Program Files\Eclipse Adoptium\jdk-17.0.5.8-hotspot\bin\zip.dll
Event: 0.197 Loaded shared library C:\Program Files\Eclipse Adoptium\jdk-17.0.5.8-hotspot\bin\zip.dll
Event: 0.199 Loaded shared library C:\Program Files\Eclipse Adoptium\jdk-17.0.5.8-hotspot\bin\instrument.dll
Event: 0.321 Loaded shared library C:\Program Files\JetBrains\IntelliJ IDEA Community Edition 2022.2.3\bin\breakgen64.dll
Event: 0.336 Loaded shared library C:\Program Files\Eclipse Adoptium\jdk-17.0.5.8-hotspot\bin\jimage.dll
Event: 0.549 Loaded shared library C:\Program Files\Eclipse Adoptium\jdk-17.0.5.8-hotspot\bin\verify.dll
Event: 2.346 Loaded shared library C:\Program Files\Eclipse Adoptium\jdk-17.0.5.8-hotspot\bin\management.dll
Event: 2.350 Loaded shared library C:\Program Files\Eclipse Adoptium\jdk-17.0.5.8-hotspot\bin\management_ext.dll
Event: 5.670 Loaded shared library C:\Users\dango\AppData\Local\Temp\jna-95350841\jna7623507888537411934.dll
Event: 10.577 Loaded shared library C:\Users\dango\AppData\Local\Temp\lwjgldango\3.3.1-build-7\lwjgl.dll

Deoptimization events (20 events):
Event: 10.749 Thread 0x000001acd9dfd530 DEOPT PACKING pc=0x000001ace20ad25b sp=0x0000009509bfdf60
Event: 10.749 Thread 0x000001acd9dfd530 DEOPT UNPACKING pc=0x000001ace1912b43 sp=0x0000009509bfd480 mode 0
Event: 10.749 Thread 0x000001acd9dfd530 DEOPT PACKING pc=0x000001ace20ad25b sp=0x0000009509bfdf60
Event: 10.749 Thread 0x000001acd9dfd530 DEOPT UNPACKING pc=0x000001ace1912b43 sp=0x0000009509bfd480 mode 0
Event: 10.868 Thread 0x000001acd9dfd530 Uncommon trap: trap_request=0xffffff45 fr.pc=0x000001ace992f500 relative=0x00000000000000e0
Event: 10.868 Thread 0x000001acd9dfd530 Uncommon trap: reason=unstable_if action=reinterpret pc=0x000001ace992f500 method=java.util.EnumMap.isValidKey(Ljava/lang/Object;)Z @ 16 c2
Event: 10.868 Thread 0x000001acd9dfd530 DEOPT PACKING pc=0x000001ace992f500 sp=0x0000009509bfe110
Event: 10.868 Thread 0x000001acd9dfd530 DEOPT UNPACKING pc=0x000001ace19123a3 sp=0x0000009509bfe048 mode 2
Event: 10.868 Thread 0x000001acd9dfd530 Uncommon trap: trap_request=0xffffff45 fr.pc=0x000001ace9920d80 relative=0x0000000000000080
Event: 10.868 Thread 0x000001acd9dfd530 Uncommon trap: reason=unstable_if action=reinterpret pc=0x000001ace9920d80 method=java.util.EnumMap.isValidKey(Ljava/lang/Object;)Z @ 16 c2
Event: 10.868 Thread 0x000001acd9dfd530 DEOPT PACKING pc=0x000001ace9920d80 sp=0x0000009509bfe0c0
Event: 10.868 Thread 0x000001acd9dfd530 DEOPT UNPACKING pc=0x000001ace19123a3 sp=0x0000009509bfe050 mode 2
Event: 10.868 Thread 0x000001acd9dfd530 Uncommon trap: trap_request=0xffffff45 fr.pc=0x000001ace9ac8a04 relative=0x00000000000002e4
Event: 10.868 Thread 0x000001acd9dfd530 Uncommon trap: reason=unstable_if action=reinterpret pc=0x000001ace9ac8a04 method=java.lang.invoke.AbstractValidatingLambdaMetafactory.isAdaptableTo(Ljava/lang/Class;Ljava/lang/Class;Z)Z @ 81 c2
Event: 10.868 Thread 0x000001acd9dfd530 DEOPT PACKING pc=0x000001ace9ac8a04 sp=0x0000009509bfd070
Event: 10.868 Thread 0x000001acd9dfd530 DEOPT UNPACKING pc=0x000001ace19123a3 sp=0x0000009509bfd000 mode 2
Event: 10.868 Thread 0x000001acd9dfd530 Uncommon trap: trap_request=0xffffff45 fr.pc=0x000001ace96761cc relative=0x0000000000000dcc
Event: 10.868 Thread 0x000001acd9dfd530 Uncommon trap: reason=unstable_if action=reinterpret pc=0x000001ace96761cc method=java.lang.invoke.TypeConvertingMethodAdapter.convertType(Ljava/lang/Class;Ljava/lang/Class;Ljava/lang/Class;)V @ 186 c2
Event: 10.868 Thread 0x000001acd9dfd530 DEOPT PACKING pc=0x000001ace96761cc sp=0x0000009509bfcf30
Event: 10.868 Thread 0x000001acd9dfd530 DEOPT UNPACKING pc=0x000001ace19123a3 sp=0x0000009509bfced0 mode 2

Classes unloaded (0 events):
No events

Classes redefined (0 events):
No events

Internal exceptions (20 events):
Event: 10.590 Thread 0x000001acd9dfd530 Exception <a 'sun/nio/fs/WindowsException'{0x000000071a025d68}> (0x000000071a025d68) 
thrown [s\src\hotspot\share\prims\jni.cpp, line 516]
Event: 10.590 Thread 0x000001acd9dfd530 Exception <a 'sun/nio/fs/WindowsException'{0x000000071a0260f8}> (0x000000071a0260f8) 
thrown [s\src\hotspot\share\prims\jni.cpp, line 516]
Event: 10.604 Thread 0x000001acd9dfd530 Exception <a 'java/lang/NoSuchMethodError'{0x000000071a195fd8}: 'void java.lang.invoke.DirectMethodHandle$Holder.invokeInterface(java.lang.Object, java.lang.Object, int)'> (0x000000071a195fd8) 
thrown [s\src\hotspot\share\interpreter\linkResolver.cpp, line 759]
Event: 10.604 Thread 0x000001acd9dfd530 Exception <a 'java/lang/NoSuchMethodError'{0x000000071a1b0690}: 'void java.lang.invoke.DirectMethodHandle$Holder.invokeStatic(java.lang.Object, java.lang.Object, int)'> (0x000000071a1b0690) 
thrown [s\src\hotspot\share\interpreter\linkResolver.cpp, line 759]
Event: 10.605 Thread 0x000001acd9dfd530 Exception <a 'java/lang/NoSuchMethodError'{0x000000071a1b3d10}: 'void java.lang.invoke.DirectMethodHandle$Holder.invokeStaticInit(java.lang.Object, java.lang.Object, int)'> (0x000000071a1b3d10) 
thrown [s\src\hotspot\share\interpreter\linkResolver.cpp, line 759]
Event: 10.703 Thread 0x000001acd9dfd530 Exception <a 'java/lang/NoSuchMethodError'{0x0000000718fe1ca8}: 'long java.lang.invoke.DirectMethodHandle$Holder.invokeSpecial(java.lang.Object, java.lang.Object)'> (0x0000000718fe1ca8) 
thrown [s\src\hotspot\share\interpreter\linkResolver.cpp, line 759]
Event: 10.710 Thread 0x000001acd9dfd530 Exception <a 'sun/nio/fs/WindowsException'{0x0000000718c74f10}> (0x0000000718c74f10) 
thrown [s\src\hotspot\share\prims\jni.cpp, line 516]
Event: 10.710 Thread 0x000001acd9dfd530 Exception <a 'sun/nio/fs/WindowsException'{0x0000000718c768d0}> (0x0000000718c768d0) 
thrown [s\src\hotspot\share\prims\jni.cpp, line 516]
Event: 10.824 Thread 0x000001acd9dfd530 Exception <a 'java/lang/NoSuchMethodError'{0x0000000717cac7b8}: 'int java.lang.invoke.DirectMethodHandle$Holder.invokeStatic(java.lang.Object)'> (0x0000000717cac7b8) 
thrown [s\src\hotspot\share\interpreter\linkResolver.cpp, line 759]
Event: 10.865 Thread 0x000001acd9dfd530 Exception <a 'java/lang/NoSuchMethodError'{0x00000007178f53f8}: 'java.lang.Object java.lang.invoke.Invokers$Holder.linkToTargetMethod(java.lang.Object, int, java.lang.Object, java.lang.Object)'> (0x00000007178f53f8) 
thrown [s\src\hotspot\share\interpreter\linkResolver.cpp, line 759]
Event: 10.872 Thread 0x000001acd9dfd530 Exception <a 'java/lang/NoSuchMethodError'{0x00000007179a74a8}: 'int java.lang.invoke.DirectMethodHandle$Holder.invokeStaticInit(java.lang.Object)'> (0x00000007179a74a8) 
thrown [s\src\hotspot\share\interpreter\linkResolver.cpp, line 759]
Event: 10.873 Thread 0x000001acd9dfd530 Exception <a 'java/lang/NoSuchMethodError'{0x00000007179ae890}: 'int java.lang.invoke.Invokers$Holder.invokeExact_MT(java.lang.Object, java.lang.Object)'> (0x00000007179ae890) 
thrown [s\src\hotspot\share\interpreter\linkResolver.cpp, line 759]
Event: 10.877 Thread 0x000001acd9dfd530 Exception <a 'sun/nio/fs/WindowsException'{0x00000007176c7fa8}> (0x00000007176c7fa8) 
thrown [s\src\hotspot\share\prims\jni.cpp, line 516]
Event: 10.877 Thread 0x000001acd9dfd530 Exception <a 'sun/nio/fs/WindowsException'{0x00000007176c8308}> (0x00000007176c8308) 
thrown [s\src\hotspot\share\prims\jni.cpp, line 516]
Event: 10.885 Thread 0x000001acd9dfd530 Exception <a 'java/lang/NoSuchMethodError'{0x000000071775adf0}: 'java.lang.Object java.lang.invoke.DirectMethodHandle$Holder.invokeInterface(java.lang.Object, java.lang.Object, double)'> (0x000000071775adf0) 
thrown [s\src\hotspot\share\interpreter\linkResolver.cpp, line 759]
Event: 10.885 Thread 0x000001acd9dfd530 Exception <a 'java/lang/NoSuchMethodError'{0x0000000717761638}: 'double java.lang.invoke.DirectMethodHandle$Holder.invokeInterface(java.lang.Object, java.lang.Object, java.lang.Object)'> (0x0000000717761638) 
thrown [s\src\hotspot\share\interpreter\linkResolver.cpp, line 759]
Event: 10.929 Thread 0x000001acd9dfd530 Exception <a 'java/lang/NoSuchMethodError'{0x00000007172478e0}: 'long java.lang.invoke.DirectMethodHandle$Holder.invokeInterface(java.lang.Object, java.lang.Object)'> (0x00000007172478e0) 
thrown [s\src\hotspot\share\interpreter\linkResolver.cpp, line 759]
Event: 10.932 Thread 0x000001acd9dfd530 Exception <a 'java/lang/NoSuchMethodError'{0x00000007172b3560}: 'java.lang.Object java.lang.invoke.DirectMethodHandle$Holder.newInvokeSpecial(java.lang.Object, long)'> (0x00000007172b3560) 
thrown [s\src\hotspot\share\interpreter\linkResolver.cpp, line 759]
Event: 10.950 Thread 0x000001acd9dfd530 Exception <a 'java/lang/NoSuchMethodError'{0x000000071736d858}: 'void java.lang.invoke.DirectMethodHandle$Holder.invokeSpecial(java.lang.Object, java.lang.Object, int, long)'> (0x000000071736d858) 
thrown [s\src\hotspot\share\interpreter\linkResolver.cpp, line 759]
Event: 10.951 Thread 0x000001acd9dfd530 Exception <a 'java/lang/NoSuchMethodError'{0x00000007173737d0}: 'void java.lang.invoke.DirectMethodHandle$Holder.invokeStatic(java.lang.Object, int, long)'> (0x00000007173737d0) 
thrown [s\src\hotspot\share\interpreter\linkResolver.cpp, line 759]

VM Operations (20 events):
Event: 9.646 Executing VM operation: CollectForMetadataAllocation
Event: 9.653 Executing VM operation: CollectForMetadataAllocation done
Event: 9.687 Executing VM operation: CollectForMetadataAllocation
Event: 9.687 Executing VM operation: CollectForMetadataAllocation done
Event: 9.701 Executing VM operation: G1Concurrent
Event: 9.703 Executing VM operation: G1Concurrent done
Event: 9.730 Executing VM operation: G1Concurrent
Event: 9.731 Executing VM operation: G1Concurrent done
Event: 9.859 Executing VM operation: HandshakeAllThreads
Event: 9.859 Executing VM operation: HandshakeAllThreads done
Event: 9.898 Executing VM operation: HandshakeAllThreads
Event: 9.898 Executing VM operation: HandshakeAllThreads done
Event: 10.030 Executing VM operation: ICBufferFull
Event: 10.030 Executing VM operation: ICBufferFull done
Event: 10.216 Executing VM operation: G1CollectForAllocation
Event: 10.221 Executing VM operation: G1CollectForAllocation done
Event: 10.288 Executing VM operation: G1CollectForAllocation
Event: 10.292 Executing VM operation: G1CollectForAllocation done
Event: 10.522 Executing VM operation: HandshakeAllThreads
Event: 10.522 Executing VM operation: HandshakeAllThreads done

Events (20 events):
Event: 10.579 loading class java/nio/DirectShortBufferU
Event: 10.579 loading class java/nio/DirectShortBufferU done
Event: 10.579 loading class java/nio/DirectCharBufferU
Event: 10.579 loading class java/nio/DirectCharBufferU done
Event: 10.579 loading class java/nio/DirectFloatBufferU
Event: 10.579 loading class java/nio/DirectFloatBufferU done
Event: 10.579 loading class java/nio/DirectDoubleBufferU
Event: 10.579 loading class java/nio/DirectDoubleBufferU done
Event: 10.592 loading class java/nio/InvalidMarkException
Event: 10.592 loading class java/nio/InvalidMarkException done
Event: 10.592 loading class java/nio/BufferUnderflowException
Event: 10.592 loading class java/nio/BufferUnderflowException done
Event: 10.713 loading class java/util/function/IntSupplier
Event: 10.713 loading class java/util/function/IntSupplier done
Event: 10.752 loading class java/io/CharArrayWriter
Event: 10.752 loading class java/io/CharArrayWriter done
Event: 10.872 loading class java/lang/invoke/DirectMethodHandle$StaticAccessor
Event: 10.872 loading class java/lang/invoke/DirectMethodHandle$StaticAccessor done
Event: 10.883 loading class java/util/function/DoubleFunction
Event: 10.883 loading class java/util/function/DoubleFunction done


Dynamic libraries:
0x00007ff6cf9e0000 - 0x00007ff6cf9ee000 	C:\Program Files\Eclipse Adoptium\jdk-17.0.5.8-hotspot\bin\java.exe
0x00007ff9e4d90000 - 0x00007ff9e4fa4000 	C:\WINDOWS\SYSTEM32\ntdll.dll
0x00007ff9e2dd0000 - 0x00007ff9e2e92000 	C:\WINDOWS\System32\KERNEL32.DLL
0x00007ff9e2540000 - 0x00007ff9e28dd000 	C:\WINDOWS\System32\KERNELBASE.dll
0x00007ff9e2420000 - 0x00007ff9e2531000 	C:\WINDOWS\System32\ucrtbase.dll
0x00007ff9cef90000 - 0x00007ff9cefa7000 	C:\Program Files\Eclipse Adoptium\jdk-17.0.5.8-hotspot\bin\jli.dll
0x00007ff9ceb20000 - 0x00007ff9ceb39000 	C:\Program Files\Eclipse Adoptium\jdk-17.0.5.8-hotspot\bin\VCRUNTIME140.dll
0x00007ff9e2f50000 - 0x00007ff9e30fa000 	C:\WINDOWS\System32\USER32.dll
0x00007ff9c5b80000 - 0x00007ff9c5e0e000 	C:\WINDOWS\WinSxS\amd64_microsoft.windows.common-controls_6595b64144ccf1df_6.0.22621.608_none_a9444ca7c10bb01d\COMCTL32.dll
0x00007ff9e2ea0000 - 0x00007ff9e2f47000 	C:\WINDOWS\System32\msvcrt.dll
0x00007ff9e2a40000 - 0x00007ff9e2a66000 	C:\WINDOWS\System32\win32u.dll
0x00007ff9e4c30000 - 0x00007ff9e4c59000 	C:\WINDOWS\System32\GDI32.dll
0x00007ff9e2a70000 - 0x00007ff9e2b82000 	C:\WINDOWS\System32\gdi32full.dll
0x00007ff9e28e0000 - 0x00007ff9e297a000 	C:\WINDOWS\System32\msvcp_win.dll
0x00007ff9e2d90000 - 0x00007ff9e2dc2000 	C:\WINDOWS\System32\IMM32.DLL
0x00007ff9de200000 - 0x00007ff9de20c000 	C:\Program Files\Eclipse Adoptium\jdk-17.0.5.8-hotspot\bin\vcruntime140_1.dll
0x00007ff9c49d0000 - 0x00007ff9c4a61000 	C:\Program Files\Eclipse Adoptium\jdk-17.0.5.8-hotspot\bin\msvcp140.dll
0x00007ff97e9e0000 - 0x00007ff97f624000 	C:\Program Files\Eclipse Adoptium\jdk-17.0.5.8-hotspot\bin\server\jvm.dll
0x00007ff9e2b90000 - 0x00007ff9e2c3e000 	C:\WINDOWS\System32\ADVAPI32.dll
0x00007ff9e4580000 - 0x00007ff9e4624000 	C:\WINDOWS\System32\sechost.dll
0x00007ff9e3f60000 - 0x00007ff9e4075000 	C:\WINDOWS\System32\RPCRT4.dll
0x00007ff9d3500000 - 0x00007ff9d3534000 	C:\WINDOWS\SYSTEM32\WINMM.dll
0x00007ff9d7440000 - 0x00007ff9d7449000 	C:\WINDOWS\SYSTEM32\WSOCK32.dll
0x00007ff9dca20000 - 0x00007ff9dca2a000 	C:\WINDOWS\SYSTEM32\VERSION.dll
0x00007ff9e3e90000 - 0x00007ff9e3f01000 	C:\WINDOWS\System32\WS2_32.dll
0x00007ff9e1230000 - 0x00007ff9e1248000 	C:\WINDOWS\SYSTEM32\kernel.appcore.dll
0x00007ff9dcd10000 - 0x00007ff9dcd1a000 	C:\Program Files\Eclipse Adoptium\jdk-17.0.5.8-hotspot\bin\jimage.dll
0x00007ff9df800000 - 0x00007ff9dfa2e000 	C:\WINDOWS\SYSTEM32\DBGHELP.DLL
0x00007ff9e3100000 - 0x00007ff9e348a000 	C:\WINDOWS\System32\combase.dll
0x00007ff9e4a10000 - 0x00007ff9e4ae7000 	C:\WINDOWS\System32\OLEAUT32.dll
0x00007ff9cf930000 - 0x00007ff9cf962000 	C:\WINDOWS\SYSTEM32\dbgcore.DLL
0x00007ff9e2230000 - 0x00007ff9e22ab000 	C:\WINDOWS\System32\bcryptPrimitives.dll
0x00007ff9cef50000 - 0x00007ff9cef5e000 	C:\Program Files\Eclipse Adoptium\jdk-17.0.5.8-hotspot\bin\instrument.dll
0x00007ff9cc5d0000 - 0x00007ff9cc5f5000 	C:\Program Files\Eclipse Adoptium\jdk-17.0.5.8-hotspot\bin\java.dll
0x00007ff9c3e30000 - 0x00007ff9c3f06000 	C:\Program Files\Eclipse Adoptium\jdk-17.0.5.8-hotspot\bin\jsvml.dll
0x00007ff9e3590000 - 0x00007ff9e3d70000 	C:\WINDOWS\System32\SHELL32.dll
0x00007ff9e0200000 - 0x00007ff9e0ac5000 	C:\WINDOWS\SYSTEM32\windows.storage.dll
0x00007ff9e00c0000 - 0x00007ff9e01fe000 	C:\WINDOWS\SYSTEM32\wintypes.dll
0x00007ff9e4b30000 - 0x00007ff9e4c21000 	C:\WINDOWS\System32\SHCORE.dll
0x00007ff9e2c70000 - 0x00007ff9e2cce000 	C:\WINDOWS\System32\shlwapi.dll
0x00007ff9e20f0000 - 0x00007ff9e2111000 	C:\WINDOWS\SYSTEM32\profapi.dll
0x00007ff9cc570000 - 0x00007ff9cc589000 	C:\Program Files\Eclipse Adoptium\jdk-17.0.5.8-hotspot\bin\net.dll
0x00007ff9ddfb0000 - 0x00007ff9de0df000 	C:\WINDOWS\SYSTEM32\WINHTTP.dll
0x00007ff9e1690000 - 0x00007ff9e16f9000 	C:\WINDOWS\system32\mswsock.dll
0x00007ff9cc4a0000 - 0x00007ff9cc4b5000 	C:\Program Files\Eclipse Adoptium\jdk-17.0.5.8-hotspot\bin\nio.dll
0x00007ff9cbd20000 - 0x00007ff9cbd38000 	C:\Program Files\Eclipse Adoptium\jdk-17.0.5.8-hotspot\bin\zip.dll
0x00007ff9cb0a0000 - 0x00007ff9cb0ba000 	C:\Program Files\JetBrains\IntelliJ IDEA Community Edition 2022.2.3\bin\breakgen64.dll
0x00007ff9d7430000 - 0x00007ff9d7440000 	C:\Program Files\Eclipse Adoptium\jdk-17.0.5.8-hotspot\bin\verify.dll
0x00007ff9cc560000 - 0x00007ff9cc569000 	C:\Program Files\Eclipse Adoptium\jdk-17.0.5.8-hotspot\bin\management.dll
0x00007ff9cc400000 - 0x00007ff9cc40b000 	C:\Program Files\Eclipse Adoptium\jdk-17.0.5.8-hotspot\bin\management_ext.dll
0x00007ff9e2c40000 - 0x00007ff9e2c48000 	C:\WINDOWS\System32\PSAPI.DLL
0x00007ff9cfab0000 - 0x00007ff9cfac7000 	C:\WINDOWS\system32\napinsp.dll
0x00007ff9cf180000 - 0x00007ff9cf19b000 	C:\WINDOWS\system32\pnrpnsp.dll
0x00007ff9e0d90000 - 0x00007ff9e0e82000 	C:\WINDOWS\SYSTEM32\DNSAPI.dll
0x00007ff9e0d20000 - 0x00007ff9e0d4d000 	C:\WINDOWS\SYSTEM32\IPHLPAPI.DLL
0x00007ff9e4570000 - 0x00007ff9e4579000 	C:\WINDOWS\System32\NSI.dll
0x00007ff9cd700000 - 0x00007ff9cd711000 	C:\WINDOWS\System32\winrnr.dll
0x00007ff9bb2b0000 - 0x00007ff9bb2c5000 	C:\WINDOWS\system32\wshbth.dll
0x00007ff9a7700000 - 0x00007ff9a7721000 	C:\WINDOWS\system32\nlansp_c.dll
0x00007ff9d2da0000 - 0x00007ff9d2daa000 	C:\Windows\System32\rasadhlp.dll
0x00007ff9dcf20000 - 0x00007ff9dcfa3000 	C:\WINDOWS\System32\fwpuclnt.dll
0x00007ff9e18e0000 - 0x00007ff9e18fb000 	C:\WINDOWS\SYSTEM32\CRYPTSP.dll
0x00007ff9e11a0000 - 0x00007ff9e11d5000 	C:\WINDOWS\system32\rsaenh.dll
0x00007ff9e1780000 - 0x00007ff9e17a8000 	C:\WINDOWS\SYSTEM32\USERENV.dll
0x00007ff9e1af0000 - 0x00007ff9e1b18000 	C:\WINDOWS\SYSTEM32\bcrypt.dll
0x00007ff9e18d0000 - 0x00007ff9e18dc000 	C:\WINDOWS\SYSTEM32\CRYPTBASE.dll
0x00007ff9ddef0000 - 0x00007ff9ddf09000 	C:\WINDOWS\SYSTEM32\dhcpcsvc6.DLL
0x00007ff9dded0000 - 0x00007ff9ddeef000 	C:\WINDOWS\SYSTEM32\dhcpcsvc.DLL
0x00007ff9b0410000 - 0x00007ff9b0455000 	C:\Users\dango\AppData\Local\Temp\jna-95350841\jna7623507888537411934.dll
0x00007ff9e46b0000 - 0x00007ff9e484c000 	C:\WINDOWS\System32\Ole32.dll
0x00007ff9e2cd0000 - 0x00007ff9e2d87000 	C:\WINDOWS\System32\clbcatq.dll
0x00007ff9d98b0000 - 0x00007ff9d98cd000 	C:\WINDOWS\SYSTEM32\amsi.dll
0x00007ff9c1af0000 - 0x00007ff9c1b6b000 	C:\ProgramData\Microsoft\Windows Defender\Platform\4.18.2210.4-0\MpOav.dll
0x00007ff9d9660000 - 0x00007ff9d9745000 	C:\Program Files\McAfee\MfeAV\AMSIExt.dll
0x00007ff9b9e70000 - 0x00007ff9b9ec0000 	C:\WINDOWS\SYSTEM32\Pdh.dll
0x00007ff9c27b0000 - 0x00007ff9c27c0000 	C:\WINDOWS\System32\perfos.dll
0x00007ff9de9f0000 - 0x00007ff9dea00000 	C:\WINDOWS\SYSTEM32\pfclient.dll
0x00007ff999330000 - 0x00007ff9993a5000 	C:\Users\dango\AppData\Local\Temp\lwjgldango\3.3.1-build-7\lwjgl.dll
0x00007ff97aea0000 - 0x00007ff97b0f9000 	C:\Users\dango\AppData\Local\Temp\lwjgldango\3.3.1-build-7\jemalloc.dll
0x00007ff9992c0000 - 0x00007ff999321000 	C:\Users\dango\AppData\Local\Temp\lwjgldango\3.3.1-build-7\glfw.dll
0x00007ff988c30000 - 0x00007ff988c76000 	C:\WINDOWS\SYSTEM32\dinput8.dll
0x00007ff9ca740000 - 0x00007ff9ca751000 	C:\WINDOWS\SYSTEM32\xinput1_4.dll
0x00007ff9e1e50000 - 0x00007ff9e1e83000 	C:\WINDOWS\SYSTEM32\DEVOBJ.dll
0x00007ff9e1e90000 - 0x00007ff9e1ede000 	C:\WINDOWS\SYSTEM32\cfgmgr32.dll
0x00007ff9deb60000 - 0x00007ff9deb8b000 	C:\WINDOWS\SYSTEM32\dwmapi.dll
0x00007ff9cb320000 - 0x00007ff9cb521000 	C:\WINDOWS\SYSTEM32\inputhost.dll
0x00007ff9ddbf0000 - 0x00007ff9ddd23000 	C:\WINDOWS\SYSTEM32\CoreMessaging.dll
0x00007ff9dea00000 - 0x00007ff9deaab000 	C:\WINDOWS\system32\uxtheme.dll
0x00007ff9e3d70000 - 0x00007ff9e3e8e000 	C:\WINDOWS\System32\MSCTF.dll
0x00007ff997d70000 - 0x00007ff997e70000 	C:\WINDOWS\SYSTEM32\opengl32.dll
0x00007ff9caa80000 - 0x00007ff9caaad000 	C:\WINDOWS\SYSTEM32\GLU32.dll
0x00007ff9deb10000 - 0x00007ff9deb46000 	C:\WINDOWS\SYSTEM32\dxcore.dll
0x00007ff9d4f10000 - 0x00007ff9d4f59000 	C:\WINDOWS\SYSTEM32\directxdatabasehelper.dll
0x00007ff9baef0000 - 0x00007ff9baf1d000 	C:\WINDOWS\System32\DriverStore\FileRepository\u0383638.inf_amd64_1c9f6456e5d02df1\B383280\atig6pxx.dll
0x00007ff9332e0000 - 0x00007ff936c83000 	C:\WINDOWS\System32\DriverStore\FileRepository\u0383638.inf_amd64_1c9f6456e5d02df1\B383280\atio6axx.dll
0x00007ff9e40f0000 - 0x00007ff9e456a000 	C:\WINDOWS\System32\SETUPAPI.dll
0x00007ff9e21c0000 - 0x00007ff9e2229000 	C:\WINDOWS\System32\WINTRUST.dll
0x00007ff9e22b0000 - 0x00007ff9e2416000 	C:\WINDOWS\System32\CRYPT32.dll
0x00007ff9e1f00000 - 0x00007ff9e1f12000 	C:\WINDOWS\SYSTEM32\MSASN1.dll

dbghelp: loaded successfully - version: 4.0.5 - missing functions: none
symbol engine: initialized successfully - sym options: 0x614 - pdb path: .;C:\Program Files\Eclipse Adoptium\jdk-17.0.5.8-hotspot\bin;C:\WINDOWS\SYSTEM32;C:\WINDOWS\WinSxS\amd64_microsoft.windows.common-controls_6595b64144ccf1df_6.0.22621.608_none_a9444ca7c10bb01d;C:\Program Files\Eclipse Adoptium\jdk-17.0.5.8-hotspot\bin\server;C:\Program Files\JetBrains\IntelliJ IDEA Community Edition 2022.2.3\bin;C:\Users\dango\AppData\Local\Temp\jna-95350841;C:\ProgramData\Microsoft\Windows Defender\Platform\4.18.2210.4-0;C:\Program Files\McAfee\MfeAV;C:\Users\dango\AppData\Local\Temp\lwjgldango\3.3.1-build-7;C:\WINDOWS\System32\DriverStore\FileRepository\u0383638.inf_amd64_1c9f6456e5d02df1\B383280

VM Arguments:
jvm_args: -Dforge.logging.console.level=debug -Dforge.logging.markers=REGISTRIES -DlegacyClassPath.file=C:\Users\dango\OneDrive\Desktop\Tekora\build\classpath\runClient_minecraftClasspath.txt -DignoreList=bootstraplauncher,securejarhandler,asm-commons,asm-util,asm-analysis,asm-tree,asm,JarJarFileSystems,client-extra,fmlcore,javafmllanguage,lowcodelanguage,mclanguage,forge- -DmergeModules=jna-5.10.0.jar,jna-platform-5.10.0.jar -Dforge.enabledGameTestNamespaces=nltekora -Dforge.enableGameTest=true -Djava.net.preferIPv6Addresses=system --module-path=C:\Users\dango\.gradle\caches\modules-2\files-2.1\cpw.mods\bootstraplauncher\1.1.2\c546e00443d8432cda6baa1c860346980742628\bootstraplauncher-1.1.2.jar;C:\Users\dango\.gradle\caches\modules-2\files-2.1\cpw.mods\securejarhandler\2.1.4\f47e3b9dd860a7b82154b8f90a650ffd0aaa5582\securejarhandler-2.1.4.jar;C:\Users\dango\.gradle\caches\modules-2\files-2.1\org.ow2.asm\asm-commons\9.3\1f2a432d1212f5c352ae607d7b61dcae20c20af5\asm-commons-9.3.jar;C:\Users\dango\.gradle\caches\modules-2\files-2.1\org.ow2.asm\asm-util\9.3\9595bc05510d0bd4b610188b77333fe4851a1975\asm-util-9.3.jar;C:\Users\dango\.gradle\caches\modules-2\files-2.1\org.ow2.asm\asm-analysis\9.3\4b071f211b37c38e0e9f5998550197c8593f6ad8\asm-analysis-9.3.jar;C:\Users\dango\.gradle\caches\modules-2\files-2.1\org.ow2.asm\asm-tree\9.3\78d2ecd61318b5a58cd04fb237636c0e86b77d97\asm-tree-9.3.jar;C:\Users\dango\.gradle\caches\modules-2\files-2.1\org.ow2.asm\asm\9.3\8e6300ef51c1d801a7ed62d07cd221aca3a90640\asm-9.3.jar;C:\Users\dango\.gradle\caches\modules-2\files-2.1\net.minecraftforge\JarJarFileSystems\0.3.16\e52afbb2599dc7c6f779efea0496d32fc01152e3\JarJarFileSystems-0.3.16.jar --add-modules=ALL-MODULE-PATH --add-opens=java.base/java.util.jar=cpw.mods.securejarhandler --add-opens=java.base/java.lang.invoke=cpw.mods.securejarhandler --add-exports=java.base/sun.security.util=cpw.mods.securejarhandler --add-exports=jdk.naming.dns/com.sun.jndi.dns=java.naming -XX:HeapDumpPath=MojangTricksIntelDriversForPerformance_javaw.exe_minecraft.exe.heapdump -Dos.name=Windows 10 -Dos.version=10.0 -javaagent:C:\Program Files\JetBrains\IntelliJ IDEA Community Edition 2022.2.3\lib\idea_rt.jar=53710:C:\Program Files\JetBrains\IntelliJ IDEA Community Edition 2022.2.3\bin -Dfile.encoding=UTF-8 
java_command: cpw.mods.bootstraplauncher.BootstrapLauncher --launchTarget forgeclientuserdev --version MOD_DEV --assetIndex 1.19 --assetsDir C:\Users\dango\.gradle\caches\forge_gradle\assets --gameDir . --fml.forgeVersion 43.1.47 --fml.mcVersion 1.19.2 --fml.forgeGroup net.minecraftforge --fml.mcpVersion 20220805.130853
java_class_path (initial): C:\Users\dango\OneDrive\Desktop\Tekora\build\classes\java\main;C:\Users\dango\OneDrive\Desktop\Tekora\build\resources\main;C:\Users\dango\.gradle\caches\forge_gradle\minecraft_user_repo\net\minecraftforge\forge\1.19.2-43.1.47_mapped_official_1.19.2\forge-1.19.2-43.1.47_mapped_official_1.19.2.jar;C:\Users\dango\.gradle\caches\forge_gradle\minecraft_repo\versions\1.19.2\client-extra.jar;C:\Users\dango\.gradle\caches\modules-2\files-2.1\net.minecraftforge\fmlloader\1.19.2-43.1.47\a1ec5892276963b574aeedaa38ab234815c66c63\fmlloader-1.19.2-43.1.47.jar;C:\Users\dango\.gradle\caches\modules-2\files-2.1\net.minecraftforge\JarJarSelector\0.3.16\2a31421fb5e267249da103a644f23afb43d158af\JarJarSelector-0.3.16.jar;C:\Users\dango\.gradle\caches\modules-2\files-2.1\net.minecraftforge\JarJarMetadata\0.3.16\f62c8c898dffc8666f5097a8587ed72095e8e83a\JarJarMetadata-0.3.16.jar;C:\Users\dango\.gradle\caches\modules-2\files-2.1\com.google.code.findbugs\jsr305\3.0.2\25ea2e8b0c338a877313bd4672d3fe056ea78f0d\jsr305-3.0.2.jar;C:\Users\dango\.gradle\caches\modules-2\files-2.1\ca.weblite\java-objc-bridge\1.1\1227f9e0666314f9de41477e3ec277e542ed7f7b\java-objc-bridge-1.1.jar;C:\Users\dango\.gradle\caches\modules-2\files-2.1\net.minecraftforge\mergetool\1.1.5\f3da18e12c696d35a47c82cbb2cc8b5aa15e1154\mergetool-1.1.5-api.jar;C:\Users\dango\.gradle\caches\modules-2\files-2.1\org.jetbrains\annotations\23.0.0\8cc20c07506ec18e0834947b84a864bfc094484e\annotations-23.0.0.jar;C:\Users\dango\.gradle\caches\forge_gradle\mcp_repo\net\minecraft\mapping\1.19.2\mapping-1.19.2-mapping.zip;C:\Users\dango\.gradle\caches\modules-2\files-2.1\cpw.mods\securejarhandler\2.1.4\f47e3b9dd860a7b82154b8f90a650ffd0aaa5582\securejarhandler-2.1.4.jar;C:\Users\dango\.gradle\caches\modules-2\files-2.1\cpw.mods\modlauncher\10.0.8\658c4ddb704aeeaa94ff3e668785a5eebddd0cb5\modlauncher-10.0.8.jar;C:\Users\dango\.gradle\caches\modules-2\files-2.1\org.openjdk.nashorn\nashorn-core\15.3\43977e804697048fc8d81d33
Launcher Type: SUN_STANDARD

[Global flags]
     intx CICompilerCount                          = 12                                        {product} {ergonomic}
     uint ConcGCThreads                            = 3                                         {product} {ergonomic}
     uint G1ConcRefinementThreads                  = 13                                        {product} {ergonomic}
   size_t G1HeapRegionSize                         = 2097152                                   {product} {ergonomic}
    uintx GCDrainStackTargetSize                   = 64                                        {product} {ergonomic}
    ccstr HeapDumpPath                             = MojangTricksIntelDriversForPerformance_javaw.exe_minecraft.exe.heapdump         {manageable} {command line}
   size_t InitialHeapSize                          = 260046848                                 {product} {ergonomic}
   size_t MarkStackSize                            = 4194304                                   {product} {ergonomic}
   size_t MaxHeapSize                              = 4129292288                                {product} {ergonomic}
   size_t MaxNewSize                               = 2476736512                                {product} {ergonomic}
   size_t MinHeapDeltaBytes                        = 2097152                                   {product} {ergonomic}
   size_t MinHeapSize                              = 8388608                                   {product} {ergonomic}
    uintx NonNMethodCodeHeapSize                   = 7602480                                {pd product} {ergonomic}
    uintx NonProfiledCodeHeapSize                  = 122027880                              {pd product} {ergonomic}
    uintx ProfiledCodeHeapSize                     = 122027880                              {pd product} {ergonomic}
    uintx ReservedCodeCacheSize                    = 251658240                              {pd product} {ergonomic}
     bool SegmentedCodeCache                       = true                                      {product} {ergonomic}
   size_t SoftMaxHeapSize                          = 4129292288                             {manageable} {ergonomic}
     bool UseCompressedClassPointers               = true                           {product lp64_product} {ergonomic}
     bool UseCompressedOops                        = true                           {product lp64_product} {ergonomic}
     bool UseG1GC                                  = true                                      {product} {ergonomic}
     bool UseLargePagesIndividualAllocation        = false                                  {pd product} {ergonomic}

Logging:
Log output configuration:
 #0: stdout all=warning uptime,level,tags
 #1: stderr all=off uptime,level,tags

Environment Variables:
JAVA_HOME=C:\Program Files\Eclipse Adoptium\jdk-17.0.5.8-hotspot\
PATH=C:\Program Files\Eclipse Adoptium\jdk-17.0.5.8-hotspot\bin;C:\Program Files\Common Files\Oracle\Java\javapath;C:\Program Files (x86)\Common Files\Oracle\Java\javapath;C:\WINDOWS\system32;C:\WINDOWS;C:\WINDOWS\System32\Wbem;C:\WINDOWS\System32\WindowsPowerShell\v1.0\;C:\WINDOWS\System32\OpenSSH\;C:\Users\dango\AppData\Local\Microsoft\WindowsApps;;C:\Users\dango\AppData\Local\Programs\Microsoft VS Code\bin
USERNAME=dango
OS=Windows_NT
PROCESSOR_IDENTIFIER=AMD64 Family 23 Model 96 Stepping 1, AuthenticAMD
TMP=C:\Users\dango\AppData\Local\Temp
TEMP=C:\Users\dango\AppData\Local\Temp



---------------  S Y S T E M  ---------------

OS:
 Windows 11 , 64 bit Build 22621 (10.0.22621.755)
OS uptime: 10 days 15:36 hours

CPU: total 16 (initial active 16) (16 cores per cpu, 2 threads per core) family 23 model 96 stepping 1 microcode 0x0, cx8, cmov, fxsr, ht, mmx, 3dnowpref, sse, sse2, sse3, ssse3, sse4a, sse4.1, sse4.2, popcnt, lzcnt, tsc, tscinvbit, avx, avx2, aes, clmul, bmi1, bmi2, adx, sha, fma, vzeroupper, clflush, clflushopt

Memory: 4k page, system-wide physical 15747M (3550M free)
TotalPageFile size 18691M (AvailPageFile size 4353M)
current process WorkingSet (physical memory assigned to process): 539M, peak: 572M
current process commit charge ("private bytes"): 625M, peak: 654M

vm_info: OpenJDK 64-Bit Server VM (17.0.5+8) for windows-amd64 JRE (17.0.5+8), built on Oct 19 2022 04:48:13 by "temurin" with MS VC++ 16.7 (VS2019)

END.
